#! /usr/bin/vvp
:ivl_version "12.0 (stable)";
:ivl_delay_selection "TYPICAL";
:vpi_time_precision - 12;
:vpi_module "/usr/lib/x86_64-linux-gnu/ivl/system.vpi";
:vpi_module "/usr/lib/x86_64-linux-gnu/ivl/vhdl_sys.vpi";
:vpi_module "/usr/lib/x86_64-linux-gnu/ivl/vhdl_textio.vpi";
:vpi_module "/usr/lib/x86_64-linux-gnu/ivl/v2005_math.vpi";
:vpi_module "/usr/lib/x86_64-linux-gnu/ivl/va_math.vpi";
:vpi_module "/usr/lib/x86_64-linux-gnu/ivl/v2009.vpi";
S_0x5f8c311c2680 .scope package, "$unit" "$unit" 2 1;
 .timescale 0 0;
S_0x5f8c311c2e30 .scope module, "tb_i2c_start_stop" "tb_i2c_start_stop" 3 3;
 .timescale -9 -12;
v0x5f8c312957e0_0 .var "clk", 0 0;
v0x5f8c312958a0_0 .net "done", 0 0, v0x5f8c31294110_0;  1 drivers
v0x5f8c31295940_0 .var "done_captured", 0 0;
v0x5f8c312959e0_0 .var "gen_start", 0 0;
v0x5f8c31295a80_0 .var "gen_stop", 0 0;
v0x5f8c31295b70_0 .var "resetn", 0 0;
v0x5f8c31295c40_0 .var "scl_in", 0 0;
v0x5f8c31295d10_0 .var "sda_in", 0 0;
v0x5f8c31295de0_0 .net "sda_oe", 0 0, v0x5f8c31294840_0;  1 drivers
v0x5f8c31295f40_0 .net "sda_out", 0 0, v0x5f8c31294900_0;  1 drivers
v0x5f8c31296010_0 .net "start_det", 0 0, v0x5f8c31294a80_0;  1 drivers
v0x5f8c312960e0_0 .var "start_det_captured", 0 0;
v0x5f8c31296180_0 .net "stop_det", 0 0, v0x5f8c31294c20_0;  1 drivers
v0x5f8c31296250_0 .var "stop_det_captured", 0 0;
S_0x5f8c3126d700 .scope task, "apply_reset" "apply_reset" 3 60, 3 60 0, S_0x5f8c311c2e30;
 .timescale -9 -12;
E_0x5f8c311ce2b0 .event posedge, v0x5f8c31294030_0;
TD_tb_i2c_start_stop.apply_reset ;
    %pushi/vec4 0, 0, 1;
    %store/vec4 v0x5f8c31295b70_0, 0, 1;
    %pushi/vec4 0, 0, 1;
    %store/vec4 v0x5f8c312959e0_0, 0, 1;
    %pushi/vec4 0, 0, 1;
    %store/vec4 v0x5f8c31295a80_0, 0, 1;
    %pushi/vec4 1, 0, 1;
    %store/vec4 v0x5f8c31295c40_0, 0, 1;
    %pushi/vec4 1, 0, 1;
    %store/vec4 v0x5f8c31295d10_0, 0, 1;
    %pushi/vec4 0, 0, 1;
    %store/vec4 v0x5f8c312960e0_0, 0, 1;
    %pushi/vec4 0, 0, 1;
    %store/vec4 v0x5f8c31296250_0, 0, 1;
    %pushi/vec4 0, 0, 1;
    %store/vec4 v0x5f8c31295940_0, 0, 1;
    %wait E_0x5f8c311ce2b0;
    %delay 1000, 0;
    %wait E_0x5f8c311ce2b0;
    %delay 1000, 0;
    %pushi/vec4 1, 0, 1;
    %store/vec4 v0x5f8c31295b70_0, 0, 1;
    %wait E_0x5f8c311ce2b0;
    %delay 1000, 0;
    %end;
S_0x5f8c3126fe40 .scope task, "check" "check" 3 80, 3 80 0, S_0x5f8c311c2e30;
 .timescale -9 -12;
v0x5f8c311c3a90_0 .var "exp_val", 0 0;
v0x5f8c311c3b60_0 .var "got_val", 0 0;
v0x5f8c311bef90_0 .var "test_name", 640 1;
TD_tb_i2c_start_stop.check ;
    %load/vec4 v0x5f8c311c3b60_0;
    %load/vec4 v0x5f8c311c3a90_0;
    %cmp/ne;
    %jmp/0xz  T_1.0, 6;
    %vpi_call/w 3 86 "$display", "FAIL [%0s] got=%b exp=%b at t=%0t", v0x5f8c311bef90_0, v0x5f8c311c3b60_0, v0x5f8c311c3a90_0, $time {0 0 0};
    %jmp T_1.1;
T_1.0 ;
    %vpi_call/w 3 89 "$display", "PASS [%0s] got=%b", v0x5f8c311bef90_0, v0x5f8c311c3b60_0 {0 0 0};
T_1.1 ;
    %end;
S_0x5f8c31293520 .scope task, "scl_high" "scl_high" 3 120, 3 120 0, S_0x5f8c311c2e30;
 .timescale -9 -12;
v0x5f8c311be730_0 .var "cycles", 7 0;
v0x5f8c311bc140_0 .var/i "j", 31 0;
TD_tb_i2c_start_stop.scl_high ;
    %pushi/vec4 1, 0, 1;
    %store/vec4 v0x5f8c31295c40_0, 0, 1;
    %pushi/vec4 0, 0, 32;
    %store/vec4 v0x5f8c311bc140_0, 0, 32;
T_2.2 ;
    %load/vec4 v0x5f8c311bc140_0;
    %load/vec4 v0x5f8c311be730_0;
    %pad/u 32;
    %cmp/u;
    %jmp/0xz T_2.3, 5;
    %wait E_0x5f8c311ce2b0;
    %load/vec4 v0x5f8c311bc140_0;
    %addi 1, 0, 32;
    %store/vec4 v0x5f8c311bc140_0, 0, 32;
    %jmp T_2.2;
T_2.3 ;
    %delay 1000, 0;
    %end;
S_0x5f8c31293780 .scope task, "scl_low" "scl_low" 3 133, 3 133 0, S_0x5f8c311c2e30;
 .timescale -9 -12;
v0x5f8c311bc4d0_0 .var "cycles", 7 0;
v0x5f8c311a0d50_0 .var/i "j", 31 0;
TD_tb_i2c_start_stop.scl_low ;
    %pushi/vec4 0, 0, 1;
    %store/vec4 v0x5f8c31295c40_0, 0, 1;
    %pushi/vec4 0, 0, 32;
    %store/vec4 v0x5f8c311a0d50_0, 0, 32;
T_3.4 ;
    %load/vec4 v0x5f8c311a0d50_0;
    %load/vec4 v0x5f8c311bc4d0_0;
    %pad/u 32;
    %cmp/u;
    %jmp/0xz T_3.5, 5;
    %wait E_0x5f8c311ce2b0;
    %load/vec4 v0x5f8c311a0d50_0;
    %addi 1, 0, 32;
    %store/vec4 v0x5f8c311a0d50_0, 0, 32;
    %jmp T_3.4;
T_3.5 ;
    %delay 1000, 0;
    %end;
S_0x5f8c31293a00 .scope module, "u_dut" "i2c_start_stop" 3 24, 4 1 0, S_0x5f8c311c2e30;
 .timescale 0 0;
    .port_info 0 /INPUT 1 "clk";
    .port_info 1 /INPUT 1 "resetn";
    .port_info 2 /INPUT 1 "gen_start";
    .port_info 3 /INPUT 1 "gen_stop";
    .port_info 4 /INPUT 1 "scl_in";
    .port_info 5 /INPUT 1 "sda_in";
    .port_info 6 /OUTPUT 1 "sda_out";
    .port_info 7 /OUTPUT 1 "sda_oe";
    .port_info 8 /OUTPUT 1 "start_det";
    .port_info 9 /OUTPUT 1 "stop_det";
    .port_info 10 /OUTPUT 1 "done";
P_0x5f8c31257030 .param/l "IDLE" 1 4 16, C4<000>;
P_0x5f8c31257070 .param/l "SCL_HIGH" 1 4 18, C4<010>;
P_0x5f8c312570b0 .param/l "SCL_LOW" 1 4 20, C4<100>;
P_0x5f8c312570f0 .param/l "SDA_HIGH" 1 4 17, C4<001>;
P_0x5f8c31257130 .param/l "SDA_LOW" 1 4 19, C4<011>;
P_0x5f8c31257170 .param/l "STOP_SCLHIGH" 1 4 22, C4<110>;
P_0x5f8c312571b0 .param/l "STOP_SDAHIGH" 1 4 23, C4<111>;
P_0x5f8c312571f0 .param/l "STOP_SDALOW" 1 4 21, C4<101>;
v0x5f8c31294030_0 .net "clk", 0 0, v0x5f8c312957e0_0;  1 drivers
v0x5f8c31294110_0 .var "done", 0 0;
v0x5f8c312941d0_0 .net "gen_start", 0 0, v0x5f8c312959e0_0;  1 drivers
v0x5f8c31294270_0 .net "gen_stop", 0 0, v0x5f8c31295a80_0;  1 drivers
v0x5f8c31294330_0 .var "hold_cnt", 2 0;
v0x5f8c31294460_0 .var "next_state", 2 0;
v0x5f8c31294540_0 .net "resetn", 0 0, v0x5f8c31295b70_0;  1 drivers
v0x5f8c31294600_0 .net "scl_in", 0 0, v0x5f8c31295c40_0;  1 drivers
v0x5f8c312946c0_0 .var "scl_prev", 0 0;
v0x5f8c31294780_0 .net "sda_in", 0 0, v0x5f8c31295d10_0;  1 drivers
v0x5f8c31294840_0 .var "sda_oe", 0 0;
v0x5f8c31294900_0 .var "sda_out", 0 0;
v0x5f8c312949c0_0 .var "sda_prev", 0 0;
v0x5f8c31294a80_0 .var "start_det", 0 0;
v0x5f8c31294b40_0 .var "state", 2 0;
v0x5f8c31294c20_0 .var "stop_det", 0 0;
E_0x5f8c311c9be0/0 .event anyedge, v0x5f8c31294b40_0, v0x5f8c312941d0_0, v0x5f8c31294270_0, v0x5f8c31294780_0;
E_0x5f8c311c9be0/1 .event anyedge, v0x5f8c31294330_0, v0x5f8c31294600_0;
E_0x5f8c311c9be0 .event/or E_0x5f8c311c9be0/0, E_0x5f8c311c9be0/1;
E_0x5f8c311c97d0/0 .event negedge, v0x5f8c31294540_0;
E_0x5f8c311c97d0/1 .event posedge, v0x5f8c31294030_0;
E_0x5f8c311c97d0 .event/or E_0x5f8c311c97d0/0, E_0x5f8c311c97d0/1;
S_0x5f8c31294e40 .scope task, "wait_done" "wait_done" 3 146, 3 146 0, S_0x5f8c311c2e30;
 .timescale -9 -12;
v0x5f8c31294fd0_0 .var/i "cnt", 31 0;
v0x5f8c312950d0_0 .var "timeout", 31 0;
TD_tb_i2c_start_stop.wait_done ;
    %pushi/vec4 0, 0, 32;
    %store/vec4 v0x5f8c31294fd0_0, 0, 32;
T_4.6 ;
    %load/vec4 v0x5f8c312958a0_0;
    %nor/r;
    %flag_set/vec4 9;
    %flag_get/vec4 9;
    %jmp/0 T_4.8, 9;
    %load/vec4 v0x5f8c31294fd0_0;
    %load/vec4 v0x5f8c312950d0_0;
    %cmp/u;
    %flag_get/vec4 5;
    %and;
T_4.8;
    %flag_set/vec4 8;
    %jmp/0xz T_4.7, 8;
    %wait E_0x5f8c311ce2b0;
    %delay 1000, 0;
    %load/vec4 v0x5f8c31294fd0_0;
    %addi 1, 0, 32;
    %store/vec4 v0x5f8c31294fd0_0, 0, 32;
    %jmp T_4.6;
T_4.7 ;
    %load/vec4 v0x5f8c312950d0_0;
    %load/vec4 v0x5f8c31294fd0_0;
    %cmp/u;
    %flag_or 5, 4;
    %jmp/0xz  T_4.9, 5;
    %vpi_call/w 3 156 "$display", "TIMEOUT waiting for done" {0 0 0};
T_4.9 ;
    %end;
S_0x5f8c312951b0 .scope task, "wait_for_signal" "wait_for_signal" 3 97, 3 97 0, S_0x5f8c311c2e30;
 .timescale -9 -12;
v0x5f8c31295390_0 .var/i "count", 31 0;
v0x5f8c31295490_0 .var "exp_val", 0 0;
v0x5f8c31295550_0 .var "sig", 0 0;
v0x5f8c312955f0_0 .var "timed_out", 0 0;
v0x5f8c312956b0_0 .var "timeout_cycles", 31 0;
TD_tb_i2c_start_stop.wait_for_signal ;
    %pushi/vec4 0, 0, 32;
    %store/vec4 v0x5f8c31295390_0, 0, 32;
    %pushi/vec4 0, 0, 1;
    %store/vec4 v0x5f8c312955f0_0, 0, 1;
T_5.11 ;
    %load/vec4 v0x5f8c31295550_0;
    %load/vec4 v0x5f8c31295490_0;
    %cmp/ne;
    %flag_get/vec4 6;
    %jmp/0 T_5.13, 6;
    %load/vec4 v0x5f8c31295390_0;
    %load/vec4 v0x5f8c312956b0_0;
    %cmp/u;
    %flag_get/vec4 5;
    %and;
T_5.13;
    %flag_set/vec4 8;
    %jmp/0xz T_5.12, 8;
    %wait E_0x5f8c311ce2b0;
    %delay 1000, 0;
    %load/vec4 v0x5f8c31295390_0;
    %addi 1, 0, 32;
    %store/vec4 v0x5f8c31295390_0, 0, 32;
    %jmp T_5.11;
T_5.12 ;
    %load/vec4 v0x5f8c312956b0_0;
    %load/vec4 v0x5f8c31295390_0;
    %cmp/u;
    %flag_or 5, 4;
    %jmp/0xz  T_5.14, 5;
    %pushi/vec4 1, 0, 1;
    %store/vec4 v0x5f8c312955f0_0, 0, 1;
    %vpi_call/w 3 112 "$display", "TIMEOUT waiting for signal at t=%0t", $time {0 0 0};
T_5.14 ;
    %end;
    .scope S_0x5f8c31293a00;
T_6 ;
    %wait E_0x5f8c311c97d0;
    %load/vec4 v0x5f8c31294540_0;
    %nor/r;
    %flag_set/vec4 8;
    %jmp/0xz  T_6.0, 8;
    %pushi/vec4 1, 0, 1;
    %assign/vec4 v0x5f8c312946c0_0, 0;
    %pushi/vec4 1, 0, 1;
    %assign/vec4 v0x5f8c312949c0_0, 0;
    %jmp T_6.1;
T_6.0 ;
    %load/vec4 v0x5f8c31294600_0;
    %assign/vec4 v0x5f8c312946c0_0, 0;
    %load/vec4 v0x5f8c31294780_0;
    %assign/vec4 v0x5f8c312949c0_0, 0;
T_6.1 ;
    %jmp T_6;
    .thread T_6;
    .scope S_0x5f8c31293a00;
T_7 ;
    %wait E_0x5f8c311c97d0;
    %load/vec4 v0x5f8c31294540_0;
    %nor/r;
    %flag_set/vec4 8;
    %jmp/0xz  T_7.0, 8;
    %pushi/vec4 0, 0, 1;
    %assign/vec4 v0x5f8c31294a80_0, 0;
    %jmp T_7.1;
T_7.0 ;
    %load/vec4 v0x5f8c312949c0_0;
    %load/vec4 v0x5f8c31294780_0;
    %inv;
    %and;
    %load/vec4 v0x5f8c31294600_0;
    %and;
    %assign/vec4 v0x5f8c31294a80_0, 0;
T_7.1 ;
    %jmp T_7;
    .thread T_7;
    .scope S_0x5f8c31293a00;
T_8 ;
    %wait E_0x5f8c311c97d0;
    %load/vec4 v0x5f8c31294540_0;
    %nor/r;
    %flag_set/vec4 8;
    %jmp/0xz  T_8.0, 8;
    %pushi/vec4 0, 0, 1;
    %assign/vec4 v0x5f8c31294c20_0, 0;
    %jmp T_8.1;
T_8.0 ;
    %load/vec4 v0x5f8c312949c0_0;
    %inv;
    %load/vec4 v0x5f8c31294780_0;
    %and;
    %load/vec4 v0x5f8c31294600_0;
    %and;
    %assign/vec4 v0x5f8c31294c20_0, 0;
T_8.1 ;
    %jmp T_8;
    .thread T_8;
    .scope S_0x5f8c31293a00;
T_9 ;
    %wait E_0x5f8c311c97d0;
    %load/vec4 v0x5f8c31294540_0;
    %nor/r;
    %flag_set/vec4 8;
    %jmp/0xz  T_9.0, 8;
    %pushi/vec4 0, 0, 3;
    %assign/vec4 v0x5f8c31294b40_0, 0;
    %pushi/vec4 0, 0, 3;
    %assign/vec4 v0x5f8c31294330_0, 0;
    %jmp T_9.1;
T_9.0 ;
    %load/vec4 v0x5f8c31294460_0;
    %load/vec4 v0x5f8c31294b40_0;
    %cmp/ne;
    %jmp/0xz  T_9.2, 4;
    %load/vec4 v0x5f8c31294460_0;
    %assign/vec4 v0x5f8c31294b40_0, 0;
    %pushi/vec4 0, 0, 3;
    %assign/vec4 v0x5f8c31294330_0, 0;
    %jmp T_9.3;
T_9.2 ;
    %load/vec4 v0x5f8c31294330_0;
    %addi 1, 0, 3;
    %assign/vec4 v0x5f8c31294330_0, 0;
T_9.3 ;
T_9.1 ;
    %jmp T_9;
    .thread T_9;
    .scope S_0x5f8c31293a00;
T_10 ;
    %wait E_0x5f8c311c97d0;
    %load/vec4 v0x5f8c31294540_0;
    %nor/r;
    %flag_set/vec4 8;
    %jmp/0xz  T_10.0, 8;
    %pushi/vec4 0, 0, 1;
    %assign/vec4 v0x5f8c31294110_0, 0;
    %jmp T_10.1;
T_10.0 ;
    %pushi/vec4 0, 0, 1;
    %assign/vec4 v0x5f8c31294110_0, 0;
    %load/vec4 v0x5f8c31294b40_0;
    %cmpi/e 4, 0, 3;
    %flag_get/vec4 4;
    %jmp/0 T_10.4, 4;
    %load/vec4 v0x5f8c31294600_0;
    %pushi/vec4 0, 0, 1;
    %cmp/e;
    %flag_get/vec4 4;
    %and;
T_10.4;
    %flag_set/vec4 8;
    %jmp/0xz  T_10.2, 8;
    %pushi/vec4 1, 0, 1;
    %assign/vec4 v0x5f8c31294110_0, 0;
T_10.2 ;
    %load/vec4 v0x5f8c31294b40_0;
    %cmpi/e 7, 0, 3;
    %flag_get/vec4 4;
    %jmp/0 T_10.7, 4;
    %load/vec4 v0x5f8c31294780_0;
    %pushi/vec4 1, 0, 1;
    %cmp/e;
    %flag_get/vec4 4;
    %and;
T_10.7;
    %flag_set/vec4 8;
    %jmp/0xz  T_10.5, 8;
    %pushi/vec4 1, 0, 1;
    %assign/vec4 v0x5f8c31294110_0, 0;
T_10.5 ;
T_10.1 ;
    %jmp T_10;
    .thread T_10;
    .scope S_0x5f8c31293a00;
T_11 ;
    %wait E_0x5f8c311c9be0;
    %load/vec4 v0x5f8c31294b40_0;
    %store/vec4 v0x5f8c31294460_0, 0, 3;
    %pushi/vec4 1, 0, 1;
    %store/vec4 v0x5f8c31294900_0, 0, 1;
    %pushi/vec4 0, 0, 1;
    %store/vec4 v0x5f8c31294840_0, 0, 1;
    %load/vec4 v0x5f8c31294b40_0;
    %dup/vec4;
    %pushi/vec4 0, 0, 3;
    %cmp/u;
    %jmp/1 T_11.0, 6;
    %dup/vec4;
    %pushi/vec4 1, 0, 3;
    %cmp/u;
    %jmp/1 T_11.1, 6;
    %dup/vec4;
    %pushi/vec4 2, 0, 3;
    %cmp/u;
    %jmp/1 T_11.2, 6;
    %dup/vec4;
    %pushi/vec4 3, 0, 3;
    %cmp/u;
    %jmp/1 T_11.3, 6;
    %dup/vec4;
    %pushi/vec4 4, 0, 3;
    %cmp/u;
    %jmp/1 T_11.4, 6;
    %dup/vec4;
    %pushi/vec4 5, 0, 3;
    %cmp/u;
    %jmp/1 T_11.5, 6;
    %dup/vec4;
    %pushi/vec4 6, 0, 3;
    %cmp/u;
    %jmp/1 T_11.6, 6;
    %dup/vec4;
    %pushi/vec4 7, 0, 3;
    %cmp/u;
    %jmp/1 T_11.7, 6;
    %pushi/vec4 0, 0, 3;
    %store/vec4 v0x5f8c31294460_0, 0, 3;
    %pushi/vec4 1, 0, 1;
    %store/vec4 v0x5f8c31294900_0, 0, 1;
    %pushi/vec4 0, 0, 1;
    %store/vec4 v0x5f8c31294840_0, 0, 1;
    %jmp T_11.9;
T_11.0 ;
    %pushi/vec4 1, 0, 1;
    %store/vec4 v0x5f8c31294900_0, 0, 1;
    %pushi/vec4 0, 0, 1;
    %store/vec4 v0x5f8c31294840_0, 0, 1;
    %load/vec4 v0x5f8c312941d0_0;
    %flag_set/vec4 8;
    %jmp/0xz  T_11.10, 8;
    %pushi/vec4 1, 0, 3;
    %store/vec4 v0x5f8c31294460_0, 0, 3;
    %jmp T_11.11;
T_11.10 ;
    %load/vec4 v0x5f8c31294270_0;
    %flag_set/vec4 8;
    %jmp/0xz  T_11.12, 8;
    %pushi/vec4 5, 0, 3;
    %store/vec4 v0x5f8c31294460_0, 0, 3;
T_11.12 ;
T_11.11 ;
    %jmp T_11.9;
T_11.1 ;
    %pushi/vec4 1, 0, 1;
    %store/vec4 v0x5f8c31294900_0, 0, 1;
    %pushi/vec4 1, 0, 1;
    %store/vec4 v0x5f8c31294840_0, 0, 1;
    %load/vec4 v0x5f8c31294780_0;
    %cmpi/e 1, 0, 1;
    %flag_get/vec4 4;
    %jmp/0 T_11.16, 4;
    %pushi/vec4 2, 0, 32;
    %load/vec4 v0x5f8c31294330_0;
    %pad/u 32;
    %cmp/u;
    %flag_get/vec4 4;
    %flag_get/vec4 5;
    %or;
    %and;
T_11.16;
    %flag_set/vec4 8;
    %jmp/0xz  T_11.14, 8;
    %pushi/vec4 2, 0, 3;
    %store/vec4 v0x5f8c31294460_0, 0, 3;
T_11.14 ;
    %jmp T_11.9;
T_11.2 ;
    %pushi/vec4 1, 0, 1;
    %store/vec4 v0x5f8c31294900_0, 0, 1;
    %pushi/vec4 1, 0, 1;
    %store/vec4 v0x5f8c31294840_0, 0, 1;
    %load/vec4 v0x5f8c31294600_0;
    %cmpi/e 1, 0, 1;
    %flag_get/vec4 4;
    %jmp/0 T_11.19, 4;
    %pushi/vec4 2, 0, 32;
    %load/vec4 v0x5f8c31294330_0;
    %pad/u 32;
    %cmp/u;
    %flag_get/vec4 4;
    %flag_get/vec4 5;
    %or;
    %and;
T_11.19;
    %flag_set/vec4 8;
    %jmp/0xz  T_11.17, 8;
    %pushi/vec4 3, 0, 3;
    %store/vec4 v0x5f8c31294460_0, 0, 3;
T_11.17 ;
    %jmp T_11.9;
T_11.3 ;
    %pushi/vec4 0, 0, 1;
    %store/vec4 v0x5f8c31294900_0, 0, 1;
    %pushi/vec4 1, 0, 1;
    %store/vec4 v0x5f8c31294840_0, 0, 1;
    %load/vec4 v0x5f8c31294600_0;
    %cmpi/e 1, 0, 1;
    %flag_get/vec4 4;
    %jmp/0 T_11.22, 4;
    %pushi/vec4 2, 0, 32;
    %load/vec4 v0x5f8c31294330_0;
    %pad/u 32;
    %cmp/u;
    %flag_get/vec4 4;
    %flag_get/vec4 5;
    %or;
    %and;
T_11.22;
    %flag_set/vec4 8;
    %jmp/0xz  T_11.20, 8;
    %pushi/vec4 4, 0, 3;
    %store/vec4 v0x5f8c31294460_0, 0, 3;
T_11.20 ;
    %jmp T_11.9;
T_11.4 ;
    %pushi/vec4 0, 0, 1;
    %store/vec4 v0x5f8c31294900_0, 0, 1;
    %pushi/vec4 1, 0, 1;
    %store/vec4 v0x5f8c31294840_0, 0, 1;
    %load/vec4 v0x5f8c31294600_0;
    %cmpi/e 0, 0, 1;
    %jmp/0xz  T_11.23, 4;
    %pushi/vec4 0, 0, 3;
    %store/vec4 v0x5f8c31294460_0, 0, 3;
T_11.23 ;
    %jmp T_11.9;
T_11.5 ;
    %pushi/vec4 0, 0, 1;
    %store/vec4 v0x5f8c31294900_0, 0, 1;
    %pushi/vec4 1, 0, 1;
    %store/vec4 v0x5f8c31294840_0, 0, 1;
    %load/vec4 v0x5f8c31294600_0;
    %cmpi/e 0, 0, 1;
    %flag_get/vec4 4;
    %jmp/0 T_11.27, 4;
    %pushi/vec4 2, 0, 32;
    %load/vec4 v0x5f8c31294330_0;
    %pad/u 32;
    %cmp/u;
    %flag_get/vec4 4;
    %flag_get/vec4 5;
    %or;
    %and;
T_11.27;
    %flag_set/vec4 8;
    %jmp/0xz  T_11.25, 8;
    %pushi/vec4 6, 0, 3;
    %store/vec4 v0x5f8c31294460_0, 0, 3;
T_11.25 ;
    %jmp T_11.9;
T_11.6 ;
    %pushi/vec4 0, 0, 1;
    %store/vec4 v0x5f8c31294900_0, 0, 1;
    %pushi/vec4 1, 0, 1;
    %store/vec4 v0x5f8c31294840_0, 0, 1;
    %load/vec4 v0x5f8c31294600_0;
    %cmpi/e 1, 0, 1;
    %flag_get/vec4 4;
    %jmp/0 T_11.30, 4;
    %pushi/vec4 2, 0, 32;
    %load/vec4 v0x5f8c31294330_0;
    %pad/u 32;
    %cmp/u;
    %flag_get/vec4 4;
    %flag_get/vec4 5;
    %or;
    %and;
T_11.30;
    %flag_set/vec4 8;
    %jmp/0xz  T_11.28, 8;
    %pushi/vec4 7, 0, 3;
    %store/vec4 v0x5f8c31294460_0, 0, 3;
T_11.28 ;
    %jmp T_11.9;
T_11.7 ;
    %pushi/vec4 1, 0, 1;
    %store/vec4 v0x5f8c31294900_0, 0, 1;
    %pushi/vec4 1, 0, 1;
    %store/vec4 v0x5f8c31294840_0, 0, 1;
    %load/vec4 v0x5f8c31294780_0;
    %cmpi/e 1, 0, 1;
    %jmp/0xz  T_11.31, 4;
    %pushi/vec4 0, 0, 3;
    %store/vec4 v0x5f8c31294460_0, 0, 3;
T_11.31 ;
    %jmp T_11.9;
T_11.9 ;
    %pop/vec4 1;
    %jmp T_11;
    .thread T_11, $push;
    .scope S_0x5f8c311c2e30;
T_12 ;
    %pushi/vec4 0, 0, 1;
    %store/vec4 v0x5f8c312957e0_0, 0, 1;
    %end;
    .thread T_12;
    .scope S_0x5f8c311c2e30;
T_13 ;
    %delay 5000, 0;
    %load/vec4 v0x5f8c312957e0_0;
    %inv;
    %store/vec4 v0x5f8c312957e0_0, 0, 1;
    %jmp T_13;
    .thread T_13;
    .scope S_0x5f8c311c2e30;
T_14 ;
    %wait E_0x5f8c311ce2b0;
    %load/vec4 v0x5f8c31296010_0;
    %flag_set/vec4 8;
    %jmp/0xz  T_14.0, 8;
    %pushi/vec4 1, 0, 1;
    %assign/vec4 v0x5f8c312960e0_0, 0;
T_14.0 ;
    %load/vec4 v0x5f8c31296180_0;
    %flag_set/vec4 8;
    %jmp/0xz  T_14.2, 8;
    %pushi/vec4 1, 0, 1;
    %assign/vec4 v0x5f8c31296250_0, 0;
T_14.2 ;
    %load/vec4 v0x5f8c312958a0_0;
    %flag_set/vec4 8;
    %jmp/0xz  T_14.4, 8;
    %pushi/vec4 1, 0, 1;
    %assign/vec4 v0x5f8c31295940_0, 0;
T_14.4 ;
    %jmp T_14;
    .thread T_14;
    .scope S_0x5f8c311c2e30;
T_15 ;
    %vpi_call/w 3 164 "$display", "=== tb_i2c_start_stop START ===" {0 0 0};
    %vpi_call/w 3 169 "$display", "--- TEST1: Reset ---" {0 0 0};
    %fork TD_tb_i2c_start_stop.apply_reset, S_0x5f8c3126d700;
    %join;
    %pushi/vec4 0, 0, 1;
    %store/vec4 v0x5f8c311c3a90_0, 0, 1;
    %load/vec4 v0x5f8c312959e0_0;
    %store/vec4 v0x5f8c311c3b60_0, 0, 1;
    %pushi/vec4 0, 0, 32; draw_string_vec4
    %pushi/vec4 0, 0, 32; draw_string_vec4
    %concat/vec4; draw_string_vec4
    %pushi/vec4 0, 0, 32; draw_string_vec4
    %concat/vec4; draw_string_vec4
    %pushi/vec4 0, 0, 32; draw_string_vec4
    %concat/vec4; draw_string_vec4
    %pushi/vec4 0, 0, 32; draw_string_vec4
    %concat/vec4; draw_string_vec4
    %pushi/vec4 0, 0, 32; draw_string_vec4
    %concat/vec4; draw_string_vec4
    %pushi/vec4 0, 0, 32; draw_string_vec4
    %concat/vec4; draw_string_vec4
    %pushi/vec4 0, 0, 32; draw_string_vec4
    %concat/vec4; draw_string_vec4
    %pushi/vec4 0, 0, 32; draw_string_vec4
    %concat/vec4; draw_string_vec4
    %pushi/vec4 0, 0, 32; draw_string_vec4
    %concat/vec4; draw_string_vec4
    %pushi/vec4 0, 0, 32; draw_string_vec4
    %concat/vec4; draw_string_vec4
    %pushi/vec4 0, 0, 32; draw_string_vec4
    %concat/vec4; draw_string_vec4
    %pushi/vec4 0, 0, 32; draw_string_vec4
    %concat/vec4; draw_string_vec4
    %pushi/vec4 0, 0, 32; draw_string_vec4
    %concat/vec4; draw_string_vec4
    %pushi/vec4 0, 0, 32; draw_string_vec4
    %concat/vec4; draw_string_vec4
    %pushi/vec4 21061, 0, 32; draw_string_vec4
    %concat/vec4; draw_string_vec4
    %pushi/vec4 1397052511, 0, 32; draw_string_vec4
    %concat/vec4; draw_string_vec4
    %pushi/vec4 1195724371, 0, 32; draw_string_vec4
    %concat/vec4; draw_string_vec4
    %pushi/vec4 1413567060, 0, 32; draw_string_vec4
    %concat/vec4; draw_string_vec4
    %pushi/vec4 1598836567, 0, 32; draw_string_vec4
    %concat/vec4; draw_string_vec4
    %store/vec4 v0x5f8c311bef90_0, 0, 640;
    %fork TD_tb_i2c_start_stop.check, S_0x5f8c3126fe40;
    %join;
    %pushi/vec4 0, 0, 1;
    %store/vec4 v0x5f8c311c3a90_0, 0, 1;
    %load/vec4 v0x5f8c31295a80_0;
    %store/vec4 v0x5f8c311c3b60_0, 0, 1;
    %pushi/vec4 0, 0, 32; draw_string_vec4
    %pushi/vec4 0, 0, 32; draw_string_vec4
    %concat/vec4; draw_string_vec4
    %pushi/vec4 0, 0, 32; draw_string_vec4
    %concat/vec4; draw_string_vec4
    %pushi/vec4 0, 0, 32; draw_string_vec4
    %concat/vec4; draw_string_vec4
    %pushi/vec4 0, 0, 32; draw_string_vec4
    %concat/vec4; draw_string_vec4
    %pushi/vec4 0, 0, 32; draw_string_vec4
    %concat/vec4; draw_string_vec4
    %pushi/vec4 0, 0, 32; draw_string_vec4
    %concat/vec4; draw_string_vec4
    %pushi/vec4 0, 0, 32; draw_string_vec4
    %concat/vec4; draw_string_vec4
    %pushi/vec4 0, 0, 32; draw_string_vec4
    %concat/vec4; draw_string_vec4
    %pushi/vec4 0, 0, 32; draw_string_vec4
    %concat/vec4; draw_string_vec4
    %pushi/vec4 0, 0, 32; draw_string_vec4
    %concat/vec4; draw_string_vec4
    %pushi/vec4 0, 0, 32; draw_string_vec4
    %concat/vec4; draw_string_vec4
    %pushi/vec4 0, 0, 32; draw_string_vec4
    %concat/vec4; draw_string_vec4
    %pushi/vec4 0, 0, 32; draw_string_vec4
    %concat/vec4; draw_string_vec4
    %pushi/vec4 0, 0, 32; draw_string_vec4
    %concat/vec4; draw_string_vec4
    %pushi/vec4 82, 0, 32; draw_string_vec4
    %concat/vec4; draw_string_vec4
    %pushi/vec4 1163085140, 0, 32; draw_string_vec4
    %concat/vec4; draw_string_vec4
    %pushi/vec4 1598506318, 0, 32; draw_string_vec4
    %concat/vec4; draw_string_vec4
    %pushi/vec4 1398034256, 0, 32; draw_string_vec4
    %concat/vec4; draw_string_vec4
    %pushi/vec4 1598836567, 0, 32; draw_string_vec4
    %concat/vec4; draw_string_vec4
    %store/vec4 v0x5f8c311bef90_0, 0, 640;
    %fork TD_tb_i2c_start_stop.check, S_0x5f8c3126fe40;
    %join;
    %pushi/vec4 0, 0, 1;
    %store/vec4 v0x5f8c311c3a90_0, 0, 1;
    %load/vec4 v0x5f8c31295de0_0;
    %store/vec4 v0x5f8c311c3b60_0, 0, 1;
    %pushi/vec4 0, 0, 32; draw_string_vec4
    %pushi/vec4 0, 0, 32; draw_string_vec4
    %concat/vec4; draw_string_vec4
    %pushi/vec4 0, 0, 32; draw_string_vec4
    %concat/vec4; draw_string_vec4
    %pushi/vec4 0, 0, 32; draw_string_vec4
    %concat/vec4; draw_string_vec4
    %pushi/vec4 0, 0, 32; draw_string_vec4
    %concat/vec4; draw_string_vec4
    %pushi/vec4 0, 0, 32; draw_string_vec4
    %concat/vec4; draw_string_vec4
    %pushi/vec4 0, 0, 32; draw_string_vec4
    %concat/vec4; draw_string_vec4
    %pushi/vec4 0, 0, 32; draw_string_vec4
    %concat/vec4; draw_string_vec4
    %pushi/vec4 0, 0, 32; draw_string_vec4
    %concat/vec4; draw_string_vec4
    %pushi/vec4 0, 0, 32; draw_string_vec4
    %concat/vec4; draw_string_vec4
    %pushi/vec4 0, 0, 32; draw_string_vec4
    %concat/vec4; draw_string_vec4
    %pushi/vec4 0, 0, 32; draw_string_vec4
    %concat/vec4; draw_string_vec4
    %pushi/vec4 0, 0, 32; draw_string_vec4
    %concat/vec4; draw_string_vec4
    %pushi/vec4 0, 0, 32; draw_string_vec4
    %concat/vec4; draw_string_vec4
    %pushi/vec4 0, 0, 32; draw_string_vec4
    %concat/vec4; draw_string_vec4
    %pushi/vec4 0, 0, 32; draw_string_vec4
    %concat/vec4; draw_string_vec4
    %pushi/vec4 1380275013, 0, 32; draw_string_vec4
    %concat/vec4; draw_string_vec4
    %pushi/vec4 1415533380, 0, 32; draw_string_vec4
    %concat/vec4; draw_string_vec4
    %pushi/vec4 1096765253, 0, 32; draw_string_vec4
    %concat/vec4; draw_string_vec4
    %pushi/vec4 1598836567, 0, 32; draw_string_vec4
    %concat/vec4; draw_string_vec4
    %store/vec4 v0x5f8c311bef90_0, 0, 640;
    %fork TD_tb_i2c_start_stop.check, S_0x5f8c3126fe40;
    %join;
    %pushi/vec4 0, 0, 1;
    %store/vec4 v0x5f8c311c3a90_0, 0, 1;
    %load/vec4 v0x5f8c31296010_0;
    %store/vec4 v0x5f8c311c3b60_0, 0, 1;
    %pushi/vec4 0, 0, 32; draw_string_vec4
    %pushi/vec4 0, 0, 32; draw_string_vec4
    %concat/vec4; draw_string_vec4
    %pushi/vec4 0, 0, 32; draw_string_vec4
    %concat/vec4; draw_string_vec4
    %pushi/vec4 0, 0, 32; draw_string_vec4
    %concat/vec4; draw_string_vec4
    %pushi/vec4 0, 0, 32; draw_string_vec4
    %concat/vec4; draw_string_vec4
    %pushi/vec4 0, 0, 32; draw_string_vec4
    %concat/vec4; draw_string_vec4
    %pushi/vec4 0, 0, 32; draw_string_vec4
    %concat/vec4; draw_string_vec4
    %pushi/vec4 0, 0, 32; draw_string_vec4
    %concat/vec4; draw_string_vec4
    %pushi/vec4 0, 0, 32; draw_string_vec4
    %concat/vec4; draw_string_vec4
    %pushi/vec4 0, 0, 32; draw_string_vec4
    %concat/vec4; draw_string_vec4
    %pushi/vec4 0, 0, 32; draw_string_vec4
    %concat/vec4; draw_string_vec4
    %pushi/vec4 0, 0, 32; draw_string_vec4
    %concat/vec4; draw_string_vec4
    %pushi/vec4 0, 0, 32; draw_string_vec4
    %concat/vec4; draw_string_vec4
    %pushi/vec4 0, 0, 32; draw_string_vec4
    %concat/vec4; draw_string_vec4
    %pushi/vec4 0, 0, 32; draw_string_vec4
    %concat/vec4; draw_string_vec4
    %pushi/vec4 21061, 0, 32; draw_string_vec4
    %concat/vec4; draw_string_vec4
    %pushi/vec4 1397052511, 0, 32; draw_string_vec4
    %concat/vec4; draw_string_vec4
    %pushi/vec4 1398030674, 0, 32; draw_string_vec4
    %concat/vec4; draw_string_vec4
    %pushi/vec4 1413760340, 0, 32; draw_string_vec4
    %concat/vec4; draw_string_vec4
    %pushi/vec4 1598836567, 0, 32; draw_string_vec4
    %concat/vec4; draw_string_vec4
    %store/vec4 v0x5f8c311bef90_0, 0, 640;
    %fork TD_tb_i2c_start_stop.check, S_0x5f8c3126fe40;
    %join;
    %pushi/vec4 0, 0, 1;
    %store/vec4 v0x5f8c311c3a90_0, 0, 1;
    %load/vec4 v0x5f8c31296180_0;
    %store/vec4 v0x5f8c311c3b60_0, 0, 1;
    %pushi/vec4 0, 0, 32; draw_string_vec4
    %pushi/vec4 0, 0, 32; draw_string_vec4
    %concat/vec4; draw_string_vec4
    %pushi/vec4 0, 0, 32; draw_string_vec4
    %concat/vec4; draw_string_vec4
    %pushi/vec4 0, 0, 32; draw_string_vec4
    %concat/vec4; draw_string_vec4
    %pushi/vec4 0, 0, 32; draw_string_vec4
    %concat/vec4; draw_string_vec4
    %pushi/vec4 0, 0, 32; draw_string_vec4
    %concat/vec4; draw_string_vec4
    %pushi/vec4 0, 0, 32; draw_string_vec4
    %concat/vec4; draw_string_vec4
    %pushi/vec4 0, 0, 32; draw_string_vec4
    %concat/vec4; draw_string_vec4
    %pushi/vec4 0, 0, 32; draw_string_vec4
    %concat/vec4; draw_string_vec4
    %pushi/vec4 0, 0, 32; draw_string_vec4
    %concat/vec4; draw_string_vec4
    %pushi/vec4 0, 0, 32; draw_string_vec4
    %concat/vec4; draw_string_vec4
    %pushi/vec4 0, 0, 32; draw_string_vec4
    %concat/vec4; draw_string_vec4
    %pushi/vec4 0, 0, 32; draw_string_vec4
    %concat/vec4; draw_string_vec4
    %pushi/vec4 0, 0, 32; draw_string_vec4
    %concat/vec4; draw_string_vec4
    %pushi/vec4 0, 0, 32; draw_string_vec4
    %concat/vec4; draw_string_vec4
    %pushi/vec4 82, 0, 32; draw_string_vec4
    %concat/vec4; draw_string_vec4
    %pushi/vec4 1163085140, 0, 32; draw_string_vec4
    %concat/vec4; draw_string_vec4
    %pushi/vec4 1599296591, 0, 32; draw_string_vec4
    %concat/vec4; draw_string_vec4
    %pushi/vec4 1346651476, 0, 32; draw_string_vec4
    %concat/vec4; draw_string_vec4
    %pushi/vec4 1598836567, 0, 32; draw_string_vec4
    %concat/vec4; draw_string_vec4
    %store/vec4 v0x5f8c311bef90_0, 0, 640;
    %fork TD_tb_i2c_start_stop.check, S_0x5f8c3126fe40;
    %join;
    %pushi/vec4 0, 0, 1;
    %store/vec4 v0x5f8c311c3a90_0, 0, 1;
    %load/vec4 v0x5f8c312958a0_0;
    %store/vec4 v0x5f8c311c3b60_0, 0, 1;
    %pushi/vec4 0, 0, 32; draw_string_vec4
    %pushi/vec4 0, 0, 32; draw_string_vec4
    %concat/vec4; draw_string_vec4
    %pushi/vec4 0, 0, 32; draw_string_vec4
    %concat/vec4; draw_string_vec4
    %pushi/vec4 0, 0, 32; draw_string_vec4
    %concat/vec4; draw_string_vec4
    %pushi/vec4 0, 0, 32; draw_string_vec4
    %concat/vec4; draw_string_vec4
    %pushi/vec4 0, 0, 32; draw_string_vec4
    %concat/vec4; draw_string_vec4
    %pushi/vec4 0, 0, 32; draw_string_vec4
    %concat/vec4; draw_string_vec4
    %pushi/vec4 0, 0, 32; draw_string_vec4
    %concat/vec4; draw_string_vec4
    %pushi/vec4 0, 0, 32; draw_string_vec4
    %concat/vec4; draw_string_vec4
    %pushi/vec4 0, 0, 32; draw_string_vec4
    %concat/vec4; draw_string_vec4
    %pushi/vec4 0, 0, 32; draw_string_vec4
    %concat/vec4; draw_string_vec4
    %pushi/vec4 0, 0, 32; draw_string_vec4
    %concat/vec4; draw_string_vec4
    %pushi/vec4 0, 0, 32; draw_string_vec4
    %concat/vec4; draw_string_vec4
    %pushi/vec4 0, 0, 32; draw_string_vec4
    %concat/vec4; draw_string_vec4
    %pushi/vec4 0, 0, 32; draw_string_vec4
    %concat/vec4; draw_string_vec4
    %pushi/vec4 0, 0, 32; draw_string_vec4
    %concat/vec4; draw_string_vec4
    %pushi/vec4 21061, 0, 32; draw_string_vec4
    %concat/vec4; draw_string_vec4
    %pushi/vec4 1397052511, 0, 32; draw_string_vec4
    %concat/vec4; draw_string_vec4
    %pushi/vec4 1146048069, 0, 32; draw_string_vec4
    %concat/vec4; draw_string_vec4
    %pushi/vec4 1598836567, 0, 32; draw_string_vec4
    %concat/vec4; draw_string_vec4
    %store/vec4 v0x5f8c311bef90_0, 0, 640;
    %fork TD_tb_i2c_start_stop.check, S_0x5f8c3126fe40;
    %join;
    %vpi_call/w 3 190 "$display", "--- TEST2: Generate START ---" {0 0 0};
    %fork TD_tb_i2c_start_stop.apply_reset, S_0x5f8c3126d700;
    %join;
    %pushi/vec4 1, 0, 1;
    %store/vec4 v0x5f8c31295c40_0, 0, 1;
    %pushi/vec4 1, 0, 1;
    %store/vec4 v0x5f8c31295d10_0, 0, 1;
    %wait E_0x5f8c311ce2b0;
    %delay 1000, 0;
    %pushi/vec4 1, 0, 1;
    %store/vec4 v0x5f8c312959e0_0, 0, 1;
    %wait E_0x5f8c311ce2b0;
    %delay 1000, 0;
    %pushi/vec4 0, 0, 1;
    %store/vec4 v0x5f8c312959e0_0, 0, 1;
    %wait E_0x5f8c311ce2b0;
    %delay 1000, 0;
    %pushi/vec4 1, 0, 1;
    %store/vec4 v0x5f8c311c3a90_0, 0, 1;
    %load/vec4 v0x5f8c31295f40_0;
    %store/vec4 v0x5f8c311c3b60_0, 0, 1;
    %pushi/vec4 0, 0, 32; draw_string_vec4
    %pushi/vec4 0, 0, 32; draw_string_vec4
    %concat/vec4; draw_string_vec4
    %pushi/vec4 0, 0, 32; draw_string_vec4
    %concat/vec4; draw_string_vec4
    %pushi/vec4 0, 0, 32; draw_string_vec4
    %concat/vec4; draw_string_vec4
    %pushi/vec4 0, 0, 32; draw_string_vec4
    %concat/vec4; draw_string_vec4
    %pushi/vec4 0, 0, 32; draw_string_vec4
    %concat/vec4; draw_string_vec4
    %pushi/vec4 0, 0, 32; draw_string_vec4
    %concat/vec4; draw_string_vec4
    %pushi/vec4 0, 0, 32; draw_string_vec4
    %concat/vec4; draw_string_vec4
    %pushi/vec4 0, 0, 32; draw_string_vec4
    %concat/vec4; draw_string_vec4
    %pushi/vec4 0, 0, 32; draw_string_vec4
    %concat/vec4; draw_string_vec4
    %pushi/vec4 0, 0, 32; draw_string_vec4
    %concat/vec4; draw_string_vec4
    %pushi/vec4 0, 0, 32; draw_string_vec4
    %concat/vec4; draw_string_vec4
    %pushi/vec4 0, 0, 32; draw_string_vec4
    %concat/vec4; draw_string_vec4
    %pushi/vec4 0, 0, 32; draw_string_vec4
    %concat/vec4; draw_string_vec4
    %pushi/vec4 0, 0, 32; draw_string_vec4
    %concat/vec4; draw_string_vec4
    %pushi/vec4 1398030674, 0, 32; draw_string_vec4
    %concat/vec4; draw_string_vec4
    %pushi/vec4 1415533380, 0, 32; draw_string_vec4
    %concat/vec4; draw_string_vec4
    %pushi/vec4 1096762953, 0, 32; draw_string_vec4
    %concat/vec4; draw_string_vec4
    %pushi/vec4 1381192799, 0, 32; draw_string_vec4
    %concat/vec4; draw_string_vec4
    %pushi/vec4 1212761928, 0, 32; draw_string_vec4
    %concat/vec4; draw_string_vec4
    %store/vec4 v0x5f8c311bef90_0, 0, 640;
    %fork TD_tb_i2c_start_stop.check, S_0x5f8c3126fe40;
    %join;
    %pushi/vec4 8, 0, 32;
T_15.0 %dup/vec4;
    %pushi/vec4 0, 0, 32;
    %cmp/s;
    %jmp/1xz T_15.1, 5;
    %jmp/1 T_15.1, 4;
    %pushi/vec4 1, 0, 32;
    %sub;
    %wait E_0x5f8c311ce2b0;
    %jmp T_15.0;
T_15.1 ;
    %pop/vec4 1;
    %delay 1000, 0;
    %load/vec4 v0x5f8c31295de0_0;
    %flag_set/vec4 10;
    %flag_get/vec4 10;
    %jmp/0 T_15.5, 10;
    %load/vec4 v0x5f8c31295f40_0;
    %nor/r;
    %and;
T_15.5;
    %flag_set/vec4 9;
    %flag_get/vec4 9;
    %jmp/0 T_15.4, 9;
    %load/vec4 v0x5f8c31295c40_0;
    %and;
T_15.4;
    %flag_set/vec4 8;
    %jmp/0xz  T_15.2, 8;
    %vpi_call/w 3 212 "$display", "PASS [START_SDA_LOW_SCLHIGH] \342\234\205" {0 0 0};
    %jmp T_15.3;
T_15.2 ;
    %vpi_call/w 3 214 "$display", "FAIL [START_SDA_LOW_SCLHIGH] sda_oe=%b sda_out=%b scl=%b", v0x5f8c31295de0_0, v0x5f8c31295f40_0, v0x5f8c31295c40_0 {0 0 0};
T_15.3 ;
    %pushi/vec4 5, 0, 8;
    %store/vec4 v0x5f8c311bc4d0_0, 0, 8;
    %fork TD_tb_i2c_start_stop.scl_low, S_0x5f8c31293780;
    %join;
    %pushi/vec4 5, 0, 32;
T_15.6 %dup/vec4;
    %pushi/vec4 0, 0, 32;
    %cmp/s;
    %jmp/1xz T_15.7, 5;
    %jmp/1 T_15.7, 4;
    %pushi/vec4 1, 0, 32;
    %sub;
    %wait E_0x5f8c311ce2b0;
    %jmp T_15.6;
T_15.7 ;
    %pop/vec4 1;
    %delay 1000, 0;
    %pushi/vec4 1, 0, 1;
    %store/vec4 v0x5f8c311c3a90_0, 0, 1;
    %load/vec4 v0x5f8c31295940_0;
    %store/vec4 v0x5f8c311c3b60_0, 0, 1;
    %pushi/vec4 0, 0, 32; draw_string_vec4
    %pushi/vec4 0, 0, 32; draw_string_vec4
    %concat/vec4; draw_string_vec4
    %pushi/vec4 0, 0, 32; draw_string_vec4
    %concat/vec4; draw_string_vec4
    %pushi/vec4 0, 0, 32; draw_string_vec4
    %concat/vec4; draw_string_vec4
    %pushi/vec4 0, 0, 32; draw_string_vec4
    %concat/vec4; draw_string_vec4
    %pushi/vec4 0, 0, 32; draw_string_vec4
    %concat/vec4; draw_string_vec4
    %pushi/vec4 0, 0, 32; draw_string_vec4
    %concat/vec4; draw_string_vec4
    %pushi/vec4 0, 0, 32; draw_string_vec4
    %concat/vec4; draw_string_vec4
    %pushi/vec4 0, 0, 32; draw_string_vec4
    %concat/vec4; draw_string_vec4
    %pushi/vec4 0, 0, 32; draw_string_vec4
    %concat/vec4; draw_string_vec4
    %pushi/vec4 0, 0, 32; draw_string_vec4
    %concat/vec4; draw_string_vec4
    %pushi/vec4 0, 0, 32; draw_string_vec4
    %concat/vec4; draw_string_vec4
    %pushi/vec4 0, 0, 32; draw_string_vec4
    %concat/vec4; draw_string_vec4
    %pushi/vec4 0, 0, 32; draw_string_vec4
    %concat/vec4; draw_string_vec4
    %pushi/vec4 0, 0, 32; draw_string_vec4
    %concat/vec4; draw_string_vec4
    %pushi/vec4 0, 0, 32; draw_string_vec4
    %concat/vec4; draw_string_vec4
    %pushi/vec4 0, 0, 32; draw_string_vec4
    %concat/vec4; draw_string_vec4
    %pushi/vec4 21332, 0, 32; draw_string_vec4
    %concat/vec4; draw_string_vec4
    %pushi/vec4 1095914591, 0, 32; draw_string_vec4
    %concat/vec4; draw_string_vec4
    %pushi/vec4 1146048069, 0, 32; draw_string_vec4
    %concat/vec4; draw_string_vec4
    %store/vec4 v0x5f8c311bef90_0, 0, 640;
    %fork TD_tb_i2c_start_stop.check, S_0x5f8c3126fe40;
    %join;
    %vpi_call/w 3 223 "$display", "    START generation done \342\234\205" {0 0 0};
    %vpi_call/w 3 230 "$display", "--- TEST3: Detect START ---" {0 0 0};
    %fork TD_tb_i2c_start_stop.apply_reset, S_0x5f8c3126d700;
    %join;
    %pushi/vec4 0, 0, 1;
    %store/vec4 v0x5f8c312960e0_0, 0, 1;
    %pushi/vec4 1, 0, 1;
    %store/vec4 v0x5f8c31295c40_0, 0, 1;
    %pushi/vec4 1, 0, 1;
    %store/vec4 v0x5f8c31295d10_0, 0, 1;
    %pushi/vec4 3, 0, 32;
T_15.8 %dup/vec4;
    %pushi/vec4 0, 0, 32;
    %cmp/s;
    %jmp/1xz T_15.9, 5;
    %jmp/1 T_15.9, 4;
    %pushi/vec4 1, 0, 32;
    %sub;
    %wait E_0x5f8c311ce2b0;
    %jmp T_15.8;
T_15.9 ;
    %pop/vec4 1;
    %delay 1000, 0;
    %pushi/vec4 0, 0, 1;
    %store/vec4 v0x5f8c31295d10_0, 0, 1;
    %pushi/vec4 3, 0, 32;
T_15.10 %dup/vec4;
    %pushi/vec4 0, 0, 32;
    %cmp/s;
    %jmp/1xz T_15.11, 5;
    %jmp/1 T_15.11, 4;
    %pushi/vec4 1, 0, 32;
    %sub;
    %wait E_0x5f8c311ce2b0;
    %jmp T_15.10;
T_15.11 ;
    %pop/vec4 1;
    %delay 1000, 0;
    %pushi/vec4 1, 0, 1;
    %store/vec4 v0x5f8c311c3a90_0, 0, 1;
    %load/vec4 v0x5f8c312960e0_0;
    %store/vec4 v0x5f8c311c3b60_0, 0, 1;
    %pushi/vec4 0, 0, 32; draw_string_vec4
    %pushi/vec4 0, 0, 32; draw_string_vec4
    %concat/vec4; draw_string_vec4
    %pushi/vec4 0, 0, 32; draw_string_vec4
    %concat/vec4; draw_string_vec4
    %pushi/vec4 0, 0, 32; draw_string_vec4
    %concat/vec4; draw_string_vec4
    %pushi/vec4 0, 0, 32; draw_string_vec4
    %concat/vec4; draw_string_vec4
    %pushi/vec4 0, 0, 32; draw_string_vec4
    %concat/vec4; draw_string_vec4
    %pushi/vec4 0, 0, 32; draw_string_vec4
    %concat/vec4; draw_string_vec4
    %pushi/vec4 0, 0, 32; draw_string_vec4
    %concat/vec4; draw_string_vec4
    %pushi/vec4 0, 0, 32; draw_string_vec4
    %concat/vec4; draw_string_vec4
    %pushi/vec4 0, 0, 32; draw_string_vec4
    %concat/vec4; draw_string_vec4
    %pushi/vec4 0, 0, 32; draw_string_vec4
    %concat/vec4; draw_string_vec4
    %pushi/vec4 0, 0, 32; draw_string_vec4
    %concat/vec4; draw_string_vec4
    %pushi/vec4 0, 0, 32; draw_string_vec4
    %concat/vec4; draw_string_vec4
    %pushi/vec4 0, 0, 32; draw_string_vec4
    %concat/vec4; draw_string_vec4
    %pushi/vec4 0, 0, 32; draw_string_vec4
    %concat/vec4; draw_string_vec4
    %pushi/vec4 0, 0, 32; draw_string_vec4
    %concat/vec4; draw_string_vec4
    %pushi/vec4 5461057, 0, 32; draw_string_vec4
    %concat/vec4; draw_string_vec4
    %pushi/vec4 1381261124, 0, 32; draw_string_vec4
    %concat/vec4; draw_string_vec4
    %pushi/vec4 1163157318, 0, 32; draw_string_vec4
    %concat/vec4; draw_string_vec4
    %pushi/vec4 1230128452, 0, 32; draw_string_vec4
    %concat/vec4; draw_string_vec4
    %store/vec4 v0x5f8c311bef90_0, 0, 640;
    %fork TD_tb_i2c_start_stop.check, S_0x5f8c3126fe40;
    %join;
    %vpi_call/w 3 244 "$display", "    START detected on bus \342\234\205" {0 0 0};
    %vpi_call/w 3 254 "$display", "--- TEST4: Generate STOP ---" {0 0 0};
    %fork TD_tb_i2c_start_stop.apply_reset, S_0x5f8c3126d700;
    %join;
    %pushi/vec4 0, 0, 1;
    %store/vec4 v0x5f8c31295940_0, 0, 1;
    %pushi/vec4 0, 0, 1;
    %store/vec4 v0x5f8c31295c40_0, 0, 1;
    %pushi/vec4 0, 0, 1;
    %store/vec4 v0x5f8c31295d10_0, 0, 1;
    %pushi/vec4 3, 0, 32;
T_15.12 %dup/vec4;
    %pushi/vec4 0, 0, 32;
    %cmp/s;
    %jmp/1xz T_15.13, 5;
    %jmp/1 T_15.13, 4;
    %pushi/vec4 1, 0, 32;
    %sub;
    %wait E_0x5f8c311ce2b0;
    %jmp T_15.12;
T_15.13 ;
    %pop/vec4 1;
    %delay 1000, 0;
    %pushi/vec4 1, 0, 1;
    %store/vec4 v0x5f8c31295a80_0, 0, 1;
    %wait E_0x5f8c311ce2b0;
    %delay 1000, 0;
    %pushi/vec4 0, 0, 1;
    %store/vec4 v0x5f8c31295a80_0, 0, 1;
    %pushi/vec4 5, 0, 32;
T_15.14 %dup/vec4;
    %pushi/vec4 0, 0, 32;
    %cmp/s;
    %jmp/1xz T_15.15, 5;
    %jmp/1 T_15.15, 4;
    %pushi/vec4 1, 0, 32;
    %sub;
    %wait E_0x5f8c311ce2b0;
    %jmp T_15.14;
T_15.15 ;
    %pop/vec4 1;
    %delay 1000, 0;
    %pushi/vec4 5, 0, 8;
    %store/vec4 v0x5f8c311be730_0, 0, 8;
    %fork TD_tb_i2c_start_stop.scl_high, S_0x5f8c31293520;
    %join;
    %pushi/vec4 3, 0, 32;
T_15.16 %dup/vec4;
    %pushi/vec4 0, 0, 32;
    %cmp/s;
    %jmp/1xz T_15.17, 5;
    %jmp/1 T_15.17, 4;
    %pushi/vec4 1, 0, 32;
    %sub;
    %wait E_0x5f8c311ce2b0;
    %jmp T_15.16;
T_15.17 ;
    %pop/vec4 1;
    %delay 1000, 0;
    %vpi_call/w 3 276 "$display", "    checking SDA goes HIGH while SCL HIGH" {0 0 0};
    %load/vec4 v0x5f8c31295de0_0;
    %flag_set/vec4 10;
    %flag_get/vec4 10;
    %jmp/0 T_15.21, 10;
    %load/vec4 v0x5f8c31295f40_0;
    %and;
T_15.21;
    %flag_set/vec4 9;
    %flag_get/vec4 9;
    %jmp/0 T_15.20, 9;
    %load/vec4 v0x5f8c31295c40_0;
    %and;
T_15.20;
    %flag_set/vec4 8;
    %jmp/0xz  T_15.18, 8;
    %vpi_call/w 3 278 "$display", "PASS [STOP_SDA_HIGH_SCLHIGH] sda_oe=%b sda_out=%b scl=%b", v0x5f8c31295de0_0, v0x5f8c31295f40_0, v0x5f8c31295c40_0 {0 0 0};
    %jmp T_15.19;
T_15.18 ;
    %vpi_call/w 3 281 "$display", "FAIL [STOP_SDA_HIGH_SCLHIGH] sda_oe=%b sda_out=%b scl=%b", v0x5f8c31295de0_0, v0x5f8c31295f40_0, v0x5f8c31295c40_0 {0 0 0};
T_15.19 ;
    %load/vec4 v0x5f8c31295f40_0;
    %store/vec4 v0x5f8c31295d10_0, 0, 1;
    %pushi/vec4 5, 0, 32;
T_15.22 %dup/vec4;
    %pushi/vec4 0, 0, 32;
    %cmp/s;
    %jmp/1xz T_15.23, 5;
    %jmp/1 T_15.23, 4;
    %pushi/vec4 1, 0, 32;
    %sub;
    %wait E_0x5f8c311ce2b0;
    %jmp T_15.22;
T_15.23 ;
    %pop/vec4 1;
    %delay 1000, 0;
    %pushi/vec4 1, 0, 1;
    %store/vec4 v0x5f8c311c3a90_0, 0, 1;
    %load/vec4 v0x5f8c31295940_0;
    %store/vec4 v0x5f8c311c3b60_0, 0, 1;
    %pushi/vec4 0, 0, 32; draw_string_vec4
    %pushi/vec4 0, 0, 32; draw_string_vec4
    %concat/vec4; draw_string_vec4
    %pushi/vec4 0, 0, 32; draw_string_vec4
    %concat/vec4; draw_string_vec4
    %pushi/vec4 0, 0, 32; draw_string_vec4
    %concat/vec4; draw_string_vec4
    %pushi/vec4 0, 0, 32; draw_string_vec4
    %concat/vec4; draw_string_vec4
    %pushi/vec4 0, 0, 32; draw_string_vec4
    %concat/vec4; draw_string_vec4
    %pushi/vec4 0, 0, 32; draw_string_vec4
    %concat/vec4; draw_string_vec4
    %pushi/vec4 0, 0, 32; draw_string_vec4
    %concat/vec4; draw_string_vec4
    %pushi/vec4 0, 0, 32; draw_string_vec4
    %concat/vec4; draw_string_vec4
    %pushi/vec4 0, 0, 32; draw_string_vec4
    %concat/vec4; draw_string_vec4
    %pushi/vec4 0, 0, 32; draw_string_vec4
    %concat/vec4; draw_string_vec4
    %pushi/vec4 0, 0, 32; draw_string_vec4
    %concat/vec4; draw_string_vec4
    %pushi/vec4 0, 0, 32; draw_string_vec4
    %concat/vec4; draw_string_vec4
    %pushi/vec4 0, 0, 32; draw_string_vec4
    %concat/vec4; draw_string_vec4
    %pushi/vec4 0, 0, 32; draw_string_vec4
    %concat/vec4; draw_string_vec4
    %pushi/vec4 0, 0, 32; draw_string_vec4
    %concat/vec4; draw_string_vec4
    %pushi/vec4 0, 0, 32; draw_string_vec4
    %concat/vec4; draw_string_vec4
    %pushi/vec4 83, 0, 32; draw_string_vec4
    %concat/vec4; draw_string_vec4
    %pushi/vec4 1414484063, 0, 32; draw_string_vec4
    %concat/vec4; draw_string_vec4
    %pushi/vec4 1146048069, 0, 32; draw_string_vec4
    %concat/vec4; draw_string_vec4
    %store/vec4 v0x5f8c311bef90_0, 0, 640;
    %fork TD_tb_i2c_start_stop.check, S_0x5f8c3126fe40;
    %join;
    %vpi_call/w 3 289 "$display", "    STOP generation done \342\234\205" {0 0 0};
    %vpi_call/w 3 296 "$display", "--- TEST5: Detect STOP ---" {0 0 0};
    %fork TD_tb_i2c_start_stop.apply_reset, S_0x5f8c3126d700;
    %join;
    %pushi/vec4 0, 0, 1;
    %store/vec4 v0x5f8c31296250_0, 0, 1;
    %pushi/vec4 1, 0, 1;
    %store/vec4 v0x5f8c31295c40_0, 0, 1;
    %pushi/vec4 0, 0, 1;
    %store/vec4 v0x5f8c31295d10_0, 0, 1;
    %pushi/vec4 3, 0, 32;
T_15.24 %dup/vec4;
    %pushi/vec4 0, 0, 32;
    %cmp/s;
    %jmp/1xz T_15.25, 5;
    %jmp/1 T_15.25, 4;
    %pushi/vec4 1, 0, 32;
    %sub;
    %wait E_0x5f8c311ce2b0;
    %jmp T_15.24;
T_15.25 ;
    %pop/vec4 1;
    %delay 1000, 0;
    %pushi/vec4 1, 0, 1;
    %store/vec4 v0x5f8c31295d10_0, 0, 1;
    %pushi/vec4 3, 0, 32;
T_15.26 %dup/vec4;
    %pushi/vec4 0, 0, 32;
    %cmp/s;
    %jmp/1xz T_15.27, 5;
    %jmp/1 T_15.27, 4;
    %pushi/vec4 1, 0, 32;
    %sub;
    %wait E_0x5f8c311ce2b0;
    %jmp T_15.26;
T_15.27 ;
    %pop/vec4 1;
    %delay 1000, 0;
    %pushi/vec4 1, 0, 1;
    %store/vec4 v0x5f8c311c3a90_0, 0, 1;
    %load/vec4 v0x5f8c31296250_0;
    %store/vec4 v0x5f8c311c3b60_0, 0, 1;
    %pushi/vec4 0, 0, 32; draw_string_vec4
    %pushi/vec4 0, 0, 32; draw_string_vec4
    %concat/vec4; draw_string_vec4
    %pushi/vec4 0, 0, 32; draw_string_vec4
    %concat/vec4; draw_string_vec4
    %pushi/vec4 0, 0, 32; draw_string_vec4
    %concat/vec4; draw_string_vec4
    %pushi/vec4 0, 0, 32; draw_string_vec4
    %concat/vec4; draw_string_vec4
    %pushi/vec4 0, 0, 32; draw_string_vec4
    %concat/vec4; draw_string_vec4
    %pushi/vec4 0, 0, 32; draw_string_vec4
    %concat/vec4; draw_string_vec4
    %pushi/vec4 0, 0, 32; draw_string_vec4
    %concat/vec4; draw_string_vec4
    %pushi/vec4 0, 0, 32; draw_string_vec4
    %concat/vec4; draw_string_vec4
    %pushi/vec4 0, 0, 32; draw_string_vec4
    %concat/vec4; draw_string_vec4
    %pushi/vec4 0, 0, 32; draw_string_vec4
    %concat/vec4; draw_string_vec4
    %pushi/vec4 0, 0, 32; draw_string_vec4
    %concat/vec4; draw_string_vec4
    %pushi/vec4 0, 0, 32; draw_string_vec4
    %concat/vec4; draw_string_vec4
    %pushi/vec4 0, 0, 32; draw_string_vec4
    %concat/vec4; draw_string_vec4
    %pushi/vec4 0, 0, 32; draw_string_vec4
    %concat/vec4; draw_string_vec4
    %pushi/vec4 0, 0, 32; draw_string_vec4
    %concat/vec4; draw_string_vec4
    %pushi/vec4 21332, 0, 32; draw_string_vec4
    %concat/vec4; draw_string_vec4
    %pushi/vec4 1330667332, 0, 32; draw_string_vec4
    %concat/vec4; draw_string_vec4
    %pushi/vec4 1163157318, 0, 32; draw_string_vec4
    %concat/vec4; draw_string_vec4
    %pushi/vec4 1230128452, 0, 32; draw_string_vec4
    %concat/vec4; draw_string_vec4
    %store/vec4 v0x5f8c311bef90_0, 0, 640;
    %fork TD_tb_i2c_start_stop.check, S_0x5f8c3126fe40;
    %join;
    %vpi_call/w 3 310 "$display", "    STOP detected on bus \342\234\205" {0 0 0};
    %vpi_call/w 3 317 "$display", "--- TEST6: No false START/STOP ---" {0 0 0};
    %fork TD_tb_i2c_start_stop.apply_reset, S_0x5f8c3126d700;
    %join;
    %pushi/vec4 0, 0, 1;
    %store/vec4 v0x5f8c312960e0_0, 0, 1;
    %pushi/vec4 0, 0, 1;
    %store/vec4 v0x5f8c31296250_0, 0, 1;
    %pushi/vec4 0, 0, 1;
    %store/vec4 v0x5f8c31295c40_0, 0, 1;
    %pushi/vec4 1, 0, 1;
    %store/vec4 v0x5f8c31295d10_0, 0, 1;
    %pushi/vec4 2, 0, 32;
T_15.28 %dup/vec4;
    %pushi/vec4 0, 0, 32;
    %cmp/s;
    %jmp/1xz T_15.29, 5;
    %jmp/1 T_15.29, 4;
    %pushi/vec4 1, 0, 32;
    %sub;
    %wait E_0x5f8c311ce2b0;
    %jmp T_15.28;
T_15.29 ;
    %pop/vec4 1;
    %delay 1000, 0;
    %pushi/vec4 0, 0, 1;
    %store/vec4 v0x5f8c31295d10_0, 0, 1;
    %pushi/vec4 3, 0, 32;
T_15.30 %dup/vec4;
    %pushi/vec4 0, 0, 32;
    %cmp/s;
    %jmp/1xz T_15.31, 5;
    %jmp/1 T_15.31, 4;
    %pushi/vec4 1, 0, 32;
    %sub;
    %wait E_0x5f8c311ce2b0;
    %jmp T_15.30;
T_15.31 ;
    %pop/vec4 1;
    %delay 1000, 0;
    %pushi/vec4 1, 0, 1;
    %store/vec4 v0x5f8c31295d10_0, 0, 1;
    %pushi/vec4 3, 0, 32;
T_15.32 %dup/vec4;
    %pushi/vec4 0, 0, 32;
    %cmp/s;
    %jmp/1xz T_15.33, 5;
    %jmp/1 T_15.33, 4;
    %pushi/vec4 1, 0, 32;
    %sub;
    %wait E_0x5f8c311ce2b0;
    %jmp T_15.32;
T_15.33 ;
    %pop/vec4 1;
    %delay 1000, 0;
    %load/vec4 v0x5f8c312960e0_0;
    %nor/r;
    %flag_set/vec4 8;
    %jmp/0xz  T_15.34, 8;
    %vpi_call/w 3 335 "$display", "PASS [NO_FALSE_START] not triggered \342\234\205" {0 0 0};
    %jmp T_15.35;
T_15.34 ;
    %vpi_call/w 3 337 "$display", "FAIL [NO_FALSE_START] falsely triggered" {0 0 0};
T_15.35 ;
    %load/vec4 v0x5f8c31296250_0;
    %nor/r;
    %flag_set/vec4 8;
    %jmp/0xz  T_15.36, 8;
    %vpi_call/w 3 340 "$display", "PASS [NO_FALSE_STOP] not triggered \342\234\205" {0 0 0};
    %jmp T_15.37;
T_15.36 ;
    %vpi_call/w 3 342 "$display", "FAIL [NO_FALSE_STOP] falsely triggered" {0 0 0};
T_15.37 ;
    %vpi_call/w 3 348 "$display", "--- TEST7: Repeated START ---" {0 0 0};
    %fork TD_tb_i2c_start_stop.apply_reset, S_0x5f8c3126d700;
    %join;
    %pushi/vec4 0, 0, 1;
    %store/vec4 v0x5f8c312960e0_0, 0, 1;
    %pushi/vec4 1, 0, 1;
    %store/vec4 v0x5f8c31295c40_0, 0, 1;
    %pushi/vec4 1, 0, 1;
    %store/vec4 v0x5f8c31295d10_0, 0, 1;
    %pushi/vec4 2, 0, 32;
T_15.38 %dup/vec4;
    %pushi/vec4 0, 0, 32;
    %cmp/s;
    %jmp/1xz T_15.39, 5;
    %jmp/1 T_15.39, 4;
    %pushi/vec4 1, 0, 32;
    %sub;
    %wait E_0x5f8c311ce2b0;
    %jmp T_15.38;
T_15.39 ;
    %pop/vec4 1;
    %delay 1000, 0;
    %pushi/vec4 0, 0, 1;
    %store/vec4 v0x5f8c31295d10_0, 0, 1;
    %pushi/vec4 3, 0, 32;
T_15.40 %dup/vec4;
    %pushi/vec4 0, 0, 32;
    %cmp/s;
    %jmp/1xz T_15.41, 5;
    %jmp/1 T_15.41, 4;
    %pushi/vec4 1, 0, 32;
    %sub;
    %wait E_0x5f8c311ce2b0;
    %jmp T_15.40;
T_15.41 ;
    %pop/vec4 1;
    %delay 1000, 0;
    %load/vec4 v0x5f8c312960e0_0;
    %flag_set/vec4 8;
    %jmp/0xz  T_15.42, 8;
    %vpi_call/w 3 360 "$display", "PASS [FIRST_START_DET] detected \342\234\205" {0 0 0};
    %jmp T_15.43;
T_15.42 ;
    %vpi_call/w 3 362 "$display", "FAIL [FIRST_START_DET] not detected" {0 0 0};
T_15.43 ;
    %pushi/vec4 0, 0, 1;
    %store/vec4 v0x5f8c312960e0_0, 0, 1;
    %pushi/vec4 3, 0, 8;
    %store/vec4 v0x5f8c311bc4d0_0, 0, 8;
    %fork TD_tb_i2c_start_stop.scl_low, S_0x5f8c31293780;
    %join;
    %pushi/vec4 1, 0, 1;
    %store/vec4 v0x5f8c31295d10_0, 0, 1;
    %pushi/vec4 3, 0, 8;
    %store/vec4 v0x5f8c311be730_0, 0, 8;
    %fork TD_tb_i2c_start_stop.scl_high, S_0x5f8c31293520;
    %join;
    %pushi/vec4 0, 0, 1;
    %store/vec4 v0x5f8c31295d10_0, 0, 1;
    %pushi/vec4 3, 0, 32;
T_15.44 %dup/vec4;
    %pushi/vec4 0, 0, 32;
    %cmp/s;
    %jmp/1xz T_15.45, 5;
    %jmp/1 T_15.45, 4;
    %pushi/vec4 1, 0, 32;
    %sub;
    %wait E_0x5f8c311ce2b0;
    %jmp T_15.44;
T_15.45 ;
    %pop/vec4 1;
    %delay 1000, 0;
    %load/vec4 v0x5f8c312960e0_0;
    %flag_set/vec4 8;
    %jmp/0xz  T_15.46, 8;
    %vpi_call/w 3 377 "$display", "PASS [REPEATED_START_DET] detected \342\234\205" {0 0 0};
    %jmp T_15.47;
T_15.46 ;
    %vpi_call/w 3 379 "$display", "FAIL [REPEATED_START_DET] not detected" {0 0 0};
T_15.47 ;
    %vpi_call/w 3 381 "$display", "=== tb_i2c_start_stop DONE ===" {0 0 0};
    %vpi_call/w 3 382 "$finish" {0 0 0};
    %end;
    .thread T_15;
    .scope S_0x5f8c311c2e30;
T_16 ;
    %vpi_call/w 3 389 "$dumpfile", "tb_i2c_start_stop.vcd" {0 0 0};
    %vpi_call/w 3 390 "$dumpvars", 32'sb00000000000000000000000000000000, S_0x5f8c311c2e30 {0 0 0};
    %end;
    .thread T_16;
    .scope S_0x5f8c311c2e30;
T_17 ;
    %vpi_call/w 3 397 "$monitor", "t=%0t | scl=%b sda_in=%b | sda_out=%b sda_oe=%b | start=%b stop=%b done=%b", $time, v0x5f8c31295c40_0, v0x5f8c31295d10_0, v0x5f8c31295f40_0, v0x5f8c31295de0_0, v0x5f8c31296010_0, v0x5f8c31296180_0, v0x5f8c312958a0_0 {0 0 0};
    %end;
    .thread T_17;
# The file index is used to find the file name in the following table.
:file_names 5;
    "N/A";
    "<interactive>";
    "-";
    "tb/tb_i2c_start_stop.v";
    "share/i2c_start_stop.v";
