#! /usr/bin/vvp
:ivl_version "12.0 (stable)";
:ivl_delay_selection "TYPICAL";
:vpi_time_precision - 12;
:vpi_module "/usr/lib/x86_64-linux-gnu/ivl/system.vpi";
:vpi_module "/usr/lib/x86_64-linux-gnu/ivl/vhdl_sys.vpi";
:vpi_module "/usr/lib/x86_64-linux-gnu/ivl/vhdl_textio.vpi";
:vpi_module "/usr/lib/x86_64-linux-gnu/ivl/v2005_math.vpi";
:vpi_module "/usr/lib/x86_64-linux-gnu/ivl/va_math.vpi";
:vpi_module "/usr/lib/x86_64-linux-gnu/ivl/v2009.vpi";
S_0x5da2b56cf750 .scope package, "$unit" "$unit" 2 1;
 .timescale 0 0;
S_0x5da2b56dfdc0 .scope module, "tb_i2c_slave_fsm" "tb_i2c_slave_fsm" 3 3;
 .timescale -9 -12;
v0x5da2b56f3d30_0 .net "addr_match", 0 0, v0x5da2b5709070_0;  1 drivers
v0x5da2b570a3d0_0 .var "addr_match_captured", 0 0;
v0x5da2b570a470_0 .net "bit_ctrl_en", 0 0, v0x5da2b5709130_0;  1 drivers
v0x5da2b570a510_0 .net "busy", 0 0, v0x5da2b57091f0_0;  1 drivers
v0x5da2b570a5b0_0 .var "busy_captured", 0 0;
v0x5da2b570a650_0 .var "byte_done", 0 0;
v0x5da2b570a6f0_0 .var "clk", 0 0;
v0x5da2b570a7c0_0 .net "load", 0 0, v0x5da2b5709430_0;  1 drivers
v0x5da2b570a890_0 .var "load_captured", 0 0;
v0x5da2b570a930_0 .var "resetn", 0 0;
v0x5da2b570aa00_0 .var "rx_data", 7 0;
v0x5da2b570aad0_0 .net "rx_wr_en", 0 0, v0x5da2b5709910_0;  1 drivers
v0x5da2b570aba0_0 .var "rx_wr_en_captured", 0 0;
v0x5da2b570ac40_0 .net "sda_oe", 0 0, v0x5da2b57099d0_0;  1 drivers
v0x5da2b570ad10_0 .var "sda_oe_captured", 0 0;
v0x5da2b570adb0_0 .net "sda_out", 0 0, v0x5da2b5709a90_0;  1 drivers
v0x5da2b570ae80_0 .var "sda_sampled", 0 0;
v0x5da2b570af50_0 .var "slave_addr", 6 0;
v0x5da2b570b020_0 .var "start_det", 0 0;
v0x5da2b570b0f0_0 .var "stop_det", 0 0;
v0x5da2b570b1c0_0 .var "tx_empty", 0 0;
v0x5da2b570b290_0 .net "tx_rd_en", 0 0, v0x5da2b570a010_0;  1 drivers
v0x5da2b570b360_0 .var "tx_rd_en_captured", 0 0;
S_0x5da2b56e1e60 .scope task, "apply_reset" "apply_reset" 3 89, 3 89 0, S_0x5da2b56dfdc0;
 .timescale -9 -12;
E_0x5da2b562e2b0 .event posedge, v0x5da2b5709370_0;
TD_tb_i2c_slave_fsm.apply_reset ;
    %pushi/vec4 0, 0, 1;
    %store/vec4 v0x5da2b570a930_0, 0, 1;
    %pushi/vec4 80, 0, 7;
    %store/vec4 v0x5da2b570af50_0, 0, 7;
    %pushi/vec4 0, 0, 1;
    %store/vec4 v0x5da2b570b020_0, 0, 1;
    %pushi/vec4 0, 0, 1;
    %store/vec4 v0x5da2b570b0f0_0, 0, 1;
    %pushi/vec4 0, 0, 1;
    %store/vec4 v0x5da2b570a650_0, 0, 1;
    %pushi/vec4 0, 0, 1;
    %store/vec4 v0x5da2b570ae80_0, 0, 1;
    %pushi/vec4 0, 0, 8;
    %store/vec4 v0x5da2b570aa00_0, 0, 8;
    %pushi/vec4 0, 0, 1;
    %store/vec4 v0x5da2b570b1c0_0, 0, 1;
    %pushi/vec4 0, 0, 1;
    %store/vec4 v0x5da2b570a3d0_0, 0, 1;
    %pushi/vec4 0, 0, 1;
    %store/vec4 v0x5da2b570aba0_0, 0, 1;
    %pushi/vec4 0, 0, 1;
    %store/vec4 v0x5da2b570b360_0, 0, 1;
    %pushi/vec4 0, 0, 1;
    %store/vec4 v0x5da2b570a890_0, 0, 1;
    %pushi/vec4 0, 0, 1;
    %store/vec4 v0x5da2b570ad10_0, 0, 1;
    %pushi/vec4 0, 0, 1;
    %store/vec4 v0x5da2b570a5b0_0, 0, 1;
    %wait E_0x5da2b562e2b0;
    %delay 1000, 0;
    %wait E_0x5da2b562e2b0;
    %delay 1000, 0;
    %pushi/vec4 1, 0, 1;
    %store/vec4 v0x5da2b570a930_0, 0, 1;
    %wait E_0x5da2b562e2b0;
    %delay 1000, 0;
    %end;
S_0x5da2b56e5cb0 .scope task, "check" "check" 3 131, 3 131 0, S_0x5da2b56dfdc0;
 .timescale -9 -12;
v0x5da2b5620650_0 .var "exp_val", 0 0;
v0x5da2b56209e0_0 .var "got_val", 0 0;
v0x5da2b561d210_0 .var "test_name", 640 1;
TD_tb_i2c_slave_fsm.check ;
    %load/vec4 v0x5da2b56209e0_0;
    %load/vec4 v0x5da2b5620650_0;
    %cmp/ne;
    %jmp/0xz  T_1.0, 6;
    %vpi_call/w 3 137 "$display", "FAIL [%0s] got=%b exp=%b at t=%0t", v0x5da2b561d210_0, v0x5da2b56209e0_0, v0x5da2b5620650_0, $time {0 0 0};
    %jmp T_1.1;
T_1.0 ;
    %vpi_call/w 3 140 "$display", "PASS [%0s] got=%b", v0x5da2b561d210_0, v0x5da2b56209e0_0 {0 0 0};
T_1.1 ;
    %end;
S_0x5da2b57079f0 .scope task, "clear_captures" "clear_captures" 3 117, 3 117 0, S_0x5da2b56dfdc0;
 .timescale -9 -12;
TD_tb_i2c_slave_fsm.clear_captures ;
    %pushi/vec4 0, 0, 1;
    %store/vec4 v0x5da2b570a3d0_0, 0, 1;
    %pushi/vec4 0, 0, 1;
    %store/vec4 v0x5da2b570aba0_0, 0, 1;
    %pushi/vec4 0, 0, 1;
    %store/vec4 v0x5da2b570b360_0, 0, 1;
    %pushi/vec4 0, 0, 1;
    %store/vec4 v0x5da2b570a890_0, 0, 1;
    %pushi/vec4 0, 0, 1;
    %store/vec4 v0x5da2b570ad10_0, 0, 1;
    %pushi/vec4 0, 0, 1;
    %store/vec4 v0x5da2b570a5b0_0, 0, 1;
    %end;
S_0x5da2b5707bd0 .scope task, "send_addr" "send_addr" 3 149, 3 149 0, S_0x5da2b56dfdc0;
 .timescale -9 -12;
v0x5da2b561d5d0_0 .var "addr_byte", 7 0;
TD_tb_i2c_slave_fsm.send_addr ;
    %pushi/vec4 1, 0, 1;
    %store/vec4 v0x5da2b570b020_0, 0, 1;
    %wait E_0x5da2b562e2b0;
    %delay 1000, 0;
    %pushi/vec4 0, 0, 1;
    %store/vec4 v0x5da2b570b020_0, 0, 1;
    %pushi/vec4 2, 0, 32;
T_3.2 %dup/vec4;
    %pushi/vec4 0, 0, 32;
    %cmp/s;
    %jmp/1xz T_3.3, 5;
    %jmp/1 T_3.3, 4;
    %pushi/vec4 1, 0, 32;
    %sub;
    %wait E_0x5da2b562e2b0;
    %jmp T_3.2;
T_3.3 ;
    %pop/vec4 1;
    %delay 1000, 0;
    %load/vec4 v0x5da2b561d5d0_0;
    %store/vec4 v0x5da2b570aa00_0, 0, 8;
    %pushi/vec4 1, 0, 1;
    %store/vec4 v0x5da2b570a650_0, 0, 1;
    %wait E_0x5da2b562e2b0;
    %delay 1000, 0;
    %pushi/vec4 0, 0, 1;
    %store/vec4 v0x5da2b570a650_0, 0, 1;
    %pushi/vec4 2, 0, 32;
T_3.4 %dup/vec4;
    %pushi/vec4 0, 0, 32;
    %cmp/s;
    %jmp/1xz T_3.5, 5;
    %jmp/1 T_3.5, 4;
    %pushi/vec4 1, 0, 32;
    %sub;
    %wait E_0x5da2b562e2b0;
    %jmp T_3.4;
T_3.5 ;
    %pop/vec4 1;
    %delay 1000, 0;
    %end;
S_0x5da2b5707df0 .scope task, "send_data_byte" "send_data_byte" 3 172, 3 172 0, S_0x5da2b56dfdc0;
 .timescale -9 -12;
v0x5da2b5600d50_0 .var "data", 7 0;
TD_tb_i2c_slave_fsm.send_data_byte ;
    %load/vec4 v0x5da2b5600d50_0;
    %store/vec4 v0x5da2b570aa00_0, 0, 8;
    %pushi/vec4 1, 0, 1;
    %store/vec4 v0x5da2b570a650_0, 0, 1;
    %wait E_0x5da2b562e2b0;
    %delay 1000, 0;
    %pushi/vec4 0, 0, 1;
    %store/vec4 v0x5da2b570a650_0, 0, 1;
    %pushi/vec4 2, 0, 32;
T_4.6 %dup/vec4;
    %pushi/vec4 0, 0, 32;
    %cmp/s;
    %jmp/1xz T_4.7, 5;
    %jmp/1 T_4.7, 4;
    %pushi/vec4 1, 0, 32;
    %sub;
    %wait E_0x5da2b562e2b0;
    %jmp T_4.6;
T_4.7 ;
    %pop/vec4 1;
    %delay 1000, 0;
    %end;
S_0x5da2b5708080 .scope task, "send_stop" "send_stop" 3 186, 3 186 0, S_0x5da2b56dfdc0;
 .timescale -9 -12;
TD_tb_i2c_slave_fsm.send_stop ;
    %pushi/vec4 1, 0, 1;
    %store/vec4 v0x5da2b570b0f0_0, 0, 1;
    %wait E_0x5da2b562e2b0;
    %delay 1000, 0;
    %pushi/vec4 0, 0, 1;
    %store/vec4 v0x5da2b570b0f0_0, 0, 1;
    %pushi/vec4 2, 0, 32;
T_5.8 %dup/vec4;
    %pushi/vec4 0, 0, 32;
    %cmp/s;
    %jmp/1xz T_5.9, 5;
    %jmp/1 T_5.9, 4;
    %pushi/vec4 1, 0, 32;
    %sub;
    %wait E_0x5da2b562e2b0;
    %jmp T_5.8;
T_5.9 ;
    %pop/vec4 1;
    %delay 1000, 0;
    %end;
S_0x5da2b5708260 .scope module, "u_dut" "i2c_slave_fsm" 3 41, 4 1 0, S_0x5da2b56dfdc0;
 .timescale 0 0;
    .port_info 0 /INPUT 1 "clk";
    .port_info 1 /INPUT 1 "resetn";
    .port_info 2 /INPUT 7 "slave_addr";
    .port_info 3 /INPUT 1 "start_det";
    .port_info 4 /INPUT 1 "stop_det";
    .port_info 5 /INPUT 1 "byte_done";
    .port_info 6 /INPUT 1 "sda_sampled";
    .port_info 7 /INPUT 8 "rx_data";
    .port_info 8 /INPUT 1 "tx_empty";
    .port_info 9 /OUTPUT 1 "bit_ctrl_en";
    .port_info 10 /OUTPUT 1 "load";
    .port_info 11 /OUTPUT 1 "tx_rd_en";
    .port_info 12 /OUTPUT 1 "rx_wr_en";
    .port_info 13 /OUTPUT 1 "sda_oe";
    .port_info 14 /OUTPUT 1 "sda_out";
    .port_info 15 /OUTPUT 1 "addr_match";
    .port_info 16 /OUTPUT 1 "busy";
    .port_info 17 /OUTPUT 1 "ack_phase";
P_0x5da2b56cf290 .param/l "ADDR_ACK" 1 4 27, C4<0010>;
P_0x5da2b56cf2d0 .param/l "ADDR_RX" 1 4 26, C4<0001>;
P_0x5da2b56cf310 .param/l "DATA_RX" 1 4 30, C4<0101>;
P_0x5da2b56cf350 .param/l "DATA_RX_ACK" 1 4 31, C4<0110>;
P_0x5da2b56cf390 .param/l "DATA_TX" 1 4 28, C4<0011>;
P_0x5da2b56cf3d0 .param/l "DATA_TX_ACK" 1 4 29, C4<0100>;
P_0x5da2b56cf410 .param/l "IDLE" 1 4 25, C4<0000>;
L_0x5da2b561fce0 .functor OR 1, L_0x5da2b570b6e0, L_0x5da2b570b830, C4<0>, C4<0>;
L_0x5da2b5620030 .functor OR 1, L_0x5da2b561fce0, L_0x5da2b570ba40, C4<0>, C4<0>;
L_0x7b74fbcce060 .functor BUFT 1, C4<0100>, C4<0>, C4<0>, C4<0>;
v0x5da2b56f1310_0 .net/2u *"_ivl_10", 3 0, L_0x7b74fbcce060;  1 drivers
v0x5da2b5708a00_0 .net *"_ivl_12", 0 0, L_0x5da2b570b830;  1 drivers
v0x5da2b5708ac0_0 .net *"_ivl_15", 0 0, L_0x5da2b561fce0;  1 drivers
L_0x7b74fbcce0a8 .functor BUFT 1, C4<0110>, C4<0>, C4<0>, C4<0>;
v0x5da2b5708b60_0 .net/2u *"_ivl_16", 3 0, L_0x7b74fbcce0a8;  1 drivers
v0x5da2b5708c40_0 .net *"_ivl_18", 0 0, L_0x5da2b570ba40;  1 drivers
L_0x7b74fbcce018 .functor BUFT 1, C4<0010>, C4<0>, C4<0>, C4<0>;
v0x5da2b5708d50_0 .net/2u *"_ivl_6", 3 0, L_0x7b74fbcce018;  1 drivers
v0x5da2b5708e30_0 .net *"_ivl_8", 0 0, L_0x5da2b570b6e0;  1 drivers
v0x5da2b5708ef0_0 .net "ack_phase", 0 0, L_0x5da2b5620030;  1 drivers
v0x5da2b5708fb0_0 .net "addr_hit", 0 0, L_0x5da2b570b570;  1 drivers
v0x5da2b5709070_0 .var "addr_match", 0 0;
v0x5da2b5709130_0 .var "bit_ctrl_en", 0 0;
v0x5da2b57091f0_0 .var "busy", 0 0;
v0x5da2b57092b0_0 .net "byte_done", 0 0, v0x5da2b570a650_0;  1 drivers
v0x5da2b5709370_0 .net "clk", 0 0, v0x5da2b570a6f0_0;  1 drivers
v0x5da2b5709430_0 .var "load", 0 0;
v0x5da2b57094f0_0 .var "next_state", 3 0;
v0x5da2b57095d0_0 .net "resetn", 0 0, v0x5da2b570a930_0;  1 drivers
v0x5da2b5709690_0 .net "rx_addr", 6 0, L_0x5da2b570b400;  1 drivers
v0x5da2b5709770_0 .net "rx_data", 7 0, v0x5da2b570aa00_0;  1 drivers
v0x5da2b5709850_0 .net "rx_rw", 0 0, L_0x5da2b570b4d0;  1 drivers
v0x5da2b5709910_0 .var "rx_wr_en", 0 0;
v0x5da2b57099d0_0 .var "sda_oe", 0 0;
v0x5da2b5709a90_0 .var "sda_out", 0 0;
v0x5da2b5709b50_0 .net "sda_sampled", 0 0, v0x5da2b570ae80_0;  1 drivers
v0x5da2b5709c10_0 .net "slave_addr", 6 0, v0x5da2b570af50_0;  1 drivers
v0x5da2b5709cf0_0 .net "start_det", 0 0, v0x5da2b570b020_0;  1 drivers
v0x5da2b5709db0_0 .var "state", 3 0;
v0x5da2b5709e90_0 .net "stop_det", 0 0, v0x5da2b570b0f0_0;  1 drivers
v0x5da2b5709f50_0 .net "tx_empty", 0 0, v0x5da2b570b1c0_0;  1 drivers
v0x5da2b570a010_0 .var "tx_rd_en", 0 0;
E_0x5da2b5629be0/0 .event anyedge, v0x5da2b5709db0_0, v0x5da2b5709e90_0, v0x5da2b5709cf0_0, v0x5da2b57092b0_0;
E_0x5da2b5629be0/1 .event anyedge, v0x5da2b5708fb0_0, v0x5da2b5709850_0, v0x5da2b5709b50_0, v0x5da2b5709f50_0;
E_0x5da2b5629be0 .event/or E_0x5da2b5629be0/0, E_0x5da2b5629be0/1;
E_0x5da2b56297d0/0 .event negedge, v0x5da2b57095d0_0;
E_0x5da2b56297d0/1 .event posedge, v0x5da2b5709370_0;
E_0x5da2b56297d0 .event/or E_0x5da2b56297d0/0, E_0x5da2b56297d0/1;
L_0x5da2b570b400 .part v0x5da2b570aa00_0, 1, 7;
L_0x5da2b570b4d0 .part v0x5da2b570aa00_0, 0, 1;
L_0x5da2b570b570 .cmp/eq 7, L_0x5da2b570b400, v0x5da2b570af50_0;
L_0x5da2b570b6e0 .cmp/eq 4, v0x5da2b5709db0_0, L_0x7b74fbcce018;
L_0x5da2b570b830 .cmp/eq 4, v0x5da2b5709db0_0, L_0x7b74fbcce060;
L_0x5da2b570ba40 .cmp/eq 4, v0x5da2b5709db0_0, L_0x7b74fbcce0a8;
    .scope S_0x5da2b5708260;
T_6 ;
    %wait E_0x5da2b56297d0;
    %load/vec4 v0x5da2b57095d0_0;
    %nor/r;
    %flag_set/vec4 8;
    %jmp/0xz  T_6.0, 8;
    %pushi/vec4 0, 0, 4;
    %assign/vec4 v0x5da2b5709db0_0, 0;
    %jmp T_6.1;
T_6.0 ;
    %load/vec4 v0x5da2b57094f0_0;
    %assign/vec4 v0x5da2b5709db0_0, 0;
T_6.1 ;
    %jmp T_6;
    .thread T_6;
    .scope S_0x5da2b5708260;
T_7 ;
    %wait E_0x5da2b5629be0;
    %load/vec4 v0x5da2b5709db0_0;
    %store/vec4 v0x5da2b57094f0_0, 0, 4;
    %pushi/vec4 0, 0, 1;
    %store/vec4 v0x5da2b5709130_0, 0, 1;
    %pushi/vec4 0, 0, 1;
    %store/vec4 v0x5da2b5709430_0, 0, 1;
    %pushi/vec4 0, 0, 1;
    %store/vec4 v0x5da2b570a010_0, 0, 1;
    %pushi/vec4 0, 0, 1;
    %store/vec4 v0x5da2b5709910_0, 0, 1;
    %pushi/vec4 0, 0, 1;
    %store/vec4 v0x5da2b57099d0_0, 0, 1;
    %pushi/vec4 1, 0, 1;
    %store/vec4 v0x5da2b5709a90_0, 0, 1;
    %pushi/vec4 0, 0, 1;
    %store/vec4 v0x5da2b5709070_0, 0, 1;
    %pushi/vec4 0, 0, 1;
    %store/vec4 v0x5da2b57091f0_0, 0, 1;
    %load/vec4 v0x5da2b5709e90_0;
    %flag_set/vec4 8;
    %jmp/0xz  T_7.0, 8;
    %pushi/vec4 0, 0, 4;
    %store/vec4 v0x5da2b57094f0_0, 0, 4;
    %jmp T_7.1;
T_7.0 ;
    %load/vec4 v0x5da2b5709cf0_0;
    %flag_set/vec4 9;
    %flag_get/vec4 9;
    %jmp/0 T_7.4, 9;
    %load/vec4 v0x5da2b5709db0_0;
    %pushi/vec4 0, 0, 4;
    %cmp/ne;
    %flag_get/vec4 4;
    %and;
T_7.4;
    %flag_set/vec4 8;
    %jmp/0xz  T_7.2, 8;
    %pushi/vec4 1, 0, 4;
    %store/vec4 v0x5da2b57094f0_0, 0, 4;
    %jmp T_7.3;
T_7.2 ;
    %load/vec4 v0x5da2b5709db0_0;
    %dup/vec4;
    %pushi/vec4 0, 0, 4;
    %cmp/u;
    %jmp/1 T_7.5, 6;
    %dup/vec4;
    %pushi/vec4 1, 0, 4;
    %cmp/u;
    %jmp/1 T_7.6, 6;
    %dup/vec4;
    %pushi/vec4 2, 0, 4;
    %cmp/u;
    %jmp/1 T_7.7, 6;
    %dup/vec4;
    %pushi/vec4 3, 0, 4;
    %cmp/u;
    %jmp/1 T_7.8, 6;
    %dup/vec4;
    %pushi/vec4 4, 0, 4;
    %cmp/u;
    %jmp/1 T_7.9, 6;
    %dup/vec4;
    %pushi/vec4 5, 0, 4;
    %cmp/u;
    %jmp/1 T_7.10, 6;
    %dup/vec4;
    %pushi/vec4 6, 0, 4;
    %cmp/u;
    %jmp/1 T_7.11, 6;
    %pushi/vec4 0, 0, 4;
    %store/vec4 v0x5da2b57094f0_0, 0, 4;
    %jmp T_7.13;
T_7.5 ;
    %pushi/vec4 0, 0, 1;
    %store/vec4 v0x5da2b57091f0_0, 0, 1;
    %load/vec4 v0x5da2b5709cf0_0;
    %flag_set/vec4 8;
    %jmp/0xz  T_7.14, 8;
    %pushi/vec4 1, 0, 4;
    %store/vec4 v0x5da2b57094f0_0, 0, 4;
T_7.14 ;
    %jmp T_7.13;
T_7.6 ;
    %pushi/vec4 1, 0, 1;
    %store/vec4 v0x5da2b57091f0_0, 0, 1;
    %pushi/vec4 1, 0, 1;
    %store/vec4 v0x5da2b5709130_0, 0, 1;
    %load/vec4 v0x5da2b57092b0_0;
    %flag_set/vec4 8;
    %jmp/0xz  T_7.16, 8;
    %load/vec4 v0x5da2b5708fb0_0;
    %flag_set/vec4 8;
    %jmp/0xz  T_7.18, 8;
    %pushi/vec4 1, 0, 1;
    %store/vec4 v0x5da2b5709070_0, 0, 1;
    %pushi/vec4 2, 0, 4;
    %store/vec4 v0x5da2b57094f0_0, 0, 4;
    %jmp T_7.19;
T_7.18 ;
    %pushi/vec4 0, 0, 4;
    %store/vec4 v0x5da2b57094f0_0, 0, 4;
T_7.19 ;
T_7.16 ;
    %load/vec4 v0x5da2b5709e90_0;
    %flag_set/vec4 8;
    %jmp/0xz  T_7.20, 8;
    %pushi/vec4 0, 0, 4;
    %store/vec4 v0x5da2b57094f0_0, 0, 4;
T_7.20 ;
    %jmp T_7.13;
T_7.7 ;
    %pushi/vec4 1, 0, 1;
    %store/vec4 v0x5da2b57091f0_0, 0, 1;
    %pushi/vec4 1, 0, 1;
    %store/vec4 v0x5da2b5709130_0, 0, 1;
    %pushi/vec4 1, 0, 1;
    %store/vec4 v0x5da2b57099d0_0, 0, 1;
    %pushi/vec4 0, 0, 1;
    %store/vec4 v0x5da2b5709a90_0, 0, 1;
    %load/vec4 v0x5da2b57092b0_0;
    %flag_set/vec4 8;
    %jmp/0xz  T_7.22, 8;
    %load/vec4 v0x5da2b5709850_0;
    %cmpi/e 1, 0, 1;
    %jmp/0xz  T_7.24, 4;
    %pushi/vec4 1, 0, 1;
    %store/vec4 v0x5da2b570a010_0, 0, 1;
    %pushi/vec4 1, 0, 1;
    %store/vec4 v0x5da2b5709430_0, 0, 1;
    %pushi/vec4 3, 0, 4;
    %store/vec4 v0x5da2b57094f0_0, 0, 4;
    %jmp T_7.25;
T_7.24 ;
    %pushi/vec4 5, 0, 4;
    %store/vec4 v0x5da2b57094f0_0, 0, 4;
T_7.25 ;
T_7.22 ;
    %jmp T_7.13;
T_7.8 ;
    %pushi/vec4 1, 0, 1;
    %store/vec4 v0x5da2b57091f0_0, 0, 1;
    %pushi/vec4 1, 0, 1;
    %store/vec4 v0x5da2b5709130_0, 0, 1;
    %pushi/vec4 1, 0, 1;
    %store/vec4 v0x5da2b57099d0_0, 0, 1;
    %load/vec4 v0x5da2b57092b0_0;
    %flag_set/vec4 8;
    %jmp/0xz  T_7.26, 8;
    %pushi/vec4 4, 0, 4;
    %store/vec4 v0x5da2b57094f0_0, 0, 4;
T_7.26 ;
    %jmp T_7.13;
T_7.9 ;
    %pushi/vec4 1, 0, 1;
    %store/vec4 v0x5da2b57091f0_0, 0, 1;
    %pushi/vec4 1, 0, 1;
    %store/vec4 v0x5da2b5709130_0, 0, 1;
    %load/vec4 v0x5da2b57092b0_0;
    %flag_set/vec4 8;
    %jmp/0xz  T_7.28, 8;
    %load/vec4 v0x5da2b5709b50_0;
    %cmpi/e 0, 0, 1;
    %jmp/0xz  T_7.30, 4;
    %load/vec4 v0x5da2b5709f50_0;
    %nor/r;
    %flag_set/vec4 8;
    %jmp/0xz  T_7.32, 8;
    %pushi/vec4 1, 0, 1;
    %store/vec4 v0x5da2b570a010_0, 0, 1;
    %pushi/vec4 1, 0, 1;
    %store/vec4 v0x5da2b5709430_0, 0, 1;
    %pushi/vec4 3, 0, 4;
    %store/vec4 v0x5da2b57094f0_0, 0, 4;
    %jmp T_7.33;
T_7.32 ;
    %pushi/vec4 0, 0, 4;
    %store/vec4 v0x5da2b57094f0_0, 0, 4;
T_7.33 ;
    %jmp T_7.31;
T_7.30 ;
    %pushi/vec4 0, 0, 4;
    %store/vec4 v0x5da2b57094f0_0, 0, 4;
T_7.31 ;
T_7.28 ;
    %load/vec4 v0x5da2b5709e90_0;
    %flag_set/vec4 8;
    %jmp/0xz  T_7.34, 8;
    %pushi/vec4 0, 0, 4;
    %store/vec4 v0x5da2b57094f0_0, 0, 4;
T_7.34 ;
    %jmp T_7.13;
T_7.10 ;
    %pushi/vec4 1, 0, 1;
    %store/vec4 v0x5da2b57091f0_0, 0, 1;
    %pushi/vec4 1, 0, 1;
    %store/vec4 v0x5da2b5709130_0, 0, 1;
    %load/vec4 v0x5da2b57092b0_0;
    %flag_set/vec4 8;
    %jmp/0xz  T_7.36, 8;
    %pushi/vec4 1, 0, 1;
    %store/vec4 v0x5da2b5709910_0, 0, 1;
    %pushi/vec4 6, 0, 4;
    %store/vec4 v0x5da2b57094f0_0, 0, 4;
T_7.36 ;
    %load/vec4 v0x5da2b5709e90_0;
    %flag_set/vec4 8;
    %jmp/0xz  T_7.38, 8;
    %pushi/vec4 0, 0, 4;
    %store/vec4 v0x5da2b57094f0_0, 0, 4;
T_7.38 ;
    %jmp T_7.13;
T_7.11 ;
    %pushi/vec4 1, 0, 1;
    %store/vec4 v0x5da2b57091f0_0, 0, 1;
    %pushi/vec4 1, 0, 1;
    %store/vec4 v0x5da2b5709130_0, 0, 1;
    %pushi/vec4 1, 0, 1;
    %store/vec4 v0x5da2b57099d0_0, 0, 1;
    %pushi/vec4 0, 0, 1;
    %store/vec4 v0x5da2b5709a90_0, 0, 1;
    %load/vec4 v0x5da2b57092b0_0;
    %flag_set/vec4 8;
    %jmp/0xz  T_7.40, 8;
    %load/vec4 v0x5da2b5709e90_0;
    %nor/r;
    %flag_set/vec4 8;
    %jmp/0xz  T_7.42, 8;
    %pushi/vec4 5, 0, 4;
    %store/vec4 v0x5da2b57094f0_0, 0, 4;
    %jmp T_7.43;
T_7.42 ;
    %pushi/vec4 0, 0, 4;
    %store/vec4 v0x5da2b57094f0_0, 0, 4;
T_7.43 ;
T_7.40 ;
    %load/vec4 v0x5da2b5709e90_0;
    %flag_set/vec4 8;
    %jmp/0xz  T_7.44, 8;
    %pushi/vec4 0, 0, 4;
    %store/vec4 v0x5da2b57094f0_0, 0, 4;
T_7.44 ;
    %jmp T_7.13;
T_7.13 ;
    %pop/vec4 1;
T_7.3 ;
T_7.1 ;
    %jmp T_7;
    .thread T_7, $push;
    .scope S_0x5da2b56dfdc0;
T_8 ;
    %pushi/vec4 0, 0, 1;
    %store/vec4 v0x5da2b570a6f0_0, 0, 1;
    %end;
    .thread T_8;
    .scope S_0x5da2b56dfdc0;
T_9 ;
    %delay 5000, 0;
    %load/vec4 v0x5da2b570a6f0_0;
    %inv;
    %store/vec4 v0x5da2b570a6f0_0, 0, 1;
    %jmp T_9;
    .thread T_9;
    .scope S_0x5da2b56dfdc0;
T_10 ;
    %wait E_0x5da2b562e2b0;
    %load/vec4 v0x5da2b56f3d30_0;
    %flag_set/vec4 8;
    %jmp/0xz  T_10.0, 8;
    %pushi/vec4 1, 0, 1;
    %assign/vec4 v0x5da2b570a3d0_0, 0;
T_10.0 ;
    %load/vec4 v0x5da2b570aad0_0;
    %flag_set/vec4 8;
    %jmp/0xz  T_10.2, 8;
    %pushi/vec4 1, 0, 1;
    %assign/vec4 v0x5da2b570aba0_0, 0;
T_10.2 ;
    %load/vec4 v0x5da2b570b290_0;
    %flag_set/vec4 8;
    %jmp/0xz  T_10.4, 8;
    %pushi/vec4 1, 0, 1;
    %assign/vec4 v0x5da2b570b360_0, 0;
T_10.4 ;
    %load/vec4 v0x5da2b570a7c0_0;
    %flag_set/vec4 8;
    %jmp/0xz  T_10.6, 8;
    %pushi/vec4 1, 0, 1;
    %assign/vec4 v0x5da2b570a890_0, 0;
T_10.6 ;
    %load/vec4 v0x5da2b570ac40_0;
    %flag_set/vec4 8;
    %jmp/0xz  T_10.8, 8;
    %pushi/vec4 1, 0, 1;
    %assign/vec4 v0x5da2b570ad10_0, 0;
T_10.8 ;
    %load/vec4 v0x5da2b570a510_0;
    %flag_set/vec4 8;
    %jmp/0xz  T_10.10, 8;
    %pushi/vec4 1, 0, 1;
    %assign/vec4 v0x5da2b570a5b0_0, 0;
T_10.10 ;
    %jmp T_10;
    .thread T_10;
    .scope S_0x5da2b56dfdc0;
T_11 ;
    %vpi_call/w 3 199 "$display", "=== tb_i2c_slave_fsm START ===" {0 0 0};
    %vpi_call/w 3 204 "$display", "--- TEST1: Reset ---" {0 0 0};
    %fork TD_tb_i2c_slave_fsm.apply_reset, S_0x5da2b56e1e60;
    %join;
    %pushi/vec4 0, 0, 1;
    %store/vec4 v0x5da2b5620650_0, 0, 1;
    %load/vec4 v0x5da2b570a470_0;
    %store/vec4 v0x5da2b56209e0_0, 0, 1;
    %pushi/vec4 0, 0, 32; draw_string_vec4
    %pushi/vec4 0, 0, 32; draw_string_vec4
    %concat/vec4; draw_string_vec4
    %pushi/vec4 0, 0, 32; draw_string_vec4
    %concat/vec4; draw_string_vec4
    %pushi/vec4 0, 0, 32; draw_string_vec4
    %concat/vec4; draw_string_vec4
    %pushi/vec4 0, 0, 32; draw_string_vec4
    %concat/vec4; draw_string_vec4
    %pushi/vec4 0, 0, 32; draw_string_vec4
    %concat/vec4; draw_string_vec4
    %pushi/vec4 0, 0, 32; draw_string_vec4
    %concat/vec4; draw_string_vec4
    %pushi/vec4 0, 0, 32; draw_string_vec4
    %concat/vec4; draw_string_vec4
    %pushi/vec4 0, 0, 32; draw_string_vec4
    %concat/vec4; draw_string_vec4
    %pushi/vec4 0, 0, 32; draw_string_vec4
    %concat/vec4; draw_string_vec4
    %pushi/vec4 0, 0, 32; draw_string_vec4
    %concat/vec4; draw_string_vec4
    %pushi/vec4 0, 0, 32; draw_string_vec4
    %concat/vec4; draw_string_vec4
    %pushi/vec4 0, 0, 32; draw_string_vec4
    %concat/vec4; draw_string_vec4
    %pushi/vec4 0, 0, 32; draw_string_vec4
    %concat/vec4; draw_string_vec4
    %pushi/vec4 0, 0, 32; draw_string_vec4
    %concat/vec4; draw_string_vec4
    %pushi/vec4 0, 0, 32; draw_string_vec4
    %concat/vec4; draw_string_vec4
    %pushi/vec4 1380275013, 0, 32; draw_string_vec4
    %concat/vec4; draw_string_vec4
    %pushi/vec4 1415529033, 0, 32; draw_string_vec4
    %concat/vec4; draw_string_vec4
    %pushi/vec4 1413698642, 0, 32; draw_string_vec4
    %concat/vec4; draw_string_vec4
    %pushi/vec4 1281312078, 0, 32; draw_string_vec4
    %concat/vec4; draw_string_vec4
    %store/vec4 v0x5da2b561d210_0, 0, 640;
    %fork TD_tb_i2c_slave_fsm.check, S_0x5da2b56e5cb0;
    %join;
    %pushi/vec4 0, 0, 1;
    %store/vec4 v0x5da2b5620650_0, 0, 1;
    %load/vec4 v0x5da2b570a7c0_0;
    %store/vec4 v0x5da2b56209e0_0, 0, 1;
    %pushi/vec4 0, 0, 32; draw_string_vec4
    %pushi/vec4 0, 0, 32; draw_string_vec4
    %concat/vec4; draw_string_vec4
    %pushi/vec4 0, 0, 32; draw_string_vec4
    %concat/vec4; draw_string_vec4
    %pushi/vec4 0, 0, 32; draw_string_vec4
    %concat/vec4; draw_string_vec4
    %pushi/vec4 0, 0, 32; draw_string_vec4
    %concat/vec4; draw_string_vec4
    %pushi/vec4 0, 0, 32; draw_string_vec4
    %concat/vec4; draw_string_vec4
    %pushi/vec4 0, 0, 32; draw_string_vec4
    %concat/vec4; draw_string_vec4
    %pushi/vec4 0, 0, 32; draw_string_vec4
    %concat/vec4; draw_string_vec4
    %pushi/vec4 0, 0, 32; draw_string_vec4
    %concat/vec4; draw_string_vec4
    %pushi/vec4 0, 0, 32; draw_string_vec4
    %concat/vec4; draw_string_vec4
    %pushi/vec4 0, 0, 32; draw_string_vec4
    %concat/vec4; draw_string_vec4
    %pushi/vec4 0, 0, 32; draw_string_vec4
    %concat/vec4; draw_string_vec4
    %pushi/vec4 0, 0, 32; draw_string_vec4
    %concat/vec4; draw_string_vec4
    %pushi/vec4 0, 0, 32; draw_string_vec4
    %concat/vec4; draw_string_vec4
    %pushi/vec4 0, 0, 32; draw_string_vec4
    %concat/vec4; draw_string_vec4
    %pushi/vec4 0, 0, 32; draw_string_vec4
    %concat/vec4; draw_string_vec4
    %pushi/vec4 0, 0, 32; draw_string_vec4
    %concat/vec4; draw_string_vec4
    %pushi/vec4 21061, 0, 32; draw_string_vec4
    %concat/vec4; draw_string_vec4
    %pushi/vec4 1397052511, 0, 32; draw_string_vec4
    %concat/vec4; draw_string_vec4
    %pushi/vec4 1280262468, 0, 32; draw_string_vec4
    %concat/vec4; draw_string_vec4
    %store/vec4 v0x5da2b561d210_0, 0, 640;
    %fork TD_tb_i2c_slave_fsm.check, S_0x5da2b56e5cb0;
    %join;
    %pushi/vec4 0, 0, 1;
    %store/vec4 v0x5da2b5620650_0, 0, 1;
    %load/vec4 v0x5da2b570aad0_0;
    %store/vec4 v0x5da2b56209e0_0, 0, 1;
    %pushi/vec4 0, 0, 32; draw_string_vec4
    %pushi/vec4 0, 0, 32; draw_string_vec4
    %concat/vec4; draw_string_vec4
    %pushi/vec4 0, 0, 32; draw_string_vec4
    %concat/vec4; draw_string_vec4
    %pushi/vec4 0, 0, 32; draw_string_vec4
    %concat/vec4; draw_string_vec4
    %pushi/vec4 0, 0, 32; draw_string_vec4
    %concat/vec4; draw_string_vec4
    %pushi/vec4 0, 0, 32; draw_string_vec4
    %concat/vec4; draw_string_vec4
    %pushi/vec4 0, 0, 32; draw_string_vec4
    %concat/vec4; draw_string_vec4
    %pushi/vec4 0, 0, 32; draw_string_vec4
    %concat/vec4; draw_string_vec4
    %pushi/vec4 0, 0, 32; draw_string_vec4
    %concat/vec4; draw_string_vec4
    %pushi/vec4 0, 0, 32; draw_string_vec4
    %concat/vec4; draw_string_vec4
    %pushi/vec4 0, 0, 32; draw_string_vec4
    %concat/vec4; draw_string_vec4
    %pushi/vec4 0, 0, 32; draw_string_vec4
    %concat/vec4; draw_string_vec4
    %pushi/vec4 0, 0, 32; draw_string_vec4
    %concat/vec4; draw_string_vec4
    %pushi/vec4 0, 0, 32; draw_string_vec4
    %concat/vec4; draw_string_vec4
    %pushi/vec4 0, 0, 32; draw_string_vec4
    %concat/vec4; draw_string_vec4
    %pushi/vec4 0, 0, 32; draw_string_vec4
    %concat/vec4; draw_string_vec4
    %pushi/vec4 21061, 0, 32; draw_string_vec4
    %concat/vec4; draw_string_vec4
    %pushi/vec4 1397052511, 0, 32; draw_string_vec4
    %concat/vec4; draw_string_vec4
    %pushi/vec4 1381523287, 0, 32; draw_string_vec4
    %concat/vec4; draw_string_vec4
    %pushi/vec4 1381975374, 0, 32; draw_string_vec4
    %concat/vec4; draw_string_vec4
    %store/vec4 v0x5da2b561d210_0, 0, 640;
    %fork TD_tb_i2c_slave_fsm.check, S_0x5da2b56e5cb0;
    %join;
    %pushi/vec4 0, 0, 1;
    %store/vec4 v0x5da2b5620650_0, 0, 1;
    %load/vec4 v0x5da2b570ac40_0;
    %store/vec4 v0x5da2b56209e0_0, 0, 1;
    %pushi/vec4 0, 0, 32; draw_string_vec4
    %pushi/vec4 0, 0, 32; draw_string_vec4
    %concat/vec4; draw_string_vec4
    %pushi/vec4 0, 0, 32; draw_string_vec4
    %concat/vec4; draw_string_vec4
    %pushi/vec4 0, 0, 32; draw_string_vec4
    %concat/vec4; draw_string_vec4
    %pushi/vec4 0, 0, 32; draw_string_vec4
    %concat/vec4; draw_string_vec4
    %pushi/vec4 0, 0, 32; draw_string_vec4
    %concat/vec4; draw_string_vec4
    %pushi/vec4 0, 0, 32; draw_string_vec4
    %concat/vec4; draw_string_vec4
    %pushi/vec4 0, 0, 32; draw_string_vec4
    %concat/vec4; draw_string_vec4
    %pushi/vec4 0, 0, 32; draw_string_vec4
    %concat/vec4; draw_string_vec4
    %pushi/vec4 0, 0, 32; draw_string_vec4
    %concat/vec4; draw_string_vec4
    %pushi/vec4 0, 0, 32; draw_string_vec4
    %concat/vec4; draw_string_vec4
    %pushi/vec4 0, 0, 32; draw_string_vec4
    %concat/vec4; draw_string_vec4
    %pushi/vec4 0, 0, 32; draw_string_vec4
    %concat/vec4; draw_string_vec4
    %pushi/vec4 0, 0, 32; draw_string_vec4
    %concat/vec4; draw_string_vec4
    %pushi/vec4 0, 0, 32; draw_string_vec4
    %concat/vec4; draw_string_vec4
    %pushi/vec4 0, 0, 32; draw_string_vec4
    %concat/vec4; draw_string_vec4
    %pushi/vec4 0, 0, 32; draw_string_vec4
    %concat/vec4; draw_string_vec4
    %pushi/vec4 1380275013, 0, 32; draw_string_vec4
    %concat/vec4; draw_string_vec4
    %pushi/vec4 1415533380, 0, 32; draw_string_vec4
    %concat/vec4; draw_string_vec4
    %pushi/vec4 1096765253, 0, 32; draw_string_vec4
    %concat/vec4; draw_string_vec4
    %store/vec4 v0x5da2b561d210_0, 0, 640;
    %fork TD_tb_i2c_slave_fsm.check, S_0x5da2b56e5cb0;
    %join;
    %pushi/vec4 0, 0, 1;
    %store/vec4 v0x5da2b5620650_0, 0, 1;
    %load/vec4 v0x5da2b56f3d30_0;
    %store/vec4 v0x5da2b56209e0_0, 0, 1;
    %pushi/vec4 0, 0, 32; draw_string_vec4
    %pushi/vec4 0, 0, 32; draw_string_vec4
    %concat/vec4; draw_string_vec4
    %pushi/vec4 0, 0, 32; draw_string_vec4
    %concat/vec4; draw_string_vec4
    %pushi/vec4 0, 0, 32; draw_string_vec4
    %concat/vec4; draw_string_vec4
    %pushi/vec4 0, 0, 32; draw_string_vec4
    %concat/vec4; draw_string_vec4
    %pushi/vec4 0, 0, 32; draw_string_vec4
    %concat/vec4; draw_string_vec4
    %pushi/vec4 0, 0, 32; draw_string_vec4
    %concat/vec4; draw_string_vec4
    %pushi/vec4 0, 0, 32; draw_string_vec4
    %concat/vec4; draw_string_vec4
    %pushi/vec4 0, 0, 32; draw_string_vec4
    %concat/vec4; draw_string_vec4
    %pushi/vec4 0, 0, 32; draw_string_vec4
    %concat/vec4; draw_string_vec4
    %pushi/vec4 0, 0, 32; draw_string_vec4
    %concat/vec4; draw_string_vec4
    %pushi/vec4 0, 0, 32; draw_string_vec4
    %concat/vec4; draw_string_vec4
    %pushi/vec4 0, 0, 32; draw_string_vec4
    %concat/vec4; draw_string_vec4
    %pushi/vec4 0, 0, 32; draw_string_vec4
    %concat/vec4; draw_string_vec4
    %pushi/vec4 0, 0, 32; draw_string_vec4
    %concat/vec4; draw_string_vec4
    %pushi/vec4 0, 0, 32; draw_string_vec4
    %concat/vec4; draw_string_vec4
    %pushi/vec4 1380275013, 0, 32; draw_string_vec4
    %concat/vec4; draw_string_vec4
    %pushi/vec4 1415528772, 0, 32; draw_string_vec4
    %concat/vec4; draw_string_vec4
    %pushi/vec4 1146249037, 0, 32; draw_string_vec4
    %concat/vec4; draw_string_vec4
    %pushi/vec4 1096041288, 0, 32; draw_string_vec4
    %concat/vec4; draw_string_vec4
    %store/vec4 v0x5da2b561d210_0, 0, 640;
    %fork TD_tb_i2c_slave_fsm.check, S_0x5da2b56e5cb0;
    %join;
    %pushi/vec4 0, 0, 1;
    %store/vec4 v0x5da2b5620650_0, 0, 1;
    %load/vec4 v0x5da2b570a510_0;
    %store/vec4 v0x5da2b56209e0_0, 0, 1;
    %pushi/vec4 0, 0, 32; draw_string_vec4
    %pushi/vec4 0, 0, 32; draw_string_vec4
    %concat/vec4; draw_string_vec4
    %pushi/vec4 0, 0, 32; draw_string_vec4
    %concat/vec4; draw_string_vec4
    %pushi/vec4 0, 0, 32; draw_string_vec4
    %concat/vec4; draw_string_vec4
    %pushi/vec4 0, 0, 32; draw_string_vec4
    %concat/vec4; draw_string_vec4
    %pushi/vec4 0, 0, 32; draw_string_vec4
    %concat/vec4; draw_string_vec4
    %pushi/vec4 0, 0, 32; draw_string_vec4
    %concat/vec4; draw_string_vec4
    %pushi/vec4 0, 0, 32; draw_string_vec4
    %concat/vec4; draw_string_vec4
    %pushi/vec4 0, 0, 32; draw_string_vec4
    %concat/vec4; draw_string_vec4
    %pushi/vec4 0, 0, 32; draw_string_vec4
    %concat/vec4; draw_string_vec4
    %pushi/vec4 0, 0, 32; draw_string_vec4
    %concat/vec4; draw_string_vec4
    %pushi/vec4 0, 0, 32; draw_string_vec4
    %concat/vec4; draw_string_vec4
    %pushi/vec4 0, 0, 32; draw_string_vec4
    %concat/vec4; draw_string_vec4
    %pushi/vec4 0, 0, 32; draw_string_vec4
    %concat/vec4; draw_string_vec4
    %pushi/vec4 0, 0, 32; draw_string_vec4
    %concat/vec4; draw_string_vec4
    %pushi/vec4 0, 0, 32; draw_string_vec4
    %concat/vec4; draw_string_vec4
    %pushi/vec4 0, 0, 32; draw_string_vec4
    %concat/vec4; draw_string_vec4
    %pushi/vec4 21061, 0, 32; draw_string_vec4
    %concat/vec4; draw_string_vec4
    %pushi/vec4 1397052511, 0, 32; draw_string_vec4
    %concat/vec4; draw_string_vec4
    %pushi/vec4 1112888153, 0, 32; draw_string_vec4
    %concat/vec4; draw_string_vec4
    %store/vec4 v0x5da2b561d210_0, 0, 640;
    %fork TD_tb_i2c_slave_fsm.check, S_0x5da2b56e5cb0;
    %join;
    %vpi_call/w 3 218 "$display", "--- TEST2: IDLE without start_det ---" {0 0 0};
    %fork TD_tb_i2c_slave_fsm.apply_reset, S_0x5da2b56e1e60;
    %join;
    %pushi/vec4 10, 0, 32;
T_11.0 %dup/vec4;
    %pushi/vec4 0, 0, 32;
    %cmp/s;
    %jmp/1xz T_11.1, 5;
    %jmp/1 T_11.1, 4;
    %pushi/vec4 1, 0, 32;
    %sub;
    %wait E_0x5da2b562e2b0;
    %jmp T_11.0;
T_11.1 ;
    %pop/vec4 1;
    %delay 1000, 0;
    %pushi/vec4 0, 0, 1;
    %store/vec4 v0x5da2b5620650_0, 0, 1;
    %load/vec4 v0x5da2b570a510_0;
    %store/vec4 v0x5da2b56209e0_0, 0, 1;
    %pushi/vec4 0, 0, 32; draw_string_vec4
    %pushi/vec4 0, 0, 32; draw_string_vec4
    %concat/vec4; draw_string_vec4
    %pushi/vec4 0, 0, 32; draw_string_vec4
    %concat/vec4; draw_string_vec4
    %pushi/vec4 0, 0, 32; draw_string_vec4
    %concat/vec4; draw_string_vec4
    %pushi/vec4 0, 0, 32; draw_string_vec4
    %concat/vec4; draw_string_vec4
    %pushi/vec4 0, 0, 32; draw_string_vec4
    %concat/vec4; draw_string_vec4
    %pushi/vec4 0, 0, 32; draw_string_vec4
    %concat/vec4; draw_string_vec4
    %pushi/vec4 0, 0, 32; draw_string_vec4
    %concat/vec4; draw_string_vec4
    %pushi/vec4 0, 0, 32; draw_string_vec4
    %concat/vec4; draw_string_vec4
    %pushi/vec4 0, 0, 32; draw_string_vec4
    %concat/vec4; draw_string_vec4
    %pushi/vec4 0, 0, 32; draw_string_vec4
    %concat/vec4; draw_string_vec4
    %pushi/vec4 0, 0, 32; draw_string_vec4
    %concat/vec4; draw_string_vec4
    %pushi/vec4 0, 0, 32; draw_string_vec4
    %concat/vec4; draw_string_vec4
    %pushi/vec4 0, 0, 32; draw_string_vec4
    %concat/vec4; draw_string_vec4
    %pushi/vec4 0, 0, 32; draw_string_vec4
    %concat/vec4; draw_string_vec4
    %pushi/vec4 0, 0, 32; draw_string_vec4
    %concat/vec4; draw_string_vec4
    %pushi/vec4 73, 0, 32; draw_string_vec4
    %concat/vec4; draw_string_vec4
    %pushi/vec4 1145849183, 0, 32; draw_string_vec4
    %concat/vec4; draw_string_vec4
    %pushi/vec4 1313821791, 0, 32; draw_string_vec4
    %concat/vec4; draw_string_vec4
    %pushi/vec4 1112888153, 0, 32; draw_string_vec4
    %concat/vec4; draw_string_vec4
    %store/vec4 v0x5da2b561d210_0, 0, 640;
    %fork TD_tb_i2c_slave_fsm.check, S_0x5da2b56e5cb0;
    %join;
    %pushi/vec4 0, 0, 1;
    %store/vec4 v0x5da2b5620650_0, 0, 1;
    %load/vec4 v0x5da2b570a470_0;
    %store/vec4 v0x5da2b56209e0_0, 0, 1;
    %pushi/vec4 0, 0, 32; draw_string_vec4
    %pushi/vec4 0, 0, 32; draw_string_vec4
    %concat/vec4; draw_string_vec4
    %pushi/vec4 0, 0, 32; draw_string_vec4
    %concat/vec4; draw_string_vec4
    %pushi/vec4 0, 0, 32; draw_string_vec4
    %concat/vec4; draw_string_vec4
    %pushi/vec4 0, 0, 32; draw_string_vec4
    %concat/vec4; draw_string_vec4
    %pushi/vec4 0, 0, 32; draw_string_vec4
    %concat/vec4; draw_string_vec4
    %pushi/vec4 0, 0, 32; draw_string_vec4
    %concat/vec4; draw_string_vec4
    %pushi/vec4 0, 0, 32; draw_string_vec4
    %concat/vec4; draw_string_vec4
    %pushi/vec4 0, 0, 32; draw_string_vec4
    %concat/vec4; draw_string_vec4
    %pushi/vec4 0, 0, 32; draw_string_vec4
    %concat/vec4; draw_string_vec4
    %pushi/vec4 0, 0, 32; draw_string_vec4
    %concat/vec4; draw_string_vec4
    %pushi/vec4 0, 0, 32; draw_string_vec4
    %concat/vec4; draw_string_vec4
    %pushi/vec4 0, 0, 32; draw_string_vec4
    %concat/vec4; draw_string_vec4
    %pushi/vec4 0, 0, 32; draw_string_vec4
    %concat/vec4; draw_string_vec4
    %pushi/vec4 0, 0, 32; draw_string_vec4
    %concat/vec4; draw_string_vec4
    %pushi/vec4 0, 0, 32; draw_string_vec4
    %concat/vec4; draw_string_vec4
    %pushi/vec4 1229212741, 0, 32; draw_string_vec4
    %concat/vec4; draw_string_vec4
    %pushi/vec4 1598179668, 0, 32; draw_string_vec4
    %concat/vec4; draw_string_vec4
    %pushi/vec4 1129599564, 0, 32; draw_string_vec4
    %concat/vec4; draw_string_vec4
    %pushi/vec4 1599030854, 0, 32; draw_string_vec4
    %concat/vec4; draw_string_vec4
    %store/vec4 v0x5da2b561d210_0, 0, 640;
    %fork TD_tb_i2c_slave_fsm.check, S_0x5da2b56e5cb0;
    %join;
    %vpi_call/w 3 224 "$display", "    FSM stays IDLE \342\234\205" {0 0 0};
    %vpi_call/w 3 231 "$display", "--- TEST3: Wrong address no match ---" {0 0 0};
    %fork TD_tb_i2c_slave_fsm.apply_reset, S_0x5da2b56e1e60;
    %join;
    %fork TD_tb_i2c_slave_fsm.clear_captures, S_0x5da2b57079f0;
    %join;
    %pushi/vec4 80, 0, 7;
    %store/vec4 v0x5da2b570af50_0, 0, 7;
    %pushi/vec4 162, 0, 8;
    %store/vec4 v0x5da2b561d5d0_0, 0, 8;
    %fork TD_tb_i2c_slave_fsm.send_addr, S_0x5da2b5707bd0;
    %join;
    %pushi/vec4 3, 0, 32;
T_11.2 %dup/vec4;
    %pushi/vec4 0, 0, 32;
    %cmp/s;
    %jmp/1xz T_11.3, 5;
    %jmp/1 T_11.3, 4;
    %pushi/vec4 1, 0, 32;
    %sub;
    %wait E_0x5da2b562e2b0;
    %jmp T_11.2;
T_11.3 ;
    %pop/vec4 1;
    %delay 1000, 0;
    %pushi/vec4 0, 0, 1;
    %store/vec4 v0x5da2b5620650_0, 0, 1;
    %load/vec4 v0x5da2b570a3d0_0;
    %store/vec4 v0x5da2b56209e0_0, 0, 1;
    %pushi/vec4 0, 0, 32; draw_string_vec4
    %pushi/vec4 0, 0, 32; draw_string_vec4
    %concat/vec4; draw_string_vec4
    %pushi/vec4 0, 0, 32; draw_string_vec4
    %concat/vec4; draw_string_vec4
    %pushi/vec4 0, 0, 32; draw_string_vec4
    %concat/vec4; draw_string_vec4
    %pushi/vec4 0, 0, 32; draw_string_vec4
    %concat/vec4; draw_string_vec4
    %pushi/vec4 0, 0, 32; draw_string_vec4
    %concat/vec4; draw_string_vec4
    %pushi/vec4 0, 0, 32; draw_string_vec4
    %concat/vec4; draw_string_vec4
    %pushi/vec4 0, 0, 32; draw_string_vec4
    %concat/vec4; draw_string_vec4
    %pushi/vec4 0, 0, 32; draw_string_vec4
    %concat/vec4; draw_string_vec4
    %pushi/vec4 0, 0, 32; draw_string_vec4
    %concat/vec4; draw_string_vec4
    %pushi/vec4 0, 0, 32; draw_string_vec4
    %concat/vec4; draw_string_vec4
    %pushi/vec4 0, 0, 32; draw_string_vec4
    %concat/vec4; draw_string_vec4
    %pushi/vec4 0, 0, 32; draw_string_vec4
    %concat/vec4; draw_string_vec4
    %pushi/vec4 0, 0, 32; draw_string_vec4
    %concat/vec4; draw_string_vec4
    %pushi/vec4 0, 0, 32; draw_string_vec4
    %concat/vec4; draw_string_vec4
    %pushi/vec4 5722703, 0, 32; draw_string_vec4
    %concat/vec4; draw_string_vec4
    %pushi/vec4 1313300289, 0, 32; draw_string_vec4
    %concat/vec4; draw_string_vec4
    %pushi/vec4 1145328223, 0, 32; draw_string_vec4
    %concat/vec4; draw_string_vec4
    %pushi/vec4 1313824589, 0, 32; draw_string_vec4
    %concat/vec4; draw_string_vec4
    %pushi/vec4 1096041288, 0, 32; draw_string_vec4
    %concat/vec4; draw_string_vec4
    %store/vec4 v0x5da2b561d210_0, 0, 640;
    %fork TD_tb_i2c_slave_fsm.check, S_0x5da2b56e5cb0;
    %join;
    %pushi/vec4 0, 0, 1;
    %store/vec4 v0x5da2b5620650_0, 0, 1;
    %load/vec4 v0x5da2b570a510_0;
    %store/vec4 v0x5da2b56209e0_0, 0, 1;
    %pushi/vec4 0, 0, 32; draw_string_vec4
    %pushi/vec4 0, 0, 32; draw_string_vec4
    %concat/vec4; draw_string_vec4
    %pushi/vec4 0, 0, 32; draw_string_vec4
    %concat/vec4; draw_string_vec4
    %pushi/vec4 0, 0, 32; draw_string_vec4
    %concat/vec4; draw_string_vec4
    %pushi/vec4 0, 0, 32; draw_string_vec4
    %concat/vec4; draw_string_vec4
    %pushi/vec4 0, 0, 32; draw_string_vec4
    %concat/vec4; draw_string_vec4
    %pushi/vec4 0, 0, 32; draw_string_vec4
    %concat/vec4; draw_string_vec4
    %pushi/vec4 0, 0, 32; draw_string_vec4
    %concat/vec4; draw_string_vec4
    %pushi/vec4 0, 0, 32; draw_string_vec4
    %concat/vec4; draw_string_vec4
    %pushi/vec4 0, 0, 32; draw_string_vec4
    %concat/vec4; draw_string_vec4
    %pushi/vec4 0, 0, 32; draw_string_vec4
    %concat/vec4; draw_string_vec4
    %pushi/vec4 0, 0, 32; draw_string_vec4
    %concat/vec4; draw_string_vec4
    %pushi/vec4 0, 0, 32; draw_string_vec4
    %concat/vec4; draw_string_vec4
    %pushi/vec4 0, 0, 32; draw_string_vec4
    %concat/vec4; draw_string_vec4
    %pushi/vec4 0, 0, 32; draw_string_vec4
    %concat/vec4; draw_string_vec4
    %pushi/vec4 1465012046, 0, 32; draw_string_vec4
    %concat/vec4; draw_string_vec4
    %pushi/vec4 1197424964, 0, 32; draw_string_vec4
    %concat/vec4; draw_string_vec4
    %pushi/vec4 1146249026, 0, 32; draw_string_vec4
    %concat/vec4; draw_string_vec4
    %pushi/vec4 1094929247, 0, 32; draw_string_vec4
    %concat/vec4; draw_string_vec4
    %pushi/vec4 1229212741, 0, 32; draw_string_vec4
    %concat/vec4; draw_string_vec4
    %store/vec4 v0x5da2b561d210_0, 0, 640;
    %fork TD_tb_i2c_slave_fsm.check, S_0x5da2b56e5cb0;
    %join;
    %pushi/vec4 0, 0, 1;
    %store/vec4 v0x5da2b5620650_0, 0, 1;
    %load/vec4 v0x5da2b570ad10_0;
    %store/vec4 v0x5da2b56209e0_0, 0, 1;
    %pushi/vec4 0, 0, 32; draw_string_vec4
    %pushi/vec4 0, 0, 32; draw_string_vec4
    %concat/vec4; draw_string_vec4
    %pushi/vec4 0, 0, 32; draw_string_vec4
    %concat/vec4; draw_string_vec4
    %pushi/vec4 0, 0, 32; draw_string_vec4
    %concat/vec4; draw_string_vec4
    %pushi/vec4 0, 0, 32; draw_string_vec4
    %concat/vec4; draw_string_vec4
    %pushi/vec4 0, 0, 32; draw_string_vec4
    %concat/vec4; draw_string_vec4
    %pushi/vec4 0, 0, 32; draw_string_vec4
    %concat/vec4; draw_string_vec4
    %pushi/vec4 0, 0, 32; draw_string_vec4
    %concat/vec4; draw_string_vec4
    %pushi/vec4 0, 0, 32; draw_string_vec4
    %concat/vec4; draw_string_vec4
    %pushi/vec4 0, 0, 32; draw_string_vec4
    %concat/vec4; draw_string_vec4
    %pushi/vec4 0, 0, 32; draw_string_vec4
    %concat/vec4; draw_string_vec4
    %pushi/vec4 0, 0, 32; draw_string_vec4
    %concat/vec4; draw_string_vec4
    %pushi/vec4 0, 0, 32; draw_string_vec4
    %concat/vec4; draw_string_vec4
    %pushi/vec4 0, 0, 32; draw_string_vec4
    %concat/vec4; draw_string_vec4
    %pushi/vec4 0, 0, 32; draw_string_vec4
    %concat/vec4; draw_string_vec4
    %pushi/vec4 87, 0, 32; draw_string_vec4
    %concat/vec4; draw_string_vec4
    %pushi/vec4 1380929095, 0, 32; draw_string_vec4
    %concat/vec4; draw_string_vec4
    %pushi/vec4 1598112836, 0, 32; draw_string_vec4
    %concat/vec4; draw_string_vec4
    %pushi/vec4 1381977679, 0, 32; draw_string_vec4
    %concat/vec4; draw_string_vec4
    %pushi/vec4 1598112587, 0, 32; draw_string_vec4
    %concat/vec4; draw_string_vec4
    %store/vec4 v0x5da2b561d210_0, 0, 640;
    %fork TD_tb_i2c_slave_fsm.check, S_0x5da2b56e5cb0;
    %join;
    %vpi_call/w 3 243 "$display", "    wrong address ignored \342\234\205" {0 0 0};
    %vpi_call/w 3 249 "$display", "--- TEST4: Correct address match ---" {0 0 0};
    %fork TD_tb_i2c_slave_fsm.apply_reset, S_0x5da2b56e1e60;
    %join;
    %fork TD_tb_i2c_slave_fsm.clear_captures, S_0x5da2b57079f0;
    %join;
    %pushi/vec4 80, 0, 7;
    %store/vec4 v0x5da2b570af50_0, 0, 7;
    %pushi/vec4 160, 0, 8;
    %store/vec4 v0x5da2b561d5d0_0, 0, 8;
    %fork TD_tb_i2c_slave_fsm.send_addr, S_0x5da2b5707bd0;
    %join;
    %pushi/vec4 2, 0, 32;
T_11.4 %dup/vec4;
    %pushi/vec4 0, 0, 32;
    %cmp/s;
    %jmp/1xz T_11.5, 5;
    %jmp/1 T_11.5, 4;
    %pushi/vec4 1, 0, 32;
    %sub;
    %wait E_0x5da2b562e2b0;
    %jmp T_11.4;
T_11.5 ;
    %pop/vec4 1;
    %delay 1000, 0;
    %pushi/vec4 1, 0, 1;
    %store/vec4 v0x5da2b5620650_0, 0, 1;
    %load/vec4 v0x5da2b570a3d0_0;
    %store/vec4 v0x5da2b56209e0_0, 0, 1;
    %pushi/vec4 0, 0, 32; draw_string_vec4
    %pushi/vec4 0, 0, 32; draw_string_vec4
    %concat/vec4; draw_string_vec4
    %pushi/vec4 0, 0, 32; draw_string_vec4
    %concat/vec4; draw_string_vec4
    %pushi/vec4 0, 0, 32; draw_string_vec4
    %concat/vec4; draw_string_vec4
    %pushi/vec4 0, 0, 32; draw_string_vec4
    %concat/vec4; draw_string_vec4
    %pushi/vec4 0, 0, 32; draw_string_vec4
    %concat/vec4; draw_string_vec4
    %pushi/vec4 0, 0, 32; draw_string_vec4
    %concat/vec4; draw_string_vec4
    %pushi/vec4 0, 0, 32; draw_string_vec4
    %concat/vec4; draw_string_vec4
    %pushi/vec4 0, 0, 32; draw_string_vec4
    %concat/vec4; draw_string_vec4
    %pushi/vec4 0, 0, 32; draw_string_vec4
    %concat/vec4; draw_string_vec4
    %pushi/vec4 0, 0, 32; draw_string_vec4
    %concat/vec4; draw_string_vec4
    %pushi/vec4 0, 0, 32; draw_string_vec4
    %concat/vec4; draw_string_vec4
    %pushi/vec4 0, 0, 32; draw_string_vec4
    %concat/vec4; draw_string_vec4
    %pushi/vec4 0, 0, 32; draw_string_vec4
    %concat/vec4; draw_string_vec4
    %pushi/vec4 0, 0, 32; draw_string_vec4
    %concat/vec4; draw_string_vec4
    %pushi/vec4 17231, 0, 32; draw_string_vec4
    %concat/vec4; draw_string_vec4
    %pushi/vec4 1381123395, 0, 32; draw_string_vec4
    %concat/vec4; draw_string_vec4
    %pushi/vec4 1415528772, 0, 32; draw_string_vec4
    %concat/vec4; draw_string_vec4
    %pushi/vec4 1146249037, 0, 32; draw_string_vec4
    %concat/vec4; draw_string_vec4
    %pushi/vec4 1096041288, 0, 32; draw_string_vec4
    %concat/vec4; draw_string_vec4
    %store/vec4 v0x5da2b561d210_0, 0, 640;
    %fork TD_tb_i2c_slave_fsm.check, S_0x5da2b56e5cb0;
    %join;
    %pushi/vec4 1, 0, 1;
    %store/vec4 v0x5da2b5620650_0, 0, 1;
    %load/vec4 v0x5da2b570a510_0;
    %store/vec4 v0x5da2b56209e0_0, 0, 1;
    %pushi/vec4 0, 0, 32; draw_string_vec4
    %pushi/vec4 0, 0, 32; draw_string_vec4
    %concat/vec4; draw_string_vec4
    %pushi/vec4 0, 0, 32; draw_string_vec4
    %concat/vec4; draw_string_vec4
    %pushi/vec4 0, 0, 32; draw_string_vec4
    %concat/vec4; draw_string_vec4
    %pushi/vec4 0, 0, 32; draw_string_vec4
    %concat/vec4; draw_string_vec4
    %pushi/vec4 0, 0, 32; draw_string_vec4
    %concat/vec4; draw_string_vec4
    %pushi/vec4 0, 0, 32; draw_string_vec4
    %concat/vec4; draw_string_vec4
    %pushi/vec4 0, 0, 32; draw_string_vec4
    %concat/vec4; draw_string_vec4
    %pushi/vec4 0, 0, 32; draw_string_vec4
    %concat/vec4; draw_string_vec4
    %pushi/vec4 0, 0, 32; draw_string_vec4
    %concat/vec4; draw_string_vec4
    %pushi/vec4 0, 0, 32; draw_string_vec4
    %concat/vec4; draw_string_vec4
    %pushi/vec4 0, 0, 32; draw_string_vec4
    %concat/vec4; draw_string_vec4
    %pushi/vec4 0, 0, 32; draw_string_vec4
    %concat/vec4; draw_string_vec4
    %pushi/vec4 0, 0, 32; draw_string_vec4
    %concat/vec4; draw_string_vec4
    %pushi/vec4 0, 0, 32; draw_string_vec4
    %concat/vec4; draw_string_vec4
    %pushi/vec4 0, 0, 32; draw_string_vec4
    %concat/vec4; draw_string_vec4
    %pushi/vec4 4277316, 0, 32; draw_string_vec4
    %concat/vec4; draw_string_vec4
    %pushi/vec4 1381977409, 0, 32; draw_string_vec4
    %concat/vec4; draw_string_vec4
    %pushi/vec4 1413695583, 0, 32; draw_string_vec4
    %concat/vec4; draw_string_vec4
    %pushi/vec4 1112888153, 0, 32; draw_string_vec4
    %concat/vec4; draw_string_vec4
    %store/vec4 v0x5da2b561d210_0, 0, 640;
    %fork TD_tb_i2c_slave_fsm.check, S_0x5da2b56e5cb0;
    %join;
    %pushi/vec4 1, 0, 1;
    %store/vec4 v0x5da2b5620650_0, 0, 1;
    %load/vec4 v0x5da2b570ad10_0;
    %store/vec4 v0x5da2b56209e0_0, 0, 1;
    %pushi/vec4 0, 0, 32; draw_string_vec4
    %pushi/vec4 0, 0, 32; draw_string_vec4
    %concat/vec4; draw_string_vec4
    %pushi/vec4 0, 0, 32; draw_string_vec4
    %concat/vec4; draw_string_vec4
    %pushi/vec4 0, 0, 32; draw_string_vec4
    %concat/vec4; draw_string_vec4
    %pushi/vec4 0, 0, 32; draw_string_vec4
    %concat/vec4; draw_string_vec4
    %pushi/vec4 0, 0, 32; draw_string_vec4
    %concat/vec4; draw_string_vec4
    %pushi/vec4 0, 0, 32; draw_string_vec4
    %concat/vec4; draw_string_vec4
    %pushi/vec4 0, 0, 32; draw_string_vec4
    %concat/vec4; draw_string_vec4
    %pushi/vec4 0, 0, 32; draw_string_vec4
    %concat/vec4; draw_string_vec4
    %pushi/vec4 0, 0, 32; draw_string_vec4
    %concat/vec4; draw_string_vec4
    %pushi/vec4 0, 0, 32; draw_string_vec4
    %concat/vec4; draw_string_vec4
    %pushi/vec4 0, 0, 32; draw_string_vec4
    %concat/vec4; draw_string_vec4
    %pushi/vec4 0, 0, 32; draw_string_vec4
    %concat/vec4; draw_string_vec4
    %pushi/vec4 0, 0, 32; draw_string_vec4
    %concat/vec4; draw_string_vec4
    %pushi/vec4 0, 0, 32; draw_string_vec4
    %concat/vec4; draw_string_vec4
    %pushi/vec4 0, 0, 32; draw_string_vec4
    %concat/vec4; draw_string_vec4
    %pushi/vec4 4277316, 0, 32; draw_string_vec4
    %concat/vec4; draw_string_vec4
    %pushi/vec4 1381974339, 0, 32; draw_string_vec4
    %concat/vec4; draw_string_vec4
    %pushi/vec4 1264538436, 0, 32; draw_string_vec4
    %concat/vec4; draw_string_vec4
    %pushi/vec4 1096765253, 0, 32; draw_string_vec4
    %concat/vec4; draw_string_vec4
    %store/vec4 v0x5da2b561d210_0, 0, 640;
    %fork TD_tb_i2c_slave_fsm.check, S_0x5da2b56e5cb0;
    %join;
    %vpi_call/w 3 263 "$display", "    address matched \342\206\222 ACK sent \342\234\205" {0 0 0};
    %vpi_call/w 3 270 "$display", "--- TEST5: Master write to slave ---" {0 0 0};
    %fork TD_tb_i2c_slave_fsm.apply_reset, S_0x5da2b56e1e60;
    %join;
    %fork TD_tb_i2c_slave_fsm.clear_captures, S_0x5da2b57079f0;
    %join;
    %pushi/vec4 80, 0, 7;
    %store/vec4 v0x5da2b570af50_0, 0, 7;
    %pushi/vec4 160, 0, 8;
    %store/vec4 v0x5da2b561d5d0_0, 0, 8;
    %fork TD_tb_i2c_slave_fsm.send_addr, S_0x5da2b5707bd0;
    %join;
    %pushi/vec4 2, 0, 32;
T_11.6 %dup/vec4;
    %pushi/vec4 0, 0, 32;
    %cmp/s;
    %jmp/1xz T_11.7, 5;
    %jmp/1 T_11.7, 4;
    %pushi/vec4 1, 0, 32;
    %sub;
    %wait E_0x5da2b562e2b0;
    %jmp T_11.6;
T_11.7 ;
    %pop/vec4 1;
    %delay 1000, 0;
    %pushi/vec4 1, 0, 1;
    %store/vec4 v0x5da2b570a650_0, 0, 1;
    %wait E_0x5da2b562e2b0;
    %delay 1000, 0;
    %pushi/vec4 0, 0, 1;
    %store/vec4 v0x5da2b570a650_0, 0, 1;
    %pushi/vec4 2, 0, 32;
T_11.8 %dup/vec4;
    %pushi/vec4 0, 0, 32;
    %cmp/s;
    %jmp/1xz T_11.9, 5;
    %jmp/1 T_11.9, 4;
    %pushi/vec4 1, 0, 32;
    %sub;
    %wait E_0x5da2b562e2b0;
    %jmp T_11.8;
T_11.9 ;
    %pop/vec4 1;
    %delay 1000, 0;
    %pushi/vec4 66, 0, 8;
    %store/vec4 v0x5da2b5600d50_0, 0, 8;
    %fork TD_tb_i2c_slave_fsm.send_data_byte, S_0x5da2b5707df0;
    %join;
    %pushi/vec4 2, 0, 32;
T_11.10 %dup/vec4;
    %pushi/vec4 0, 0, 32;
    %cmp/s;
    %jmp/1xz T_11.11, 5;
    %jmp/1 T_11.11, 4;
    %pushi/vec4 1, 0, 32;
    %sub;
    %wait E_0x5da2b562e2b0;
    %jmp T_11.10;
T_11.11 ;
    %pop/vec4 1;
    %delay 1000, 0;
    %pushi/vec4 1, 0, 1;
    %store/vec4 v0x5da2b5620650_0, 0, 1;
    %load/vec4 v0x5da2b570aba0_0;
    %store/vec4 v0x5da2b56209e0_0, 0, 1;
    %pushi/vec4 0, 0, 32; draw_string_vec4
    %pushi/vec4 0, 0, 32; draw_string_vec4
    %concat/vec4; draw_string_vec4
    %pushi/vec4 0, 0, 32; draw_string_vec4
    %concat/vec4; draw_string_vec4
    %pushi/vec4 0, 0, 32; draw_string_vec4
    %concat/vec4; draw_string_vec4
    %pushi/vec4 0, 0, 32; draw_string_vec4
    %concat/vec4; draw_string_vec4
    %pushi/vec4 0, 0, 32; draw_string_vec4
    %concat/vec4; draw_string_vec4
    %pushi/vec4 0, 0, 32; draw_string_vec4
    %concat/vec4; draw_string_vec4
    %pushi/vec4 0, 0, 32; draw_string_vec4
    %concat/vec4; draw_string_vec4
    %pushi/vec4 0, 0, 32; draw_string_vec4
    %concat/vec4; draw_string_vec4
    %pushi/vec4 0, 0, 32; draw_string_vec4
    %concat/vec4; draw_string_vec4
    %pushi/vec4 0, 0, 32; draw_string_vec4
    %concat/vec4; draw_string_vec4
    %pushi/vec4 0, 0, 32; draw_string_vec4
    %concat/vec4; draw_string_vec4
    %pushi/vec4 0, 0, 32; draw_string_vec4
    %concat/vec4; draw_string_vec4
    %pushi/vec4 0, 0, 32; draw_string_vec4
    %concat/vec4; draw_string_vec4
    %pushi/vec4 0, 0, 32; draw_string_vec4
    %concat/vec4; draw_string_vec4
    %pushi/vec4 0, 0, 32; draw_string_vec4
    %concat/vec4; draw_string_vec4
    %pushi/vec4 22354, 0, 32; draw_string_vec4
    %concat/vec4; draw_string_vec4
    %pushi/vec4 1230259551, 0, 32; draw_string_vec4
    %concat/vec4; draw_string_vec4
    %pushi/vec4 1381523287, 0, 32; draw_string_vec4
    %concat/vec4; draw_string_vec4
    %pushi/vec4 1381975374, 0, 32; draw_string_vec4
    %concat/vec4; draw_string_vec4
    %store/vec4 v0x5da2b561d210_0, 0, 640;
    %fork TD_tb_i2c_slave_fsm.check, S_0x5da2b56e5cb0;
    %join;
    %vpi_call/w 3 290 "$display", "    rx_wr_en fires on received byte \342\234\205" {0 0 0};
    %pushi/vec4 1, 0, 1;
    %store/vec4 v0x5da2b570a650_0, 0, 1;
    %wait E_0x5da2b562e2b0;
    %delay 1000, 0;
    %pushi/vec4 0, 0, 1;
    %store/vec4 v0x5da2b570a650_0, 0, 1;
    %pushi/vec4 2, 0, 32;
T_11.12 %dup/vec4;
    %pushi/vec4 0, 0, 32;
    %cmp/s;
    %jmp/1xz T_11.13, 5;
    %jmp/1 T_11.13, 4;
    %pushi/vec4 1, 0, 32;
    %sub;
    %wait E_0x5da2b562e2b0;
    %jmp T_11.12;
T_11.13 ;
    %pop/vec4 1;
    %delay 1000, 0;
    %fork TD_tb_i2c_slave_fsm.clear_captures, S_0x5da2b57079f0;
    %join;
    %pushi/vec4 255, 0, 8;
    %store/vec4 v0x5da2b5600d50_0, 0, 8;
    %fork TD_tb_i2c_slave_fsm.send_data_byte, S_0x5da2b5707df0;
    %join;
    %pushi/vec4 2, 0, 32;
T_11.14 %dup/vec4;
    %pushi/vec4 0, 0, 32;
    %cmp/s;
    %jmp/1xz T_11.15, 5;
    %jmp/1 T_11.15, 4;
    %pushi/vec4 1, 0, 32;
    %sub;
    %wait E_0x5da2b562e2b0;
    %jmp T_11.14;
T_11.15 ;
    %pop/vec4 1;
    %delay 1000, 0;
    %pushi/vec4 1, 0, 1;
    %store/vec4 v0x5da2b5620650_0, 0, 1;
    %load/vec4 v0x5da2b570aba0_0;
    %store/vec4 v0x5da2b56209e0_0, 0, 1;
    %pushi/vec4 0, 0, 32; draw_string_vec4
    %pushi/vec4 0, 0, 32; draw_string_vec4
    %concat/vec4; draw_string_vec4
    %pushi/vec4 0, 0, 32; draw_string_vec4
    %concat/vec4; draw_string_vec4
    %pushi/vec4 0, 0, 32; draw_string_vec4
    %concat/vec4; draw_string_vec4
    %pushi/vec4 0, 0, 32; draw_string_vec4
    %concat/vec4; draw_string_vec4
    %pushi/vec4 0, 0, 32; draw_string_vec4
    %concat/vec4; draw_string_vec4
    %pushi/vec4 0, 0, 32; draw_string_vec4
    %concat/vec4; draw_string_vec4
    %pushi/vec4 0, 0, 32; draw_string_vec4
    %concat/vec4; draw_string_vec4
    %pushi/vec4 0, 0, 32; draw_string_vec4
    %concat/vec4; draw_string_vec4
    %pushi/vec4 0, 0, 32; draw_string_vec4
    %concat/vec4; draw_string_vec4
    %pushi/vec4 0, 0, 32; draw_string_vec4
    %concat/vec4; draw_string_vec4
    %pushi/vec4 0, 0, 32; draw_string_vec4
    %concat/vec4; draw_string_vec4
    %pushi/vec4 0, 0, 32; draw_string_vec4
    %concat/vec4; draw_string_vec4
    %pushi/vec4 0, 0, 32; draw_string_vec4
    %concat/vec4; draw_string_vec4
    %pushi/vec4 0, 0, 32; draw_string_vec4
    %concat/vec4; draw_string_vec4
    %pushi/vec4 0, 0, 32; draw_string_vec4
    %concat/vec4; draw_string_vec4
    %pushi/vec4 1465010516, 0, 32; draw_string_vec4
    %concat/vec4; draw_string_vec4
    %pushi/vec4 1163874904, 0, 32; draw_string_vec4
    %concat/vec4; draw_string_vec4
    %pushi/vec4 1599558239, 0, 32; draw_string_vec4
    %concat/vec4; draw_string_vec4
    %pushi/vec4 1162764082, 0, 32; draw_string_vec4
    %concat/vec4; draw_string_vec4
    %store/vec4 v0x5da2b561d210_0, 0, 640;
    %fork TD_tb_i2c_slave_fsm.check, S_0x5da2b56e5cb0;
    %join;
    %vpi_call/w 3 304 "$display", "    rx_wr_en fires again for 2nd byte \342\234\205" {0 0 0};
    %fork TD_tb_i2c_slave_fsm.send_stop, S_0x5da2b5708080;
    %join;
    %pushi/vec4 2, 0, 32;
T_11.16 %dup/vec4;
    %pushi/vec4 0, 0, 32;
    %cmp/s;
    %jmp/1xz T_11.17, 5;
    %jmp/1 T_11.17, 4;
    %pushi/vec4 1, 0, 32;
    %sub;
    %wait E_0x5da2b562e2b0;
    %jmp T_11.16;
T_11.17 ;
    %pop/vec4 1;
    %delay 1000, 0;
    %pushi/vec4 0, 0, 1;
    %store/vec4 v0x5da2b5620650_0, 0, 1;
    %load/vec4 v0x5da2b570a510_0;
    %store/vec4 v0x5da2b56209e0_0, 0, 1;
    %pushi/vec4 0, 0, 32; draw_string_vec4
    %pushi/vec4 0, 0, 32; draw_string_vec4
    %concat/vec4; draw_string_vec4
    %pushi/vec4 0, 0, 32; draw_string_vec4
    %concat/vec4; draw_string_vec4
    %pushi/vec4 0, 0, 32; draw_string_vec4
    %concat/vec4; draw_string_vec4
    %pushi/vec4 0, 0, 32; draw_string_vec4
    %concat/vec4; draw_string_vec4
    %pushi/vec4 0, 0, 32; draw_string_vec4
    %concat/vec4; draw_string_vec4
    %pushi/vec4 0, 0, 32; draw_string_vec4
    %concat/vec4; draw_string_vec4
    %pushi/vec4 0, 0, 32; draw_string_vec4
    %concat/vec4; draw_string_vec4
    %pushi/vec4 0, 0, 32; draw_string_vec4
    %concat/vec4; draw_string_vec4
    %pushi/vec4 0, 0, 32; draw_string_vec4
    %concat/vec4; draw_string_vec4
    %pushi/vec4 0, 0, 32; draw_string_vec4
    %concat/vec4; draw_string_vec4
    %pushi/vec4 0, 0, 32; draw_string_vec4
    %concat/vec4; draw_string_vec4
    %pushi/vec4 0, 0, 32; draw_string_vec4
    %concat/vec4; draw_string_vec4
    %pushi/vec4 0, 0, 32; draw_string_vec4
    %concat/vec4; draw_string_vec4
    %pushi/vec4 0, 0, 32; draw_string_vec4
    %concat/vec4; draw_string_vec4
    %pushi/vec4 0, 0, 32; draw_string_vec4
    %concat/vec4; draw_string_vec4
    %pushi/vec4 5722697, 0, 32; draw_string_vec4
    %concat/vec4; draw_string_vec4
    %pushi/vec4 1413832531, 0, 32; draw_string_vec4
    %concat/vec4; draw_string_vec4
    %pushi/vec4 1414484063, 0, 32; draw_string_vec4
    %concat/vec4; draw_string_vec4
    %pushi/vec4 1229212741, 0, 32; draw_string_vec4
    %concat/vec4; draw_string_vec4
    %store/vec4 v0x5da2b561d210_0, 0, 640;
    %fork TD_tb_i2c_slave_fsm.check, S_0x5da2b56e5cb0;
    %join;
    %vpi_call/w 3 310 "$display", "    STOP \342\206\222 back to IDLE \342\234\205" {0 0 0};
    %vpi_call/w 3 318 "$display", "--- TEST6: Master read from slave ---" {0 0 0};
    %fork TD_tb_i2c_slave_fsm.apply_reset, S_0x5da2b56e1e60;
    %join;
    %fork TD_tb_i2c_slave_fsm.clear_captures, S_0x5da2b57079f0;
    %join;
    %pushi/vec4 80, 0, 7;
    %store/vec4 v0x5da2b570af50_0, 0, 7;
    %pushi/vec4 0, 0, 1;
    %store/vec4 v0x5da2b570b1c0_0, 0, 1;
    %pushi/vec4 161, 0, 8;
    %store/vec4 v0x5da2b561d5d0_0, 0, 8;
    %fork TD_tb_i2c_slave_fsm.send_addr, S_0x5da2b5707bd0;
    %join;
    %pushi/vec4 2, 0, 32;
T_11.18 %dup/vec4;
    %pushi/vec4 0, 0, 32;
    %cmp/s;
    %jmp/1xz T_11.19, 5;
    %jmp/1 T_11.19, 4;
    %pushi/vec4 1, 0, 32;
    %sub;
    %wait E_0x5da2b562e2b0;
    %jmp T_11.18;
T_11.19 ;
    %pop/vec4 1;
    %delay 1000, 0;
    %pushi/vec4 1, 0, 1;
    %store/vec4 v0x5da2b570a650_0, 0, 1;
    %wait E_0x5da2b562e2b0;
    %delay 1000, 0;
    %pushi/vec4 0, 0, 1;
    %store/vec4 v0x5da2b570a650_0, 0, 1;
    %pushi/vec4 2, 0, 32;
T_11.20 %dup/vec4;
    %pushi/vec4 0, 0, 32;
    %cmp/s;
    %jmp/1xz T_11.21, 5;
    %jmp/1 T_11.21, 4;
    %pushi/vec4 1, 0, 32;
    %sub;
    %wait E_0x5da2b562e2b0;
    %jmp T_11.20;
T_11.21 ;
    %pop/vec4 1;
    %delay 1000, 0;
    %pushi/vec4 1, 0, 1;
    %store/vec4 v0x5da2b5620650_0, 0, 1;
    %load/vec4 v0x5da2b570b360_0;
    %store/vec4 v0x5da2b56209e0_0, 0, 1;
    %pushi/vec4 0, 0, 32; draw_string_vec4
    %pushi/vec4 0, 0, 32; draw_string_vec4
    %concat/vec4; draw_string_vec4
    %pushi/vec4 0, 0, 32; draw_string_vec4
    %concat/vec4; draw_string_vec4
    %pushi/vec4 0, 0, 32; draw_string_vec4
    %concat/vec4; draw_string_vec4
    %pushi/vec4 0, 0, 32; draw_string_vec4
    %concat/vec4; draw_string_vec4
    %pushi/vec4 0, 0, 32; draw_string_vec4
    %concat/vec4; draw_string_vec4
    %pushi/vec4 0, 0, 32; draw_string_vec4
    %concat/vec4; draw_string_vec4
    %pushi/vec4 0, 0, 32; draw_string_vec4
    %concat/vec4; draw_string_vec4
    %pushi/vec4 0, 0, 32; draw_string_vec4
    %concat/vec4; draw_string_vec4
    %pushi/vec4 0, 0, 32; draw_string_vec4
    %concat/vec4; draw_string_vec4
    %pushi/vec4 0, 0, 32; draw_string_vec4
    %concat/vec4; draw_string_vec4
    %pushi/vec4 0, 0, 32; draw_string_vec4
    %concat/vec4; draw_string_vec4
    %pushi/vec4 0, 0, 32; draw_string_vec4
    %concat/vec4; draw_string_vec4
    %pushi/vec4 0, 0, 32; draw_string_vec4
    %concat/vec4; draw_string_vec4
    %pushi/vec4 0, 0, 32; draw_string_vec4
    %concat/vec4; draw_string_vec4
    %pushi/vec4 0, 0, 32; draw_string_vec4
    %concat/vec4; draw_string_vec4
    %pushi/vec4 82, 0, 32; draw_string_vec4
    %concat/vec4; draw_string_vec4
    %pushi/vec4 1161905247, 0, 32; draw_string_vec4
    %concat/vec4; draw_string_vec4
    %pushi/vec4 1415077714, 0, 32; draw_string_vec4
    %concat/vec4; draw_string_vec4
    %pushi/vec4 1147094350, 0, 32; draw_string_vec4
    %concat/vec4; draw_string_vec4
    %store/vec4 v0x5da2b561d210_0, 0, 640;
    %fork TD_tb_i2c_slave_fsm.check, S_0x5da2b56e5cb0;
    %join;
    %pushi/vec4 1, 0, 1;
    %store/vec4 v0x5da2b5620650_0, 0, 1;
    %load/vec4 v0x5da2b570a890_0;
    %store/vec4 v0x5da2b56209e0_0, 0, 1;
    %pushi/vec4 0, 0, 32; draw_string_vec4
    %pushi/vec4 0, 0, 32; draw_string_vec4
    %concat/vec4; draw_string_vec4
    %pushi/vec4 0, 0, 32; draw_string_vec4
    %concat/vec4; draw_string_vec4
    %pushi/vec4 0, 0, 32; draw_string_vec4
    %concat/vec4; draw_string_vec4
    %pushi/vec4 0, 0, 32; draw_string_vec4
    %concat/vec4; draw_string_vec4
    %pushi/vec4 0, 0, 32; draw_string_vec4
    %concat/vec4; draw_string_vec4
    %pushi/vec4 0, 0, 32; draw_string_vec4
    %concat/vec4; draw_string_vec4
    %pushi/vec4 0, 0, 32; draw_string_vec4
    %concat/vec4; draw_string_vec4
    %pushi/vec4 0, 0, 32; draw_string_vec4
    %concat/vec4; draw_string_vec4
    %pushi/vec4 0, 0, 32; draw_string_vec4
    %concat/vec4; draw_string_vec4
    %pushi/vec4 0, 0, 32; draw_string_vec4
    %concat/vec4; draw_string_vec4
    %pushi/vec4 0, 0, 32; draw_string_vec4
    %concat/vec4; draw_string_vec4
    %pushi/vec4 0, 0, 32; draw_string_vec4
    %concat/vec4; draw_string_vec4
    %pushi/vec4 0, 0, 32; draw_string_vec4
    %concat/vec4; draw_string_vec4
    %pushi/vec4 0, 0, 32; draw_string_vec4
    %concat/vec4; draw_string_vec4
    %pushi/vec4 0, 0, 32; draw_string_vec4
    %concat/vec4; draw_string_vec4
    %pushi/vec4 0, 0, 32; draw_string_vec4
    %concat/vec4; draw_string_vec4
    %pushi/vec4 82, 0, 32; draw_string_vec4
    %concat/vec4; draw_string_vec4
    %pushi/vec4 1161905247, 0, 32; draw_string_vec4
    %concat/vec4; draw_string_vec4
    %pushi/vec4 1280262468, 0, 32; draw_string_vec4
    %concat/vec4; draw_string_vec4
    %store/vec4 v0x5da2b561d210_0, 0, 640;
    %fork TD_tb_i2c_slave_fsm.check, S_0x5da2b56e5cb0;
    %join;
    %vpi_call/w 3 337 "$display", "    tx_rd_en + load fires for TX byte \342\234\205" {0 0 0};
    %pushi/vec4 0, 0, 1;
    %store/vec4 v0x5da2b570ae80_0, 0, 1;
    %pushi/vec4 1, 0, 1;
    %store/vec4 v0x5da2b570a650_0, 0, 1;
    %wait E_0x5da2b562e2b0;
    %delay 1000, 0;
    %pushi/vec4 0, 0, 1;
    %store/vec4 v0x5da2b570a650_0, 0, 1;
    %pushi/vec4 2, 0, 32;
T_11.22 %dup/vec4;
    %pushi/vec4 0, 0, 32;
    %cmp/s;
    %jmp/1xz T_11.23, 5;
    %jmp/1 T_11.23, 4;
    %pushi/vec4 1, 0, 32;
    %sub;
    %wait E_0x5da2b562e2b0;
    %jmp T_11.22;
T_11.23 ;
    %pop/vec4 1;
    %delay 1000, 0;
    %pushi/vec4 1, 0, 1;
    %store/vec4 v0x5da2b570ae80_0, 0, 1;
    %pushi/vec4 1, 0, 1;
    %store/vec4 v0x5da2b570a650_0, 0, 1;
    %wait E_0x5da2b562e2b0;
    %delay 1000, 0;
    %pushi/vec4 0, 0, 1;
    %store/vec4 v0x5da2b570a650_0, 0, 1;
    %pushi/vec4 2, 0, 32;
T_11.24 %dup/vec4;
    %pushi/vec4 0, 0, 32;
    %cmp/s;
    %jmp/1xz T_11.25, 5;
    %jmp/1 T_11.25, 4;
    %pushi/vec4 1, 0, 32;
    %sub;
    %wait E_0x5da2b562e2b0;
    %jmp T_11.24;
T_11.25 ;
    %pop/vec4 1;
    %delay 1000, 0;
    %fork TD_tb_i2c_slave_fsm.send_stop, S_0x5da2b5708080;
    %join;
    %pushi/vec4 2, 0, 32;
T_11.26 %dup/vec4;
    %pushi/vec4 0, 0, 32;
    %cmp/s;
    %jmp/1xz T_11.27, 5;
    %jmp/1 T_11.27, 4;
    %pushi/vec4 1, 0, 32;
    %sub;
    %wait E_0x5da2b562e2b0;
    %jmp T_11.26;
T_11.27 ;
    %pop/vec4 1;
    %delay 1000, 0;
    %pushi/vec4 0, 0, 1;
    %store/vec4 v0x5da2b5620650_0, 0, 1;
    %load/vec4 v0x5da2b570a510_0;
    %store/vec4 v0x5da2b56209e0_0, 0, 1;
    %pushi/vec4 0, 0, 32; draw_string_vec4
    %pushi/vec4 0, 0, 32; draw_string_vec4
    %concat/vec4; draw_string_vec4
    %pushi/vec4 0, 0, 32; draw_string_vec4
    %concat/vec4; draw_string_vec4
    %pushi/vec4 0, 0, 32; draw_string_vec4
    %concat/vec4; draw_string_vec4
    %pushi/vec4 0, 0, 32; draw_string_vec4
    %concat/vec4; draw_string_vec4
    %pushi/vec4 0, 0, 32; draw_string_vec4
    %concat/vec4; draw_string_vec4
    %pushi/vec4 0, 0, 32; draw_string_vec4
    %concat/vec4; draw_string_vec4
    %pushi/vec4 0, 0, 32; draw_string_vec4
    %concat/vec4; draw_string_vec4
    %pushi/vec4 0, 0, 32; draw_string_vec4
    %concat/vec4; draw_string_vec4
    %pushi/vec4 0, 0, 32; draw_string_vec4
    %concat/vec4; draw_string_vec4
    %pushi/vec4 0, 0, 32; draw_string_vec4
    %concat/vec4; draw_string_vec4
    %pushi/vec4 0, 0, 32; draw_string_vec4
    %concat/vec4; draw_string_vec4
    %pushi/vec4 0, 0, 32; draw_string_vec4
    %concat/vec4; draw_string_vec4
    %pushi/vec4 0, 0, 32; draw_string_vec4
    %concat/vec4; draw_string_vec4
    %pushi/vec4 0, 0, 32; draw_string_vec4
    %concat/vec4; draw_string_vec4
    %pushi/vec4 0, 0, 32; draw_string_vec4
    %concat/vec4; draw_string_vec4
    %pushi/vec4 21061, 0, 32; draw_string_vec4
    %concat/vec4; draw_string_vec4
    %pushi/vec4 1094999874, 0, 32; draw_string_vec4
    %concat/vec4; draw_string_vec4
    %pushi/vec4 1094929247, 0, 32; draw_string_vec4
    %concat/vec4; draw_string_vec4
    %pushi/vec4 1229212741, 0, 32; draw_string_vec4
    %concat/vec4; draw_string_vec4
    %store/vec4 v0x5da2b561d210_0, 0, 640;
    %fork TD_tb_i2c_slave_fsm.check, S_0x5da2b56e5cb0;
    %join;
    %vpi_call/w 3 357 "$display", "    read complete \342\206\222 back to IDLE \342\234\205" {0 0 0};
    %vpi_call/w 3 364 "$display", "--- TEST7: STOP mid transfer ---" {0 0 0};
    %fork TD_tb_i2c_slave_fsm.apply_reset, S_0x5da2b56e1e60;
    %join;
    %fork TD_tb_i2c_slave_fsm.clear_captures, S_0x5da2b57079f0;
    %join;
    %pushi/vec4 80, 0, 7;
    %store/vec4 v0x5da2b570af50_0, 0, 7;
    %pushi/vec4 160, 0, 8;
    %store/vec4 v0x5da2b561d5d0_0, 0, 8;
    %fork TD_tb_i2c_slave_fsm.send_addr, S_0x5da2b5707bd0;
    %join;
    %pushi/vec4 2, 0, 32;
T_11.28 %dup/vec4;
    %pushi/vec4 0, 0, 32;
    %cmp/s;
    %jmp/1xz T_11.29, 5;
    %jmp/1 T_11.29, 4;
    %pushi/vec4 1, 0, 32;
    %sub;
    %wait E_0x5da2b562e2b0;
    %jmp T_11.28;
T_11.29 ;
    %pop/vec4 1;
    %delay 1000, 0;
    %pushi/vec4 1, 0, 1;
    %store/vec4 v0x5da2b570a650_0, 0, 1;
    %wait E_0x5da2b562e2b0;
    %delay 1000, 0;
    %pushi/vec4 0, 0, 1;
    %store/vec4 v0x5da2b570a650_0, 0, 1;
    %pushi/vec4 2, 0, 32;
T_11.30 %dup/vec4;
    %pushi/vec4 0, 0, 32;
    %cmp/s;
    %jmp/1xz T_11.31, 5;
    %jmp/1 T_11.31, 4;
    %pushi/vec4 1, 0, 32;
    %sub;
    %wait E_0x5da2b562e2b0;
    %jmp T_11.30;
T_11.31 ;
    %pop/vec4 1;
    %delay 1000, 0;
    %pushi/vec4 1, 0, 1;
    %store/vec4 v0x5da2b5620650_0, 0, 1;
    %load/vec4 v0x5da2b570a510_0;
    %store/vec4 v0x5da2b56209e0_0, 0, 1;
    %pushi/vec4 0, 0, 32; draw_string_vec4
    %pushi/vec4 0, 0, 32; draw_string_vec4
    %concat/vec4; draw_string_vec4
    %pushi/vec4 0, 0, 32; draw_string_vec4
    %concat/vec4; draw_string_vec4
    %pushi/vec4 0, 0, 32; draw_string_vec4
    %concat/vec4; draw_string_vec4
    %pushi/vec4 0, 0, 32; draw_string_vec4
    %concat/vec4; draw_string_vec4
    %pushi/vec4 0, 0, 32; draw_string_vec4
    %concat/vec4; draw_string_vec4
    %pushi/vec4 0, 0, 32; draw_string_vec4
    %concat/vec4; draw_string_vec4
    %pushi/vec4 0, 0, 32; draw_string_vec4
    %concat/vec4; draw_string_vec4
    %pushi/vec4 0, 0, 32; draw_string_vec4
    %concat/vec4; draw_string_vec4
    %pushi/vec4 0, 0, 32; draw_string_vec4
    %concat/vec4; draw_string_vec4
    %pushi/vec4 0, 0, 32; draw_string_vec4
    %concat/vec4; draw_string_vec4
    %pushi/vec4 0, 0, 32; draw_string_vec4
    %concat/vec4; draw_string_vec4
    %pushi/vec4 0, 0, 32; draw_string_vec4
    %concat/vec4; draw_string_vec4
    %pushi/vec4 0, 0, 32; draw_string_vec4
    %concat/vec4; draw_string_vec4
    %pushi/vec4 0, 0, 32; draw_string_vec4
    %concat/vec4; draw_string_vec4
    %pushi/vec4 0, 0, 32; draw_string_vec4
    %concat/vec4; draw_string_vec4
    %pushi/vec4 77, 0, 32; draw_string_vec4
    %concat/vec4; draw_string_vec4
    %pushi/vec4 1229217624, 0, 32; draw_string_vec4
    %concat/vec4; draw_string_vec4
    %pushi/vec4 1178948191, 0, 32; draw_string_vec4
    %concat/vec4; draw_string_vec4
    %pushi/vec4 1112888153, 0, 32; draw_string_vec4
    %concat/vec4; draw_string_vec4
    %store/vec4 v0x5da2b561d210_0, 0, 640;
    %fork TD_tb_i2c_slave_fsm.check, S_0x5da2b56e5cb0;
    %join;
    %fork TD_tb_i2c_slave_fsm.send_stop, S_0x5da2b5708080;
    %join;
    %pushi/vec4 3, 0, 32;
T_11.32 %dup/vec4;
    %pushi/vec4 0, 0, 32;
    %cmp/s;
    %jmp/1xz T_11.33, 5;
    %jmp/1 T_11.33, 4;
    %pushi/vec4 1, 0, 32;
    %sub;
    %wait E_0x5da2b562e2b0;
    %jmp T_11.32;
T_11.33 ;
    %pop/vec4 1;
    %delay 1000, 0;
    %pushi/vec4 0, 0, 1;
    %store/vec4 v0x5da2b5620650_0, 0, 1;
    %load/vec4 v0x5da2b570a510_0;
    %store/vec4 v0x5da2b56209e0_0, 0, 1;
    %pushi/vec4 0, 0, 32; draw_string_vec4
    %pushi/vec4 0, 0, 32; draw_string_vec4
    %concat/vec4; draw_string_vec4
    %pushi/vec4 0, 0, 32; draw_string_vec4
    %concat/vec4; draw_string_vec4
    %pushi/vec4 0, 0, 32; draw_string_vec4
    %concat/vec4; draw_string_vec4
    %pushi/vec4 0, 0, 32; draw_string_vec4
    %concat/vec4; draw_string_vec4
    %pushi/vec4 0, 0, 32; draw_string_vec4
    %concat/vec4; draw_string_vec4
    %pushi/vec4 0, 0, 32; draw_string_vec4
    %concat/vec4; draw_string_vec4
    %pushi/vec4 0, 0, 32; draw_string_vec4
    %concat/vec4; draw_string_vec4
    %pushi/vec4 0, 0, 32; draw_string_vec4
    %concat/vec4; draw_string_vec4
    %pushi/vec4 0, 0, 32; draw_string_vec4
    %concat/vec4; draw_string_vec4
    %pushi/vec4 0, 0, 32; draw_string_vec4
    %concat/vec4; draw_string_vec4
    %pushi/vec4 0, 0, 32; draw_string_vec4
    %concat/vec4; draw_string_vec4
    %pushi/vec4 0, 0, 32; draw_string_vec4
    %concat/vec4; draw_string_vec4
    %pushi/vec4 0, 0, 32; draw_string_vec4
    %concat/vec4; draw_string_vec4
    %pushi/vec4 0, 0, 32; draw_string_vec4
    %concat/vec4; draw_string_vec4
    %pushi/vec4 0, 0, 32; draw_string_vec4
    %concat/vec4; draw_string_vec4
    %pushi/vec4 83, 0, 32; draw_string_vec4
    %concat/vec4; draw_string_vec4
    %pushi/vec4 1414484063, 0, 32; draw_string_vec4
    %concat/vec4; draw_string_vec4
    %pushi/vec4 1296647263, 0, 32; draw_string_vec4
    %concat/vec4; draw_string_vec4
    %pushi/vec4 1229212741, 0, 32; draw_string_vec4
    %concat/vec4; draw_string_vec4
    %store/vec4 v0x5da2b561d210_0, 0, 640;
    %fork TD_tb_i2c_slave_fsm.check, S_0x5da2b56e5cb0;
    %join;
    %vpi_call/w 3 386 "$display", "    stop_det \342\206\222 IDLE immediately \342\234\205" {0 0 0};
    %vpi_call/w 3 392 "$display", "--- TEST8: Repeated START ---" {0 0 0};
    %fork TD_tb_i2c_slave_fsm.apply_reset, S_0x5da2b56e1e60;
    %join;
    %fork TD_tb_i2c_slave_fsm.clear_captures, S_0x5da2b57079f0;
    %join;
    %pushi/vec4 80, 0, 7;
    %store/vec4 v0x5da2b570af50_0, 0, 7;
    %pushi/vec4 160, 0, 8;
    %store/vec4 v0x5da2b561d5d0_0, 0, 8;
    %fork TD_tb_i2c_slave_fsm.send_addr, S_0x5da2b5707bd0;
    %join;
    %pushi/vec4 2, 0, 32;
T_11.34 %dup/vec4;
    %pushi/vec4 0, 0, 32;
    %cmp/s;
    %jmp/1xz T_11.35, 5;
    %jmp/1 T_11.35, 4;
    %pushi/vec4 1, 0, 32;
    %sub;
    %wait E_0x5da2b562e2b0;
    %jmp T_11.34;
T_11.35 ;
    %pop/vec4 1;
    %delay 1000, 0;
    %pushi/vec4 1, 0, 1;
    %store/vec4 v0x5da2b570a650_0, 0, 1;
    %wait E_0x5da2b562e2b0;
    %delay 1000, 0;
    %pushi/vec4 0, 0, 1;
    %store/vec4 v0x5da2b570a650_0, 0, 1;
    %pushi/vec4 2, 0, 32;
T_11.36 %dup/vec4;
    %pushi/vec4 0, 0, 32;
    %cmp/s;
    %jmp/1xz T_11.37, 5;
    %jmp/1 T_11.37, 4;
    %pushi/vec4 1, 0, 32;
    %sub;
    %wait E_0x5da2b562e2b0;
    %jmp T_11.36;
T_11.37 ;
    %pop/vec4 1;
    %delay 1000, 0;
    %pushi/vec4 1, 0, 1;
    %store/vec4 v0x5da2b5620650_0, 0, 1;
    %load/vec4 v0x5da2b570a510_0;
    %store/vec4 v0x5da2b56209e0_0, 0, 1;
    %pushi/vec4 0, 0, 32; draw_string_vec4
    %pushi/vec4 0, 0, 32; draw_string_vec4
    %concat/vec4; draw_string_vec4
    %pushi/vec4 0, 0, 32; draw_string_vec4
    %concat/vec4; draw_string_vec4
    %pushi/vec4 0, 0, 32; draw_string_vec4
    %concat/vec4; draw_string_vec4
    %pushi/vec4 0, 0, 32; draw_string_vec4
    %concat/vec4; draw_string_vec4
    %pushi/vec4 0, 0, 32; draw_string_vec4
    %concat/vec4; draw_string_vec4
    %pushi/vec4 0, 0, 32; draw_string_vec4
    %concat/vec4; draw_string_vec4
    %pushi/vec4 0, 0, 32; draw_string_vec4
    %concat/vec4; draw_string_vec4
    %pushi/vec4 0, 0, 32; draw_string_vec4
    %concat/vec4; draw_string_vec4
    %pushi/vec4 0, 0, 32; draw_string_vec4
    %concat/vec4; draw_string_vec4
    %pushi/vec4 0, 0, 32; draw_string_vec4
    %concat/vec4; draw_string_vec4
    %pushi/vec4 0, 0, 32; draw_string_vec4
    %concat/vec4; draw_string_vec4
    %pushi/vec4 0, 0, 32; draw_string_vec4
    %concat/vec4; draw_string_vec4
    %pushi/vec4 0, 0, 32; draw_string_vec4
    %concat/vec4; draw_string_vec4
    %pushi/vec4 0, 0, 32; draw_string_vec4
    %concat/vec4; draw_string_vec4
    %pushi/vec4 0, 0, 32; draw_string_vec4
    %concat/vec4; draw_string_vec4
    %pushi/vec4 4606290, 0, 32; draw_string_vec4
    %concat/vec4; draw_string_vec4
    %pushi/vec4 1398038360, 0, 32; draw_string_vec4
    %concat/vec4; draw_string_vec4
    %pushi/vec4 1178948191, 0, 32; draw_string_vec4
    %concat/vec4; draw_string_vec4
    %pushi/vec4 1112888153, 0, 32; draw_string_vec4
    %concat/vec4; draw_string_vec4
    %store/vec4 v0x5da2b561d210_0, 0, 640;
    %fork TD_tb_i2c_slave_fsm.check, S_0x5da2b56e5cb0;
    %join;
    %fork TD_tb_i2c_slave_fsm.clear_captures, S_0x5da2b57079f0;
    %join;
    %pushi/vec4 1, 0, 1;
    %store/vec4 v0x5da2b570b020_0, 0, 1;
    %wait E_0x5da2b562e2b0;
    %delay 1000, 0;
    %pushi/vec4 0, 0, 1;
    %store/vec4 v0x5da2b570b020_0, 0, 1;
    %pushi/vec4 2, 0, 32;
T_11.38 %dup/vec4;
    %pushi/vec4 0, 0, 32;
    %cmp/s;
    %jmp/1xz T_11.39, 5;
    %jmp/1 T_11.39, 4;
    %pushi/vec4 1, 0, 32;
    %sub;
    %wait E_0x5da2b562e2b0;
    %jmp T_11.38;
T_11.39 ;
    %pop/vec4 1;
    %delay 1000, 0;
    %pushi/vec4 160, 0, 8;
    %store/vec4 v0x5da2b570aa00_0, 0, 8;
    %pushi/vec4 1, 0, 1;
    %store/vec4 v0x5da2b570a650_0, 0, 1;
    %wait E_0x5da2b562e2b0;
    %delay 1000, 0;
    %pushi/vec4 0, 0, 1;
    %store/vec4 v0x5da2b570a650_0, 0, 1;
    %pushi/vec4 2, 0, 32;
T_11.40 %dup/vec4;
    %pushi/vec4 0, 0, 32;
    %cmp/s;
    %jmp/1xz T_11.41, 5;
    %jmp/1 T_11.41, 4;
    %pushi/vec4 1, 0, 32;
    %sub;
    %wait E_0x5da2b562e2b0;
    %jmp T_11.40;
T_11.41 ;
    %pop/vec4 1;
    %delay 1000, 0;
    %pushi/vec4 1, 0, 1;
    %store/vec4 v0x5da2b5620650_0, 0, 1;
    %load/vec4 v0x5da2b570a3d0_0;
    %store/vec4 v0x5da2b56209e0_0, 0, 1;
    %pushi/vec4 0, 0, 32; draw_string_vec4
    %pushi/vec4 0, 0, 32; draw_string_vec4
    %concat/vec4; draw_string_vec4
    %pushi/vec4 0, 0, 32; draw_string_vec4
    %concat/vec4; draw_string_vec4
    %pushi/vec4 0, 0, 32; draw_string_vec4
    %concat/vec4; draw_string_vec4
    %pushi/vec4 0, 0, 32; draw_string_vec4
    %concat/vec4; draw_string_vec4
    %pushi/vec4 0, 0, 32; draw_string_vec4
    %concat/vec4; draw_string_vec4
    %pushi/vec4 0, 0, 32; draw_string_vec4
    %concat/vec4; draw_string_vec4
    %pushi/vec4 0, 0, 32; draw_string_vec4
    %concat/vec4; draw_string_vec4
    %pushi/vec4 0, 0, 32; draw_string_vec4
    %concat/vec4; draw_string_vec4
    %pushi/vec4 0, 0, 32; draw_string_vec4
    %concat/vec4; draw_string_vec4
    %pushi/vec4 0, 0, 32; draw_string_vec4
    %concat/vec4; draw_string_vec4
    %pushi/vec4 0, 0, 32; draw_string_vec4
    %concat/vec4; draw_string_vec4
    %pushi/vec4 0, 0, 32; draw_string_vec4
    %concat/vec4; draw_string_vec4
    %pushi/vec4 0, 0, 32; draw_string_vec4
    %concat/vec4; draw_string_vec4
    %pushi/vec4 0, 0, 32; draw_string_vec4
    %concat/vec4; draw_string_vec4
    %pushi/vec4 1380274245, 0, 32; draw_string_vec4
    %concat/vec4; draw_string_vec4
    %pushi/vec4 1096041796, 0, 32; draw_string_vec4
    %concat/vec4; draw_string_vec4
    %pushi/vec4 1599296577, 0, 32; draw_string_vec4
    %concat/vec4; draw_string_vec4
    %pushi/vec4 1381261133, 0, 32; draw_string_vec4
    %concat/vec4; draw_string_vec4
    %pushi/vec4 1096041288, 0, 32; draw_string_vec4
    %concat/vec4; draw_string_vec4
    %store/vec4 v0x5da2b561d210_0, 0, 640;
    %fork TD_tb_i2c_slave_fsm.check, S_0x5da2b56e5cb0;
    %join;
    %vpi_call/w 3 423 "$display", "    repeated START handled correctly \342\234\205" {0 0 0};
    %vpi_call/w 3 430 "$display", "--- TEST9: Busy flag ---" {0 0 0};
    %fork TD_tb_i2c_slave_fsm.apply_reset, S_0x5da2b56e1e60;
    %join;
    %pushi/vec4 0, 0, 1;
    %store/vec4 v0x5da2b5620650_0, 0, 1;
    %load/vec4 v0x5da2b570a510_0;
    %store/vec4 v0x5da2b56209e0_0, 0, 1;
    %pushi/vec4 0, 0, 32; draw_string_vec4
    %pushi/vec4 0, 0, 32; draw_string_vec4
    %concat/vec4; draw_string_vec4
    %pushi/vec4 0, 0, 32; draw_string_vec4
    %concat/vec4; draw_string_vec4
    %pushi/vec4 0, 0, 32; draw_string_vec4
    %concat/vec4; draw_string_vec4
    %pushi/vec4 0, 0, 32; draw_string_vec4
    %concat/vec4; draw_string_vec4
    %pushi/vec4 0, 0, 32; draw_string_vec4
    %concat/vec4; draw_string_vec4
    %pushi/vec4 0, 0, 32; draw_string_vec4
    %concat/vec4; draw_string_vec4
    %pushi/vec4 0, 0, 32; draw_string_vec4
    %concat/vec4; draw_string_vec4
    %pushi/vec4 0, 0, 32; draw_string_vec4
    %concat/vec4; draw_string_vec4
    %pushi/vec4 0, 0, 32; draw_string_vec4
    %concat/vec4; draw_string_vec4
    %pushi/vec4 0, 0, 32; draw_string_vec4
    %concat/vec4; draw_string_vec4
    %pushi/vec4 0, 0, 32; draw_string_vec4
    %concat/vec4; draw_string_vec4
    %pushi/vec4 0, 0, 32; draw_string_vec4
    %concat/vec4; draw_string_vec4
    %pushi/vec4 0, 0, 32; draw_string_vec4
    %concat/vec4; draw_string_vec4
    %pushi/vec4 0, 0, 32; draw_string_vec4
    %concat/vec4; draw_string_vec4
    %pushi/vec4 0, 0, 32; draw_string_vec4
    %concat/vec4; draw_string_vec4
    %pushi/vec4 66, 0, 32; draw_string_vec4
    %concat/vec4; draw_string_vec4
    %pushi/vec4 1431525727, 0, 32; draw_string_vec4
    %concat/vec4; draw_string_vec4
    %pushi/vec4 1229212741, 0, 32; draw_string_vec4
    %concat/vec4; draw_string_vec4
    %pushi/vec4 1598836567, 0, 32; draw_string_vec4
    %concat/vec4; draw_string_vec4
    %store/vec4 v0x5da2b561d210_0, 0, 640;
    %fork TD_tb_i2c_slave_fsm.check, S_0x5da2b56e5cb0;
    %join;
    %pushi/vec4 160, 0, 8;
    %store/vec4 v0x5da2b561d5d0_0, 0, 8;
    %fork TD_tb_i2c_slave_fsm.send_addr, S_0x5da2b5707bd0;
    %join;
    %pushi/vec4 2, 0, 32;
T_11.42 %dup/vec4;
    %pushi/vec4 0, 0, 32;
    %cmp/s;
    %jmp/1xz T_11.43, 5;
    %jmp/1 T_11.43, 4;
    %pushi/vec4 1, 0, 32;
    %sub;
    %wait E_0x5da2b562e2b0;
    %jmp T_11.42;
T_11.43 ;
    %pop/vec4 1;
    %delay 1000, 0;
    %pushi/vec4 1, 0, 1;
    %store/vec4 v0x5da2b5620650_0, 0, 1;
    %load/vec4 v0x5da2b570a510_0;
    %store/vec4 v0x5da2b56209e0_0, 0, 1;
    %pushi/vec4 0, 0, 32; draw_string_vec4
    %pushi/vec4 0, 0, 32; draw_string_vec4
    %concat/vec4; draw_string_vec4
    %pushi/vec4 0, 0, 32; draw_string_vec4
    %concat/vec4; draw_string_vec4
    %pushi/vec4 0, 0, 32; draw_string_vec4
    %concat/vec4; draw_string_vec4
    %pushi/vec4 0, 0, 32; draw_string_vec4
    %concat/vec4; draw_string_vec4
    %pushi/vec4 0, 0, 32; draw_string_vec4
    %concat/vec4; draw_string_vec4
    %pushi/vec4 0, 0, 32; draw_string_vec4
    %concat/vec4; draw_string_vec4
    %pushi/vec4 0, 0, 32; draw_string_vec4
    %concat/vec4; draw_string_vec4
    %pushi/vec4 0, 0, 32; draw_string_vec4
    %concat/vec4; draw_string_vec4
    %pushi/vec4 0, 0, 32; draw_string_vec4
    %concat/vec4; draw_string_vec4
    %pushi/vec4 0, 0, 32; draw_string_vec4
    %concat/vec4; draw_string_vec4
    %pushi/vec4 0, 0, 32; draw_string_vec4
    %concat/vec4; draw_string_vec4
    %pushi/vec4 0, 0, 32; draw_string_vec4
    %concat/vec4; draw_string_vec4
    %pushi/vec4 0, 0, 32; draw_string_vec4
    %concat/vec4; draw_string_vec4
    %pushi/vec4 0, 0, 32; draw_string_vec4
    %concat/vec4; draw_string_vec4
    %pushi/vec4 0, 0, 32; draw_string_vec4
    %concat/vec4; draw_string_vec4
    %pushi/vec4 16981, 0, 32; draw_string_vec4
    %concat/vec4; draw_string_vec4
    %pushi/vec4 1398366040, 0, 32; draw_string_vec4
    %concat/vec4; draw_string_vec4
    %pushi/vec4 1178948191, 0, 32; draw_string_vec4
    %concat/vec4; draw_string_vec4
    %pushi/vec4 1212761928, 0, 32; draw_string_vec4
    %concat/vec4; draw_string_vec4
    %store/vec4 v0x5da2b561d210_0, 0, 640;
    %fork TD_tb_i2c_slave_fsm.check, S_0x5da2b56e5cb0;
    %join;
    %fork TD_tb_i2c_slave_fsm.send_stop, S_0x5da2b5708080;
    %join;
    %pushi/vec4 2, 0, 32;
T_11.44 %dup/vec4;
    %pushi/vec4 0, 0, 32;
    %cmp/s;
    %jmp/1xz T_11.45, 5;
    %jmp/1 T_11.45, 4;
    %pushi/vec4 1, 0, 32;
    %sub;
    %wait E_0x5da2b562e2b0;
    %jmp T_11.44;
T_11.45 ;
    %pop/vec4 1;
    %delay 1000, 0;
    %pushi/vec4 0, 0, 1;
    %store/vec4 v0x5da2b5620650_0, 0, 1;
    %load/vec4 v0x5da2b570a510_0;
    %store/vec4 v0x5da2b56209e0_0, 0, 1;
    %pushi/vec4 0, 0, 32; draw_string_vec4
    %pushi/vec4 0, 0, 32; draw_string_vec4
    %concat/vec4; draw_string_vec4
    %pushi/vec4 0, 0, 32; draw_string_vec4
    %concat/vec4; draw_string_vec4
    %pushi/vec4 0, 0, 32; draw_string_vec4
    %concat/vec4; draw_string_vec4
    %pushi/vec4 0, 0, 32; draw_string_vec4
    %concat/vec4; draw_string_vec4
    %pushi/vec4 0, 0, 32; draw_string_vec4
    %concat/vec4; draw_string_vec4
    %pushi/vec4 0, 0, 32; draw_string_vec4
    %concat/vec4; draw_string_vec4
    %pushi/vec4 0, 0, 32; draw_string_vec4
    %concat/vec4; draw_string_vec4
    %pushi/vec4 0, 0, 32; draw_string_vec4
    %concat/vec4; draw_string_vec4
    %pushi/vec4 0, 0, 32; draw_string_vec4
    %concat/vec4; draw_string_vec4
    %pushi/vec4 0, 0, 32; draw_string_vec4
    %concat/vec4; draw_string_vec4
    %pushi/vec4 0, 0, 32; draw_string_vec4
    %concat/vec4; draw_string_vec4
    %pushi/vec4 0, 0, 32; draw_string_vec4
    %concat/vec4; draw_string_vec4
    %pushi/vec4 0, 0, 32; draw_string_vec4
    %concat/vec4; draw_string_vec4
    %pushi/vec4 0, 0, 32; draw_string_vec4
    %concat/vec4; draw_string_vec4
    %pushi/vec4 0, 0, 32; draw_string_vec4
    %concat/vec4; draw_string_vec4
    %pushi/vec4 66, 0, 32; draw_string_vec4
    %concat/vec4; draw_string_vec4
    %pushi/vec4 1431525727, 0, 32; draw_string_vec4
    %concat/vec4; draw_string_vec4
    %pushi/vec4 1398034256, 0, 32; draw_string_vec4
    %concat/vec4; draw_string_vec4
    %pushi/vec4 1598836567, 0, 32; draw_string_vec4
    %concat/vec4; draw_string_vec4
    %store/vec4 v0x5da2b561d210_0, 0, 640;
    %fork TD_tb_i2c_slave_fsm.check, S_0x5da2b56e5cb0;
    %join;
    %vpi_call/w 3 446 "$display", "    busy flag correct \342\234\205" {0 0 0};
    %vpi_call/w 3 448 "$display", "=== tb_i2c_slave_fsm DONE ===" {0 0 0};
    %vpi_call/w 3 449 "$finish" {0 0 0};
    %end;
    .thread T_11;
    .scope S_0x5da2b56dfdc0;
T_12 ;
    %vpi_call/w 3 456 "$dumpfile", "tb_i2c_slave_fsm.vcd" {0 0 0};
    %vpi_call/w 3 457 "$dumpvars", 32'sb00000000000000000000000000000000, S_0x5da2b56dfdc0 {0 0 0};
    %end;
    .thread T_12;
    .scope S_0x5da2b56dfdc0;
T_13 ;
    %vpi_call/w 3 464 "$monitor", "t=%0t | bce=%b load=%b rxwe=%b txre=%b | match=%b busy=%b sda_oe=%b sda_out=%b", $time, v0x5da2b570a470_0, v0x5da2b570a7c0_0, v0x5da2b570aad0_0, v0x5da2b570b290_0, v0x5da2b56f3d30_0, v0x5da2b570a510_0, v0x5da2b570ac40_0, v0x5da2b570adb0_0 {0 0 0};
    %end;
    .thread T_13;
# The file index is used to find the file name in the following table.
:file_names 5;
    "N/A";
    "<interactive>";
    "-";
    "tb/tb_i2c_slave_fsm.v";
    "slave/i2c_slave_fsm.v";
