#! /usr/bin/vvp
:ivl_version "12.0 (stable)";
:ivl_delay_selection "TYPICAL";
:vpi_time_precision - 12;
:vpi_module "/usr/lib/x86_64-linux-gnu/ivl/system.vpi";
:vpi_module "/usr/lib/x86_64-linux-gnu/ivl/vhdl_sys.vpi";
:vpi_module "/usr/lib/x86_64-linux-gnu/ivl/vhdl_textio.vpi";
:vpi_module "/usr/lib/x86_64-linux-gnu/ivl/v2005_math.vpi";
:vpi_module "/usr/lib/x86_64-linux-gnu/ivl/va_math.vpi";
:vpi_module "/usr/lib/x86_64-linux-gnu/ivl/v2009.vpi";
S_0x5d6e44515500 .scope package, "$unit" "$unit" 2 1;
 .timescale 0 0;
S_0x5d6e445b3190 .scope module, "tb_i2c_clk_gen" "tb_i2c_clk_gen" 3 3;
 .timescale -9 -12;
v0x5d6e445ca480_0 .var "clk", 0 0;
v0x5d6e445ca540_0 .var "en", 0 0;
v0x5d6e445ca5e0_0 .var/i "fall_count", 31 0;
v0x5d6e445ca680_0 .var/i "measured", 31 0;
v0x5d6e445ca740_0 .var "prescaler", 15 0;
v0x5d6e445ca850_0 .var/i "rise_count", 31 0;
v0x5d6e445ca910_0 .var "rst_n", 0 0;
v0x5d6e445ca9b0_0 .net "scl_falling", 0 0, v0x5d6e445c9d50_0;  1 drivers
v0x5d6e445caa80_0 .net "scl_out", 0 0, v0x5d6e445c9e10_0;  1 drivers
v0x5d6e445cab50_0 .net "scl_rising", 0 0, v0x5d6e445c9ed0_0;  1 drivers
E_0x5d6e445202b0 .event negedge, v0x5d6e445c9e10_0;
S_0x5d6e4452d510 .scope task, "apply_reset" "apply_reset" 3 53, 3 53 0, S_0x5d6e445b3190;
 .timescale -9 -12;
E_0x5d6e4451bbe0 .event posedge, v0x5d6e4450b6b0_0;
TD_tb_i2c_clk_gen.apply_reset ;
    %pushi/vec4 0, 0, 1;
    %store/vec4 v0x5d6e445ca910_0, 0, 1;
    %pushi/vec4 0, 0, 1;
    %store/vec4 v0x5d6e445ca540_0, 0, 1;
    %pushi/vec4 0, 0, 16;
    %store/vec4 v0x5d6e445ca740_0, 0, 16;
    %pushi/vec4 0, 0, 32;
    %store/vec4 v0x5d6e445ca850_0, 0, 32;
    %pushi/vec4 0, 0, 32;
    %store/vec4 v0x5d6e445ca5e0_0, 0, 32;
    %wait E_0x5d6e4451bbe0;
    %delay 1000, 0;
    %wait E_0x5d6e4451bbe0;
    %delay 1000, 0;
    %pushi/vec4 1, 0, 1;
    %store/vec4 v0x5d6e445ca910_0, 0, 1;
    %wait E_0x5d6e4451bbe0;
    %delay 1000, 0;
    %end;
S_0x5d6e445379c0 .scope task, "check" "check" 3 86, 3 86 0, S_0x5d6e445b3190;
 .timescale -9 -12;
v0x5d6e4450fc40_0 .var "exp_val", 0 0;
v0x5d6e44510450_0 .var "test_name", 640 1;
TD_tb_i2c_clk_gen.check ;
    %load/vec4 v0x5d6e445caa80_0;
    %load/vec4 v0x5d6e4450fc40_0;
    %cmp/ne;
    %jmp/0xz  T_1.0, 6;
    %vpi_call/w 3 91 "$display", "FAIL [%0s] scl_out=%b exp=%b at t=%0t", v0x5d6e44510450_0, v0x5d6e445caa80_0, v0x5d6e4450fc40_0, $time {0 0 0};
    %jmp T_1.1;
T_1.0 ;
    %vpi_call/w 3 94 "$display", "PASS [%0s] scl_out=%b", v0x5d6e44510450_0, v0x5d6e445caa80_0 {0 0 0};
T_1.1 ;
    %end;
S_0x5d6e445c9560 .scope task, "measure_period" "measure_period" 3 102, 3 102 0, S_0x5d6e445b3190;
 .timescale -9 -12;
v0x5d6e44510520_0 .var/i "period_ns", 31 0;
v0x5d6e4450d950_0 .var/i "t1", 31 0;
v0x5d6e4450b2c0_0 .var/i "t2", 31 0;
E_0x5d6e4451b7d0 .event posedge, v0x5d6e445c9e10_0;
TD_tb_i2c_clk_gen.measure_period ;
    %wait E_0x5d6e4451b7d0;
    %vpi_func 3 109 "$time" 64 {0 0 0};
    %pad/u 32;
    %store/vec4 v0x5d6e4450d950_0, 0, 32;
    %wait E_0x5d6e4451b7d0;
    %vpi_func 3 112 "$time" 64 {0 0 0};
    %pad/u 32;
    %store/vec4 v0x5d6e4450b2c0_0, 0, 32;
    %load/vec4 v0x5d6e4450b2c0_0;
    %load/vec4 v0x5d6e4450d950_0;
    %sub;
    %store/vec4 v0x5d6e44510520_0, 0, 32;
    %end;
S_0x5d6e445c9820 .scope module, "u_dut" "i2c_clk_gen" 3 19, 4 1 0, S_0x5d6e445b3190;
 .timescale 0 0;
    .port_info 0 /INPUT 1 "clk";
    .port_info 1 /INPUT 1 "resetn";
    .port_info 2 /INPUT 1 "en";
    .port_info 3 /INPUT 16 "prescaler";
    .port_info 4 /OUTPUT 1 "scl_out";
    .port_info 5 /OUTPUT 1 "scl_rising";
    .port_info 6 /OUTPUT 1 "scl_falling";
v0x5d6e4450b6b0_0 .net "clk", 0 0, v0x5d6e445ca480_0;  1 drivers
v0x5d6e444f2d50_0 .var "clk_cnt", 15 0;
v0x5d6e445c9ac0_0 .net "en", 0 0, v0x5d6e445ca540_0;  1 drivers
v0x5d6e445c9b60_0 .net "prescaler", 15 0, v0x5d6e445ca740_0;  1 drivers
v0x5d6e445c9c40_0 .net "resetn", 0 0, v0x5d6e445ca910_0;  1 drivers
v0x5d6e445c9d50_0 .var "scl_falling", 0 0;
v0x5d6e445c9e10_0 .var "scl_out", 0 0;
v0x5d6e445c9ed0_0 .var "scl_rising", 0 0;
E_0x5d6e445b4a20/0 .event negedge, v0x5d6e445c9c40_0;
E_0x5d6e445b4a20/1 .event posedge, v0x5d6e4450b6b0_0;
E_0x5d6e445b4a20 .event/or E_0x5d6e445b4a20/0, E_0x5d6e445b4a20/1;
S_0x5d6e445ca070 .scope task, "wait_scl_cycles" "wait_scl_cycles" 3 70, 3 70 0, S_0x5d6e445b3190;
 .timescale -9 -12;
v0x5d6e445ca2a0_0 .var/i "edge_cnt", 31 0;
v0x5d6e445ca3a0_0 .var/i "n", 31 0;
TD_tb_i2c_clk_gen.wait_scl_cycles ;
    %pushi/vec4 0, 0, 32;
    %store/vec4 v0x5d6e445ca2a0_0, 0, 32;
T_3.2 ;
    %load/vec4 v0x5d6e445ca2a0_0;
    %load/vec4 v0x5d6e445ca3a0_0;
    %cmp/s;
    %jmp/0xz T_3.3, 5;
    %wait E_0x5d6e4451bbe0;
    %load/vec4 v0x5d6e445cab50_0;
    %flag_set/vec4 8;
    %jmp/0xz  T_3.4, 8;
    %load/vec4 v0x5d6e445ca2a0_0;
    %addi 1, 0, 32;
    %store/vec4 v0x5d6e445ca2a0_0, 0, 32;
T_3.4 ;
    %jmp T_3.2;
T_3.3 ;
    %end;
    .scope S_0x5d6e445c9820;
T_4 ;
    %wait E_0x5d6e445b4a20;
    %load/vec4 v0x5d6e445c9c40_0;
    %nor/r;
    %flag_set/vec4 8;
    %jmp/0xz  T_4.0, 8;
    %pushi/vec4 0, 0, 16;
    %assign/vec4 v0x5d6e444f2d50_0, 0;
    %jmp T_4.1;
T_4.0 ;
    %load/vec4 v0x5d6e445c9ac0_0;
    %nor/r;
    %flag_set/vec4 8;
    %jmp/0xz  T_4.2, 8;
    %pushi/vec4 0, 0, 16;
    %assign/vec4 v0x5d6e444f2d50_0, 0;
    %jmp T_4.3;
T_4.2 ;
    %load/vec4 v0x5d6e445c9b60_0;
    %load/vec4 v0x5d6e444f2d50_0;
    %cmp/u;
    %flag_or 5, 4;
    %jmp/0xz  T_4.4, 5;
    %pushi/vec4 0, 0, 16;
    %assign/vec4 v0x5d6e444f2d50_0, 0;
    %jmp T_4.5;
T_4.4 ;
    %load/vec4 v0x5d6e444f2d50_0;
    %addi 1, 0, 16;
    %assign/vec4 v0x5d6e444f2d50_0, 0;
T_4.5 ;
T_4.3 ;
T_4.1 ;
    %jmp T_4;
    .thread T_4;
    .scope S_0x5d6e445c9820;
T_5 ;
    %wait E_0x5d6e445b4a20;
    %load/vec4 v0x5d6e445c9c40_0;
    %nor/r;
    %flag_set/vec4 8;
    %jmp/0xz  T_5.0, 8;
    %pushi/vec4 1, 0, 1;
    %assign/vec4 v0x5d6e445c9e10_0, 0;
    %jmp T_5.1;
T_5.0 ;
    %load/vec4 v0x5d6e445c9ac0_0;
    %nor/r;
    %flag_set/vec4 8;
    %jmp/0xz  T_5.2, 8;
    %pushi/vec4 1, 0, 1;
    %assign/vec4 v0x5d6e445c9e10_0, 0;
    %jmp T_5.3;
T_5.2 ;
    %load/vec4 v0x5d6e444f2d50_0;
    %cmpi/e 0, 0, 16;
    %jmp/0xz  T_5.4, 4;
    %load/vec4 v0x5d6e445c9e10_0;
    %inv;
    %assign/vec4 v0x5d6e445c9e10_0, 0;
T_5.4 ;
T_5.3 ;
T_5.1 ;
    %jmp T_5;
    .thread T_5;
    .scope S_0x5d6e445c9820;
T_6 ;
    %wait E_0x5d6e445b4a20;
    %load/vec4 v0x5d6e445c9c40_0;
    %nor/r;
    %flag_set/vec4 8;
    %jmp/0xz  T_6.0, 8;
    %pushi/vec4 0, 0, 1;
    %assign/vec4 v0x5d6e445c9ed0_0, 0;
    %jmp T_6.1;
T_6.0 ;
    %load/vec4 v0x5d6e444f2d50_0;
    %cmpi/e 0, 0, 16;
    %flag_get/vec4 4;
    %jmp/0 T_6.3, 4;
    %load/vec4 v0x5d6e445c9e10_0;
    %pushi/vec4 0, 0, 1;
    %cmp/e;
    %flag_get/vec4 4;
    %and;
T_6.3;
    %flag_set/vec4 8;
    %flag_get/vec4 8;
    %jmp/0 T_6.2, 8;
    %load/vec4 v0x5d6e445c9ac0_0;
    %and;
T_6.2;
    %assign/vec4 v0x5d6e445c9ed0_0, 0;
T_6.1 ;
    %jmp T_6;
    .thread T_6;
    .scope S_0x5d6e445c9820;
T_7 ;
    %wait E_0x5d6e445b4a20;
    %load/vec4 v0x5d6e445c9c40_0;
    %nor/r;
    %flag_set/vec4 8;
    %jmp/0xz  T_7.0, 8;
    %pushi/vec4 0, 0, 1;
    %assign/vec4 v0x5d6e445c9d50_0, 0;
    %jmp T_7.1;
T_7.0 ;
    %load/vec4 v0x5d6e444f2d50_0;
    %cmpi/e 0, 0, 16;
    %flag_get/vec4 4;
    %jmp/0 T_7.3, 4;
    %load/vec4 v0x5d6e445c9e10_0;
    %pushi/vec4 1, 0, 1;
    %cmp/e;
    %flag_get/vec4 4;
    %and;
T_7.3;
    %flag_set/vec4 8;
    %flag_get/vec4 8;
    %jmp/0 T_7.2, 8;
    %load/vec4 v0x5d6e445c9ac0_0;
    %and;
T_7.2;
    %assign/vec4 v0x5d6e445c9d50_0, 0;
T_7.1 ;
    %jmp T_7;
    .thread T_7;
    .scope S_0x5d6e445b3190;
T_8 ;
    %pushi/vec4 0, 0, 1;
    %store/vec4 v0x5d6e445ca480_0, 0, 1;
    %end;
    .thread T_8;
    .scope S_0x5d6e445b3190;
T_9 ;
    %delay 5000, 0;
    %load/vec4 v0x5d6e445ca480_0;
    %inv;
    %store/vec4 v0x5d6e445ca480_0, 0, 1;
    %jmp T_9;
    .thread T_9;
    .scope S_0x5d6e445b3190;
T_10 ;
    %wait E_0x5d6e4451bbe0;
    %load/vec4 v0x5d6e445cab50_0;
    %flag_set/vec4 8;
    %jmp/0xz  T_10.0, 8;
    %load/vec4 v0x5d6e445ca850_0;
    %addi 1, 0, 32;
    %assign/vec4 v0x5d6e445ca850_0, 0;
T_10.0 ;
    %load/vec4 v0x5d6e445ca9b0_0;
    %flag_set/vec4 8;
    %jmp/0xz  T_10.2, 8;
    %load/vec4 v0x5d6e445ca5e0_0;
    %addi 1, 0, 32;
    %assign/vec4 v0x5d6e445ca5e0_0, 0;
T_10.2 ;
    %jmp T_10;
    .thread T_10;
    .scope S_0x5d6e445b3190;
T_11 ;
    %vpi_call/w 3 123 "$display", "=== tb_i2c_clk_gen START ===" {0 0 0};
    %vpi_call/w 3 124 "$display", "--- sys_clk = 100MHz (10ns period) ---" {0 0 0};
    %fork TD_tb_i2c_clk_gen.apply_reset, S_0x5d6e4452d510;
    %join;
    %pushi/vec4 1, 0, 1;
    %store/vec4 v0x5d6e4450fc40_0, 0, 1;
    %pushi/vec4 0, 0, 32; draw_string_vec4
    %pushi/vec4 0, 0, 32; draw_string_vec4
    %concat/vec4; draw_string_vec4
    %pushi/vec4 0, 0, 32; draw_string_vec4
    %concat/vec4; draw_string_vec4
    %pushi/vec4 0, 0, 32; draw_string_vec4
    %concat/vec4; draw_string_vec4
    %pushi/vec4 0, 0, 32; draw_string_vec4
    %concat/vec4; draw_string_vec4
    %pushi/vec4 0, 0, 32; draw_string_vec4
    %concat/vec4; draw_string_vec4
    %pushi/vec4 0, 0, 32; draw_string_vec4
    %concat/vec4; draw_string_vec4
    %pushi/vec4 0, 0, 32; draw_string_vec4
    %concat/vec4; draw_string_vec4
    %pushi/vec4 0, 0, 32; draw_string_vec4
    %concat/vec4; draw_string_vec4
    %pushi/vec4 0, 0, 32; draw_string_vec4
    %concat/vec4; draw_string_vec4
    %pushi/vec4 0, 0, 32; draw_string_vec4
    %concat/vec4; draw_string_vec4
    %pushi/vec4 0, 0, 32; draw_string_vec4
    %concat/vec4; draw_string_vec4
    %pushi/vec4 0, 0, 32; draw_string_vec4
    %concat/vec4; draw_string_vec4
    %pushi/vec4 0, 0, 32; draw_string_vec4
    %concat/vec4; draw_string_vec4
    %pushi/vec4 0, 0, 32; draw_string_vec4
    %concat/vec4; draw_string_vec4
    %pushi/vec4 0, 0, 32; draw_string_vec4
    %concat/vec4; draw_string_vec4
    %pushi/vec4 21061, 0, 32; draw_string_vec4
    %concat/vec4; draw_string_vec4
    %pushi/vec4 1397052511, 0, 32; draw_string_vec4
    %concat/vec4; draw_string_vec4
    %pushi/vec4 1396919391, 0, 32; draw_string_vec4
    %concat/vec4; draw_string_vec4
    %pushi/vec4 1212761928, 0, 32; draw_string_vec4
    %concat/vec4; draw_string_vec4
    %store/vec4 v0x5d6e44510450_0, 0, 640;
    %fork TD_tb_i2c_clk_gen.check, S_0x5d6e445379c0;
    %join;
    %vpi_call/w 3 131 "$display", "    SCL HIGH on reset = idle bus \342\234\205" {0 0 0};
    %vpi_call/w 3 137 "$display", "--- TEST2: Enable=0 SCL stays HIGH ---" {0 0 0};
    %pushi/vec4 4, 0, 16;
    %store/vec4 v0x5d6e445ca740_0, 0, 16;
    %pushi/vec4 0, 0, 1;
    %store/vec4 v0x5d6e445ca540_0, 0, 1;
    %pushi/vec4 20, 0, 32;
T_11.0 %dup/vec4;
    %pushi/vec4 0, 0, 32;
    %cmp/s;
    %jmp/1xz T_11.1, 5;
    %jmp/1 T_11.1, 4;
    %pushi/vec4 1, 0, 32;
    %sub;
    %wait E_0x5d6e4451bbe0;
    %jmp T_11.0;
T_11.1 ;
    %pop/vec4 1;
    %delay 1000, 0;
    %pushi/vec4 1, 0, 1;
    %store/vec4 v0x5d6e4450fc40_0, 0, 1;
    %pushi/vec4 0, 0, 32; draw_string_vec4
    %pushi/vec4 0, 0, 32; draw_string_vec4
    %concat/vec4; draw_string_vec4
    %pushi/vec4 0, 0, 32; draw_string_vec4
    %concat/vec4; draw_string_vec4
    %pushi/vec4 0, 0, 32; draw_string_vec4
    %concat/vec4; draw_string_vec4
    %pushi/vec4 0, 0, 32; draw_string_vec4
    %concat/vec4; draw_string_vec4
    %pushi/vec4 0, 0, 32; draw_string_vec4
    %concat/vec4; draw_string_vec4
    %pushi/vec4 0, 0, 32; draw_string_vec4
    %concat/vec4; draw_string_vec4
    %pushi/vec4 0, 0, 32; draw_string_vec4
    %concat/vec4; draw_string_vec4
    %pushi/vec4 0, 0, 32; draw_string_vec4
    %concat/vec4; draw_string_vec4
    %pushi/vec4 0, 0, 32; draw_string_vec4
    %concat/vec4; draw_string_vec4
    %pushi/vec4 0, 0, 32; draw_string_vec4
    %concat/vec4; draw_string_vec4
    %pushi/vec4 0, 0, 32; draw_string_vec4
    %concat/vec4; draw_string_vec4
    %pushi/vec4 0, 0, 32; draw_string_vec4
    %concat/vec4; draw_string_vec4
    %pushi/vec4 0, 0, 32; draw_string_vec4
    %concat/vec4; draw_string_vec4
    %pushi/vec4 0, 0, 32; draw_string_vec4
    %concat/vec4; draw_string_vec4
    %pushi/vec4 0, 0, 32; draw_string_vec4
    %concat/vec4; draw_string_vec4
    %pushi/vec4 0, 0, 32; draw_string_vec4
    %concat/vec4; draw_string_vec4
    %pushi/vec4 1162752095, 0, 32; draw_string_vec4
    %concat/vec4; draw_string_vec4
    %pushi/vec4 1396919391, 0, 32; draw_string_vec4
    %concat/vec4; draw_string_vec4
    %pushi/vec4 1212761928, 0, 32; draw_string_vec4
    %concat/vec4; draw_string_vec4
    %store/vec4 v0x5d6e44510450_0, 0, 640;
    %fork TD_tb_i2c_clk_gen.check, S_0x5d6e445379c0;
    %join;
    %vpi_call/w 3 142 "$display", "    SCL stays HIGH when disabled \342\234\205" {0 0 0};
    %vpi_call/w 3 149 "$display", "--- TEST3: Standard 100kHz ---" {0 0 0};
    %fork TD_tb_i2c_clk_gen.apply_reset, S_0x5d6e4452d510;
    %join;
    %pushi/vec4 499, 0, 16;
    %store/vec4 v0x5d6e445ca740_0, 0, 16;
    %pushi/vec4 1, 0, 1;
    %store/vec4 v0x5d6e445ca540_0, 0, 1;
    %fork TD_tb_i2c_clk_gen.measure_period, S_0x5d6e445c9560;
    %join;
    %load/vec4 v0x5d6e44510520_0;
    %store/vec4 v0x5d6e445ca680_0, 0, 32;
    %vpi_call/w 3 155 "$display", "    measured period = %0d ns", v0x5d6e445ca680_0 {0 0 0};
    %load/vec4 v0x5d6e445ca680_0;
    %cmpi/s 9900, 0, 32;
    %flag_inv 5; GE is !LT
    %flag_get/vec4 5;
    %jmp/0 T_11.4, 5;
    %load/vec4 v0x5d6e445ca680_0;
    %cmpi/s 10100, 0, 32;
    %flag_get/vec4 4;
    %flag_get/vec4 5;
    %or;
    %and;
T_11.4;
    %flag_set/vec4 8;
    %jmp/0xz  T_11.2, 8;
    %vpi_call/w 3 157 "$display", "PASS [100KHZ] period=%0dns (expected 10000ns)", v0x5d6e445ca680_0 {0 0 0};
    %jmp T_11.3;
T_11.2 ;
    %vpi_call/w 3 159 "$display", "FAIL [100KHZ] period=%0dns (expected 10000ns)", v0x5d6e445ca680_0 {0 0 0};
T_11.3 ;
    %pushi/vec4 0, 0, 1;
    %store/vec4 v0x5d6e445ca540_0, 0, 1;
    %wait E_0x5d6e4451bbe0;
    %delay 1000, 0;
    %vpi_call/w 3 169 "$display", "--- TEST4: Fast 400kHz ---" {0 0 0};
    %fork TD_tb_i2c_clk_gen.apply_reset, S_0x5d6e4452d510;
    %join;
    %pushi/vec4 124, 0, 16;
    %store/vec4 v0x5d6e445ca740_0, 0, 16;
    %pushi/vec4 1, 0, 1;
    %store/vec4 v0x5d6e445ca540_0, 0, 1;
    %fork TD_tb_i2c_clk_gen.measure_period, S_0x5d6e445c9560;
    %join;
    %load/vec4 v0x5d6e44510520_0;
    %store/vec4 v0x5d6e445ca680_0, 0, 32;
    %vpi_call/w 3 175 "$display", "    measured period = %0d ns", v0x5d6e445ca680_0 {0 0 0};
    %load/vec4 v0x5d6e445ca680_0;
    %cmpi/s 2400, 0, 32;
    %flag_inv 5; GE is !LT
    %flag_get/vec4 5;
    %jmp/0 T_11.7, 5;
    %load/vec4 v0x5d6e445ca680_0;
    %cmpi/s 2600, 0, 32;
    %flag_get/vec4 4;
    %flag_get/vec4 5;
    %or;
    %and;
T_11.7;
    %flag_set/vec4 8;
    %jmp/0xz  T_11.5, 8;
    %vpi_call/w 3 177 "$display", "PASS [400KHZ] period=%0dns (expected 2500ns)", v0x5d6e445ca680_0 {0 0 0};
    %jmp T_11.6;
T_11.5 ;
    %vpi_call/w 3 179 "$display", "FAIL [400KHZ] period=%0dns (expected 2500ns)", v0x5d6e445ca680_0 {0 0 0};
T_11.6 ;
    %pushi/vec4 0, 0, 1;
    %store/vec4 v0x5d6e445ca540_0, 0, 1;
    %wait E_0x5d6e4451bbe0;
    %delay 1000, 0;
    %vpi_call/w 3 188 "$display", "--- TEST5: scl_rising pulse check ---" {0 0 0};
    %fork TD_tb_i2c_clk_gen.apply_reset, S_0x5d6e4452d510;
    %join;
    %pushi/vec4 4, 0, 16;
    %store/vec4 v0x5d6e445ca740_0, 0, 16;
    %pushi/vec4 0, 0, 32;
    %store/vec4 v0x5d6e445ca850_0, 0, 32;
    %pushi/vec4 1, 0, 1;
    %store/vec4 v0x5d6e445ca540_0, 0, 1;
    %pushi/vec4 10, 0, 32;
    %store/vec4 v0x5d6e445ca3a0_0, 0, 32;
    %fork TD_tb_i2c_clk_gen.wait_scl_cycles, S_0x5d6e445ca070;
    %join;
    %wait E_0x5d6e4451bbe0;
    %delay 1000, 0;
    %pushi/vec4 0, 0, 1;
    %store/vec4 v0x5d6e445ca540_0, 0, 1;
    %vpi_call/w 3 199 "$display", "    rise_count = %0d (expected 10)", v0x5d6e445ca850_0 {0 0 0};
    %load/vec4 v0x5d6e445ca850_0;
    %cmpi/e 10, 0, 32;
    %jmp/0xz  T_11.8, 4;
    %vpi_call/w 3 201 "$display", "PASS [SCL_RISING] count=%0d", v0x5d6e445ca850_0 {0 0 0};
    %jmp T_11.9;
T_11.8 ;
    %vpi_call/w 3 203 "$display", "FAIL [SCL_RISING] count=%0d exp=10", v0x5d6e445ca850_0 {0 0 0};
T_11.9 ;
    %vpi_call/w 3 208 "$display", "--- TEST6: scl_falling pulse check ---" {0 0 0};
    %fork TD_tb_i2c_clk_gen.apply_reset, S_0x5d6e4452d510;
    %join;
    %pushi/vec4 4, 0, 16;
    %store/vec4 v0x5d6e445ca740_0, 0, 16;
    %pushi/vec4 0, 0, 32;
    %store/vec4 v0x5d6e445ca5e0_0, 0, 32;
    %pushi/vec4 1, 0, 1;
    %store/vec4 v0x5d6e445ca540_0, 0, 1;
    %pushi/vec4 10, 0, 32;
    %store/vec4 v0x5d6e445ca3a0_0, 0, 32;
    %fork TD_tb_i2c_clk_gen.wait_scl_cycles, S_0x5d6e445ca070;
    %join;
    %wait E_0x5d6e4451bbe0;
    %delay 1000, 0;
    %pushi/vec4 0, 0, 1;
    %store/vec4 v0x5d6e445ca540_0, 0, 1;
    %vpi_call/w 3 218 "$display", "    fall_count = %0d (expected 10)", v0x5d6e445ca5e0_0 {0 0 0};
    %load/vec4 v0x5d6e445ca5e0_0;
    %cmpi/e 10, 0, 32;
    %jmp/0xz  T_11.10, 4;
    %vpi_call/w 3 220 "$display", "PASS [SCL_FALLING] count=%0d", v0x5d6e445ca5e0_0 {0 0 0};
    %jmp T_11.11;
T_11.10 ;
    %vpi_call/w 3 222 "$display", "FAIL [SCL_FALLING] count=%0d exp=10", v0x5d6e445ca5e0_0 {0 0 0};
T_11.11 ;
    %vpi_call/w 3 228 "$display", "--- TEST7: Disable mid transfer ---" {0 0 0};
    %fork TD_tb_i2c_clk_gen.apply_reset, S_0x5d6e4452d510;
    %join;
    %pushi/vec4 4, 0, 16;
    %store/vec4 v0x5d6e445ca740_0, 0, 16;
    %pushi/vec4 1, 0, 1;
    %store/vec4 v0x5d6e445ca540_0, 0, 1;
    %wait E_0x5d6e445202b0;
    %delay 1000, 0;
    %pushi/vec4 0, 0, 1;
    %store/vec4 v0x5d6e445ca540_0, 0, 1;
    %wait E_0x5d6e4451bbe0;
    %delay 1000, 0;
    %wait E_0x5d6e4451bbe0;
    %delay 1000, 0;
    %pushi/vec4 1, 0, 1;
    %store/vec4 v0x5d6e4450fc40_0, 0, 1;
    %pushi/vec4 0, 0, 32; draw_string_vec4
    %pushi/vec4 0, 0, 32; draw_string_vec4
    %concat/vec4; draw_string_vec4
    %pushi/vec4 0, 0, 32; draw_string_vec4
    %concat/vec4; draw_string_vec4
    %pushi/vec4 0, 0, 32; draw_string_vec4
    %concat/vec4; draw_string_vec4
    %pushi/vec4 0, 0, 32; draw_string_vec4
    %concat/vec4; draw_string_vec4
    %pushi/vec4 0, 0, 32; draw_string_vec4
    %concat/vec4; draw_string_vec4
    %pushi/vec4 0, 0, 32; draw_string_vec4
    %concat/vec4; draw_string_vec4
    %pushi/vec4 0, 0, 32; draw_string_vec4
    %concat/vec4; draw_string_vec4
    %pushi/vec4 0, 0, 32; draw_string_vec4
    %concat/vec4; draw_string_vec4
    %pushi/vec4 0, 0, 32; draw_string_vec4
    %concat/vec4; draw_string_vec4
    %pushi/vec4 0, 0, 32; draw_string_vec4
    %concat/vec4; draw_string_vec4
    %pushi/vec4 0, 0, 32; draw_string_vec4
    %concat/vec4; draw_string_vec4
    %pushi/vec4 0, 0, 32; draw_string_vec4
    %concat/vec4; draw_string_vec4
    %pushi/vec4 0, 0, 32; draw_string_vec4
    %concat/vec4; draw_string_vec4
    %pushi/vec4 0, 0, 32; draw_string_vec4
    %concat/vec4; draw_string_vec4
    %pushi/vec4 1145656129, 0, 32; draw_string_vec4
    %concat/vec4; draw_string_vec4
    %pushi/vec4 1112294751, 0, 32; draw_string_vec4
    %concat/vec4; draw_string_vec4
    %pushi/vec4 1296647263, 0, 32; draw_string_vec4
    %concat/vec4; draw_string_vec4
    %pushi/vec4 1396919391, 0, 32; draw_string_vec4
    %concat/vec4; draw_string_vec4
    %pushi/vec4 1212761928, 0, 32; draw_string_vec4
    %concat/vec4; draw_string_vec4
    %store/vec4 v0x5d6e44510450_0, 0, 640;
    %fork TD_tb_i2c_clk_gen.check, S_0x5d6e445379c0;
    %join;
    %vpi_call/w 3 242 "$display", "    SCL released HIGH after disable \342\234\205" {0 0 0};
    %vpi_call/w 3 248 "$display", "--- TEST8: Re-enable SCL ---" {0 0 0};
    %wait E_0x5d6e4451bbe0;
    %delay 1000, 0;
    %pushi/vec4 0, 0, 32;
    %store/vec4 v0x5d6e445ca850_0, 0, 32;
    %pushi/vec4 1, 0, 1;
    %store/vec4 v0x5d6e445ca540_0, 0, 1;
    %pushi/vec4 5, 0, 32;
    %store/vec4 v0x5d6e445ca3a0_0, 0, 32;
    %fork TD_tb_i2c_clk_gen.wait_scl_cycles, S_0x5d6e445ca070;
    %join;
    %wait E_0x5d6e4451bbe0;
    %delay 1000, 0;
    %pushi/vec4 0, 0, 1;
    %store/vec4 v0x5d6e445ca540_0, 0, 1;
    %load/vec4 v0x5d6e445ca850_0;
    %cmpi/e 5, 0, 32;
    %jmp/0xz  T_11.12, 4;
    %vpi_call/w 3 258 "$display", "PASS [RE-ENABLE] SCL restarted cleanly" {0 0 0};
    %jmp T_11.13;
T_11.12 ;
    %vpi_call/w 3 260 "$display", "FAIL [RE-ENABLE] rise_count=%0d exp=5", v0x5d6e445ca850_0 {0 0 0};
T_11.13 ;
    %vpi_call/w 3 262 "$display", "=== tb_i2c_clk_gen DONE ===" {0 0 0};
    %vpi_call/w 3 263 "$finish" {0 0 0};
    %end;
    .thread T_11;
    .scope S_0x5d6e445b3190;
T_12 ;
    %vpi_call/w 3 270 "$dumpfile", "tb_i2c_clk_gen.vcd" {0 0 0};
    %vpi_call/w 3 271 "$dumpvars", 32'sb00000000000000000000000000000000, S_0x5d6e445b3190 {0 0 0};
    %end;
    .thread T_12;
    .scope S_0x5d6e445b3190;
T_13 ;
    %vpi_call/w 3 278 "$monitor", "t=%0t | en=%b pre=%0d | scl=%b rise=%b fall=%b", $time, v0x5d6e445ca540_0, v0x5d6e445ca740_0, v0x5d6e445caa80_0, v0x5d6e445cab50_0, v0x5d6e445ca9b0_0 {0 0 0};
    %end;
    .thread T_13;
# The file index is used to find the file name in the following table.
:file_names 5;
    "N/A";
    "<interactive>";
    "-";
    "tb/tb_i2c_clk_gen.v";
    "master/i2c_clk_gen.v";
