#! /usr/bin/vvp
:ivl_version "12.0 (stable)";
:ivl_delay_selection "TYPICAL";
:vpi_time_precision - 12;
:vpi_module "/usr/lib/x86_64-linux-gnu/ivl/system.vpi";
:vpi_module "/usr/lib/x86_64-linux-gnu/ivl/vhdl_sys.vpi";
:vpi_module "/usr/lib/x86_64-linux-gnu/ivl/vhdl_textio.vpi";
:vpi_module "/usr/lib/x86_64-linux-gnu/ivl/v2005_math.vpi";
:vpi_module "/usr/lib/x86_64-linux-gnu/ivl/va_math.vpi";
:vpi_module "/usr/lib/x86_64-linux-gnu/ivl/v2009.vpi";
S_0x5e5e380287b0 .scope package, "$unit" "$unit" 2 1;
 .timescale 0 0;
S_0x5e5e38011fd0 .scope module, "tb_i2c_master_fsm" "tb_i2c_master_fsm" 3 3;
 .timescale -9 -12;
v0x5e5e38047360_0 .net "arb_lost", 0 0, v0x5e5e38046070_0;  1 drivers
v0x5e5e38047420_0 .net "bit_ctrl_en", 0 0, v0x5e5e38046110_0;  1 drivers
v0x5e5e380474c0_0 .net "busy", 0 0, v0x5e5e380461d0_0;  1 drivers
v0x5e5e38047590_0 .var "busy_captured", 0 0;
v0x5e5e38047630_0 .var "byte_done", 0 0;
v0x5e5e380476d0_0 .var "clk", 0 0;
v0x5e5e380477a0_0 .net "gen_start", 0 0, v0x5e5e38046460_0;  1 drivers
v0x5e5e38047870_0 .var "gen_start_captured", 0 0;
v0x5e5e38047910_0 .net "gen_stop", 0 0, v0x5e5e38046520_0;  1 drivers
v0x5e5e380479e0_0 .var "gen_stop_captured", 0 0;
v0x5e5e38047a80_0 .net "load", 0 0, v0x5e5e380465e0_0;  1 drivers
v0x5e5e38047b50_0 .var "load_captured", 0 0;
v0x5e5e38047bf0_0 .var "resetn", 0 0;
v0x5e5e38047cc0_0 .var "rw", 0 0;
v0x5e5e38047d90_0 .net "rx_wr_en", 0 0, v0x5e5e38046900_0;  1 drivers
v0x5e5e38047e60_0 .var "rx_wr_en_captured", 0 0;
v0x5e5e38047f00_0 .var "sda_sampled", 0 0;
v0x5e5e38047fd0_0 .var "slave_addr", 6 0;
v0x5e5e380480a0_0 .var "start_done", 0 0;
v0x5e5e38048170_0 .var "start_req", 0 0;
v0x5e5e38048240_0 .var "stop_done", 0 0;
v0x5e5e38048310_0 .var "tx_empty", 0 0;
v0x5e5e380483e0_0 .net "tx_rd_en", 0 0, v0x5e5e38047020_0;  1 drivers
v0x5e5e380484b0_0 .var "tx_rd_en_captured", 0 0;
S_0x5e5e380158e0 .scope task, "apply_reset" "apply_reset" 3 89, 3 89 0, S_0x5e5e38011fd0;
 .timescale -9 -12;
E_0x5e5e37f552b0 .event posedge, v0x5e5e380463a0_0;
TD_tb_i2c_master_fsm.apply_reset ;
    %pushi/vec4 0, 0, 1;
    %store/vec4 v0x5e5e38047bf0_0, 0, 1;
    %pushi/vec4 0, 0, 1;
    %store/vec4 v0x5e5e38048170_0, 0, 1;
    %pushi/vec4 0, 0, 1;
    %store/vec4 v0x5e5e38047cc0_0, 0, 1;
    %pushi/vec4 80, 0, 7;
    %store/vec4 v0x5e5e38047fd0_0, 0, 7;
    %pushi/vec4 0, 0, 1;
    %store/vec4 v0x5e5e38048310_0, 0, 1;
    %pushi/vec4 0, 0, 1;
    %store/vec4 v0x5e5e38047630_0, 0, 1;
    %pushi/vec4 0, 0, 1;
    %store/vec4 v0x5e5e38047f00_0, 0, 1;
    %pushi/vec4 0, 0, 1;
    %store/vec4 v0x5e5e380480a0_0, 0, 1;
    %pushi/vec4 0, 0, 1;
    %store/vec4 v0x5e5e38048240_0, 0, 1;
    %pushi/vec4 0, 0, 1;
    %store/vec4 v0x5e5e38047870_0, 0, 1;
    %pushi/vec4 0, 0, 1;
    %store/vec4 v0x5e5e380479e0_0, 0, 1;
    %pushi/vec4 0, 0, 1;
    %store/vec4 v0x5e5e38047b50_0, 0, 1;
    %pushi/vec4 0, 0, 1;
    %store/vec4 v0x5e5e380484b0_0, 0, 1;
    %pushi/vec4 0, 0, 1;
    %store/vec4 v0x5e5e38047e60_0, 0, 1;
    %pushi/vec4 0, 0, 1;
    %store/vec4 v0x5e5e38047590_0, 0, 1;
    %wait E_0x5e5e37f552b0;
    %delay 1000, 0;
    %wait E_0x5e5e37f552b0;
    %delay 1000, 0;
    %pushi/vec4 1, 0, 1;
    %store/vec4 v0x5e5e38047bf0_0, 0, 1;
    %wait E_0x5e5e37f552b0;
    %delay 1000, 0;
    %end;
S_0x5e5e3801ece0 .scope task, "check" "check" 3 118, 3 118 0, S_0x5e5e38011fd0;
 .timescale -9 -12;
v0x5e5e37f4a500_0 .var "exp_val", 0 0;
v0x5e5e37f4a8c0_0 .var "got_val", 0 0;
v0x5e5e37f44950_0 .var "test_name", 640 1;
TD_tb_i2c_master_fsm.check ;
    %load/vec4 v0x5e5e37f4a8c0_0;
    %load/vec4 v0x5e5e37f4a500_0;
    %cmp/ne;
    %jmp/0xz  T_1.0, 6;
    %vpi_call/w 3 124 "$display", "FAIL [%0s] got=%b exp=%b at t=%0t", v0x5e5e37f44950_0, v0x5e5e37f4a8c0_0, v0x5e5e37f4a500_0, $time {0 0 0};
    %jmp T_1.1;
T_1.0 ;
    %vpi_call/w 3 127 "$display", "PASS [%0s] got=%b", v0x5e5e37f44950_0, v0x5e5e37f4a8c0_0 {0 0 0};
T_1.1 ;
    %end;
S_0x5e5e38044f90 .scope task, "clear_captures" "clear_captures" 3 147, 3 147 0, S_0x5e5e38011fd0;
 .timescale -9 -12;
TD_tb_i2c_master_fsm.clear_captures ;
    %pushi/vec4 0, 0, 1;
    %store/vec4 v0x5e5e38047870_0, 0, 1;
    %pushi/vec4 0, 0, 1;
    %store/vec4 v0x5e5e380479e0_0, 0, 1;
    %pushi/vec4 0, 0, 1;
    %store/vec4 v0x5e5e38047b50_0, 0, 1;
    %pushi/vec4 0, 0, 1;
    %store/vec4 v0x5e5e380484b0_0, 0, 1;
    %pushi/vec4 0, 0, 1;
    %store/vec4 v0x5e5e38047e60_0, 0, 1;
    %pushi/vec4 0, 0, 1;
    %store/vec4 v0x5e5e38047590_0, 0, 1;
    %end;
S_0x5e5e38045170 .scope task, "do_read_transfer" "do_read_transfer" 3 248, 3 248 0, S_0x5e5e38011fd0;
 .timescale -9 -12;
TD_tb_i2c_master_fsm.do_read_transfer ;
    %pushi/vec4 1, 0, 1;
    %store/vec4 v0x5e5e38047cc0_0, 0, 1;
    %pushi/vec4 1, 0, 1;
    %store/vec4 v0x5e5e38048170_0, 0, 1;
    %wait E_0x5e5e37f552b0;
    %delay 1000, 0;
    %pushi/vec4 0, 0, 1;
    %store/vec4 v0x5e5e38048170_0, 0, 1;
    %pushi/vec4 2, 0, 32;
T_3.2 %dup/vec4;
    %pushi/vec4 0, 0, 32;
    %cmp/s;
    %jmp/1xz T_3.3, 5;
    %jmp/1 T_3.3, 4;
    %pushi/vec4 1, 0, 32;
    %sub;
    %wait E_0x5e5e37f552b0;
    %jmp T_3.2;
T_3.3 ;
    %pop/vec4 1;
    %delay 1000, 0;
    %pushi/vec4 1, 0, 1;
    %store/vec4 v0x5e5e380480a0_0, 0, 1;
    %wait E_0x5e5e37f552b0;
    %delay 1000, 0;
    %pushi/vec4 0, 0, 1;
    %store/vec4 v0x5e5e380480a0_0, 0, 1;
    %pushi/vec4 2, 0, 32;
T_3.4 %dup/vec4;
    %pushi/vec4 0, 0, 32;
    %cmp/s;
    %jmp/1xz T_3.5, 5;
    %jmp/1 T_3.5, 4;
    %pushi/vec4 1, 0, 32;
    %sub;
    %wait E_0x5e5e37f552b0;
    %jmp T_3.4;
T_3.5 ;
    %pop/vec4 1;
    %delay 1000, 0;
    %pushi/vec4 1, 0, 1;
    %store/vec4 v0x5e5e38047630_0, 0, 1;
    %wait E_0x5e5e37f552b0;
    %delay 1000, 0;
    %pushi/vec4 0, 0, 1;
    %store/vec4 v0x5e5e38047630_0, 0, 1;
    %pushi/vec4 2, 0, 32;
T_3.6 %dup/vec4;
    %pushi/vec4 0, 0, 32;
    %cmp/s;
    %jmp/1xz T_3.7, 5;
    %jmp/1 T_3.7, 4;
    %pushi/vec4 1, 0, 32;
    %sub;
    %wait E_0x5e5e37f552b0;
    %jmp T_3.6;
T_3.7 ;
    %pop/vec4 1;
    %delay 1000, 0;
    %pushi/vec4 0, 0, 1;
    %store/vec4 v0x5e5e38047f00_0, 0, 1;
    %pushi/vec4 1, 0, 1;
    %store/vec4 v0x5e5e38047630_0, 0, 1;
    %wait E_0x5e5e37f552b0;
    %delay 1000, 0;
    %pushi/vec4 0, 0, 1;
    %store/vec4 v0x5e5e38047630_0, 0, 1;
    %pushi/vec4 2, 0, 32;
T_3.8 %dup/vec4;
    %pushi/vec4 0, 0, 32;
    %cmp/s;
    %jmp/1xz T_3.9, 5;
    %jmp/1 T_3.9, 4;
    %pushi/vec4 1, 0, 32;
    %sub;
    %wait E_0x5e5e37f552b0;
    %jmp T_3.8;
T_3.9 ;
    %pop/vec4 1;
    %delay 1000, 0;
    %pushi/vec4 1, 0, 1;
    %store/vec4 v0x5e5e38047630_0, 0, 1;
    %wait E_0x5e5e37f552b0;
    %delay 1000, 0;
    %pushi/vec4 0, 0, 1;
    %store/vec4 v0x5e5e38047630_0, 0, 1;
    %pushi/vec4 2, 0, 32;
T_3.10 %dup/vec4;
    %pushi/vec4 0, 0, 32;
    %cmp/s;
    %jmp/1xz T_3.11, 5;
    %jmp/1 T_3.11, 4;
    %pushi/vec4 1, 0, 32;
    %sub;
    %wait E_0x5e5e37f552b0;
    %jmp T_3.10;
T_3.11 ;
    %pop/vec4 1;
    %delay 1000, 0;
    %pushi/vec4 1, 0, 1;
    %store/vec4 v0x5e5e38047f00_0, 0, 1;
    %pushi/vec4 1, 0, 1;
    %store/vec4 v0x5e5e38047630_0, 0, 1;
    %wait E_0x5e5e37f552b0;
    %delay 1000, 0;
    %pushi/vec4 0, 0, 1;
    %store/vec4 v0x5e5e38047630_0, 0, 1;
    %pushi/vec4 2, 0, 32;
T_3.12 %dup/vec4;
    %pushi/vec4 0, 0, 32;
    %cmp/s;
    %jmp/1xz T_3.13, 5;
    %jmp/1 T_3.13, 4;
    %pushi/vec4 1, 0, 32;
    %sub;
    %wait E_0x5e5e37f552b0;
    %jmp T_3.12;
T_3.13 ;
    %pop/vec4 1;
    %delay 1000, 0;
    %pushi/vec4 1, 0, 1;
    %store/vec4 v0x5e5e38048240_0, 0, 1;
    %wait E_0x5e5e37f552b0;
    %delay 1000, 0;
    %pushi/vec4 0, 0, 1;
    %store/vec4 v0x5e5e38048240_0, 0, 1;
    %pushi/vec4 2, 0, 32;
T_3.14 %dup/vec4;
    %pushi/vec4 0, 0, 32;
    %cmp/s;
    %jmp/1xz T_3.15, 5;
    %jmp/1 T_3.15, 4;
    %pushi/vec4 1, 0, 32;
    %sub;
    %wait E_0x5e5e37f552b0;
    %jmp T_3.14;
T_3.15 ;
    %pop/vec4 1;
    %delay 1000, 0;
    %end;
S_0x5e5e38045350 .scope task, "do_write_transfer" "do_write_transfer" 3 162, 3 162 0, S_0x5e5e38011fd0;
 .timescale -9 -12;
v0x5e5e37f44c00_0 .var "ack_addr", 0 0;
v0x5e5e37f27d50_0 .var "ack_data", 0 0;
v0x5e5e38035930_0 .var "more_data", 0 0;
TD_tb_i2c_master_fsm.do_write_transfer ;
    %pushi/vec4 0, 0, 1;
    %store/vec4 v0x5e5e38047cc0_0, 0, 1;
    %pushi/vec4 1, 0, 1;
    %store/vec4 v0x5e5e38048170_0, 0, 1;
    %wait E_0x5e5e37f552b0;
    %delay 1000, 0;
    %pushi/vec4 0, 0, 1;
    %store/vec4 v0x5e5e38048170_0, 0, 1;
    %pushi/vec4 2, 0, 32;
T_4.16 %dup/vec4;
    %pushi/vec4 0, 0, 32;
    %cmp/s;
    %jmp/1xz T_4.17, 5;
    %jmp/1 T_4.17, 4;
    %pushi/vec4 1, 0, 32;
    %sub;
    %wait E_0x5e5e37f552b0;
    %jmp T_4.16;
T_4.17 ;
    %pop/vec4 1;
    %delay 1000, 0;
    %pushi/vec4 1, 0, 1;
    %store/vec4 v0x5e5e380480a0_0, 0, 1;
    %wait E_0x5e5e37f552b0;
    %delay 1000, 0;
    %pushi/vec4 0, 0, 1;
    %store/vec4 v0x5e5e380480a0_0, 0, 1;
    %pushi/vec4 2, 0, 32;
T_4.18 %dup/vec4;
    %pushi/vec4 0, 0, 32;
    %cmp/s;
    %jmp/1xz T_4.19, 5;
    %jmp/1 T_4.19, 4;
    %pushi/vec4 1, 0, 32;
    %sub;
    %wait E_0x5e5e37f552b0;
    %jmp T_4.18;
T_4.19 ;
    %pop/vec4 1;
    %delay 1000, 0;
    %pushi/vec4 1, 0, 1;
    %store/vec4 v0x5e5e38047630_0, 0, 1;
    %wait E_0x5e5e37f552b0;
    %delay 1000, 0;
    %pushi/vec4 0, 0, 1;
    %store/vec4 v0x5e5e38047630_0, 0, 1;
    %pushi/vec4 2, 0, 32;
T_4.20 %dup/vec4;
    %pushi/vec4 0, 0, 32;
    %cmp/s;
    %jmp/1xz T_4.21, 5;
    %jmp/1 T_4.21, 4;
    %pushi/vec4 1, 0, 32;
    %sub;
    %wait E_0x5e5e37f552b0;
    %jmp T_4.20;
T_4.21 ;
    %pop/vec4 1;
    %delay 1000, 0;
    %load/vec4 v0x5e5e37f44c00_0;
    %store/vec4 v0x5e5e38047f00_0, 0, 1;
    %pushi/vec4 1, 0, 1;
    %store/vec4 v0x5e5e38047630_0, 0, 1;
    %wait E_0x5e5e37f552b0;
    %delay 1000, 0;
    %pushi/vec4 0, 0, 1;
    %store/vec4 v0x5e5e38047630_0, 0, 1;
    %pushi/vec4 2, 0, 32;
T_4.22 %dup/vec4;
    %pushi/vec4 0, 0, 32;
    %cmp/s;
    %jmp/1xz T_4.23, 5;
    %jmp/1 T_4.23, 4;
    %pushi/vec4 1, 0, 32;
    %sub;
    %wait E_0x5e5e37f552b0;
    %jmp T_4.22;
T_4.23 ;
    %pop/vec4 1;
    %delay 1000, 0;
    %load/vec4 v0x5e5e37f44c00_0;
    %flag_set/vec4 8;
    %jmp/0xz  T_4.24, 8;
    %pushi/vec4 1, 0, 1;
    %store/vec4 v0x5e5e38048240_0, 0, 1;
    %wait E_0x5e5e37f552b0;
    %delay 1000, 0;
    %pushi/vec4 0, 0, 1;
    %store/vec4 v0x5e5e38048240_0, 0, 1;
    %pushi/vec4 2, 0, 32;
T_4.26 %dup/vec4;
    %pushi/vec4 0, 0, 32;
    %cmp/s;
    %jmp/1xz T_4.27, 5;
    %jmp/1 T_4.27, 4;
    %pushi/vec4 1, 0, 32;
    %sub;
    %wait E_0x5e5e37f552b0;
    %jmp T_4.26;
T_4.27 ;
    %pop/vec4 1;
    %delay 1000, 0;
    %jmp T_4.25;
T_4.24 ;
    %pushi/vec4 1, 0, 1;
    %store/vec4 v0x5e5e38047630_0, 0, 1;
    %wait E_0x5e5e37f552b0;
    %delay 1000, 0;
    %pushi/vec4 0, 0, 1;
    %store/vec4 v0x5e5e38047630_0, 0, 1;
    %pushi/vec4 2, 0, 32;
T_4.28 %dup/vec4;
    %pushi/vec4 0, 0, 32;
    %cmp/s;
    %jmp/1xz T_4.29, 5;
    %jmp/1 T_4.29, 4;
    %pushi/vec4 1, 0, 32;
    %sub;
    %wait E_0x5e5e37f552b0;
    %jmp T_4.28;
T_4.29 ;
    %pop/vec4 1;
    %delay 1000, 0;
    %load/vec4 v0x5e5e38035930_0;
    %inv;
    %store/vec4 v0x5e5e38048310_0, 0, 1;
    %load/vec4 v0x5e5e37f27d50_0;
    %store/vec4 v0x5e5e38047f00_0, 0, 1;
    %pushi/vec4 1, 0, 1;
    %store/vec4 v0x5e5e38047630_0, 0, 1;
    %wait E_0x5e5e37f552b0;
    %delay 1000, 0;
    %pushi/vec4 0, 0, 1;
    %store/vec4 v0x5e5e38047630_0, 0, 1;
    %pushi/vec4 2, 0, 32;
T_4.30 %dup/vec4;
    %pushi/vec4 0, 0, 32;
    %cmp/s;
    %jmp/1xz T_4.31, 5;
    %jmp/1 T_4.31, 4;
    %pushi/vec4 1, 0, 32;
    %sub;
    %wait E_0x5e5e37f552b0;
    %jmp T_4.30;
T_4.31 ;
    %pop/vec4 1;
    %delay 1000, 0;
    %load/vec4 v0x5e5e38035930_0;
    %flag_set/vec4 9;
    %flag_get/vec4 9;
    %jmp/0 T_4.34, 9;
    %load/vec4 v0x5e5e37f27d50_0;
    %pushi/vec4 0, 0, 1;
    %cmp/e;
    %flag_get/vec4 4;
    %and;
T_4.34;
    %flag_set/vec4 8;
    %jmp/0xz  T_4.32, 8;
    %pushi/vec4 0, 0, 1;
    %store/vec4 v0x5e5e38048310_0, 0, 1;
    %pushi/vec4 1, 0, 1;
    %store/vec4 v0x5e5e38047630_0, 0, 1;
    %wait E_0x5e5e37f552b0;
    %delay 1000, 0;
    %pushi/vec4 0, 0, 1;
    %store/vec4 v0x5e5e38047630_0, 0, 1;
    %pushi/vec4 2, 0, 32;
T_4.35 %dup/vec4;
    %pushi/vec4 0, 0, 32;
    %cmp/s;
    %jmp/1xz T_4.36, 5;
    %jmp/1 T_4.36, 4;
    %pushi/vec4 1, 0, 32;
    %sub;
    %wait E_0x5e5e37f552b0;
    %jmp T_4.35;
T_4.36 ;
    %pop/vec4 1;
    %delay 1000, 0;
    %pushi/vec4 1, 0, 1;
    %store/vec4 v0x5e5e38048310_0, 0, 1;
    %pushi/vec4 0, 0, 1;
    %store/vec4 v0x5e5e38047f00_0, 0, 1;
    %pushi/vec4 1, 0, 1;
    %store/vec4 v0x5e5e38047630_0, 0, 1;
    %wait E_0x5e5e37f552b0;
    %delay 1000, 0;
    %pushi/vec4 0, 0, 1;
    %store/vec4 v0x5e5e38047630_0, 0, 1;
    %pushi/vec4 2, 0, 32;
T_4.37 %dup/vec4;
    %pushi/vec4 0, 0, 32;
    %cmp/s;
    %jmp/1xz T_4.38, 5;
    %jmp/1 T_4.38, 4;
    %pushi/vec4 1, 0, 32;
    %sub;
    %wait E_0x5e5e37f552b0;
    %jmp T_4.37;
T_4.38 ;
    %pop/vec4 1;
    %delay 1000, 0;
T_4.32 ;
    %pushi/vec4 1, 0, 1;
    %store/vec4 v0x5e5e38048240_0, 0, 1;
    %wait E_0x5e5e37f552b0;
    %delay 1000, 0;
    %pushi/vec4 0, 0, 1;
    %store/vec4 v0x5e5e38048240_0, 0, 1;
    %pushi/vec4 2, 0, 32;
T_4.39 %dup/vec4;
    %pushi/vec4 0, 0, 32;
    %cmp/s;
    %jmp/1xz T_4.40, 5;
    %jmp/1 T_4.40, 4;
    %pushi/vec4 1, 0, 32;
    %sub;
    %wait E_0x5e5e37f552b0;
    %jmp T_4.39;
T_4.40 ;
    %pop/vec4 1;
    %delay 1000, 0;
T_4.25 ;
    %end;
S_0x5e5e380455c0 .scope task, "pulse" "pulse" 3 135, 3 135 0, S_0x5e5e38011fd0;
 .timescale -9 -12;
v0x5e5e38035890_0 .var "sig", 0 0;
TD_tb_i2c_master_fsm.pulse ;
    %pushi/vec4 1, 0, 1;
    %store/vec4 v0x5e5e38035890_0, 0, 1;
    %wait E_0x5e5e37f552b0;
    %delay 1000, 0;
    %pushi/vec4 0, 0, 1;
    %store/vec4 v0x5e5e38035890_0, 0, 1;
    %end;
S_0x5e5e380457e0 .scope module, "u_dut" "i2c_master_fsm" 3 40, 4 1 0, S_0x5e5e38011fd0;
 .timescale 0 0;
    .port_info 0 /INPUT 1 "clk";
    .port_info 1 /INPUT 1 "resetn";
    .port_info 2 /INPUT 1 "start";
    .port_info 3 /INPUT 1 "rw";
    .port_info 4 /INPUT 7 "slave_addr";
    .port_info 5 /INPUT 1 "tx_empty";
    .port_info 6 /INPUT 1 "byte_done";
    .port_info 7 /INPUT 1 "sda_sampled";
    .port_info 8 /INPUT 1 "start_done";
    .port_info 9 /INPUT 1 "stop_done";
    .port_info 10 /OUTPUT 1 "gen_start";
    .port_info 11 /OUTPUT 1 "gen_stop";
    .port_info 12 /OUTPUT 1 "bit_ctrl_en";
    .port_info 13 /OUTPUT 1 "load";
    .port_info 14 /OUTPUT 1 "tx_rd_en";
    .port_info 15 /OUTPUT 1 "rx_wr_en";
    .port_info 16 /OUTPUT 1 "arb_lost";
    .port_info 17 /OUTPUT 1 "busy";
    .port_info 18 /OUTPUT 1 "ack_phase";
    .port_info 19 /OUTPUT 4 "state_out";
P_0x5e5e38007cc0 .param/l "ADDR" 1 4 26, C4<0010>;
P_0x5e5e38007d00 .param/l "ADDR_ACK" 1 4 27, C4<0011>;
P_0x5e5e38007d40 .param/l "ARB_LOST" 1 4 32, C4<1000>;
P_0x5e5e38007d80 .param/l "DATA_ACK" 1 4 30, C4<0110>;
P_0x5e5e38007dc0 .param/l "DATA_RX" 1 4 29, C4<0101>;
P_0x5e5e38007e00 .param/l "DATA_TX" 1 4 28, C4<0100>;
P_0x5e5e38007e40 .param/l "IDLE" 1 4 24, C4<0000>;
P_0x5e5e38007e80 .param/l "PREFETCH" 1 4 33, C4<1001>;
P_0x5e5e38007ec0 .param/l "START" 1 4 25, C4<0001>;
P_0x5e5e38007f00 .param/l "STOP" 1 4 31, C4<0111>;
L_0x5e5e37f49b90 .functor BUFZ 4, v0x5e5e38046ce0_0, C4<0000>, C4<0000>, C4<0000>;
L_0x7ab067e6e018 .functor BUFT 1, C4<0101>, C4<0>, C4<0>, C4<0>;
v0x5e5e38045eb0_0 .net/2u *"_ivl_2", 3 0, L_0x7ab067e6e018;  1 drivers
v0x5e5e38045fb0_0 .net "ack_phase", 0 0, L_0x5e5e380485e0;  1 drivers
v0x5e5e38046070_0 .var "arb_lost", 0 0;
v0x5e5e38046110_0 .var "bit_ctrl_en", 0 0;
v0x5e5e380461d0_0 .var "busy", 0 0;
v0x5e5e380462e0_0 .net "byte_done", 0 0, v0x5e5e38047630_0;  1 drivers
v0x5e5e380463a0_0 .net "clk", 0 0, v0x5e5e380476d0_0;  1 drivers
v0x5e5e38046460_0 .var "gen_start", 0 0;
v0x5e5e38046520_0 .var "gen_stop", 0 0;
v0x5e5e380465e0_0 .var "load", 0 0;
v0x5e5e380466a0_0 .var "next_state", 3 0;
v0x5e5e38046780_0 .net "resetn", 0 0, v0x5e5e38047bf0_0;  1 drivers
v0x5e5e38046840_0 .net "rw", 0 0, v0x5e5e38047cc0_0;  1 drivers
v0x5e5e38046900_0 .var "rx_wr_en", 0 0;
v0x5e5e380469c0_0 .net "sda_sampled", 0 0, v0x5e5e38047f00_0;  1 drivers
v0x5e5e38046a80_0 .net "slave_addr", 6 0, v0x5e5e38047fd0_0;  1 drivers
v0x5e5e38046b60_0 .net "start", 0 0, v0x5e5e38048170_0;  1 drivers
v0x5e5e38046c20_0 .net "start_done", 0 0, v0x5e5e380480a0_0;  1 drivers
v0x5e5e38046ce0_0 .var "state", 3 0;
v0x5e5e38046dc0_0 .net "state_out", 3 0, L_0x5e5e37f49b90;  1 drivers
v0x5e5e38046ea0_0 .net "stop_done", 0 0, v0x5e5e38048240_0;  1 drivers
v0x5e5e38046f60_0 .net "tx_empty", 0 0, v0x5e5e38048310_0;  1 drivers
v0x5e5e38047020_0 .var "tx_rd_en", 0 0;
E_0x5e5e37f50be0/0 .event anyedge, v0x5e5e38046ce0_0, v0x5e5e38046b60_0, v0x5e5e38046c20_0, v0x5e5e380462e0_0;
E_0x5e5e37f50be0/1 .event anyedge, v0x5e5e380469c0_0, v0x5e5e38046840_0, v0x5e5e38046f60_0, v0x5e5e38046ea0_0;
E_0x5e5e37f50be0 .event/or E_0x5e5e37f50be0/0, E_0x5e5e37f50be0/1;
E_0x5e5e37f507d0/0 .event negedge, v0x5e5e38046780_0;
E_0x5e5e37f507d0/1 .event posedge, v0x5e5e380463a0_0;
E_0x5e5e37f507d0 .event/or E_0x5e5e37f507d0/0, E_0x5e5e37f507d0/1;
L_0x5e5e380485e0 .cmp/eq 4, v0x5e5e38046ce0_0, L_0x7ab067e6e018;
    .scope S_0x5e5e380457e0;
T_6 ;
    %wait E_0x5e5e37f507d0;
    %load/vec4 v0x5e5e38046780_0;
    %nor/r;
    %flag_set/vec4 8;
    %jmp/0xz  T_6.0, 8;
    %pushi/vec4 0, 0, 4;
    %assign/vec4 v0x5e5e38046ce0_0, 0;
    %jmp T_6.1;
T_6.0 ;
    %load/vec4 v0x5e5e380466a0_0;
    %assign/vec4 v0x5e5e38046ce0_0, 0;
T_6.1 ;
    %jmp T_6;
    .thread T_6;
    .scope S_0x5e5e380457e0;
T_7 ;
    %wait E_0x5e5e37f50be0;
    %load/vec4 v0x5e5e38046ce0_0;
    %store/vec4 v0x5e5e380466a0_0, 0, 4;
    %pushi/vec4 0, 0, 1;
    %store/vec4 v0x5e5e38046460_0, 0, 1;
    %pushi/vec4 0, 0, 1;
    %store/vec4 v0x5e5e38046520_0, 0, 1;
    %pushi/vec4 0, 0, 1;
    %store/vec4 v0x5e5e38046110_0, 0, 1;
    %pushi/vec4 0, 0, 1;
    %store/vec4 v0x5e5e380465e0_0, 0, 1;
    %pushi/vec4 0, 0, 1;
    %store/vec4 v0x5e5e38047020_0, 0, 1;
    %pushi/vec4 0, 0, 1;
    %store/vec4 v0x5e5e38046900_0, 0, 1;
    %pushi/vec4 0, 0, 1;
    %store/vec4 v0x5e5e38046070_0, 0, 1;
    %pushi/vec4 1, 0, 1;
    %store/vec4 v0x5e5e380461d0_0, 0, 1;
    %load/vec4 v0x5e5e38046ce0_0;
    %dup/vec4;
    %pushi/vec4 0, 0, 4;
    %cmp/u;
    %jmp/1 T_7.0, 6;
    %dup/vec4;
    %pushi/vec4 1, 0, 4;
    %cmp/u;
    %jmp/1 T_7.1, 6;
    %dup/vec4;
    %pushi/vec4 2, 0, 4;
    %cmp/u;
    %jmp/1 T_7.2, 6;
    %dup/vec4;
    %pushi/vec4 3, 0, 4;
    %cmp/u;
    %jmp/1 T_7.3, 6;
    %dup/vec4;
    %pushi/vec4 9, 0, 4;
    %cmp/u;
    %jmp/1 T_7.4, 6;
    %dup/vec4;
    %pushi/vec4 4, 0, 4;
    %cmp/u;
    %jmp/1 T_7.5, 6;
    %dup/vec4;
    %pushi/vec4 5, 0, 4;
    %cmp/u;
    %jmp/1 T_7.6, 6;
    %dup/vec4;
    %pushi/vec4 6, 0, 4;
    %cmp/u;
    %jmp/1 T_7.7, 6;
    %dup/vec4;
    %pushi/vec4 7, 0, 4;
    %cmp/u;
    %jmp/1 T_7.8, 6;
    %pushi/vec4 0, 0, 4;
    %store/vec4 v0x5e5e380466a0_0, 0, 4;
    %jmp T_7.10;
T_7.0 ;
    %pushi/vec4 0, 0, 1;
    %store/vec4 v0x5e5e380461d0_0, 0, 1;
    %load/vec4 v0x5e5e38046b60_0;
    %flag_set/vec4 8;
    %jmp/0xz  T_7.11, 8;
    %pushi/vec4 1, 0, 4;
    %store/vec4 v0x5e5e380466a0_0, 0, 4;
T_7.11 ;
    %jmp T_7.10;
T_7.1 ;
    %pushi/vec4 1, 0, 1;
    %store/vec4 v0x5e5e38046460_0, 0, 1;
    %load/vec4 v0x5e5e38046c20_0;
    %flag_set/vec4 8;
    %jmp/0xz  T_7.13, 8;
    %pushi/vec4 1, 0, 1;
    %store/vec4 v0x5e5e380465e0_0, 0, 1;
    %pushi/vec4 2, 0, 4;
    %store/vec4 v0x5e5e380466a0_0, 0, 4;
T_7.13 ;
    %jmp T_7.10;
T_7.2 ;
    %pushi/vec4 1, 0, 1;
    %store/vec4 v0x5e5e38046110_0, 0, 1;
    %load/vec4 v0x5e5e380462e0_0;
    %flag_set/vec4 8;
    %jmp/0xz  T_7.15, 8;
    %pushi/vec4 3, 0, 4;
    %store/vec4 v0x5e5e380466a0_0, 0, 4;
T_7.15 ;
    %jmp T_7.10;
T_7.3 ;
    %pushi/vec4 1, 0, 1;
    %store/vec4 v0x5e5e38046110_0, 0, 1;
    %load/vec4 v0x5e5e380462e0_0;
    %flag_set/vec4 8;
    %jmp/0xz  T_7.17, 8;
    %load/vec4 v0x5e5e380469c0_0;
    %nor/r;
    %flag_set/vec4 8;
    %jmp/0xz  T_7.19, 8;
    %load/vec4 v0x5e5e38046840_0;
    %flag_set/vec4 8;
    %jmp/0xz  T_7.21, 8;
    %pushi/vec4 5, 0, 4;
    %store/vec4 v0x5e5e380466a0_0, 0, 4;
    %jmp T_7.22;
T_7.21 ;
    %load/vec4 v0x5e5e38046f60_0;
    %nor/r;
    %flag_set/vec4 8;
    %jmp/0xz  T_7.23, 8;
    %pushi/vec4 1, 0, 1;
    %store/vec4 v0x5e5e38047020_0, 0, 1;
    %pushi/vec4 9, 0, 4;
    %store/vec4 v0x5e5e380466a0_0, 0, 4;
    %jmp T_7.24;
T_7.23 ;
    %pushi/vec4 1, 0, 1;
    %store/vec4 v0x5e5e38046520_0, 0, 1;
    %pushi/vec4 7, 0, 4;
    %store/vec4 v0x5e5e380466a0_0, 0, 4;
T_7.24 ;
T_7.22 ;
    %jmp T_7.20;
T_7.19 ;
    %pushi/vec4 1, 0, 1;
    %store/vec4 v0x5e5e38046520_0, 0, 1;
    %pushi/vec4 7, 0, 4;
    %store/vec4 v0x5e5e380466a0_0, 0, 4;
T_7.20 ;
T_7.17 ;
    %jmp T_7.10;
T_7.4 ;
    %pushi/vec4 1, 0, 1;
    %store/vec4 v0x5e5e380465e0_0, 0, 1;
    %pushi/vec4 4, 0, 4;
    %store/vec4 v0x5e5e380466a0_0, 0, 4;
    %jmp T_7.10;
T_7.5 ;
    %pushi/vec4 1, 0, 1;
    %store/vec4 v0x5e5e38046110_0, 0, 1;
    %load/vec4 v0x5e5e380462e0_0;
    %flag_set/vec4 8;
    %jmp/0xz  T_7.25, 8;
    %pushi/vec4 6, 0, 4;
    %store/vec4 v0x5e5e380466a0_0, 0, 4;
T_7.25 ;
    %jmp T_7.10;
T_7.6 ;
    %pushi/vec4 1, 0, 1;
    %store/vec4 v0x5e5e38046110_0, 0, 1;
    %load/vec4 v0x5e5e380462e0_0;
    %flag_set/vec4 8;
    %jmp/0xz  T_7.27, 8;
    %pushi/vec4 1, 0, 1;
    %store/vec4 v0x5e5e38046900_0, 0, 1;
    %pushi/vec4 6, 0, 4;
    %store/vec4 v0x5e5e380466a0_0, 0, 4;
T_7.27 ;
    %jmp T_7.10;
T_7.7 ;
    %pushi/vec4 1, 0, 1;
    %store/vec4 v0x5e5e38046110_0, 0, 1;
    %load/vec4 v0x5e5e380462e0_0;
    %flag_set/vec4 8;
    %jmp/0xz  T_7.29, 8;
    %load/vec4 v0x5e5e38046b60_0;
    %flag_set/vec4 8;
    %jmp/0xz  T_7.31, 8;
    %pushi/vec4 1, 0, 4;
    %store/vec4 v0x5e5e380466a0_0, 0, 4;
    %jmp T_7.32;
T_7.31 ;
    %load/vec4 v0x5e5e380469c0_0;
    %nor/r;
    %flag_set/vec4 10;
    %flag_get/vec4 10;
    %jmp/0 T_7.36, 10;
    %load/vec4 v0x5e5e38046840_0;
    %nor/r;
    %and;
T_7.36;
    %flag_set/vec4 9;
    %flag_get/vec4 9;
    %jmp/0 T_7.35, 9;
    %load/vec4 v0x5e5e38046f60_0;
    %nor/r;
    %and;
T_7.35;
    %flag_set/vec4 8;
    %jmp/0xz  T_7.33, 8;
    %pushi/vec4 1, 0, 1;
    %store/vec4 v0x5e5e38047020_0, 0, 1;
    %pushi/vec4 9, 0, 4;
    %store/vec4 v0x5e5e380466a0_0, 0, 4;
    %jmp T_7.34;
T_7.33 ;
    %pushi/vec4 1, 0, 1;
    %store/vec4 v0x5e5e38046520_0, 0, 1;
    %pushi/vec4 7, 0, 4;
    %store/vec4 v0x5e5e380466a0_0, 0, 4;
T_7.34 ;
T_7.32 ;
T_7.29 ;
    %jmp T_7.10;
T_7.8 ;
    %pushi/vec4 1, 0, 1;
    %store/vec4 v0x5e5e38046520_0, 0, 1;
    %load/vec4 v0x5e5e38046ea0_0;
    %flag_set/vec4 8;
    %jmp/0xz  T_7.37, 8;
    %pushi/vec4 0, 0, 4;
    %store/vec4 v0x5e5e380466a0_0, 0, 4;
T_7.37 ;
    %jmp T_7.10;
T_7.10 ;
    %pop/vec4 1;
    %jmp T_7;
    .thread T_7, $push;
    .scope S_0x5e5e38011fd0;
T_8 ;
    %pushi/vec4 0, 0, 1;
    %store/vec4 v0x5e5e380476d0_0, 0, 1;
    %end;
    .thread T_8;
    .scope S_0x5e5e38011fd0;
T_9 ;
    %delay 5000, 0;
    %load/vec4 v0x5e5e380476d0_0;
    %inv;
    %store/vec4 v0x5e5e380476d0_0, 0, 1;
    %jmp T_9;
    .thread T_9;
    .scope S_0x5e5e38011fd0;
T_10 ;
    %wait E_0x5e5e37f552b0;
    %load/vec4 v0x5e5e380477a0_0;
    %flag_set/vec4 8;
    %jmp/0xz  T_10.0, 8;
    %pushi/vec4 1, 0, 1;
    %assign/vec4 v0x5e5e38047870_0, 0;
T_10.0 ;
    %load/vec4 v0x5e5e38047910_0;
    %flag_set/vec4 8;
    %jmp/0xz  T_10.2, 8;
    %pushi/vec4 1, 0, 1;
    %assign/vec4 v0x5e5e380479e0_0, 0;
T_10.2 ;
    %load/vec4 v0x5e5e38047a80_0;
    %flag_set/vec4 8;
    %jmp/0xz  T_10.4, 8;
    %pushi/vec4 1, 0, 1;
    %assign/vec4 v0x5e5e38047b50_0, 0;
T_10.4 ;
    %load/vec4 v0x5e5e380483e0_0;
    %flag_set/vec4 8;
    %jmp/0xz  T_10.6, 8;
    %pushi/vec4 1, 0, 1;
    %assign/vec4 v0x5e5e380484b0_0, 0;
T_10.6 ;
    %load/vec4 v0x5e5e38047d90_0;
    %flag_set/vec4 8;
    %jmp/0xz  T_10.8, 8;
    %pushi/vec4 1, 0, 1;
    %assign/vec4 v0x5e5e38047e60_0, 0;
T_10.8 ;
    %load/vec4 v0x5e5e380474c0_0;
    %flag_set/vec4 8;
    %jmp/0xz  T_10.10, 8;
    %pushi/vec4 1, 0, 1;
    %assign/vec4 v0x5e5e38047590_0, 0;
T_10.10 ;
    %jmp T_10;
    .thread T_10;
    .scope S_0x5e5e38011fd0;
T_11 ;
    %vpi_call/w 3 302 "$display", "=== tb_i2c_master_fsm START ===" {0 0 0};
    %vpi_call/w 3 307 "$display", "--- TEST1: Reset ---" {0 0 0};
    %fork TD_tb_i2c_master_fsm.apply_reset, S_0x5e5e380158e0;
    %join;
    %pushi/vec4 0, 0, 1;
    %store/vec4 v0x5e5e37f4a500_0, 0, 1;
    %load/vec4 v0x5e5e380477a0_0;
    %store/vec4 v0x5e5e37f4a8c0_0, 0, 1;
    %pushi/vec4 0, 0, 32; draw_string_vec4
    %pushi/vec4 0, 0, 32; draw_string_vec4
    %concat/vec4; draw_string_vec4
    %pushi/vec4 0, 0, 32; draw_string_vec4
    %concat/vec4; draw_string_vec4
    %pushi/vec4 0, 0, 32; draw_string_vec4
    %concat/vec4; draw_string_vec4
    %pushi/vec4 0, 0, 32; draw_string_vec4
    %concat/vec4; draw_string_vec4
    %pushi/vec4 0, 0, 32; draw_string_vec4
    %concat/vec4; draw_string_vec4
    %pushi/vec4 0, 0, 32; draw_string_vec4
    %concat/vec4; draw_string_vec4
    %pushi/vec4 0, 0, 32; draw_string_vec4
    %concat/vec4; draw_string_vec4
    %pushi/vec4 0, 0, 32; draw_string_vec4
    %concat/vec4; draw_string_vec4
    %pushi/vec4 0, 0, 32; draw_string_vec4
    %concat/vec4; draw_string_vec4
    %pushi/vec4 0, 0, 32; draw_string_vec4
    %concat/vec4; draw_string_vec4
    %pushi/vec4 0, 0, 32; draw_string_vec4
    %concat/vec4; draw_string_vec4
    %pushi/vec4 0, 0, 32; draw_string_vec4
    %concat/vec4; draw_string_vec4
    %pushi/vec4 0, 0, 32; draw_string_vec4
    %concat/vec4; draw_string_vec4
    %pushi/vec4 0, 0, 32; draw_string_vec4
    %concat/vec4; draw_string_vec4
    %pushi/vec4 0, 0, 32; draw_string_vec4
    %concat/vec4; draw_string_vec4
    %pushi/vec4 5391699, 0, 32; draw_string_vec4
    %concat/vec4; draw_string_vec4
    %pushi/vec4 1163157319, 0, 32; draw_string_vec4
    %concat/vec4; draw_string_vec4
    %pushi/vec4 1162764115, 0, 32; draw_string_vec4
    %concat/vec4; draw_string_vec4
    %pushi/vec4 1413567060, 0, 32; draw_string_vec4
    %concat/vec4; draw_string_vec4
    %store/vec4 v0x5e5e37f44950_0, 0, 640;
    %fork TD_tb_i2c_master_fsm.check, S_0x5e5e3801ece0;
    %join;
    %pushi/vec4 0, 0, 1;
    %store/vec4 v0x5e5e37f4a500_0, 0, 1;
    %load/vec4 v0x5e5e38047910_0;
    %store/vec4 v0x5e5e37f4a8c0_0, 0, 1;
    %pushi/vec4 0, 0, 32; draw_string_vec4
    %pushi/vec4 0, 0, 32; draw_string_vec4
    %concat/vec4; draw_string_vec4
    %pushi/vec4 0, 0, 32; draw_string_vec4
    %concat/vec4; draw_string_vec4
    %pushi/vec4 0, 0, 32; draw_string_vec4
    %concat/vec4; draw_string_vec4
    %pushi/vec4 0, 0, 32; draw_string_vec4
    %concat/vec4; draw_string_vec4
    %pushi/vec4 0, 0, 32; draw_string_vec4
    %concat/vec4; draw_string_vec4
    %pushi/vec4 0, 0, 32; draw_string_vec4
    %concat/vec4; draw_string_vec4
    %pushi/vec4 0, 0, 32; draw_string_vec4
    %concat/vec4; draw_string_vec4
    %pushi/vec4 0, 0, 32; draw_string_vec4
    %concat/vec4; draw_string_vec4
    %pushi/vec4 0, 0, 32; draw_string_vec4
    %concat/vec4; draw_string_vec4
    %pushi/vec4 0, 0, 32; draw_string_vec4
    %concat/vec4; draw_string_vec4
    %pushi/vec4 0, 0, 32; draw_string_vec4
    %concat/vec4; draw_string_vec4
    %pushi/vec4 0, 0, 32; draw_string_vec4
    %concat/vec4; draw_string_vec4
    %pushi/vec4 0, 0, 32; draw_string_vec4
    %concat/vec4; draw_string_vec4
    %pushi/vec4 0, 0, 32; draw_string_vec4
    %concat/vec4; draw_string_vec4
    %pushi/vec4 0, 0, 32; draw_string_vec4
    %concat/vec4; draw_string_vec4
    %pushi/vec4 21061, 0, 32; draw_string_vec4
    %concat/vec4; draw_string_vec4
    %pushi/vec4 1397052511, 0, 32; draw_string_vec4
    %concat/vec4; draw_string_vec4
    %pushi/vec4 1195724383, 0, 32; draw_string_vec4
    %concat/vec4; draw_string_vec4
    %pushi/vec4 1398034256, 0, 32; draw_string_vec4
    %concat/vec4; draw_string_vec4
    %store/vec4 v0x5e5e37f44950_0, 0, 640;
    %fork TD_tb_i2c_master_fsm.check, S_0x5e5e3801ece0;
    %join;
    %pushi/vec4 0, 0, 1;
    %store/vec4 v0x5e5e37f4a500_0, 0, 1;
    %load/vec4 v0x5e5e38047420_0;
    %store/vec4 v0x5e5e37f4a8c0_0, 0, 1;
    %pushi/vec4 0, 0, 32; draw_string_vec4
    %pushi/vec4 0, 0, 32; draw_string_vec4
    %concat/vec4; draw_string_vec4
    %pushi/vec4 0, 0, 32; draw_string_vec4
    %concat/vec4; draw_string_vec4
    %pushi/vec4 0, 0, 32; draw_string_vec4
    %concat/vec4; draw_string_vec4
    %pushi/vec4 0, 0, 32; draw_string_vec4
    %concat/vec4; draw_string_vec4
    %pushi/vec4 0, 0, 32; draw_string_vec4
    %concat/vec4; draw_string_vec4
    %pushi/vec4 0, 0, 32; draw_string_vec4
    %concat/vec4; draw_string_vec4
    %pushi/vec4 0, 0, 32; draw_string_vec4
    %concat/vec4; draw_string_vec4
    %pushi/vec4 0, 0, 32; draw_string_vec4
    %concat/vec4; draw_string_vec4
    %pushi/vec4 0, 0, 32; draw_string_vec4
    %concat/vec4; draw_string_vec4
    %pushi/vec4 0, 0, 32; draw_string_vec4
    %concat/vec4; draw_string_vec4
    %pushi/vec4 0, 0, 32; draw_string_vec4
    %concat/vec4; draw_string_vec4
    %pushi/vec4 0, 0, 32; draw_string_vec4
    %concat/vec4; draw_string_vec4
    %pushi/vec4 0, 0, 32; draw_string_vec4
    %concat/vec4; draw_string_vec4
    %pushi/vec4 0, 0, 32; draw_string_vec4
    %concat/vec4; draw_string_vec4
    %pushi/vec4 0, 0, 32; draw_string_vec4
    %concat/vec4; draw_string_vec4
    %pushi/vec4 1380275013, 0, 32; draw_string_vec4
    %concat/vec4; draw_string_vec4
    %pushi/vec4 1415529033, 0, 32; draw_string_vec4
    %concat/vec4; draw_string_vec4
    %pushi/vec4 1413698642, 0, 32; draw_string_vec4
    %concat/vec4; draw_string_vec4
    %pushi/vec4 1281312078, 0, 32; draw_string_vec4
    %concat/vec4; draw_string_vec4
    %store/vec4 v0x5e5e37f44950_0, 0, 640;
    %fork TD_tb_i2c_master_fsm.check, S_0x5e5e3801ece0;
    %join;
    %pushi/vec4 0, 0, 1;
    %store/vec4 v0x5e5e37f4a500_0, 0, 1;
    %load/vec4 v0x5e5e38047a80_0;
    %store/vec4 v0x5e5e37f4a8c0_0, 0, 1;
    %pushi/vec4 0, 0, 32; draw_string_vec4
    %pushi/vec4 0, 0, 32; draw_string_vec4
    %concat/vec4; draw_string_vec4
    %pushi/vec4 0, 0, 32; draw_string_vec4
    %concat/vec4; draw_string_vec4
    %pushi/vec4 0, 0, 32; draw_string_vec4
    %concat/vec4; draw_string_vec4
    %pushi/vec4 0, 0, 32; draw_string_vec4
    %concat/vec4; draw_string_vec4
    %pushi/vec4 0, 0, 32; draw_string_vec4
    %concat/vec4; draw_string_vec4
    %pushi/vec4 0, 0, 32; draw_string_vec4
    %concat/vec4; draw_string_vec4
    %pushi/vec4 0, 0, 32; draw_string_vec4
    %concat/vec4; draw_string_vec4
    %pushi/vec4 0, 0, 32; draw_string_vec4
    %concat/vec4; draw_string_vec4
    %pushi/vec4 0, 0, 32; draw_string_vec4
    %concat/vec4; draw_string_vec4
    %pushi/vec4 0, 0, 32; draw_string_vec4
    %concat/vec4; draw_string_vec4
    %pushi/vec4 0, 0, 32; draw_string_vec4
    %concat/vec4; draw_string_vec4
    %pushi/vec4 0, 0, 32; draw_string_vec4
    %concat/vec4; draw_string_vec4
    %pushi/vec4 0, 0, 32; draw_string_vec4
    %concat/vec4; draw_string_vec4
    %pushi/vec4 0, 0, 32; draw_string_vec4
    %concat/vec4; draw_string_vec4
    %pushi/vec4 0, 0, 32; draw_string_vec4
    %concat/vec4; draw_string_vec4
    %pushi/vec4 0, 0, 32; draw_string_vec4
    %concat/vec4; draw_string_vec4
    %pushi/vec4 21061, 0, 32; draw_string_vec4
    %concat/vec4; draw_string_vec4
    %pushi/vec4 1397052511, 0, 32; draw_string_vec4
    %concat/vec4; draw_string_vec4
    %pushi/vec4 1280262468, 0, 32; draw_string_vec4
    %concat/vec4; draw_string_vec4
    %store/vec4 v0x5e5e37f44950_0, 0, 640;
    %fork TD_tb_i2c_master_fsm.check, S_0x5e5e3801ece0;
    %join;
    %pushi/vec4 0, 0, 1;
    %store/vec4 v0x5e5e37f4a500_0, 0, 1;
    %load/vec4 v0x5e5e380474c0_0;
    %store/vec4 v0x5e5e37f4a8c0_0, 0, 1;
    %pushi/vec4 0, 0, 32; draw_string_vec4
    %pushi/vec4 0, 0, 32; draw_string_vec4
    %concat/vec4; draw_string_vec4
    %pushi/vec4 0, 0, 32; draw_string_vec4
    %concat/vec4; draw_string_vec4
    %pushi/vec4 0, 0, 32; draw_string_vec4
    %concat/vec4; draw_string_vec4
    %pushi/vec4 0, 0, 32; draw_string_vec4
    %concat/vec4; draw_string_vec4
    %pushi/vec4 0, 0, 32; draw_string_vec4
    %concat/vec4; draw_string_vec4
    %pushi/vec4 0, 0, 32; draw_string_vec4
    %concat/vec4; draw_string_vec4
    %pushi/vec4 0, 0, 32; draw_string_vec4
    %concat/vec4; draw_string_vec4
    %pushi/vec4 0, 0, 32; draw_string_vec4
    %concat/vec4; draw_string_vec4
    %pushi/vec4 0, 0, 32; draw_string_vec4
    %concat/vec4; draw_string_vec4
    %pushi/vec4 0, 0, 32; draw_string_vec4
    %concat/vec4; draw_string_vec4
    %pushi/vec4 0, 0, 32; draw_string_vec4
    %concat/vec4; draw_string_vec4
    %pushi/vec4 0, 0, 32; draw_string_vec4
    %concat/vec4; draw_string_vec4
    %pushi/vec4 0, 0, 32; draw_string_vec4
    %concat/vec4; draw_string_vec4
    %pushi/vec4 0, 0, 32; draw_string_vec4
    %concat/vec4; draw_string_vec4
    %pushi/vec4 0, 0, 32; draw_string_vec4
    %concat/vec4; draw_string_vec4
    %pushi/vec4 0, 0, 32; draw_string_vec4
    %concat/vec4; draw_string_vec4
    %pushi/vec4 21061, 0, 32; draw_string_vec4
    %concat/vec4; draw_string_vec4
    %pushi/vec4 1397052511, 0, 32; draw_string_vec4
    %concat/vec4; draw_string_vec4
    %pushi/vec4 1112888153, 0, 32; draw_string_vec4
    %concat/vec4; draw_string_vec4
    %store/vec4 v0x5e5e37f44950_0, 0, 640;
    %fork TD_tb_i2c_master_fsm.check, S_0x5e5e3801ece0;
    %join;
    %vpi_call/w 3 320 "$display", "--- TEST2: IDLE no start_req ---" {0 0 0};
    %fork TD_tb_i2c_master_fsm.apply_reset, S_0x5e5e380158e0;
    %join;
    %pushi/vec4 10, 0, 32;
T_11.0 %dup/vec4;
    %pushi/vec4 0, 0, 32;
    %cmp/s;
    %jmp/1xz T_11.1, 5;
    %jmp/1 T_11.1, 4;
    %pushi/vec4 1, 0, 32;
    %sub;
    %wait E_0x5e5e37f552b0;
    %jmp T_11.0;
T_11.1 ;
    %pop/vec4 1;
    %delay 1000, 0;
    %pushi/vec4 0, 0, 1;
    %store/vec4 v0x5e5e37f4a500_0, 0, 1;
    %load/vec4 v0x5e5e380474c0_0;
    %store/vec4 v0x5e5e37f4a8c0_0, 0, 1;
    %pushi/vec4 0, 0, 32; draw_string_vec4
    %pushi/vec4 0, 0, 32; draw_string_vec4
    %concat/vec4; draw_string_vec4
    %pushi/vec4 0, 0, 32; draw_string_vec4
    %concat/vec4; draw_string_vec4
    %pushi/vec4 0, 0, 32; draw_string_vec4
    %concat/vec4; draw_string_vec4
    %pushi/vec4 0, 0, 32; draw_string_vec4
    %concat/vec4; draw_string_vec4
    %pushi/vec4 0, 0, 32; draw_string_vec4
    %concat/vec4; draw_string_vec4
    %pushi/vec4 0, 0, 32; draw_string_vec4
    %concat/vec4; draw_string_vec4
    %pushi/vec4 0, 0, 32; draw_string_vec4
    %concat/vec4; draw_string_vec4
    %pushi/vec4 0, 0, 32; draw_string_vec4
    %concat/vec4; draw_string_vec4
    %pushi/vec4 0, 0, 32; draw_string_vec4
    %concat/vec4; draw_string_vec4
    %pushi/vec4 0, 0, 32; draw_string_vec4
    %concat/vec4; draw_string_vec4
    %pushi/vec4 0, 0, 32; draw_string_vec4
    %concat/vec4; draw_string_vec4
    %pushi/vec4 0, 0, 32; draw_string_vec4
    %concat/vec4; draw_string_vec4
    %pushi/vec4 0, 0, 32; draw_string_vec4
    %concat/vec4; draw_string_vec4
    %pushi/vec4 0, 0, 32; draw_string_vec4
    %concat/vec4; draw_string_vec4
    %pushi/vec4 0, 0, 32; draw_string_vec4
    %concat/vec4; draw_string_vec4
    %pushi/vec4 73, 0, 32; draw_string_vec4
    %concat/vec4; draw_string_vec4
    %pushi/vec4 1145849183, 0, 32; draw_string_vec4
    %concat/vec4; draw_string_vec4
    %pushi/vec4 1313821791, 0, 32; draw_string_vec4
    %concat/vec4; draw_string_vec4
    %pushi/vec4 1112888153, 0, 32; draw_string_vec4
    %concat/vec4; draw_string_vec4
    %store/vec4 v0x5e5e37f44950_0, 0, 640;
    %fork TD_tb_i2c_master_fsm.check, S_0x5e5e3801ece0;
    %join;
    %pushi/vec4 0, 0, 1;
    %store/vec4 v0x5e5e37f4a500_0, 0, 1;
    %load/vec4 v0x5e5e380477a0_0;
    %store/vec4 v0x5e5e37f4a8c0_0, 0, 1;
    %pushi/vec4 0, 0, 32; draw_string_vec4
    %pushi/vec4 0, 0, 32; draw_string_vec4
    %concat/vec4; draw_string_vec4
    %pushi/vec4 0, 0, 32; draw_string_vec4
    %concat/vec4; draw_string_vec4
    %pushi/vec4 0, 0, 32; draw_string_vec4
    %concat/vec4; draw_string_vec4
    %pushi/vec4 0, 0, 32; draw_string_vec4
    %concat/vec4; draw_string_vec4
    %pushi/vec4 0, 0, 32; draw_string_vec4
    %concat/vec4; draw_string_vec4
    %pushi/vec4 0, 0, 32; draw_string_vec4
    %concat/vec4; draw_string_vec4
    %pushi/vec4 0, 0, 32; draw_string_vec4
    %concat/vec4; draw_string_vec4
    %pushi/vec4 0, 0, 32; draw_string_vec4
    %concat/vec4; draw_string_vec4
    %pushi/vec4 0, 0, 32; draw_string_vec4
    %concat/vec4; draw_string_vec4
    %pushi/vec4 0, 0, 32; draw_string_vec4
    %concat/vec4; draw_string_vec4
    %pushi/vec4 0, 0, 32; draw_string_vec4
    %concat/vec4; draw_string_vec4
    %pushi/vec4 0, 0, 32; draw_string_vec4
    %concat/vec4; draw_string_vec4
    %pushi/vec4 0, 0, 32; draw_string_vec4
    %concat/vec4; draw_string_vec4
    %pushi/vec4 0, 0, 32; draw_string_vec4
    %concat/vec4; draw_string_vec4
    %pushi/vec4 0, 0, 32; draw_string_vec4
    %concat/vec4; draw_string_vec4
    %pushi/vec4 1229212741, 0, 32; draw_string_vec4
    %concat/vec4; draw_string_vec4
    %pushi/vec4 1598967647, 0, 32; draw_string_vec4
    %concat/vec4; draw_string_vec4
    %pushi/vec4 1195724371, 0, 32; draw_string_vec4
    %concat/vec4; draw_string_vec4
    %pushi/vec4 1413567060, 0, 32; draw_string_vec4
    %concat/vec4; draw_string_vec4
    %store/vec4 v0x5e5e37f44950_0, 0, 640;
    %fork TD_tb_i2c_master_fsm.check, S_0x5e5e3801ece0;
    %join;
    %vpi_call/w 3 326 "$display", "    FSM stays IDLE without start_req \342\234\205" {0 0 0};
    %vpi_call/w 3 332 "$display", "--- TEST3: START generation ---" {0 0 0};
    %fork TD_tb_i2c_master_fsm.apply_reset, S_0x5e5e380158e0;
    %join;
    %fork TD_tb_i2c_master_fsm.clear_captures, S_0x5e5e38044f90;
    %join;
    %pushi/vec4 1, 0, 1;
    %store/vec4 v0x5e5e38048170_0, 0, 1;
    %wait E_0x5e5e37f552b0;
    %delay 1000, 0;
    %pushi/vec4 0, 0, 1;
    %store/vec4 v0x5e5e38048170_0, 0, 1;
    %pushi/vec4 3, 0, 32;
T_11.2 %dup/vec4;
    %pushi/vec4 0, 0, 32;
    %cmp/s;
    %jmp/1xz T_11.3, 5;
    %jmp/1 T_11.3, 4;
    %pushi/vec4 1, 0, 32;
    %sub;
    %wait E_0x5e5e37f552b0;
    %jmp T_11.2;
T_11.3 ;
    %pop/vec4 1;
    %delay 1000, 0;
    %pushi/vec4 1, 0, 1;
    %store/vec4 v0x5e5e37f4a500_0, 0, 1;
    %load/vec4 v0x5e5e38047870_0;
    %store/vec4 v0x5e5e37f4a8c0_0, 0, 1;
    %pushi/vec4 0, 0, 32; draw_string_vec4
    %pushi/vec4 0, 0, 32; draw_string_vec4
    %concat/vec4; draw_string_vec4
    %pushi/vec4 0, 0, 32; draw_string_vec4
    %concat/vec4; draw_string_vec4
    %pushi/vec4 0, 0, 32; draw_string_vec4
    %concat/vec4; draw_string_vec4
    %pushi/vec4 0, 0, 32; draw_string_vec4
    %concat/vec4; draw_string_vec4
    %pushi/vec4 0, 0, 32; draw_string_vec4
    %concat/vec4; draw_string_vec4
    %pushi/vec4 0, 0, 32; draw_string_vec4
    %concat/vec4; draw_string_vec4
    %pushi/vec4 0, 0, 32; draw_string_vec4
    %concat/vec4; draw_string_vec4
    %pushi/vec4 0, 0, 32; draw_string_vec4
    %concat/vec4; draw_string_vec4
    %pushi/vec4 0, 0, 32; draw_string_vec4
    %concat/vec4; draw_string_vec4
    %pushi/vec4 0, 0, 32; draw_string_vec4
    %concat/vec4; draw_string_vec4
    %pushi/vec4 0, 0, 32; draw_string_vec4
    %concat/vec4; draw_string_vec4
    %pushi/vec4 0, 0, 32; draw_string_vec4
    %concat/vec4; draw_string_vec4
    %pushi/vec4 0, 0, 32; draw_string_vec4
    %concat/vec4; draw_string_vec4
    %pushi/vec4 0, 0, 32; draw_string_vec4
    %concat/vec4; draw_string_vec4
    %pushi/vec4 0, 0, 32; draw_string_vec4
    %concat/vec4; draw_string_vec4
    %pushi/vec4 4670798, 0, 32; draw_string_vec4
    %concat/vec4; draw_string_vec4
    %pushi/vec4 1599296577, 0, 32; draw_string_vec4
    %concat/vec4; draw_string_vec4
    %pushi/vec4 1381261126, 0, 32; draw_string_vec4
    %concat/vec4; draw_string_vec4
    %pushi/vec4 1230128467, 0, 32; draw_string_vec4
    %concat/vec4; draw_string_vec4
    %store/vec4 v0x5e5e37f44950_0, 0, 640;
    %fork TD_tb_i2c_master_fsm.check, S_0x5e5e3801ece0;
    %join;
    %pushi/vec4 1, 0, 1;
    %store/vec4 v0x5e5e37f4a500_0, 0, 1;
    %load/vec4 v0x5e5e380474c0_0;
    %store/vec4 v0x5e5e37f4a8c0_0, 0, 1;
    %pushi/vec4 0, 0, 32; draw_string_vec4
    %pushi/vec4 0, 0, 32; draw_string_vec4
    %concat/vec4; draw_string_vec4
    %pushi/vec4 0, 0, 32; draw_string_vec4
    %concat/vec4; draw_string_vec4
    %pushi/vec4 0, 0, 32; draw_string_vec4
    %concat/vec4; draw_string_vec4
    %pushi/vec4 0, 0, 32; draw_string_vec4
    %concat/vec4; draw_string_vec4
    %pushi/vec4 0, 0, 32; draw_string_vec4
    %concat/vec4; draw_string_vec4
    %pushi/vec4 0, 0, 32; draw_string_vec4
    %concat/vec4; draw_string_vec4
    %pushi/vec4 0, 0, 32; draw_string_vec4
    %concat/vec4; draw_string_vec4
    %pushi/vec4 0, 0, 32; draw_string_vec4
    %concat/vec4; draw_string_vec4
    %pushi/vec4 0, 0, 32; draw_string_vec4
    %concat/vec4; draw_string_vec4
    %pushi/vec4 0, 0, 32; draw_string_vec4
    %concat/vec4; draw_string_vec4
    %pushi/vec4 0, 0, 32; draw_string_vec4
    %concat/vec4; draw_string_vec4
    %pushi/vec4 0, 0, 32; draw_string_vec4
    %concat/vec4; draw_string_vec4
    %pushi/vec4 0, 0, 32; draw_string_vec4
    %concat/vec4; draw_string_vec4
    %pushi/vec4 0, 0, 32; draw_string_vec4
    %concat/vec4; draw_string_vec4
    %pushi/vec4 0, 0, 32; draw_string_vec4
    %concat/vec4; draw_string_vec4
    %pushi/vec4 66, 0, 32; draw_string_vec4
    %concat/vec4; draw_string_vec4
    %pushi/vec4 1431525727, 0, 32; draw_string_vec4
    %concat/vec4; draw_string_vec4
    %pushi/vec4 1229872979, 0, 32; draw_string_vec4
    %concat/vec4; draw_string_vec4
    %pushi/vec4 1413567060, 0, 32; draw_string_vec4
    %concat/vec4; draw_string_vec4
    %store/vec4 v0x5e5e37f44950_0, 0, 640;
    %fork TD_tb_i2c_master_fsm.check, S_0x5e5e3801ece0;
    %join;
    %vpi_call/w 3 343 "$display", "    gen_start fired on start_req \342\234\205" {0 0 0};
    %vpi_call/w 3 349 "$display", "--- TEST4: ADDR load after start_done ---" {0 0 0};
    %fork TD_tb_i2c_master_fsm.apply_reset, S_0x5e5e380158e0;
    %join;
    %fork TD_tb_i2c_master_fsm.clear_captures, S_0x5e5e38044f90;
    %join;
    %pushi/vec4 1, 0, 1;
    %store/vec4 v0x5e5e38048170_0, 0, 1;
    %wait E_0x5e5e37f552b0;
    %delay 1000, 0;
    %pushi/vec4 0, 0, 1;
    %store/vec4 v0x5e5e38048170_0, 0, 1;
    %pushi/vec4 2, 0, 32;
T_11.4 %dup/vec4;
    %pushi/vec4 0, 0, 32;
    %cmp/s;
    %jmp/1xz T_11.5, 5;
    %jmp/1 T_11.5, 4;
    %pushi/vec4 1, 0, 32;
    %sub;
    %wait E_0x5e5e37f552b0;
    %jmp T_11.4;
T_11.5 ;
    %pop/vec4 1;
    %delay 1000, 0;
    %pushi/vec4 1, 0, 1;
    %store/vec4 v0x5e5e380480a0_0, 0, 1;
    %wait E_0x5e5e37f552b0;
    %delay 1000, 0;
    %pushi/vec4 0, 0, 1;
    %store/vec4 v0x5e5e380480a0_0, 0, 1;
    %pushi/vec4 2, 0, 32;
T_11.6 %dup/vec4;
    %pushi/vec4 0, 0, 32;
    %cmp/s;
    %jmp/1xz T_11.7, 5;
    %jmp/1 T_11.7, 4;
    %pushi/vec4 1, 0, 32;
    %sub;
    %wait E_0x5e5e37f552b0;
    %jmp T_11.6;
T_11.7 ;
    %pop/vec4 1;
    %delay 1000, 0;
    %pushi/vec4 1, 0, 1;
    %store/vec4 v0x5e5e37f4a500_0, 0, 1;
    %load/vec4 v0x5e5e38047b50_0;
    %store/vec4 v0x5e5e37f4a8c0_0, 0, 1;
    %pushi/vec4 0, 0, 32; draw_string_vec4
    %pushi/vec4 0, 0, 32; draw_string_vec4
    %concat/vec4; draw_string_vec4
    %pushi/vec4 0, 0, 32; draw_string_vec4
    %concat/vec4; draw_string_vec4
    %pushi/vec4 0, 0, 32; draw_string_vec4
    %concat/vec4; draw_string_vec4
    %pushi/vec4 0, 0, 32; draw_string_vec4
    %concat/vec4; draw_string_vec4
    %pushi/vec4 0, 0, 32; draw_string_vec4
    %concat/vec4; draw_string_vec4
    %pushi/vec4 0, 0, 32; draw_string_vec4
    %concat/vec4; draw_string_vec4
    %pushi/vec4 0, 0, 32; draw_string_vec4
    %concat/vec4; draw_string_vec4
    %pushi/vec4 0, 0, 32; draw_string_vec4
    %concat/vec4; draw_string_vec4
    %pushi/vec4 0, 0, 32; draw_string_vec4
    %concat/vec4; draw_string_vec4
    %pushi/vec4 0, 0, 32; draw_string_vec4
    %concat/vec4; draw_string_vec4
    %pushi/vec4 0, 0, 32; draw_string_vec4
    %concat/vec4; draw_string_vec4
    %pushi/vec4 0, 0, 32; draw_string_vec4
    %concat/vec4; draw_string_vec4
    %pushi/vec4 0, 0, 32; draw_string_vec4
    %concat/vec4; draw_string_vec4
    %pushi/vec4 0, 0, 32; draw_string_vec4
    %concat/vec4; draw_string_vec4
    %pushi/vec4 19535, 0, 32; draw_string_vec4
    %concat/vec4; draw_string_vec4
    %pushi/vec4 1094999887, 0, 32; draw_string_vec4
    %concat/vec4; draw_string_vec4
    %pushi/vec4 1314870100, 0, 32; draw_string_vec4
    %concat/vec4; draw_string_vec4
    %pushi/vec4 1095914591, 0, 32; draw_string_vec4
    %concat/vec4; draw_string_vec4
    %pushi/vec4 1146048069, 0, 32; draw_string_vec4
    %concat/vec4; draw_string_vec4
    %store/vec4 v0x5e5e37f44950_0, 0, 640;
    %fork TD_tb_i2c_master_fsm.check, S_0x5e5e3801ece0;
    %join;
    %pushi/vec4 1, 0, 1;
    %store/vec4 v0x5e5e37f4a500_0, 0, 1;
    %load/vec4 v0x5e5e38047420_0;
    %store/vec4 v0x5e5e37f4a8c0_0, 0, 1;
    %pushi/vec4 0, 0, 32; draw_string_vec4
    %pushi/vec4 0, 0, 32; draw_string_vec4
    %concat/vec4; draw_string_vec4
    %pushi/vec4 0, 0, 32; draw_string_vec4
    %concat/vec4; draw_string_vec4
    %pushi/vec4 0, 0, 32; draw_string_vec4
    %concat/vec4; draw_string_vec4
    %pushi/vec4 0, 0, 32; draw_string_vec4
    %concat/vec4; draw_string_vec4
    %pushi/vec4 0, 0, 32; draw_string_vec4
    %concat/vec4; draw_string_vec4
    %pushi/vec4 0, 0, 32; draw_string_vec4
    %concat/vec4; draw_string_vec4
    %pushi/vec4 0, 0, 32; draw_string_vec4
    %concat/vec4; draw_string_vec4
    %pushi/vec4 0, 0, 32; draw_string_vec4
    %concat/vec4; draw_string_vec4
    %pushi/vec4 0, 0, 32; draw_string_vec4
    %concat/vec4; draw_string_vec4
    %pushi/vec4 0, 0, 32; draw_string_vec4
    %concat/vec4; draw_string_vec4
    %pushi/vec4 0, 0, 32; draw_string_vec4
    %concat/vec4; draw_string_vec4
    %pushi/vec4 0, 0, 32; draw_string_vec4
    %concat/vec4; draw_string_vec4
    %pushi/vec4 0, 0, 32; draw_string_vec4
    %concat/vec4; draw_string_vec4
    %pushi/vec4 0, 0, 32; draw_string_vec4
    %concat/vec4; draw_string_vec4
    %pushi/vec4 0, 0, 32; draw_string_vec4
    %concat/vec4; draw_string_vec4
    %pushi/vec4 4344148, 0, 32; draw_string_vec4
    %concat/vec4; draw_string_vec4
    %pushi/vec4 1129599564, 0, 32; draw_string_vec4
    %concat/vec4; draw_string_vec4
    %pushi/vec4 1598377567, 0, 32; draw_string_vec4
    %concat/vec4; draw_string_vec4
    %pushi/vec4 1094992978, 0, 32; draw_string_vec4
    %concat/vec4; draw_string_vec4
    %store/vec4 v0x5e5e37f44950_0, 0, 640;
    %fork TD_tb_i2c_master_fsm.check, S_0x5e5e3801ece0;
    %join;
    %vpi_call/w 3 367 "$display", "    addr loaded into shift_reg after start_done \342\234\205" {0 0 0};
    %vpi_call/w 3 373 "$display", "--- TEST5: Full write with ACK ---" {0 0 0};
    %fork TD_tb_i2c_master_fsm.apply_reset, S_0x5e5e380158e0;
    %join;
    %fork TD_tb_i2c_master_fsm.clear_captures, S_0x5e5e38044f90;
    %join;
    %pushi/vec4 0, 0, 1;
    %store/vec4 v0x5e5e38047cc0_0, 0, 1;
    %pushi/vec4 0, 0, 1;
    %store/vec4 v0x5e5e38048310_0, 0, 1;
    %pushi/vec4 0, 0, 1;
    %store/vec4 v0x5e5e37f44c00_0, 0, 1;
    %pushi/vec4 0, 0, 1;
    %store/vec4 v0x5e5e37f27d50_0, 0, 1;
    %pushi/vec4 0, 0, 1;
    %store/vec4 v0x5e5e38035930_0, 0, 1;
    %fork TD_tb_i2c_master_fsm.do_write_transfer, S_0x5e5e38045350;
    %join;
    %pushi/vec4 1, 0, 1;
    %store/vec4 v0x5e5e37f4a500_0, 0, 1;
    %load/vec4 v0x5e5e38047870_0;
    %store/vec4 v0x5e5e37f4a8c0_0, 0, 1;
    %pushi/vec4 0, 0, 32; draw_string_vec4
    %pushi/vec4 0, 0, 32; draw_string_vec4
    %concat/vec4; draw_string_vec4
    %pushi/vec4 0, 0, 32; draw_string_vec4
    %concat/vec4; draw_string_vec4
    %pushi/vec4 0, 0, 32; draw_string_vec4
    %concat/vec4; draw_string_vec4
    %pushi/vec4 0, 0, 32; draw_string_vec4
    %concat/vec4; draw_string_vec4
    %pushi/vec4 0, 0, 32; draw_string_vec4
    %concat/vec4; draw_string_vec4
    %pushi/vec4 0, 0, 32; draw_string_vec4
    %concat/vec4; draw_string_vec4
    %pushi/vec4 0, 0, 32; draw_string_vec4
    %concat/vec4; draw_string_vec4
    %pushi/vec4 0, 0, 32; draw_string_vec4
    %concat/vec4; draw_string_vec4
    %pushi/vec4 0, 0, 32; draw_string_vec4
    %concat/vec4; draw_string_vec4
    %pushi/vec4 0, 0, 32; draw_string_vec4
    %concat/vec4; draw_string_vec4
    %pushi/vec4 0, 0, 32; draw_string_vec4
    %concat/vec4; draw_string_vec4
    %pushi/vec4 0, 0, 32; draw_string_vec4
    %concat/vec4; draw_string_vec4
    %pushi/vec4 0, 0, 32; draw_string_vec4
    %concat/vec4; draw_string_vec4
    %pushi/vec4 0, 0, 32; draw_string_vec4
    %concat/vec4; draw_string_vec4
    %pushi/vec4 0, 0, 32; draw_string_vec4
    %concat/vec4; draw_string_vec4
    %pushi/vec4 5722697, 0, 32; draw_string_vec4
    %concat/vec4; draw_string_vec4
    %pushi/vec4 1413832519, 0, 32; draw_string_vec4
    %concat/vec4; draw_string_vec4
    %pushi/vec4 1162764115, 0, 32; draw_string_vec4
    %concat/vec4; draw_string_vec4
    %pushi/vec4 1413567060, 0, 32; draw_string_vec4
    %concat/vec4; draw_string_vec4
    %store/vec4 v0x5e5e37f44950_0, 0, 640;
    %fork TD_tb_i2c_master_fsm.check, S_0x5e5e3801ece0;
    %join;
    %pushi/vec4 1, 0, 1;
    %store/vec4 v0x5e5e37f4a500_0, 0, 1;
    %load/vec4 v0x5e5e38047b50_0;
    %store/vec4 v0x5e5e37f4a8c0_0, 0, 1;
    %pushi/vec4 0, 0, 32; draw_string_vec4
    %pushi/vec4 0, 0, 32; draw_string_vec4
    %concat/vec4; draw_string_vec4
    %pushi/vec4 0, 0, 32; draw_string_vec4
    %concat/vec4; draw_string_vec4
    %pushi/vec4 0, 0, 32; draw_string_vec4
    %concat/vec4; draw_string_vec4
    %pushi/vec4 0, 0, 32; draw_string_vec4
    %concat/vec4; draw_string_vec4
    %pushi/vec4 0, 0, 32; draw_string_vec4
    %concat/vec4; draw_string_vec4
    %pushi/vec4 0, 0, 32; draw_string_vec4
    %concat/vec4; draw_string_vec4
    %pushi/vec4 0, 0, 32; draw_string_vec4
    %concat/vec4; draw_string_vec4
    %pushi/vec4 0, 0, 32; draw_string_vec4
    %concat/vec4; draw_string_vec4
    %pushi/vec4 0, 0, 32; draw_string_vec4
    %concat/vec4; draw_string_vec4
    %pushi/vec4 0, 0, 32; draw_string_vec4
    %concat/vec4; draw_string_vec4
    %pushi/vec4 0, 0, 32; draw_string_vec4
    %concat/vec4; draw_string_vec4
    %pushi/vec4 0, 0, 32; draw_string_vec4
    %concat/vec4; draw_string_vec4
    %pushi/vec4 0, 0, 32; draw_string_vec4
    %concat/vec4; draw_string_vec4
    %pushi/vec4 0, 0, 32; draw_string_vec4
    %concat/vec4; draw_string_vec4
    %pushi/vec4 0, 0, 32; draw_string_vec4
    %concat/vec4; draw_string_vec4
    %pushi/vec4 0, 0, 32; draw_string_vec4
    %concat/vec4; draw_string_vec4
    %pushi/vec4 22354, 0, 32; draw_string_vec4
    %concat/vec4; draw_string_vec4
    %pushi/vec4 1230259551, 0, 32; draw_string_vec4
    %concat/vec4; draw_string_vec4
    %pushi/vec4 1280262468, 0, 32; draw_string_vec4
    %concat/vec4; draw_string_vec4
    %store/vec4 v0x5e5e37f44950_0, 0, 640;
    %fork TD_tb_i2c_master_fsm.check, S_0x5e5e3801ece0;
    %join;
    %pushi/vec4 1, 0, 1;
    %store/vec4 v0x5e5e37f4a500_0, 0, 1;
    %load/vec4 v0x5e5e380484b0_0;
    %store/vec4 v0x5e5e37f4a8c0_0, 0, 1;
    %pushi/vec4 0, 0, 32; draw_string_vec4
    %pushi/vec4 0, 0, 32; draw_string_vec4
    %concat/vec4; draw_string_vec4
    %pushi/vec4 0, 0, 32; draw_string_vec4
    %concat/vec4; draw_string_vec4
    %pushi/vec4 0, 0, 32; draw_string_vec4
    %concat/vec4; draw_string_vec4
    %pushi/vec4 0, 0, 32; draw_string_vec4
    %concat/vec4; draw_string_vec4
    %pushi/vec4 0, 0, 32; draw_string_vec4
    %concat/vec4; draw_string_vec4
    %pushi/vec4 0, 0, 32; draw_string_vec4
    %concat/vec4; draw_string_vec4
    %pushi/vec4 0, 0, 32; draw_string_vec4
    %concat/vec4; draw_string_vec4
    %pushi/vec4 0, 0, 32; draw_string_vec4
    %concat/vec4; draw_string_vec4
    %pushi/vec4 0, 0, 32; draw_string_vec4
    %concat/vec4; draw_string_vec4
    %pushi/vec4 0, 0, 32; draw_string_vec4
    %concat/vec4; draw_string_vec4
    %pushi/vec4 0, 0, 32; draw_string_vec4
    %concat/vec4; draw_string_vec4
    %pushi/vec4 0, 0, 32; draw_string_vec4
    %concat/vec4; draw_string_vec4
    %pushi/vec4 0, 0, 32; draw_string_vec4
    %concat/vec4; draw_string_vec4
    %pushi/vec4 0, 0, 32; draw_string_vec4
    %concat/vec4; draw_string_vec4
    %pushi/vec4 0, 0, 32; draw_string_vec4
    %concat/vec4; draw_string_vec4
    %pushi/vec4 22354, 0, 32; draw_string_vec4
    %concat/vec4; draw_string_vec4
    %pushi/vec4 1230259551, 0, 32; draw_string_vec4
    %concat/vec4; draw_string_vec4
    %pushi/vec4 1415077714, 0, 32; draw_string_vec4
    %concat/vec4; draw_string_vec4
    %pushi/vec4 1147094350, 0, 32; draw_string_vec4
    %concat/vec4; draw_string_vec4
    %store/vec4 v0x5e5e37f44950_0, 0, 640;
    %fork TD_tb_i2c_master_fsm.check, S_0x5e5e3801ece0;
    %join;
    %pushi/vec4 1, 0, 1;
    %store/vec4 v0x5e5e37f4a500_0, 0, 1;
    %load/vec4 v0x5e5e380479e0_0;
    %store/vec4 v0x5e5e37f4a8c0_0, 0, 1;
    %pushi/vec4 0, 0, 32; draw_string_vec4
    %pushi/vec4 0, 0, 32; draw_string_vec4
    %concat/vec4; draw_string_vec4
    %pushi/vec4 0, 0, 32; draw_string_vec4
    %concat/vec4; draw_string_vec4
    %pushi/vec4 0, 0, 32; draw_string_vec4
    %concat/vec4; draw_string_vec4
    %pushi/vec4 0, 0, 32; draw_string_vec4
    %concat/vec4; draw_string_vec4
    %pushi/vec4 0, 0, 32; draw_string_vec4
    %concat/vec4; draw_string_vec4
    %pushi/vec4 0, 0, 32; draw_string_vec4
    %concat/vec4; draw_string_vec4
    %pushi/vec4 0, 0, 32; draw_string_vec4
    %concat/vec4; draw_string_vec4
    %pushi/vec4 0, 0, 32; draw_string_vec4
    %concat/vec4; draw_string_vec4
    %pushi/vec4 0, 0, 32; draw_string_vec4
    %concat/vec4; draw_string_vec4
    %pushi/vec4 0, 0, 32; draw_string_vec4
    %concat/vec4; draw_string_vec4
    %pushi/vec4 0, 0, 32; draw_string_vec4
    %concat/vec4; draw_string_vec4
    %pushi/vec4 0, 0, 32; draw_string_vec4
    %concat/vec4; draw_string_vec4
    %pushi/vec4 0, 0, 32; draw_string_vec4
    %concat/vec4; draw_string_vec4
    %pushi/vec4 0, 0, 32; draw_string_vec4
    %concat/vec4; draw_string_vec4
    %pushi/vec4 0, 0, 32; draw_string_vec4
    %concat/vec4; draw_string_vec4
    %pushi/vec4 22354, 0, 32; draw_string_vec4
    %concat/vec4; draw_string_vec4
    %pushi/vec4 1230259551, 0, 32; draw_string_vec4
    %concat/vec4; draw_string_vec4
    %pushi/vec4 1195724383, 0, 32; draw_string_vec4
    %concat/vec4; draw_string_vec4
    %pushi/vec4 1398034256, 0, 32; draw_string_vec4
    %concat/vec4; draw_string_vec4
    %store/vec4 v0x5e5e37f44950_0, 0, 640;
    %fork TD_tb_i2c_master_fsm.check, S_0x5e5e3801ece0;
    %join;
    %vpi_call/w 3 389 "$display", "    full write ACK sequence complete \342\234\205" {0 0 0};
    %vpi_call/w 3 395 "$display", "--- TEST6: NACK on address ---" {0 0 0};
    %fork TD_tb_i2c_master_fsm.apply_reset, S_0x5e5e380158e0;
    %join;
    %fork TD_tb_i2c_master_fsm.clear_captures, S_0x5e5e38044f90;
    %join;
    %pushi/vec4 0, 0, 1;
    %store/vec4 v0x5e5e38047cc0_0, 0, 1;
    %pushi/vec4 1, 0, 1;
    %store/vec4 v0x5e5e38048170_0, 0, 1;
    %wait E_0x5e5e37f552b0;
    %delay 1000, 0;
    %pushi/vec4 0, 0, 1;
    %store/vec4 v0x5e5e38048170_0, 0, 1;
    %pushi/vec4 2, 0, 32;
T_11.8 %dup/vec4;
    %pushi/vec4 0, 0, 32;
    %cmp/s;
    %jmp/1xz T_11.9, 5;
    %jmp/1 T_11.9, 4;
    %pushi/vec4 1, 0, 32;
    %sub;
    %wait E_0x5e5e37f552b0;
    %jmp T_11.8;
T_11.9 ;
    %pop/vec4 1;
    %delay 1000, 0;
    %pushi/vec4 1, 0, 1;
    %store/vec4 v0x5e5e380480a0_0, 0, 1;
    %wait E_0x5e5e37f552b0;
    %delay 1000, 0;
    %pushi/vec4 0, 0, 1;
    %store/vec4 v0x5e5e380480a0_0, 0, 1;
    %pushi/vec4 2, 0, 32;
T_11.10 %dup/vec4;
    %pushi/vec4 0, 0, 32;
    %cmp/s;
    %jmp/1xz T_11.11, 5;
    %jmp/1 T_11.11, 4;
    %pushi/vec4 1, 0, 32;
    %sub;
    %wait E_0x5e5e37f552b0;
    %jmp T_11.10;
T_11.11 ;
    %pop/vec4 1;
    %delay 1000, 0;
    %pushi/vec4 1, 0, 1;
    %store/vec4 v0x5e5e38047630_0, 0, 1;
    %wait E_0x5e5e37f552b0;
    %delay 1000, 0;
    %pushi/vec4 0, 0, 1;
    %store/vec4 v0x5e5e38047630_0, 0, 1;
    %pushi/vec4 2, 0, 32;
T_11.12 %dup/vec4;
    %pushi/vec4 0, 0, 32;
    %cmp/s;
    %jmp/1xz T_11.13, 5;
    %jmp/1 T_11.13, 4;
    %pushi/vec4 1, 0, 32;
    %sub;
    %wait E_0x5e5e37f552b0;
    %jmp T_11.12;
T_11.13 ;
    %pop/vec4 1;
    %delay 1000, 0;
    %pushi/vec4 1, 0, 1;
    %store/vec4 v0x5e5e38047f00_0, 0, 1;
    %pushi/vec4 1, 0, 1;
    %store/vec4 v0x5e5e38047630_0, 0, 1;
    %wait E_0x5e5e37f552b0;
    %delay 1000, 0;
    %pushi/vec4 0, 0, 1;
    %store/vec4 v0x5e5e38047630_0, 0, 1;
    %pushi/vec4 3, 0, 32;
T_11.14 %dup/vec4;
    %pushi/vec4 0, 0, 32;
    %cmp/s;
    %jmp/1xz T_11.15, 5;
    %jmp/1 T_11.15, 4;
    %pushi/vec4 1, 0, 32;
    %sub;
    %wait E_0x5e5e37f552b0;
    %jmp T_11.14;
T_11.15 ;
    %pop/vec4 1;
    %delay 1000, 0;
    %pushi/vec4 1, 0, 1;
    %store/vec4 v0x5e5e37f4a500_0, 0, 1;
    %load/vec4 v0x5e5e380479e0_0;
    %store/vec4 v0x5e5e37f4a8c0_0, 0, 1;
    %pushi/vec4 0, 0, 32; draw_string_vec4
    %pushi/vec4 0, 0, 32; draw_string_vec4
    %concat/vec4; draw_string_vec4
    %pushi/vec4 0, 0, 32; draw_string_vec4
    %concat/vec4; draw_string_vec4
    %pushi/vec4 0, 0, 32; draw_string_vec4
    %concat/vec4; draw_string_vec4
    %pushi/vec4 0, 0, 32; draw_string_vec4
    %concat/vec4; draw_string_vec4
    %pushi/vec4 0, 0, 32; draw_string_vec4
    %concat/vec4; draw_string_vec4
    %pushi/vec4 0, 0, 32; draw_string_vec4
    %concat/vec4; draw_string_vec4
    %pushi/vec4 0, 0, 32; draw_string_vec4
    %concat/vec4; draw_string_vec4
    %pushi/vec4 0, 0, 32; draw_string_vec4
    %concat/vec4; draw_string_vec4
    %pushi/vec4 0, 0, 32; draw_string_vec4
    %concat/vec4; draw_string_vec4
    %pushi/vec4 0, 0, 32; draw_string_vec4
    %concat/vec4; draw_string_vec4
    %pushi/vec4 0, 0, 32; draw_string_vec4
    %concat/vec4; draw_string_vec4
    %pushi/vec4 0, 0, 32; draw_string_vec4
    %concat/vec4; draw_string_vec4
    %pushi/vec4 0, 0, 32; draw_string_vec4
    %concat/vec4; draw_string_vec4
    %pushi/vec4 0, 0, 32; draw_string_vec4
    %concat/vec4; draw_string_vec4
    %pushi/vec4 0, 0, 32; draw_string_vec4
    %concat/vec4; draw_string_vec4
    %pushi/vec4 78, 0, 32; draw_string_vec4
    %concat/vec4; draw_string_vec4
    %pushi/vec4 1094929247, 0, 32; draw_string_vec4
    %concat/vec4; draw_string_vec4
    %pushi/vec4 1195724383, 0, 32; draw_string_vec4
    %concat/vec4; draw_string_vec4
    %pushi/vec4 1398034256, 0, 32; draw_string_vec4
    %concat/vec4; draw_string_vec4
    %store/vec4 v0x5e5e37f44950_0, 0, 640;
    %fork TD_tb_i2c_master_fsm.check, S_0x5e5e3801ece0;
    %join;
    %pushi/vec4 0, 0, 1;
    %store/vec4 v0x5e5e37f4a500_0, 0, 1;
    %load/vec4 v0x5e5e380484b0_0;
    %store/vec4 v0x5e5e37f4a8c0_0, 0, 1;
    %pushi/vec4 0, 0, 32; draw_string_vec4
    %pushi/vec4 0, 0, 32; draw_string_vec4
    %concat/vec4; draw_string_vec4
    %pushi/vec4 0, 0, 32; draw_string_vec4
    %concat/vec4; draw_string_vec4
    %pushi/vec4 0, 0, 32; draw_string_vec4
    %concat/vec4; draw_string_vec4
    %pushi/vec4 0, 0, 32; draw_string_vec4
    %concat/vec4; draw_string_vec4
    %pushi/vec4 0, 0, 32; draw_string_vec4
    %concat/vec4; draw_string_vec4
    %pushi/vec4 0, 0, 32; draw_string_vec4
    %concat/vec4; draw_string_vec4
    %pushi/vec4 0, 0, 32; draw_string_vec4
    %concat/vec4; draw_string_vec4
    %pushi/vec4 0, 0, 32; draw_string_vec4
    %concat/vec4; draw_string_vec4
    %pushi/vec4 0, 0, 32; draw_string_vec4
    %concat/vec4; draw_string_vec4
    %pushi/vec4 0, 0, 32; draw_string_vec4
    %concat/vec4; draw_string_vec4
    %pushi/vec4 0, 0, 32; draw_string_vec4
    %concat/vec4; draw_string_vec4
    %pushi/vec4 0, 0, 32; draw_string_vec4
    %concat/vec4; draw_string_vec4
    %pushi/vec4 0, 0, 32; draw_string_vec4
    %concat/vec4; draw_string_vec4
    %pushi/vec4 0, 0, 32; draw_string_vec4
    %concat/vec4; draw_string_vec4
    %pushi/vec4 0, 0, 32; draw_string_vec4
    %concat/vec4; draw_string_vec4
    %pushi/vec4 78, 0, 32; draw_string_vec4
    %concat/vec4; draw_string_vec4
    %pushi/vec4 1094929247, 0, 32; draw_string_vec4
    %concat/vec4; draw_string_vec4
    %pushi/vec4 1313824596, 0, 32; draw_string_vec4
    %concat/vec4; draw_string_vec4
    %pushi/vec4 1482641988, 0, 32; draw_string_vec4
    %concat/vec4; draw_string_vec4
    %store/vec4 v0x5e5e37f44950_0, 0, 640;
    %fork TD_tb_i2c_master_fsm.check, S_0x5e5e3801ece0;
    %join;
    %vpi_call/w 3 429 "$display", "    NACK on address \342\206\222 STOP immediately \342\234\205" {0 0 0};
    %pushi/vec4 1, 0, 1;
    %store/vec4 v0x5e5e38048240_0, 0, 1;
    %wait E_0x5e5e37f552b0;
    %delay 1000, 0;
    %pushi/vec4 0, 0, 1;
    %store/vec4 v0x5e5e38048240_0, 0, 1;
    %pushi/vec4 2, 0, 32;
T_11.16 %dup/vec4;
    %pushi/vec4 0, 0, 32;
    %cmp/s;
    %jmp/1xz T_11.17, 5;
    %jmp/1 T_11.17, 4;
    %pushi/vec4 1, 0, 32;
    %sub;
    %wait E_0x5e5e37f552b0;
    %jmp T_11.16;
T_11.17 ;
    %pop/vec4 1;
    %delay 1000, 0;
    %pushi/vec4 0, 0, 1;
    %store/vec4 v0x5e5e37f4a500_0, 0, 1;
    %load/vec4 v0x5e5e380474c0_0;
    %store/vec4 v0x5e5e37f4a8c0_0, 0, 1;
    %pushi/vec4 0, 0, 32; draw_string_vec4
    %pushi/vec4 0, 0, 32; draw_string_vec4
    %concat/vec4; draw_string_vec4
    %pushi/vec4 0, 0, 32; draw_string_vec4
    %concat/vec4; draw_string_vec4
    %pushi/vec4 0, 0, 32; draw_string_vec4
    %concat/vec4; draw_string_vec4
    %pushi/vec4 0, 0, 32; draw_string_vec4
    %concat/vec4; draw_string_vec4
    %pushi/vec4 0, 0, 32; draw_string_vec4
    %concat/vec4; draw_string_vec4
    %pushi/vec4 0, 0, 32; draw_string_vec4
    %concat/vec4; draw_string_vec4
    %pushi/vec4 0, 0, 32; draw_string_vec4
    %concat/vec4; draw_string_vec4
    %pushi/vec4 0, 0, 32; draw_string_vec4
    %concat/vec4; draw_string_vec4
    %pushi/vec4 0, 0, 32; draw_string_vec4
    %concat/vec4; draw_string_vec4
    %pushi/vec4 0, 0, 32; draw_string_vec4
    %concat/vec4; draw_string_vec4
    %pushi/vec4 0, 0, 32; draw_string_vec4
    %concat/vec4; draw_string_vec4
    %pushi/vec4 0, 0, 32; draw_string_vec4
    %concat/vec4; draw_string_vec4
    %pushi/vec4 0, 0, 32; draw_string_vec4
    %concat/vec4; draw_string_vec4
    %pushi/vec4 0, 0, 32; draw_string_vec4
    %concat/vec4; draw_string_vec4
    %pushi/vec4 0, 0, 32; draw_string_vec4
    %concat/vec4; draw_string_vec4
    %pushi/vec4 20033, 0, 32; draw_string_vec4
    %concat/vec4; draw_string_vec4
    %pushi/vec4 1129013058, 0, 32; draw_string_vec4
    %concat/vec4; draw_string_vec4
    %pushi/vec4 1094929247, 0, 32; draw_string_vec4
    %concat/vec4; draw_string_vec4
    %pushi/vec4 1229212741, 0, 32; draw_string_vec4
    %concat/vec4; draw_string_vec4
    %store/vec4 v0x5e5e37f44950_0, 0, 640;
    %fork TD_tb_i2c_master_fsm.check, S_0x5e5e3801ece0;
    %join;
    %vpi_call/w 3 438 "$display", "    back to IDLE after NACK \342\234\205" {0 0 0};
    %vpi_call/w 3 443 "$display", "--- TEST7: Full read ---" {0 0 0};
    %fork TD_tb_i2c_master_fsm.apply_reset, S_0x5e5e380158e0;
    %join;
    %fork TD_tb_i2c_master_fsm.clear_captures, S_0x5e5e38044f90;
    %join;
    %fork TD_tb_i2c_master_fsm.do_read_transfer, S_0x5e5e38045170;
    %join;
    %pushi/vec4 1, 0, 1;
    %store/vec4 v0x5e5e37f4a500_0, 0, 1;
    %load/vec4 v0x5e5e38047870_0;
    %store/vec4 v0x5e5e37f4a8c0_0, 0, 1;
    %pushi/vec4 0, 0, 32; draw_string_vec4
    %pushi/vec4 0, 0, 32; draw_string_vec4
    %concat/vec4; draw_string_vec4
    %pushi/vec4 0, 0, 32; draw_string_vec4
    %concat/vec4; draw_string_vec4
    %pushi/vec4 0, 0, 32; draw_string_vec4
    %concat/vec4; draw_string_vec4
    %pushi/vec4 0, 0, 32; draw_string_vec4
    %concat/vec4; draw_string_vec4
    %pushi/vec4 0, 0, 32; draw_string_vec4
    %concat/vec4; draw_string_vec4
    %pushi/vec4 0, 0, 32; draw_string_vec4
    %concat/vec4; draw_string_vec4
    %pushi/vec4 0, 0, 32; draw_string_vec4
    %concat/vec4; draw_string_vec4
    %pushi/vec4 0, 0, 32; draw_string_vec4
    %concat/vec4; draw_string_vec4
    %pushi/vec4 0, 0, 32; draw_string_vec4
    %concat/vec4; draw_string_vec4
    %pushi/vec4 0, 0, 32; draw_string_vec4
    %concat/vec4; draw_string_vec4
    %pushi/vec4 0, 0, 32; draw_string_vec4
    %concat/vec4; draw_string_vec4
    %pushi/vec4 0, 0, 32; draw_string_vec4
    %concat/vec4; draw_string_vec4
    %pushi/vec4 0, 0, 32; draw_string_vec4
    %concat/vec4; draw_string_vec4
    %pushi/vec4 0, 0, 32; draw_string_vec4
    %concat/vec4; draw_string_vec4
    %pushi/vec4 0, 0, 32; draw_string_vec4
    %concat/vec4; draw_string_vec4
    %pushi/vec4 21061, 0, 32; draw_string_vec4
    %concat/vec4; draw_string_vec4
    %pushi/vec4 1094999879, 0, 32; draw_string_vec4
    %concat/vec4; draw_string_vec4
    %pushi/vec4 1162764115, 0, 32; draw_string_vec4
    %concat/vec4; draw_string_vec4
    %pushi/vec4 1413567060, 0, 32; draw_string_vec4
    %concat/vec4; draw_string_vec4
    %store/vec4 v0x5e5e37f44950_0, 0, 640;
    %fork TD_tb_i2c_master_fsm.check, S_0x5e5e3801ece0;
    %join;
    %pushi/vec4 1, 0, 1;
    %store/vec4 v0x5e5e37f4a500_0, 0, 1;
    %load/vec4 v0x5e5e38047b50_0;
    %store/vec4 v0x5e5e37f4a8c0_0, 0, 1;
    %pushi/vec4 0, 0, 32; draw_string_vec4
    %pushi/vec4 0, 0, 32; draw_string_vec4
    %concat/vec4; draw_string_vec4
    %pushi/vec4 0, 0, 32; draw_string_vec4
    %concat/vec4; draw_string_vec4
    %pushi/vec4 0, 0, 32; draw_string_vec4
    %concat/vec4; draw_string_vec4
    %pushi/vec4 0, 0, 32; draw_string_vec4
    %concat/vec4; draw_string_vec4
    %pushi/vec4 0, 0, 32; draw_string_vec4
    %concat/vec4; draw_string_vec4
    %pushi/vec4 0, 0, 32; draw_string_vec4
    %concat/vec4; draw_string_vec4
    %pushi/vec4 0, 0, 32; draw_string_vec4
    %concat/vec4; draw_string_vec4
    %pushi/vec4 0, 0, 32; draw_string_vec4
    %concat/vec4; draw_string_vec4
    %pushi/vec4 0, 0, 32; draw_string_vec4
    %concat/vec4; draw_string_vec4
    %pushi/vec4 0, 0, 32; draw_string_vec4
    %concat/vec4; draw_string_vec4
    %pushi/vec4 0, 0, 32; draw_string_vec4
    %concat/vec4; draw_string_vec4
    %pushi/vec4 0, 0, 32; draw_string_vec4
    %concat/vec4; draw_string_vec4
    %pushi/vec4 0, 0, 32; draw_string_vec4
    %concat/vec4; draw_string_vec4
    %pushi/vec4 0, 0, 32; draw_string_vec4
    %concat/vec4; draw_string_vec4
    %pushi/vec4 0, 0, 32; draw_string_vec4
    %concat/vec4; draw_string_vec4
    %pushi/vec4 21061, 0, 32; draw_string_vec4
    %concat/vec4; draw_string_vec4
    %pushi/vec4 1094999884, 0, 32; draw_string_vec4
    %concat/vec4; draw_string_vec4
    %pushi/vec4 1329677407, 0, 32; draw_string_vec4
    %concat/vec4; draw_string_vec4
    %pushi/vec4 1094992978, 0, 32; draw_string_vec4
    %concat/vec4; draw_string_vec4
    %store/vec4 v0x5e5e37f44950_0, 0, 640;
    %fork TD_tb_i2c_master_fsm.check, S_0x5e5e3801ece0;
    %join;
    %pushi/vec4 1, 0, 1;
    %store/vec4 v0x5e5e37f4a500_0, 0, 1;
    %load/vec4 v0x5e5e38047e60_0;
    %store/vec4 v0x5e5e37f4a8c0_0, 0, 1;
    %pushi/vec4 0, 0, 32; draw_string_vec4
    %pushi/vec4 0, 0, 32; draw_string_vec4
    %concat/vec4; draw_string_vec4
    %pushi/vec4 0, 0, 32; draw_string_vec4
    %concat/vec4; draw_string_vec4
    %pushi/vec4 0, 0, 32; draw_string_vec4
    %concat/vec4; draw_string_vec4
    %pushi/vec4 0, 0, 32; draw_string_vec4
    %concat/vec4; draw_string_vec4
    %pushi/vec4 0, 0, 32; draw_string_vec4
    %concat/vec4; draw_string_vec4
    %pushi/vec4 0, 0, 32; draw_string_vec4
    %concat/vec4; draw_string_vec4
    %pushi/vec4 0, 0, 32; draw_string_vec4
    %concat/vec4; draw_string_vec4
    %pushi/vec4 0, 0, 32; draw_string_vec4
    %concat/vec4; draw_string_vec4
    %pushi/vec4 0, 0, 32; draw_string_vec4
    %concat/vec4; draw_string_vec4
    %pushi/vec4 0, 0, 32; draw_string_vec4
    %concat/vec4; draw_string_vec4
    %pushi/vec4 0, 0, 32; draw_string_vec4
    %concat/vec4; draw_string_vec4
    %pushi/vec4 0, 0, 32; draw_string_vec4
    %concat/vec4; draw_string_vec4
    %pushi/vec4 0, 0, 32; draw_string_vec4
    %concat/vec4; draw_string_vec4
    %pushi/vec4 0, 0, 32; draw_string_vec4
    %concat/vec4; draw_string_vec4
    %pushi/vec4 0, 0, 32; draw_string_vec4
    %concat/vec4; draw_string_vec4
    %pushi/vec4 82, 0, 32; draw_string_vec4
    %concat/vec4; draw_string_vec4
    %pushi/vec4 1161905247, 0, 32; draw_string_vec4
    %concat/vec4; draw_string_vec4
    %pushi/vec4 1381523287, 0, 32; draw_string_vec4
    %concat/vec4; draw_string_vec4
    %pushi/vec4 1381975374, 0, 32; draw_string_vec4
    %concat/vec4; draw_string_vec4
    %store/vec4 v0x5e5e37f44950_0, 0, 640;
    %fork TD_tb_i2c_master_fsm.check, S_0x5e5e3801ece0;
    %join;
    %pushi/vec4 1, 0, 1;
    %store/vec4 v0x5e5e37f4a500_0, 0, 1;
    %load/vec4 v0x5e5e380479e0_0;
    %store/vec4 v0x5e5e37f4a8c0_0, 0, 1;
    %pushi/vec4 0, 0, 32; draw_string_vec4
    %pushi/vec4 0, 0, 32; draw_string_vec4
    %concat/vec4; draw_string_vec4
    %pushi/vec4 0, 0, 32; draw_string_vec4
    %concat/vec4; draw_string_vec4
    %pushi/vec4 0, 0, 32; draw_string_vec4
    %concat/vec4; draw_string_vec4
    %pushi/vec4 0, 0, 32; draw_string_vec4
    %concat/vec4; draw_string_vec4
    %pushi/vec4 0, 0, 32; draw_string_vec4
    %concat/vec4; draw_string_vec4
    %pushi/vec4 0, 0, 32; draw_string_vec4
    %concat/vec4; draw_string_vec4
    %pushi/vec4 0, 0, 32; draw_string_vec4
    %concat/vec4; draw_string_vec4
    %pushi/vec4 0, 0, 32; draw_string_vec4
    %concat/vec4; draw_string_vec4
    %pushi/vec4 0, 0, 32; draw_string_vec4
    %concat/vec4; draw_string_vec4
    %pushi/vec4 0, 0, 32; draw_string_vec4
    %concat/vec4; draw_string_vec4
    %pushi/vec4 0, 0, 32; draw_string_vec4
    %concat/vec4; draw_string_vec4
    %pushi/vec4 0, 0, 32; draw_string_vec4
    %concat/vec4; draw_string_vec4
    %pushi/vec4 0, 0, 32; draw_string_vec4
    %concat/vec4; draw_string_vec4
    %pushi/vec4 0, 0, 32; draw_string_vec4
    %concat/vec4; draw_string_vec4
    %pushi/vec4 0, 0, 32; draw_string_vec4
    %concat/vec4; draw_string_vec4
    %pushi/vec4 82, 0, 32; draw_string_vec4
    %concat/vec4; draw_string_vec4
    %pushi/vec4 1161905247, 0, 32; draw_string_vec4
    %concat/vec4; draw_string_vec4
    %pushi/vec4 1195724383, 0, 32; draw_string_vec4
    %concat/vec4; draw_string_vec4
    %pushi/vec4 1398034256, 0, 32; draw_string_vec4
    %concat/vec4; draw_string_vec4
    %store/vec4 v0x5e5e37f44950_0, 0, 640;
    %fork TD_tb_i2c_master_fsm.check, S_0x5e5e3801ece0;
    %join;
    %vpi_call/w 3 453 "$display", "    full read sequence complete \342\234\205" {0 0 0};
    %vpi_call/w 3 460 "$display", "--- TEST8: Busy flag ---" {0 0 0};
    %fork TD_tb_i2c_master_fsm.apply_reset, S_0x5e5e380158e0;
    %join;
    %fork TD_tb_i2c_master_fsm.clear_captures, S_0x5e5e38044f90;
    %join;
    %pushi/vec4 0, 0, 1;
    %store/vec4 v0x5e5e38047cc0_0, 0, 1;
    %pushi/vec4 0, 0, 1;
    %store/vec4 v0x5e5e38048310_0, 0, 1;
    %pushi/vec4 0, 0, 1;
    %store/vec4 v0x5e5e37f4a500_0, 0, 1;
    %load/vec4 v0x5e5e380474c0_0;
    %store/vec4 v0x5e5e37f4a8c0_0, 0, 1;
    %pushi/vec4 0, 0, 32; draw_string_vec4
    %pushi/vec4 0, 0, 32; draw_string_vec4
    %concat/vec4; draw_string_vec4
    %pushi/vec4 0, 0, 32; draw_string_vec4
    %concat/vec4; draw_string_vec4
    %pushi/vec4 0, 0, 32; draw_string_vec4
    %concat/vec4; draw_string_vec4
    %pushi/vec4 0, 0, 32; draw_string_vec4
    %concat/vec4; draw_string_vec4
    %pushi/vec4 0, 0, 32; draw_string_vec4
    %concat/vec4; draw_string_vec4
    %pushi/vec4 0, 0, 32; draw_string_vec4
    %concat/vec4; draw_string_vec4
    %pushi/vec4 0, 0, 32; draw_string_vec4
    %concat/vec4; draw_string_vec4
    %pushi/vec4 0, 0, 32; draw_string_vec4
    %concat/vec4; draw_string_vec4
    %pushi/vec4 0, 0, 32; draw_string_vec4
    %concat/vec4; draw_string_vec4
    %pushi/vec4 0, 0, 32; draw_string_vec4
    %concat/vec4; draw_string_vec4
    %pushi/vec4 0, 0, 32; draw_string_vec4
    %concat/vec4; draw_string_vec4
    %pushi/vec4 0, 0, 32; draw_string_vec4
    %concat/vec4; draw_string_vec4
    %pushi/vec4 0, 0, 32; draw_string_vec4
    %concat/vec4; draw_string_vec4
    %pushi/vec4 0, 0, 32; draw_string_vec4
    %concat/vec4; draw_string_vec4
    %pushi/vec4 0, 0, 32; draw_string_vec4
    %concat/vec4; draw_string_vec4
    %pushi/vec4 5132116, 0, 32; draw_string_vec4
    %concat/vec4; draw_string_vec4
    %pushi/vec4 1598182739, 0, 32; draw_string_vec4
    %concat/vec4; draw_string_vec4
    %pushi/vec4 1499415109, 0, 32; draw_string_vec4
    %concat/vec4; draw_string_vec4
    %pushi/vec4 1179603525, 0, 32; draw_string_vec4
    %concat/vec4; draw_string_vec4
    %store/vec4 v0x5e5e37f44950_0, 0, 640;
    %fork TD_tb_i2c_master_fsm.check, S_0x5e5e3801ece0;
    %join;
    %pushi/vec4 1, 0, 1;
    %store/vec4 v0x5e5e38048170_0, 0, 1;
    %wait E_0x5e5e37f552b0;
    %delay 1000, 0;
    %pushi/vec4 0, 0, 1;
    %store/vec4 v0x5e5e38048170_0, 0, 1;
    %pushi/vec4 2, 0, 32;
T_11.18 %dup/vec4;
    %pushi/vec4 0, 0, 32;
    %cmp/s;
    %jmp/1xz T_11.19, 5;
    %jmp/1 T_11.19, 4;
    %pushi/vec4 1, 0, 32;
    %sub;
    %wait E_0x5e5e37f552b0;
    %jmp T_11.18;
T_11.19 ;
    %pop/vec4 1;
    %delay 1000, 0;
    %pushi/vec4 1, 0, 1;
    %store/vec4 v0x5e5e37f4a500_0, 0, 1;
    %load/vec4 v0x5e5e380474c0_0;
    %store/vec4 v0x5e5e37f4a8c0_0, 0, 1;
    %pushi/vec4 0, 0, 32; draw_string_vec4
    %pushi/vec4 0, 0, 32; draw_string_vec4
    %concat/vec4; draw_string_vec4
    %pushi/vec4 0, 0, 32; draw_string_vec4
    %concat/vec4; draw_string_vec4
    %pushi/vec4 0, 0, 32; draw_string_vec4
    %concat/vec4; draw_string_vec4
    %pushi/vec4 0, 0, 32; draw_string_vec4
    %concat/vec4; draw_string_vec4
    %pushi/vec4 0, 0, 32; draw_string_vec4
    %concat/vec4; draw_string_vec4
    %pushi/vec4 0, 0, 32; draw_string_vec4
    %concat/vec4; draw_string_vec4
    %pushi/vec4 0, 0, 32; draw_string_vec4
    %concat/vec4; draw_string_vec4
    %pushi/vec4 0, 0, 32; draw_string_vec4
    %concat/vec4; draw_string_vec4
    %pushi/vec4 0, 0, 32; draw_string_vec4
    %concat/vec4; draw_string_vec4
    %pushi/vec4 0, 0, 32; draw_string_vec4
    %concat/vec4; draw_string_vec4
    %pushi/vec4 0, 0, 32; draw_string_vec4
    %concat/vec4; draw_string_vec4
    %pushi/vec4 0, 0, 32; draw_string_vec4
    %concat/vec4; draw_string_vec4
    %pushi/vec4 0, 0, 32; draw_string_vec4
    %concat/vec4; draw_string_vec4
    %pushi/vec4 0, 0, 32; draw_string_vec4
    %concat/vec4; draw_string_vec4
    %pushi/vec4 0, 0, 32; draw_string_vec4
    %concat/vec4; draw_string_vec4
    %pushi/vec4 1112888153, 0, 32; draw_string_vec4
    %concat/vec4; draw_string_vec4
    %pushi/vec4 1598313810, 0, 32; draw_string_vec4
    %concat/vec4; draw_string_vec4
    %pushi/vec4 1229866847, 0, 32; draw_string_vec4
    %concat/vec4; draw_string_vec4
    %pushi/vec4 1481000274, 0, 32; draw_string_vec4
    %concat/vec4; draw_string_vec4
    %store/vec4 v0x5e5e37f44950_0, 0, 640;
    %fork TD_tb_i2c_master_fsm.check, S_0x5e5e3801ece0;
    %join;
    %pushi/vec4 1, 0, 1;
    %store/vec4 v0x5e5e380480a0_0, 0, 1;
    %wait E_0x5e5e37f552b0;
    %delay 1000, 0;
    %pushi/vec4 0, 0, 1;
    %store/vec4 v0x5e5e380480a0_0, 0, 1;
    %pushi/vec4 2, 0, 32;
T_11.20 %dup/vec4;
    %pushi/vec4 0, 0, 32;
    %cmp/s;
    %jmp/1xz T_11.21, 5;
    %jmp/1 T_11.21, 4;
    %pushi/vec4 1, 0, 32;
    %sub;
    %wait E_0x5e5e37f552b0;
    %jmp T_11.20;
T_11.21 ;
    %pop/vec4 1;
    %delay 1000, 0;
    %pushi/vec4 1, 0, 1;
    %store/vec4 v0x5e5e38047630_0, 0, 1;
    %wait E_0x5e5e37f552b0;
    %delay 1000, 0;
    %pushi/vec4 0, 0, 1;
    %store/vec4 v0x5e5e38047630_0, 0, 1;
    %pushi/vec4 2, 0, 32;
T_11.22 %dup/vec4;
    %pushi/vec4 0, 0, 32;
    %cmp/s;
    %jmp/1xz T_11.23, 5;
    %jmp/1 T_11.23, 4;
    %pushi/vec4 1, 0, 32;
    %sub;
    %wait E_0x5e5e37f552b0;
    %jmp T_11.22;
T_11.23 ;
    %pop/vec4 1;
    %delay 1000, 0;
    %pushi/vec4 0, 0, 1;
    %store/vec4 v0x5e5e38047f00_0, 0, 1;
    %pushi/vec4 1, 0, 1;
    %store/vec4 v0x5e5e38047630_0, 0, 1;
    %wait E_0x5e5e37f552b0;
    %delay 1000, 0;
    %pushi/vec4 0, 0, 1;
    %store/vec4 v0x5e5e38047630_0, 0, 1;
    %pushi/vec4 2, 0, 32;
T_11.24 %dup/vec4;
    %pushi/vec4 0, 0, 32;
    %cmp/s;
    %jmp/1xz T_11.25, 5;
    %jmp/1 T_11.25, 4;
    %pushi/vec4 1, 0, 32;
    %sub;
    %wait E_0x5e5e37f552b0;
    %jmp T_11.24;
T_11.25 ;
    %pop/vec4 1;
    %delay 1000, 0;
    %pushi/vec4 1, 0, 1;
    %store/vec4 v0x5e5e38047630_0, 0, 1;
    %wait E_0x5e5e37f552b0;
    %delay 1000, 0;
    %pushi/vec4 0, 0, 1;
    %store/vec4 v0x5e5e38047630_0, 0, 1;
    %pushi/vec4 2, 0, 32;
T_11.26 %dup/vec4;
    %pushi/vec4 0, 0, 32;
    %cmp/s;
    %jmp/1xz T_11.27, 5;
    %jmp/1 T_11.27, 4;
    %pushi/vec4 1, 0, 32;
    %sub;
    %wait E_0x5e5e37f552b0;
    %jmp T_11.26;
T_11.27 ;
    %pop/vec4 1;
    %delay 1000, 0;
    %pushi/vec4 1, 0, 1;
    %store/vec4 v0x5e5e38048310_0, 0, 1;
    %pushi/vec4 0, 0, 1;
    %store/vec4 v0x5e5e38047f00_0, 0, 1;
    %pushi/vec4 1, 0, 1;
    %store/vec4 v0x5e5e38047630_0, 0, 1;
    %wait E_0x5e5e37f552b0;
    %delay 1000, 0;
    %pushi/vec4 0, 0, 1;
    %store/vec4 v0x5e5e38047630_0, 0, 1;
    %pushi/vec4 2, 0, 32;
T_11.28 %dup/vec4;
    %pushi/vec4 0, 0, 32;
    %cmp/s;
    %jmp/1xz T_11.29, 5;
    %jmp/1 T_11.29, 4;
    %pushi/vec4 1, 0, 32;
    %sub;
    %wait E_0x5e5e37f552b0;
    %jmp T_11.28;
T_11.29 ;
    %pop/vec4 1;
    %delay 1000, 0;
    %pushi/vec4 1, 0, 1;
    %store/vec4 v0x5e5e38048240_0, 0, 1;
    %wait E_0x5e5e37f552b0;
    %delay 1000, 0;
    %pushi/vec4 0, 0, 1;
    %store/vec4 v0x5e5e38048240_0, 0, 1;
    %pushi/vec4 3, 0, 32;
T_11.30 %dup/vec4;
    %pushi/vec4 0, 0, 32;
    %cmp/s;
    %jmp/1xz T_11.31, 5;
    %jmp/1 T_11.31, 4;
    %pushi/vec4 1, 0, 32;
    %sub;
    %wait E_0x5e5e37f552b0;
    %jmp T_11.30;
T_11.31 ;
    %pop/vec4 1;
    %delay 1000, 0;
    %pushi/vec4 0, 0, 1;
    %store/vec4 v0x5e5e37f4a500_0, 0, 1;
    %load/vec4 v0x5e5e380474c0_0;
    %store/vec4 v0x5e5e37f4a8c0_0, 0, 1;
    %pushi/vec4 0, 0, 32; draw_string_vec4
    %pushi/vec4 0, 0, 32; draw_string_vec4
    %concat/vec4; draw_string_vec4
    %pushi/vec4 0, 0, 32; draw_string_vec4
    %concat/vec4; draw_string_vec4
    %pushi/vec4 0, 0, 32; draw_string_vec4
    %concat/vec4; draw_string_vec4
    %pushi/vec4 0, 0, 32; draw_string_vec4
    %concat/vec4; draw_string_vec4
    %pushi/vec4 0, 0, 32; draw_string_vec4
    %concat/vec4; draw_string_vec4
    %pushi/vec4 0, 0, 32; draw_string_vec4
    %concat/vec4; draw_string_vec4
    %pushi/vec4 0, 0, 32; draw_string_vec4
    %concat/vec4; draw_string_vec4
    %pushi/vec4 0, 0, 32; draw_string_vec4
    %concat/vec4; draw_string_vec4
    %pushi/vec4 0, 0, 32; draw_string_vec4
    %concat/vec4; draw_string_vec4
    %pushi/vec4 0, 0, 32; draw_string_vec4
    %concat/vec4; draw_string_vec4
    %pushi/vec4 0, 0, 32; draw_string_vec4
    %concat/vec4; draw_string_vec4
    %pushi/vec4 0, 0, 32; draw_string_vec4
    %concat/vec4; draw_string_vec4
    %pushi/vec4 0, 0, 32; draw_string_vec4
    %concat/vec4; draw_string_vec4
    %pushi/vec4 0, 0, 32; draw_string_vec4
    %concat/vec4; draw_string_vec4
    %pushi/vec4 0, 0, 32; draw_string_vec4
    %concat/vec4; draw_string_vec4
    %pushi/vec4 20047, 0, 32; draw_string_vec4
    %concat/vec4; draw_string_vec4
    %pushi/vec4 1415529045, 0, 32; draw_string_vec4
    %concat/vec4; draw_string_vec4
    %pushi/vec4 1398366017, 0, 32; draw_string_vec4
    %concat/vec4; draw_string_vec4
    %pushi/vec4 1179927890, 0, 32; draw_string_vec4
    %concat/vec4; draw_string_vec4
    %store/vec4 v0x5e5e37f44950_0, 0, 640;
    %fork TD_tb_i2c_master_fsm.check, S_0x5e5e3801ece0;
    %join;
    %vpi_call/w 3 513 "$display", "    busy flag correct throughout \342\234\205" {0 0 0};
    %vpi_call/w 3 520 "$display", "--- TEST9: Multi byte write ---" {0 0 0};
    %fork TD_tb_i2c_master_fsm.apply_reset, S_0x5e5e380158e0;
    %join;
    %fork TD_tb_i2c_master_fsm.clear_captures, S_0x5e5e38044f90;
    %join;
    %pushi/vec4 0, 0, 1;
    %store/vec4 v0x5e5e38047cc0_0, 0, 1;
    %pushi/vec4 0, 0, 1;
    %store/vec4 v0x5e5e38048310_0, 0, 1;
    %pushi/vec4 1, 0, 1;
    %store/vec4 v0x5e5e38048170_0, 0, 1;
    %wait E_0x5e5e37f552b0;
    %delay 1000, 0;
    %pushi/vec4 0, 0, 1;
    %store/vec4 v0x5e5e38048170_0, 0, 1;
    %pushi/vec4 2, 0, 32;
T_11.32 %dup/vec4;
    %pushi/vec4 0, 0, 32;
    %cmp/s;
    %jmp/1xz T_11.33, 5;
    %jmp/1 T_11.33, 4;
    %pushi/vec4 1, 0, 32;
    %sub;
    %wait E_0x5e5e37f552b0;
    %jmp T_11.32;
T_11.33 ;
    %pop/vec4 1;
    %delay 1000, 0;
    %pushi/vec4 1, 0, 1;
    %store/vec4 v0x5e5e380480a0_0, 0, 1;
    %wait E_0x5e5e37f552b0;
    %delay 1000, 0;
    %pushi/vec4 0, 0, 1;
    %store/vec4 v0x5e5e380480a0_0, 0, 1;
    %pushi/vec4 2, 0, 32;
T_11.34 %dup/vec4;
    %pushi/vec4 0, 0, 32;
    %cmp/s;
    %jmp/1xz T_11.35, 5;
    %jmp/1 T_11.35, 4;
    %pushi/vec4 1, 0, 32;
    %sub;
    %wait E_0x5e5e37f552b0;
    %jmp T_11.34;
T_11.35 ;
    %pop/vec4 1;
    %delay 1000, 0;
    %pushi/vec4 1, 0, 1;
    %store/vec4 v0x5e5e38047630_0, 0, 1;
    %wait E_0x5e5e37f552b0;
    %delay 1000, 0;
    %pushi/vec4 0, 0, 1;
    %store/vec4 v0x5e5e38047630_0, 0, 1;
    %pushi/vec4 2, 0, 32;
T_11.36 %dup/vec4;
    %pushi/vec4 0, 0, 32;
    %cmp/s;
    %jmp/1xz T_11.37, 5;
    %jmp/1 T_11.37, 4;
    %pushi/vec4 1, 0, 32;
    %sub;
    %wait E_0x5e5e37f552b0;
    %jmp T_11.36;
T_11.37 ;
    %pop/vec4 1;
    %delay 1000, 0;
    %pushi/vec4 0, 0, 1;
    %store/vec4 v0x5e5e38047f00_0, 0, 1;
    %pushi/vec4 1, 0, 1;
    %store/vec4 v0x5e5e38047630_0, 0, 1;
    %wait E_0x5e5e37f552b0;
    %delay 1000, 0;
    %pushi/vec4 0, 0, 1;
    %store/vec4 v0x5e5e38047630_0, 0, 1;
    %pushi/vec4 2, 0, 32;
T_11.38 %dup/vec4;
    %pushi/vec4 0, 0, 32;
    %cmp/s;
    %jmp/1xz T_11.39, 5;
    %jmp/1 T_11.39, 4;
    %pushi/vec4 1, 0, 32;
    %sub;
    %wait E_0x5e5e37f552b0;
    %jmp T_11.38;
T_11.39 ;
    %pop/vec4 1;
    %delay 1000, 0;
    %pushi/vec4 1, 0, 1;
    %store/vec4 v0x5e5e38047630_0, 0, 1;
    %wait E_0x5e5e37f552b0;
    %delay 1000, 0;
    %pushi/vec4 0, 0, 1;
    %store/vec4 v0x5e5e38047630_0, 0, 1;
    %pushi/vec4 2, 0, 32;
T_11.40 %dup/vec4;
    %pushi/vec4 0, 0, 32;
    %cmp/s;
    %jmp/1xz T_11.41, 5;
    %jmp/1 T_11.41, 4;
    %pushi/vec4 1, 0, 32;
    %sub;
    %wait E_0x5e5e37f552b0;
    %jmp T_11.40;
T_11.41 ;
    %pop/vec4 1;
    %delay 1000, 0;
    %pushi/vec4 0, 0, 1;
    %store/vec4 v0x5e5e38048310_0, 0, 1;
    %pushi/vec4 0, 0, 1;
    %store/vec4 v0x5e5e38047f00_0, 0, 1;
    %pushi/vec4 1, 0, 1;
    %store/vec4 v0x5e5e38047630_0, 0, 1;
    %wait E_0x5e5e37f552b0;
    %delay 1000, 0;
    %pushi/vec4 0, 0, 1;
    %store/vec4 v0x5e5e38047630_0, 0, 1;
    %pushi/vec4 2, 0, 32;
T_11.42 %dup/vec4;
    %pushi/vec4 0, 0, 32;
    %cmp/s;
    %jmp/1xz T_11.43, 5;
    %jmp/1 T_11.43, 4;
    %pushi/vec4 1, 0, 32;
    %sub;
    %wait E_0x5e5e37f552b0;
    %jmp T_11.42;
T_11.43 ;
    %pop/vec4 1;
    %delay 1000, 0;
    %pushi/vec4 1, 0, 1;
    %store/vec4 v0x5e5e37f4a500_0, 0, 1;
    %load/vec4 v0x5e5e380484b0_0;
    %store/vec4 v0x5e5e37f4a8c0_0, 0, 1;
    %pushi/vec4 0, 0, 32; draw_string_vec4
    %pushi/vec4 0, 0, 32; draw_string_vec4
    %concat/vec4; draw_string_vec4
    %pushi/vec4 0, 0, 32; draw_string_vec4
    %concat/vec4; draw_string_vec4
    %pushi/vec4 0, 0, 32; draw_string_vec4
    %concat/vec4; draw_string_vec4
    %pushi/vec4 0, 0, 32; draw_string_vec4
    %concat/vec4; draw_string_vec4
    %pushi/vec4 0, 0, 32; draw_string_vec4
    %concat/vec4; draw_string_vec4
    %pushi/vec4 0, 0, 32; draw_string_vec4
    %concat/vec4; draw_string_vec4
    %pushi/vec4 0, 0, 32; draw_string_vec4
    %concat/vec4; draw_string_vec4
    %pushi/vec4 0, 0, 32; draw_string_vec4
    %concat/vec4; draw_string_vec4
    %pushi/vec4 0, 0, 32; draw_string_vec4
    %concat/vec4; draw_string_vec4
    %pushi/vec4 0, 0, 32; draw_string_vec4
    %concat/vec4; draw_string_vec4
    %pushi/vec4 0, 0, 32; draw_string_vec4
    %concat/vec4; draw_string_vec4
    %pushi/vec4 0, 0, 32; draw_string_vec4
    %concat/vec4; draw_string_vec4
    %pushi/vec4 0, 0, 32; draw_string_vec4
    %concat/vec4; draw_string_vec4
    %pushi/vec4 0, 0, 32; draw_string_vec4
    %concat/vec4; draw_string_vec4
    %pushi/vec4 0, 0, 32; draw_string_vec4
    %concat/vec4; draw_string_vec4
    %pushi/vec4 19797, 0, 32; draw_string_vec4
    %concat/vec4; draw_string_vec4
    %pushi/vec4 1280592223, 0, 32; draw_string_vec4
    %concat/vec4; draw_string_vec4
    %pushi/vec4 1415077714, 0, 32; draw_string_vec4
    %concat/vec4; draw_string_vec4
    %pushi/vec4 1147094350, 0, 32; draw_string_vec4
    %concat/vec4; draw_string_vec4
    %store/vec4 v0x5e5e37f44950_0, 0, 640;
    %fork TD_tb_i2c_master_fsm.check, S_0x5e5e3801ece0;
    %join;
    %vpi_call/w 3 566 "$display", "    tx_rd_en fires for next byte \342\234\205" {0 0 0};
    %pushi/vec4 1, 0, 1;
    %store/vec4 v0x5e5e38047630_0, 0, 1;
    %wait E_0x5e5e37f552b0;
    %delay 1000, 0;
    %pushi/vec4 0, 0, 1;
    %store/vec4 v0x5e5e38047630_0, 0, 1;
    %pushi/vec4 2, 0, 32;
T_11.44 %dup/vec4;
    %pushi/vec4 0, 0, 32;
    %cmp/s;
    %jmp/1xz T_11.45, 5;
    %jmp/1 T_11.45, 4;
    %pushi/vec4 1, 0, 32;
    %sub;
    %wait E_0x5e5e37f552b0;
    %jmp T_11.44;
T_11.45 ;
    %pop/vec4 1;
    %delay 1000, 0;
    %pushi/vec4 1, 0, 1;
    %store/vec4 v0x5e5e38048310_0, 0, 1;
    %pushi/vec4 0, 0, 1;
    %store/vec4 v0x5e5e38047f00_0, 0, 1;
    %pushi/vec4 1, 0, 1;
    %store/vec4 v0x5e5e38047630_0, 0, 1;
    %wait E_0x5e5e37f552b0;
    %delay 1000, 0;
    %pushi/vec4 0, 0, 1;
    %store/vec4 v0x5e5e38047630_0, 0, 1;
    %pushi/vec4 3, 0, 32;
T_11.46 %dup/vec4;
    %pushi/vec4 0, 0, 32;
    %cmp/s;
    %jmp/1xz T_11.47, 5;
    %jmp/1 T_11.47, 4;
    %pushi/vec4 1, 0, 32;
    %sub;
    %wait E_0x5e5e37f552b0;
    %jmp T_11.46;
T_11.47 ;
    %pop/vec4 1;
    %delay 1000, 0;
    %pushi/vec4 1, 0, 1;
    %store/vec4 v0x5e5e37f4a500_0, 0, 1;
    %load/vec4 v0x5e5e380479e0_0;
    %store/vec4 v0x5e5e37f4a8c0_0, 0, 1;
    %pushi/vec4 0, 0, 32; draw_string_vec4
    %pushi/vec4 0, 0, 32; draw_string_vec4
    %concat/vec4; draw_string_vec4
    %pushi/vec4 0, 0, 32; draw_string_vec4
    %concat/vec4; draw_string_vec4
    %pushi/vec4 0, 0, 32; draw_string_vec4
    %concat/vec4; draw_string_vec4
    %pushi/vec4 0, 0, 32; draw_string_vec4
    %concat/vec4; draw_string_vec4
    %pushi/vec4 0, 0, 32; draw_string_vec4
    %concat/vec4; draw_string_vec4
    %pushi/vec4 0, 0, 32; draw_string_vec4
    %concat/vec4; draw_string_vec4
    %pushi/vec4 0, 0, 32; draw_string_vec4
    %concat/vec4; draw_string_vec4
    %pushi/vec4 0, 0, 32; draw_string_vec4
    %concat/vec4; draw_string_vec4
    %pushi/vec4 0, 0, 32; draw_string_vec4
    %concat/vec4; draw_string_vec4
    %pushi/vec4 0, 0, 32; draw_string_vec4
    %concat/vec4; draw_string_vec4
    %pushi/vec4 0, 0, 32; draw_string_vec4
    %concat/vec4; draw_string_vec4
    %pushi/vec4 0, 0, 32; draw_string_vec4
    %concat/vec4; draw_string_vec4
    %pushi/vec4 0, 0, 32; draw_string_vec4
    %concat/vec4; draw_string_vec4
    %pushi/vec4 0, 0, 32; draw_string_vec4
    %concat/vec4; draw_string_vec4
    %pushi/vec4 0, 0, 32; draw_string_vec4
    %concat/vec4; draw_string_vec4
    %pushi/vec4 19797, 0, 32; draw_string_vec4
    %concat/vec4; draw_string_vec4
    %pushi/vec4 1280592223, 0, 32; draw_string_vec4
    %concat/vec4; draw_string_vec4
    %pushi/vec4 1195724383, 0, 32; draw_string_vec4
    %concat/vec4; draw_string_vec4
    %pushi/vec4 1398034256, 0, 32; draw_string_vec4
    %concat/vec4; draw_string_vec4
    %store/vec4 v0x5e5e37f44950_0, 0, 640;
    %fork TD_tb_i2c_master_fsm.check, S_0x5e5e3801ece0;
    %join;
    %vpi_call/w 3 584 "$display", "    STOP after last byte \342\234\205" {0 0 0};
    %pushi/vec4 1, 0, 1;
    %store/vec4 v0x5e5e38048240_0, 0, 1;
    %wait E_0x5e5e37f552b0;
    %delay 1000, 0;
    %pushi/vec4 0, 0, 1;
    %store/vec4 v0x5e5e38048240_0, 0, 1;
    %pushi/vec4 2, 0, 32;
T_11.48 %dup/vec4;
    %pushi/vec4 0, 0, 32;
    %cmp/s;
    %jmp/1xz T_11.49, 5;
    %jmp/1 T_11.49, 4;
    %pushi/vec4 1, 0, 32;
    %sub;
    %wait E_0x5e5e37f552b0;
    %jmp T_11.48;
T_11.49 ;
    %pop/vec4 1;
    %delay 1000, 0;
    %pushi/vec4 0, 0, 1;
    %store/vec4 v0x5e5e37f4a500_0, 0, 1;
    %load/vec4 v0x5e5e380474c0_0;
    %store/vec4 v0x5e5e37f4a8c0_0, 0, 1;
    %pushi/vec4 0, 0, 32; draw_string_vec4
    %pushi/vec4 0, 0, 32; draw_string_vec4
    %concat/vec4; draw_string_vec4
    %pushi/vec4 0, 0, 32; draw_string_vec4
    %concat/vec4; draw_string_vec4
    %pushi/vec4 0, 0, 32; draw_string_vec4
    %concat/vec4; draw_string_vec4
    %pushi/vec4 0, 0, 32; draw_string_vec4
    %concat/vec4; draw_string_vec4
    %pushi/vec4 0, 0, 32; draw_string_vec4
    %concat/vec4; draw_string_vec4
    %pushi/vec4 0, 0, 32; draw_string_vec4
    %concat/vec4; draw_string_vec4
    %pushi/vec4 0, 0, 32; draw_string_vec4
    %concat/vec4; draw_string_vec4
    %pushi/vec4 0, 0, 32; draw_string_vec4
    %concat/vec4; draw_string_vec4
    %pushi/vec4 0, 0, 32; draw_string_vec4
    %concat/vec4; draw_string_vec4
    %pushi/vec4 0, 0, 32; draw_string_vec4
    %concat/vec4; draw_string_vec4
    %pushi/vec4 0, 0, 32; draw_string_vec4
    %concat/vec4; draw_string_vec4
    %pushi/vec4 0, 0, 32; draw_string_vec4
    %concat/vec4; draw_string_vec4
    %pushi/vec4 0, 0, 32; draw_string_vec4
    %concat/vec4; draw_string_vec4
    %pushi/vec4 0, 0, 32; draw_string_vec4
    %concat/vec4; draw_string_vec4
    %pushi/vec4 0, 0, 32; draw_string_vec4
    %concat/vec4; draw_string_vec4
    %pushi/vec4 5068108, 0, 32; draw_string_vec4
    %concat/vec4; draw_string_vec4
    %pushi/vec4 1414094658, 0, 32; draw_string_vec4
    %concat/vec4; draw_string_vec4
    %pushi/vec4 1094929247, 0, 32; draw_string_vec4
    %concat/vec4; draw_string_vec4
    %pushi/vec4 1229212741, 0, 32; draw_string_vec4
    %concat/vec4; draw_string_vec4
    %store/vec4 v0x5e5e37f44950_0, 0, 640;
    %fork TD_tb_i2c_master_fsm.check, S_0x5e5e3801ece0;
    %join;
    %vpi_call/w 3 592 "$display", "    back to IDLE after multi-byte write \342\234\205" {0 0 0};
    %vpi_call/w 3 594 "$display", "=== tb_i2c_master_fsm DONE ===" {0 0 0};
    %vpi_call/w 3 595 "$finish" {0 0 0};
    %end;
    .thread T_11;
    .scope S_0x5e5e38011fd0;
T_12 ;
    %vpi_call/w 3 602 "$dumpfile", "tb_i2c_master_fsm.vcd" {0 0 0};
    %vpi_call/w 3 603 "$dumpvars", 32'sb00000000000000000000000000000000, S_0x5e5e38011fd0 {0 0 0};
    %end;
    .thread T_12;
    .scope S_0x5e5e38011fd0;
T_13 ;
    %vpi_call/w 3 610 "$monitor", "t=%0t | start=%b stop=%b bce=%b load=%b | busy=%b arb=%b", $time, v0x5e5e380477a0_0, v0x5e5e38047910_0, v0x5e5e38047420_0, v0x5e5e38047a80_0, v0x5e5e380474c0_0, v0x5e5e38047360_0 {0 0 0};
    %end;
    .thread T_13;
# The file index is used to find the file name in the following table.
:file_names 5;
    "N/A";
    "<interactive>";
    "-";
    "tb/tb_i2c_master_fsm.v";
    "master/i2c_master_fsm.v";
