#! /usr/bin/vvp
:ivl_version "12.0 (stable)";
:ivl_delay_selection "TYPICAL";
:vpi_time_precision - 12;
:vpi_module "/usr/lib/x86_64-linux-gnu/ivl/system.vpi";
:vpi_module "/usr/lib/x86_64-linux-gnu/ivl/vhdl_sys.vpi";
:vpi_module "/usr/lib/x86_64-linux-gnu/ivl/vhdl_textio.vpi";
:vpi_module "/usr/lib/x86_64-linux-gnu/ivl/v2005_math.vpi";
:vpi_module "/usr/lib/x86_64-linux-gnu/ivl/va_math.vpi";
:vpi_module "/usr/lib/x86_64-linux-gnu/ivl/v2009.vpi";
S_0x5deb30394b50 .scope package, "$unit" "$unit" 2 1;
 .timescale 0 0;
S_0x5deb3038e9e0 .scope module, "tb_i2c_bit_ctrl" "tb_i2c_bit_ctrl" 3 3;
 .timescale -9 -12;
v0x5deb303c1ad0_0 .var "ack_phase", 0 0;
v0x5deb303c1bc0_0 .net "byte_done", 0 0, v0x5deb303c0b60_0;  1 drivers
v0x5deb303c1c90_0 .var/i "byte_done_count", 31 0;
v0x5deb303c1d60_0 .var "clk", 0 0;
v0x5deb303c1e00_0 .var "enable", 0 0;
v0x5deb303c1ef0_0 .var/i "i", 31 0;
v0x5deb303c1f90_0 .var "load", 0 0;
v0x5deb303c2080_0 .var "resetn", 0 0;
v0x5deb303c2170_0 .net "rx_data", 7 0, L_0x5deb303aa880;  1 drivers
v0x5deb303c2230_0 .var "rx_data_captured", 7 0;
v0x5deb303c2310_0 .net "rx_valid", 0 0, v0x5deb303c1060_0;  1 drivers
v0x5deb303c23b0_0 .var "scl_in", 0 0;
v0x5deb303c2450_0 .var "sda_in", 0 0;
v0x5deb303c2540_0 .net "sda_oe", 0 0, v0x5deb303c14d0_0;  1 drivers
v0x5deb303c25e0_0 .net "sda_out", 0 0, L_0x5deb303c2cc0;  1 drivers
v0x5deb303c26d0_0 .net "sda_sampled", 0 0, v0x5deb303c1640_0;  1 drivers
v0x5deb303c2770_0 .var "sda_sampled_captured", 0 0;
v0x5deb303c2810_0 .var "tx_data", 7 0;
S_0x5deb303920b0 .scope task, "apply_reset" "apply_reset" 3 53, 3 53 0, S_0x5deb3038e9e0;
 .timescale -9 -12;
E_0x5deb302f47d0 .event posedge, v0x5deb303bf880_0;
TD_tb_i2c_bit_ctrl.apply_reset ;
    %pushi/vec4 0, 0, 1;
    %store/vec4 v0x5deb303c2080_0, 0, 1;
    %pushi/vec4 0, 0, 1;
    %store/vec4 v0x5deb303c1e00_0, 0, 1;
    %pushi/vec4 0, 0, 1;
    %store/vec4 v0x5deb303c1f90_0, 0, 1;
    %pushi/vec4 0, 0, 8;
    %store/vec4 v0x5deb303c2810_0, 0, 8;
    %pushi/vec4 1, 0, 1;
    %store/vec4 v0x5deb303c23b0_0, 0, 1;
    %pushi/vec4 1, 0, 1;
    %store/vec4 v0x5deb303c2450_0, 0, 1;
    %pushi/vec4 0, 0, 1;
    %store/vec4 v0x5deb303c1ad0_0, 0, 1;
    %wait E_0x5deb302f47d0;
    %delay 1000, 0;
    %wait E_0x5deb302f47d0;
    %delay 1000, 0;
    %pushi/vec4 1, 0, 1;
    %store/vec4 v0x5deb303c2080_0, 0, 1;
    %wait E_0x5deb302f47d0;
    %delay 1000, 0;
    %end;
S_0x5deb302e3430 .scope task, "check" "check" 3 127, 3 127 0, S_0x5deb3038e9e0;
 .timescale -9 -12;
v0x5deb302ee170_0 .var "exp_val", 0 0;
v0x5deb302ec3f0_0 .var "got_val", 0 0;
v0x5deb302e9ad0_0 .var "test_name", 640 1;
TD_tb_i2c_bit_ctrl.check ;
    %load/vec4 v0x5deb302ec3f0_0;
    %load/vec4 v0x5deb302ee170_0;
    %cmp/ne;
    %jmp/0xz  T_1.0, 6;
    %vpi_call/w 3 133 "$display", "FAIL [%0s] got=%b exp=%b at t=%0t", v0x5deb302e9ad0_0, v0x5deb302ec3f0_0, v0x5deb302ee170_0, $time {0 0 0};
    %jmp T_1.1;
T_1.0 ;
    %vpi_call/w 3 136 "$display", "PASS [%0s] got=%b", v0x5deb302e9ad0_0, v0x5deb302ec3f0_0 {0 0 0};
T_1.1 ;
    %end;
S_0x5deb303be250 .scope task, "check8" "check8" 3 144, 3 144 0, S_0x5deb3038e9e0;
 .timescale -9 -12;
v0x5deb302e9e90_0 .var "exp_val", 7 0;
v0x5deb302cbd50_0 .var "got_val", 7 0;
v0x5deb303aaa90_0 .var "test_name", 640 1;
TD_tb_i2c_bit_ctrl.check8 ;
    %load/vec4 v0x5deb302cbd50_0;
    %load/vec4 v0x5deb302e9e90_0;
    %cmp/ne;
    %jmp/0xz  T_2.2, 6;
    %vpi_call/w 3 150 "$display", "FAIL [%0s] got=0x%02X exp=0x%02X at t=%0t", v0x5deb303aaa90_0, v0x5deb302cbd50_0, v0x5deb302e9e90_0, $time {0 0 0};
    %jmp T_2.3;
T_2.2 ;
    %vpi_call/w 3 153 "$display", "PASS [%0s] got=0x%02X", v0x5deb303aaa90_0, v0x5deb302cbd50_0 {0 0 0};
T_2.3 ;
    %end;
S_0x5deb303be4d0 .scope task, "load_byte" "load_byte" 3 72, 3 72 0, S_0x5deb3038e9e0;
 .timescale -9 -12;
v0x5deb303aa9f0_0 .var "byte_val", 7 0;
TD_tb_i2c_bit_ctrl.load_byte ;
    %load/vec4 v0x5deb303aa9f0_0;
    %store/vec4 v0x5deb303c2810_0, 0, 8;
    %pushi/vec4 1, 0, 1;
    %store/vec4 v0x5deb303c1f90_0, 0, 1;
    %wait E_0x5deb302f47d0;
    %delay 1000, 0;
    %pushi/vec4 0, 0, 1;
    %store/vec4 v0x5deb303c1f90_0, 0, 1;
    %end;
S_0x5deb303be710 .scope task, "scl_cycle" "scl_cycle" 3 87, 3 87 0, S_0x5deb3038e9e0;
 .timescale -9 -12;
v0x5deb303be940_0 .var "sda_val", 0 0;
TD_tb_i2c_bit_ctrl.scl_cycle ;
    %pushi/vec4 0, 0, 1;
    %store/vec4 v0x5deb303c23b0_0, 0, 1;
    %wait E_0x5deb302f47d0;
    %delay 1000, 0;
    %wait E_0x5deb302f47d0;
    %delay 1000, 0;
    %load/vec4 v0x5deb303be940_0;
    %store/vec4 v0x5deb303c2450_0, 0, 1;
    %wait E_0x5deb302f47d0;
    %delay 1000, 0;
    %pushi/vec4 1, 0, 1;
    %store/vec4 v0x5deb303c23b0_0, 0, 1;
    %wait E_0x5deb302f47d0;
    %delay 1000, 0;
    %wait E_0x5deb302f47d0;
    %delay 1000, 0;
    %end;
S_0x5deb303bea20 .scope task, "send_byte_cycles" "send_byte_cycles" 3 110, 3 110 0, S_0x5deb3038e9e0;
 .timescale -9 -12;
v0x5deb303bec00_0 .var "ack_val", 0 0;
v0x5deb303bece0_0 .var/i "i", 31 0;
v0x5deb303bedc0_0 .var "rx_byte", 7 0;
TD_tb_i2c_bit_ctrl.send_byte_cycles ;
    %pushi/vec4 7, 0, 32;
    %store/vec4 v0x5deb303bece0_0, 0, 32;
T_5.4 ;
    %load/vec4 v0x5deb303bece0_0;
    %cmpi/s 0, 0, 32;
    %flag_inv 5; GE is !LT
    %jmp/0xz T_5.5, 5;
    %load/vec4 v0x5deb303bedc0_0;
    %load/vec4 v0x5deb303bece0_0;
    %part/s 1;
    %store/vec4 v0x5deb303be940_0, 0, 1;
    %fork TD_tb_i2c_bit_ctrl.scl_cycle, S_0x5deb303be710;
    %join;
    %load/vec4 v0x5deb303bece0_0;
    %subi 1, 0, 32;
    %store/vec4 v0x5deb303bece0_0, 0, 32;
    %jmp T_5.4;
T_5.5 ;
    %load/vec4 v0x5deb303bec00_0;
    %store/vec4 v0x5deb303be940_0, 0, 1;
    %fork TD_tb_i2c_bit_ctrl.scl_cycle, S_0x5deb303be710;
    %join;
    %end;
S_0x5deb303bee80 .scope begin, "tx_check" "tx_check" 3 220, 3 220 0, S_0x5deb3038e9e0;
 .timescale -9 -12;
v0x5deb303bf060_0 .var "exp_bits", 7 0;
S_0x5deb303bf160 .scope module, "u_dut" "i2c_bit_ctrl" 3 27, 4 1 0, S_0x5deb3038e9e0;
 .timescale 0 0;
    .port_info 0 /INPUT 1 "clk";
    .port_info 1 /INPUT 1 "resetn";
    .port_info 2 /INPUT 1 "enable";
    .port_info 3 /INPUT 1 "ack_phase";
    .port_info 4 /INPUT 8 "tx_data";
    .port_info 5 /INPUT 1 "load";
    .port_info 6 /OUTPUT 8 "rx_data";
    .port_info 7 /OUTPUT 1 "rx_valid";
    .port_info 8 /OUTPUT 1 "byte_done";
    .port_info 9 /OUTPUT 1 "sda_sampled";
    .port_info 10 /OUTPUT 1 "sda_oe";
    .port_info 11 /OUTPUT 1 "sda_out";
    .port_info 12 /INPUT 1 "scl_in";
    .port_info 13 /INPUT 1 "sda_in";
P_0x5deb302f7670 .param/l "PH_HIGH" 1 4 23, C4<10>;
P_0x5deb302f76b0 .param/l "PH_IDLE" 1 4 21, C4<00>;
P_0x5deb302f76f0 .param/l "PH_LOW" 1 4 22, C4<01>;
L_0x768cd0a9d018 .functor BUFT 1, C4<0>, C4<0>, C4<0>, C4<0>;
L_0x5deb302eda50 .functor XNOR 1, v0x5deb303c1280_0, L_0x768cd0a9d018, C4<0>, C4<0>;
L_0x768cd0a9d060 .functor BUFT 1, C4<1>, C4<0>, C4<0>, C4<0>;
L_0x5deb302edd90 .functor XNOR 1, v0x5deb303c23b0_0, L_0x768cd0a9d060, C4<0>, C4<0>;
L_0x5deb302ee050 .functor AND 1, L_0x5deb302eda50, L_0x5deb302edd90, C4<1>, C4<1>;
L_0x768cd0a9d0a8 .functor BUFT 1, C4<1>, C4<0>, C4<0>, C4<0>;
L_0x5deb302ed050 .functor XNOR 1, v0x5deb303c1280_0, L_0x768cd0a9d0a8, C4<0>, C4<0>;
L_0x768cd0a9d0f0 .functor BUFT 1, C4<0>, C4<0>, C4<0>, C4<0>;
L_0x5deb302e9970 .functor XNOR 1, v0x5deb303c23b0_0, L_0x768cd0a9d0f0, C4<0>, C4<0>;
L_0x5deb302e9d70 .functor AND 1, L_0x5deb302ed050, L_0x5deb302e9970, C4<1>, C4<1>;
v0x5deb303c02b0_0 .net/2u *"_ivl_0", 0 0, L_0x768cd0a9d018;  1 drivers
v0x5deb303c03b0_0 .net/2u *"_ivl_10", 0 0, L_0x768cd0a9d0a8;  1 drivers
v0x5deb303c0490_0 .net *"_ivl_12", 0 0, L_0x5deb302ed050;  1 drivers
v0x5deb303c0530_0 .net/2u *"_ivl_14", 0 0, L_0x768cd0a9d0f0;  1 drivers
v0x5deb303c0610_0 .net *"_ivl_16", 0 0, L_0x5deb302e9970;  1 drivers
v0x5deb303c06d0_0 .net *"_ivl_2", 0 0, L_0x5deb302eda50;  1 drivers
v0x5deb303c0790_0 .net/2u *"_ivl_4", 0 0, L_0x768cd0a9d060;  1 drivers
v0x5deb303c0870_0 .net *"_ivl_6", 0 0, L_0x5deb302edd90;  1 drivers
v0x5deb303c0930_0 .net "ack_phase", 0 0, v0x5deb303c1ad0_0;  1 drivers
v0x5deb303c0a80_0 .var "bit_cnt", 3 0;
v0x5deb303c0b60_0 .var "byte_done", 0 0;
v0x5deb303c0c20_0 .net "clk", 0 0, v0x5deb303c1d60_0;  1 drivers
v0x5deb303c0cc0_0 .net "enable", 0 0, v0x5deb303c1e00_0;  1 drivers
v0x5deb303c0d60_0 .net "load", 0 0, v0x5deb303c1f90_0;  1 drivers
v0x5deb303c0e00_0 .var "phase", 1 0;
v0x5deb303c0ec0_0 .net "resetn", 0 0, v0x5deb303c2080_0;  1 drivers
v0x5deb303c0f90_0 .net "rx_data", 7 0, L_0x5deb303aa880;  alias, 1 drivers
v0x5deb303c1060_0 .var "rx_valid", 0 0;
v0x5deb303c1100_0 .net "scl_fall", 0 0, L_0x5deb302e9d70;  1 drivers
v0x5deb303c11c0_0 .net "scl_in", 0 0, v0x5deb303c23b0_0;  1 drivers
v0x5deb303c1280_0 .var "scl_prev", 0 0;
v0x5deb303c1340_0 .net "scl_rise", 0 0, L_0x5deb302ee050;  1 drivers
v0x5deb303c1400_0 .net "sda_in", 0 0, v0x5deb303c2450_0;  1 drivers
v0x5deb303c14d0_0 .var "sda_oe", 0 0;
v0x5deb303c1570_0 .net "sda_out", 0 0, L_0x5deb303c2cc0;  alias, 1 drivers
v0x5deb303c1640_0 .var "sda_sampled", 0 0;
v0x5deb303c16e0_0 .var "shift_rx_en", 0 0;
v0x5deb303c17b0_0 .var "shift_tx_en", 0 0;
v0x5deb303c1880_0 .net "tx_data", 7 0, v0x5deb303c2810_0;  1 drivers
S_0x5deb303bf610 .scope module, "shift_register" "i2c_shift_reg" 4 34, 5 32 0, S_0x5deb303bf160;
 .timescale 0 0;
    .port_info 0 /INPUT 1 "clk";
    .port_info 1 /INPUT 1 "rst_n";
    .port_info 2 /INPUT 1 "shift_tx";
    .port_info 3 /INPUT 1 "shift_rx";
    .port_info 4 /INPUT 1 "load";
    .port_info 5 /INPUT 1 "serial_in";
    .port_info 6 /INPUT 8 "data_in";
    .port_info 7 /OUTPUT 1 "serial_out";
    .port_info 8 /OUTPUT 8 "data_out";
L_0x5deb303aa880 .functor BUFZ 8, v0x5deb303bfcd0_0, C4<00000000>, C4<00000000>, C4<00000000>;
v0x5deb303bf880_0 .net "clk", 0 0, v0x5deb303c1d60_0;  alias, 1 drivers
v0x5deb303bf960_0 .net "data_in", 7 0, v0x5deb303c2810_0;  alias, 1 drivers
v0x5deb303bfa40_0 .net "data_out", 7 0, L_0x5deb303aa880;  alias, 1 drivers
v0x5deb303bfb00_0 .net "load", 0 0, v0x5deb303c1f90_0;  alias, 1 drivers
v0x5deb303bfbc0_0 .net "rst_n", 0 0, v0x5deb303c2080_0;  alias, 1 drivers
v0x5deb303bfcd0_0 .var "rx_mem", 7 0;
v0x5deb303bfdb0_0 .net "serial_in", 0 0, v0x5deb303c2450_0;  alias, 1 drivers
v0x5deb303bfe70_0 .net "serial_out", 0 0, L_0x5deb303c2cc0;  alias, 1 drivers
v0x5deb303bff30_0 .net "shift_rx", 0 0, v0x5deb303c16e0_0;  1 drivers
v0x5deb303bfff0_0 .net "shift_tx", 0 0, v0x5deb303c17b0_0;  1 drivers
v0x5deb303c00b0_0 .var "tx_mem", 7 0;
E_0x5deb302dec40/0 .event negedge, v0x5deb303bfbc0_0;
E_0x5deb302dec40/1 .event posedge, v0x5deb303bf880_0;
E_0x5deb302dec40 .event/or E_0x5deb302dec40/0, E_0x5deb302dec40/1;
L_0x5deb303c2cc0 .part v0x5deb303c00b0_0, 7, 1;
    .scope S_0x5deb303bf610;
T_6 ;
    %wait E_0x5deb302dec40;
    %load/vec4 v0x5deb303bfbc0_0;
    %nor/r;
    %flag_set/vec4 8;
    %jmp/0xz  T_6.0, 8;
    %pushi/vec4 255, 0, 8;
    %assign/vec4 v0x5deb303c00b0_0, 0;
    %pushi/vec4 0, 0, 8;
    %assign/vec4 v0x5deb303bfcd0_0, 0;
    %jmp T_6.1;
T_6.0 ;
    %load/vec4 v0x5deb303bfb00_0;
    %flag_set/vec4 8;
    %jmp/0xz  T_6.2, 8;
    %load/vec4 v0x5deb303bf960_0;
    %assign/vec4 v0x5deb303c00b0_0, 0;
    %load/vec4 v0x5deb303bf960_0;
    %assign/vec4 v0x5deb303bfcd0_0, 0;
    %jmp T_6.3;
T_6.2 ;
    %load/vec4 v0x5deb303bfff0_0;
    %flag_set/vec4 8;
    %jmp/0xz  T_6.4, 8;
    %load/vec4 v0x5deb303c00b0_0;
    %parti/s 7, 0, 2;
    %concati/vec4 1, 0, 1;
    %assign/vec4 v0x5deb303c00b0_0, 0;
T_6.4 ;
T_6.3 ;
    %load/vec4 v0x5deb303bff30_0;
    %flag_set/vec4 8;
    %jmp/0xz  T_6.6, 8;
    %load/vec4 v0x5deb303bfcd0_0;
    %parti/s 7, 0, 2;
    %load/vec4 v0x5deb303bfdb0_0;
    %concat/vec4; draw_concat_vec4
    %assign/vec4 v0x5deb303bfcd0_0, 0;
T_6.6 ;
T_6.1 ;
    %jmp T_6;
    .thread T_6;
    .scope S_0x5deb303bf160;
T_7 ;
    %wait E_0x5deb302dec40;
    %load/vec4 v0x5deb303c0ec0_0;
    %nor/r;
    %flag_set/vec4 8;
    %jmp/0xz  T_7.0, 8;
    %pushi/vec4 1, 0, 1;
    %assign/vec4 v0x5deb303c1280_0, 0;
    %jmp T_7.1;
T_7.0 ;
    %load/vec4 v0x5deb303c11c0_0;
    %assign/vec4 v0x5deb303c1280_0, 0;
T_7.1 ;
    %jmp T_7;
    .thread T_7;
    .scope S_0x5deb303bf160;
T_8 ;
    %wait E_0x5deb302dec40;
    %load/vec4 v0x5deb303c0ec0_0;
    %nor/r;
    %flag_set/vec4 8;
    %jmp/0xz  T_8.0, 8;
    %pushi/vec4 0, 0, 2;
    %assign/vec4 v0x5deb303c0e00_0, 0;
    %pushi/vec4 0, 0, 1;
    %assign/vec4 v0x5deb303c14d0_0, 0;
    %pushi/vec4 0, 0, 1;
    %assign/vec4 v0x5deb303c17b0_0, 0;
    %pushi/vec4 0, 0, 1;
    %assign/vec4 v0x5deb303c16e0_0, 0;
    %pushi/vec4 0, 0, 4;
    %assign/vec4 v0x5deb303c0a80_0, 0;
    %pushi/vec4 0, 0, 1;
    %assign/vec4 v0x5deb303c1060_0, 0;
    %pushi/vec4 0, 0, 1;
    %assign/vec4 v0x5deb303c0b60_0, 0;
    %pushi/vec4 1, 0, 1;
    %assign/vec4 v0x5deb303c1640_0, 0;
    %jmp T_8.1;
T_8.0 ;
    %pushi/vec4 0, 0, 1;
    %assign/vec4 v0x5deb303c17b0_0, 0;
    %pushi/vec4 0, 0, 1;
    %assign/vec4 v0x5deb303c16e0_0, 0;
    %pushi/vec4 0, 0, 1;
    %assign/vec4 v0x5deb303c0b60_0, 0;
    %pushi/vec4 0, 0, 1;
    %assign/vec4 v0x5deb303c1060_0, 0;
    %load/vec4 v0x5deb303c0cc0_0;
    %nor/r;
    %flag_set/vec4 8;
    %jmp/0xz  T_8.2, 8;
    %pushi/vec4 0, 0, 2;
    %assign/vec4 v0x5deb303c0e00_0, 0;
    %pushi/vec4 0, 0, 1;
    %assign/vec4 v0x5deb303c14d0_0, 0;
    %pushi/vec4 0, 0, 4;
    %assign/vec4 v0x5deb303c0a80_0, 0;
    %jmp T_8.3;
T_8.2 ;
    %load/vec4 v0x5deb303c0e00_0;
    %dup/vec4;
    %pushi/vec4 0, 0, 2;
    %cmp/u;
    %jmp/1 T_8.4, 6;
    %dup/vec4;
    %pushi/vec4 1, 0, 2;
    %cmp/u;
    %jmp/1 T_8.5, 6;
    %dup/vec4;
    %pushi/vec4 2, 0, 2;
    %cmp/u;
    %jmp/1 T_8.6, 6;
    %jmp T_8.7;
T_8.4 ;
    %load/vec4 v0x5deb303c0a80_0;
    %pad/u 32;
    %cmpi/u 8, 0, 32;
    %jmp/0xz  T_8.8, 5;
    %pushi/vec4 1, 0, 1;
    %assign/vec4 v0x5deb303c14d0_0, 0;
    %jmp T_8.9;
T_8.8 ;
    %load/vec4 v0x5deb303c0930_0;
    %assign/vec4 v0x5deb303c14d0_0, 0;
T_8.9 ;
    %load/vec4 v0x5deb303c1100_0;
    %flag_set/vec4 8;
    %jmp/0xz  T_8.10, 8;
    %pushi/vec4 2, 0, 2;
    %assign/vec4 v0x5deb303c0e00_0, 0;
T_8.10 ;
    %jmp T_8.7;
T_8.5 ;
    %load/vec4 v0x5deb303c1100_0;
    %flag_set/vec4 8;
    %jmp/0xz  T_8.12, 8;
    %pushi/vec4 2, 0, 2;
    %assign/vec4 v0x5deb303c0e00_0, 0;
    %load/vec4 v0x5deb303c0a80_0;
    %pad/u 32;
    %cmpi/u 0, 0, 32;
    %flag_or 5, 4; GT is !LE
    %flag_inv 5;
    %flag_get/vec4 5;
    %jmp/0 T_8.16, 5;
    %load/vec4 v0x5deb303c0a80_0;
    %pad/u 32;
    %cmpi/u 7, 0, 32;
    %flag_get/vec4 4;
    %flag_get/vec4 5;
    %or;
    %and;
T_8.16;
    %flag_set/vec4 8;
    %jmp/0xz  T_8.14, 8;
    %pushi/vec4 1, 0, 1;
    %assign/vec4 v0x5deb303c17b0_0, 0;
T_8.14 ;
    %load/vec4 v0x5deb303c0a80_0;
    %pad/u 32;
    %cmpi/u 8, 0, 32;
    %jmp/0xz  T_8.17, 5;
    %pushi/vec4 1, 0, 1;
    %assign/vec4 v0x5deb303c14d0_0, 0;
    %jmp T_8.18;
T_8.17 ;
    %load/vec4 v0x5deb303c0930_0;
    %assign/vec4 v0x5deb303c14d0_0, 0;
T_8.18 ;
T_8.12 ;
    %jmp T_8.7;
T_8.6 ;
    %load/vec4 v0x5deb303c1340_0;
    %flag_set/vec4 8;
    %jmp/0xz  T_8.19, 8;
    %pushi/vec4 1, 0, 2;
    %assign/vec4 v0x5deb303c0e00_0, 0;
    %load/vec4 v0x5deb303c1400_0;
    %assign/vec4 v0x5deb303c1640_0, 0;
    %load/vec4 v0x5deb303c0a80_0;
    %pad/u 32;
    %cmpi/u 8, 0, 32;
    %jmp/0xz  T_8.21, 5;
    %pushi/vec4 1, 0, 1;
    %assign/vec4 v0x5deb303c16e0_0, 0;
    %load/vec4 v0x5deb303c0a80_0;
    %addi 1, 0, 4;
    %assign/vec4 v0x5deb303c0a80_0, 0;
    %jmp T_8.22;
T_8.21 ;
    %pushi/vec4 0, 0, 4;
    %assign/vec4 v0x5deb303c0a80_0, 0;
    %pushi/vec4 1, 0, 1;
    %assign/vec4 v0x5deb303c0b60_0, 0;
    %pushi/vec4 1, 0, 1;
    %assign/vec4 v0x5deb303c1060_0, 0;
    %pushi/vec4 0, 0, 2;
    %assign/vec4 v0x5deb303c0e00_0, 0;
T_8.22 ;
T_8.19 ;
    %jmp T_8.7;
T_8.7 ;
    %pop/vec4 1;
T_8.3 ;
T_8.1 ;
    %jmp T_8;
    .thread T_8;
    .scope S_0x5deb3038e9e0;
T_9 ;
    %pushi/vec4 0, 0, 1;
    %store/vec4 v0x5deb303c1d60_0, 0, 1;
    %end;
    .thread T_9;
    .scope S_0x5deb3038e9e0;
T_10 ;
    %delay 5000, 0;
    %load/vec4 v0x5deb303c1d60_0;
    %inv;
    %store/vec4 v0x5deb303c1d60_0, 0, 1;
    %jmp T_10;
    .thread T_10;
    .scope S_0x5deb3038e9e0;
T_11 ;
    %wait E_0x5deb302f47d0;
    %load/vec4 v0x5deb303c1bc0_0;
    %flag_set/vec4 8;
    %jmp/0xz  T_11.0, 8;
    %load/vec4 v0x5deb303c1c90_0;
    %addi 1, 0, 32;
    %assign/vec4 v0x5deb303c1c90_0, 0;
T_11.0 ;
    %jmp T_11;
    .thread T_11;
    .scope S_0x5deb3038e9e0;
T_12 ;
    %wait E_0x5deb302f47d0;
    %load/vec4 v0x5deb303c1bc0_0;
    %flag_set/vec4 8;
    %jmp/0xz  T_12.0, 8;
    %load/vec4 v0x5deb303c26d0_0;
    %assign/vec4 v0x5deb303c2770_0, 0;
T_12.0 ;
    %jmp T_12;
    .thread T_12;
    .scope S_0x5deb3038e9e0;
T_13 ;
    %wait E_0x5deb302f47d0;
    %load/vec4 v0x5deb303c1bc0_0;
    %flag_set/vec4 8;
    %jmp/0xz  T_13.0, 8;
    %load/vec4 v0x5deb303c2170_0;
    %assign/vec4 v0x5deb303c2230_0, 0;
T_13.0 ;
    %jmp T_13;
    .thread T_13;
    .scope S_0x5deb3038e9e0;
T_14 ;
    %vpi_call/w 3 194 "$display", "=== tb_i2c_bit_ctrl START ===" {0 0 0};
    %pushi/vec4 0, 0, 32;
    %store/vec4 v0x5deb303c1c90_0, 0, 32;
    %vpi_call/w 3 200 "$display", "--- TEST1: Reset ---" {0 0 0};
    %fork TD_tb_i2c_bit_ctrl.apply_reset, S_0x5deb303920b0;
    %join;
    %pushi/vec4 0, 0, 1;
    %store/vec4 v0x5deb302ee170_0, 0, 1;
    %load/vec4 v0x5deb303c1e00_0;
    %store/vec4 v0x5deb302ec3f0_0, 0, 1;
    %pushi/vec4 0, 0, 32; draw_string_vec4
    %pushi/vec4 0, 0, 32; draw_string_vec4
    %concat/vec4; draw_string_vec4
    %pushi/vec4 0, 0, 32; draw_string_vec4
    %concat/vec4; draw_string_vec4
    %pushi/vec4 0, 0, 32; draw_string_vec4
    %concat/vec4; draw_string_vec4
    %pushi/vec4 0, 0, 32; draw_string_vec4
    %concat/vec4; draw_string_vec4
    %pushi/vec4 0, 0, 32; draw_string_vec4
    %concat/vec4; draw_string_vec4
    %pushi/vec4 0, 0, 32; draw_string_vec4
    %concat/vec4; draw_string_vec4
    %pushi/vec4 0, 0, 32; draw_string_vec4
    %concat/vec4; draw_string_vec4
    %pushi/vec4 0, 0, 32; draw_string_vec4
    %concat/vec4; draw_string_vec4
    %pushi/vec4 0, 0, 32; draw_string_vec4
    %concat/vec4; draw_string_vec4
    %pushi/vec4 0, 0, 32; draw_string_vec4
    %concat/vec4; draw_string_vec4
    %pushi/vec4 0, 0, 32; draw_string_vec4
    %concat/vec4; draw_string_vec4
    %pushi/vec4 0, 0, 32; draw_string_vec4
    %concat/vec4; draw_string_vec4
    %pushi/vec4 0, 0, 32; draw_string_vec4
    %concat/vec4; draw_string_vec4
    %pushi/vec4 0, 0, 32; draw_string_vec4
    %concat/vec4; draw_string_vec4
    %pushi/vec4 0, 0, 32; draw_string_vec4
    %concat/vec4; draw_string_vec4
    %pushi/vec4 0, 0, 32; draw_string_vec4
    %concat/vec4; draw_string_vec4
    %pushi/vec4 1380275013, 0, 32; draw_string_vec4
    %concat/vec4; draw_string_vec4
    %pushi/vec4 1415529806, 0, 32; draw_string_vec4
    %concat/vec4; draw_string_vec4
    %pushi/vec4 1598836567, 0, 32; draw_string_vec4
    %concat/vec4; draw_string_vec4
    %store/vec4 v0x5deb302e9ad0_0, 0, 640;
    %fork TD_tb_i2c_bit_ctrl.check, S_0x5deb302e3430;
    %join;
    %pushi/vec4 0, 0, 1;
    %store/vec4 v0x5deb302ee170_0, 0, 1;
    %load/vec4 v0x5deb303c2540_0;
    %store/vec4 v0x5deb302ec3f0_0, 0, 1;
    %pushi/vec4 0, 0, 32; draw_string_vec4
    %pushi/vec4 0, 0, 32; draw_string_vec4
    %concat/vec4; draw_string_vec4
    %pushi/vec4 0, 0, 32; draw_string_vec4
    %concat/vec4; draw_string_vec4
    %pushi/vec4 0, 0, 32; draw_string_vec4
    %concat/vec4; draw_string_vec4
    %pushi/vec4 0, 0, 32; draw_string_vec4
    %concat/vec4; draw_string_vec4
    %pushi/vec4 0, 0, 32; draw_string_vec4
    %concat/vec4; draw_string_vec4
    %pushi/vec4 0, 0, 32; draw_string_vec4
    %concat/vec4; draw_string_vec4
    %pushi/vec4 0, 0, 32; draw_string_vec4
    %concat/vec4; draw_string_vec4
    %pushi/vec4 0, 0, 32; draw_string_vec4
    %concat/vec4; draw_string_vec4
    %pushi/vec4 0, 0, 32; draw_string_vec4
    %concat/vec4; draw_string_vec4
    %pushi/vec4 0, 0, 32; draw_string_vec4
    %concat/vec4; draw_string_vec4
    %pushi/vec4 0, 0, 32; draw_string_vec4
    %concat/vec4; draw_string_vec4
    %pushi/vec4 0, 0, 32; draw_string_vec4
    %concat/vec4; draw_string_vec4
    %pushi/vec4 0, 0, 32; draw_string_vec4
    %concat/vec4; draw_string_vec4
    %pushi/vec4 0, 0, 32; draw_string_vec4
    %concat/vec4; draw_string_vec4
    %pushi/vec4 0, 0, 32; draw_string_vec4
    %concat/vec4; draw_string_vec4
    %pushi/vec4 1380275013, 0, 32; draw_string_vec4
    %concat/vec4; draw_string_vec4
    %pushi/vec4 1415533380, 0, 32; draw_string_vec4
    %concat/vec4; draw_string_vec4
    %pushi/vec4 1096765253, 0, 32; draw_string_vec4
    %concat/vec4; draw_string_vec4
    %pushi/vec4 1598836567, 0, 32; draw_string_vec4
    %concat/vec4; draw_string_vec4
    %store/vec4 v0x5deb302e9ad0_0, 0, 640;
    %fork TD_tb_i2c_bit_ctrl.check, S_0x5deb302e3430;
    %join;
    %pushi/vec4 0, 0, 1;
    %store/vec4 v0x5deb302ee170_0, 0, 1;
    %load/vec4 v0x5deb303c1bc0_0;
    %store/vec4 v0x5deb302ec3f0_0, 0, 1;
    %pushi/vec4 0, 0, 32; draw_string_vec4
    %pushi/vec4 0, 0, 32; draw_string_vec4
    %concat/vec4; draw_string_vec4
    %pushi/vec4 0, 0, 32; draw_string_vec4
    %concat/vec4; draw_string_vec4
    %pushi/vec4 0, 0, 32; draw_string_vec4
    %concat/vec4; draw_string_vec4
    %pushi/vec4 0, 0, 32; draw_string_vec4
    %concat/vec4; draw_string_vec4
    %pushi/vec4 0, 0, 32; draw_string_vec4
    %concat/vec4; draw_string_vec4
    %pushi/vec4 0, 0, 32; draw_string_vec4
    %concat/vec4; draw_string_vec4
    %pushi/vec4 0, 0, 32; draw_string_vec4
    %concat/vec4; draw_string_vec4
    %pushi/vec4 0, 0, 32; draw_string_vec4
    %concat/vec4; draw_string_vec4
    %pushi/vec4 0, 0, 32; draw_string_vec4
    %concat/vec4; draw_string_vec4
    %pushi/vec4 0, 0, 32; draw_string_vec4
    %concat/vec4; draw_string_vec4
    %pushi/vec4 0, 0, 32; draw_string_vec4
    %concat/vec4; draw_string_vec4
    %pushi/vec4 0, 0, 32; draw_string_vec4
    %concat/vec4; draw_string_vec4
    %pushi/vec4 0, 0, 32; draw_string_vec4
    %concat/vec4; draw_string_vec4
    %pushi/vec4 0, 0, 32; draw_string_vec4
    %concat/vec4; draw_string_vec4
    %pushi/vec4 5391699, 0, 32; draw_string_vec4
    %concat/vec4; draw_string_vec4
    %pushi/vec4 1163157314, 0, 32; draw_string_vec4
    %concat/vec4; draw_string_vec4
    %pushi/vec4 1498695007, 0, 32; draw_string_vec4
    %concat/vec4; draw_string_vec4
    %pushi/vec4 1146048069, 0, 32; draw_string_vec4
    %concat/vec4; draw_string_vec4
    %pushi/vec4 1598836567, 0, 32; draw_string_vec4
    %concat/vec4; draw_string_vec4
    %store/vec4 v0x5deb302e9ad0_0, 0, 640;
    %fork TD_tb_i2c_bit_ctrl.check, S_0x5deb302e3430;
    %join;
    %pushi/vec4 0, 0, 1;
    %store/vec4 v0x5deb302ee170_0, 0, 1;
    %load/vec4 v0x5deb303c2310_0;
    %store/vec4 v0x5deb302ec3f0_0, 0, 1;
    %pushi/vec4 0, 0, 32; draw_string_vec4
    %pushi/vec4 0, 0, 32; draw_string_vec4
    %concat/vec4; draw_string_vec4
    %pushi/vec4 0, 0, 32; draw_string_vec4
    %concat/vec4; draw_string_vec4
    %pushi/vec4 0, 0, 32; draw_string_vec4
    %concat/vec4; draw_string_vec4
    %pushi/vec4 0, 0, 32; draw_string_vec4
    %concat/vec4; draw_string_vec4
    %pushi/vec4 0, 0, 32; draw_string_vec4
    %concat/vec4; draw_string_vec4
    %pushi/vec4 0, 0, 32; draw_string_vec4
    %concat/vec4; draw_string_vec4
    %pushi/vec4 0, 0, 32; draw_string_vec4
    %concat/vec4; draw_string_vec4
    %pushi/vec4 0, 0, 32; draw_string_vec4
    %concat/vec4; draw_string_vec4
    %pushi/vec4 0, 0, 32; draw_string_vec4
    %concat/vec4; draw_string_vec4
    %pushi/vec4 0, 0, 32; draw_string_vec4
    %concat/vec4; draw_string_vec4
    %pushi/vec4 0, 0, 32; draw_string_vec4
    %concat/vec4; draw_string_vec4
    %pushi/vec4 0, 0, 32; draw_string_vec4
    %concat/vec4; draw_string_vec4
    %pushi/vec4 0, 0, 32; draw_string_vec4
    %concat/vec4; draw_string_vec4
    %pushi/vec4 0, 0, 32; draw_string_vec4
    %concat/vec4; draw_string_vec4
    %pushi/vec4 21061, 0, 32; draw_string_vec4
    %concat/vec4; draw_string_vec4
    %pushi/vec4 1397052511, 0, 32; draw_string_vec4
    %concat/vec4; draw_string_vec4
    %pushi/vec4 1381523286, 0, 32; draw_string_vec4
    %concat/vec4; draw_string_vec4
    %pushi/vec4 1095518532, 0, 32; draw_string_vec4
    %concat/vec4; draw_string_vec4
    %pushi/vec4 1598836567, 0, 32; draw_string_vec4
    %concat/vec4; draw_string_vec4
    %store/vec4 v0x5deb302e9ad0_0, 0, 640;
    %fork TD_tb_i2c_bit_ctrl.check, S_0x5deb302e3430;
    %join;
    %vpi_call/w 3 213 "$display", "--- TEST2: TX byte 0xA5 = 1010_0101 ---" {0 0 0};
    %fork TD_tb_i2c_bit_ctrl.apply_reset, S_0x5deb303920b0;
    %join;
    %pushi/vec4 165, 0, 8;
    %store/vec4 v0x5deb303aa9f0_0, 0, 8;
    %fork TD_tb_i2c_bit_ctrl.load_byte, S_0x5deb303be4d0;
    %join;
    %pushi/vec4 1, 0, 1;
    %store/vec4 v0x5deb303c1e00_0, 0, 1;
    %fork t_1, S_0x5deb303bee80;
    %jmp t_0;
    .scope S_0x5deb303bee80;
t_1 ;
    %pushi/vec4 165, 0, 8;
    %store/vec4 v0x5deb303bf060_0, 0, 8;
    %pushi/vec4 7, 0, 32;
    %store/vec4 v0x5deb303c1ef0_0, 0, 32;
T_14.0 ;
    %load/vec4 v0x5deb303c1ef0_0;
    %cmpi/s 0, 0, 32;
    %flag_inv 5; GE is !LT
    %jmp/0xz T_14.1, 5;
    %load/vec4 v0x5deb303c1ef0_0;
    %cmpi/s 7, 0, 32;
    %jmp/0xz  T_14.2, 5;
    %pushi/vec4 0, 0, 1;
    %store/vec4 v0x5deb303c23b0_0, 0, 1;
    %wait E_0x5deb302f47d0;
    %delay 1000, 0;
    %wait E_0x5deb302f47d0;
    %delay 1000, 0;
    %wait E_0x5deb302f47d0;
    %delay 1000, 0;
T_14.2 ;
    %load/vec4 v0x5deb303c25e0_0;
    %load/vec4 v0x5deb303bf060_0;
    %load/vec4 v0x5deb303c1ef0_0;
    %part/s 1;
    %cmp/ne;
    %jmp/0xz  T_14.4, 6;
    %vpi_call/w 3 235 "$display", "FAIL [TX_BIT%0d] got=%b exp=%b", v0x5deb303c1ef0_0, v0x5deb303c25e0_0, &PV<v0x5deb303bf060_0, v0x5deb303c1ef0_0, 1> {0 0 0};
    %jmp T_14.5;
T_14.4 ;
    %vpi_call/w 3 238 "$display", "PASS [TX_BIT%0d] serial_out=%b", v0x5deb303c1ef0_0, v0x5deb303c25e0_0 {0 0 0};
T_14.5 ;
    %load/vec4 v0x5deb303c1ef0_0;
    %cmpi/e 7, 0, 32;
    %jmp/0xz  T_14.6, 4;
    %pushi/vec4 0, 0, 1;
    %store/vec4 v0x5deb303c23b0_0, 0, 1;
    %wait E_0x5deb302f47d0;
    %delay 1000, 0;
    %wait E_0x5deb302f47d0;
    %delay 1000, 0;
    %wait E_0x5deb302f47d0;
    %delay 1000, 0;
T_14.6 ;
    %pushi/vec4 1, 0, 1;
    %store/vec4 v0x5deb303c23b0_0, 0, 1;
    %wait E_0x5deb302f47d0;
    %delay 1000, 0;
    %wait E_0x5deb302f47d0;
    %delay 1000, 0;
    %load/vec4 v0x5deb303c1ef0_0;
    %subi 1, 0, 32;
    %store/vec4 v0x5deb303c1ef0_0, 0, 32;
    %jmp T_14.0;
T_14.1 ;
    %pushi/vec4 0, 0, 1;
    %store/vec4 v0x5deb303be940_0, 0, 1;
    %fork TD_tb_i2c_bit_ctrl.scl_cycle, S_0x5deb303be710;
    %join;
    %end;
    .scope S_0x5deb3038e9e0;
t_0 %join;
    %vpi_call/w 3 262 "$display", "--- TEST3: RX byte 0xB2 = 1011_0010 ---" {0 0 0};
    %fork TD_tb_i2c_bit_ctrl.apply_reset, S_0x5deb303920b0;
    %join;
    %pushi/vec4 255, 0, 8;
    %store/vec4 v0x5deb303aa9f0_0, 0, 8;
    %fork TD_tb_i2c_bit_ctrl.load_byte, S_0x5deb303be4d0;
    %join;
    %pushi/vec4 1, 0, 1;
    %store/vec4 v0x5deb303c1e00_0, 0, 1;
    %pushi/vec4 0, 0, 32;
    %store/vec4 v0x5deb303c1c90_0, 0, 32;
    %pushi/vec4 178, 0, 8;
    %store/vec4 v0x5deb303bedc0_0, 0, 8;
    %pushi/vec4 0, 0, 1;
    %store/vec4 v0x5deb303bec00_0, 0, 1;
    %fork TD_tb_i2c_bit_ctrl.send_byte_cycles, S_0x5deb303bea20;
    %join;
    %wait E_0x5deb302f47d0;
    %delay 1000, 0;
    %wait E_0x5deb302f47d0;
    %delay 1000, 0;
    %pushi/vec4 178, 0, 8;
    %store/vec4 v0x5deb302e9e90_0, 0, 8;
    %load/vec4 v0x5deb303c2230_0;
    %store/vec4 v0x5deb302cbd50_0, 0, 8;
    %pushi/vec4 0, 0, 32; draw_string_vec4
    %pushi/vec4 0, 0, 32; draw_string_vec4
    %concat/vec4; draw_string_vec4
    %pushi/vec4 0, 0, 32; draw_string_vec4
    %concat/vec4; draw_string_vec4
    %pushi/vec4 0, 0, 32; draw_string_vec4
    %concat/vec4; draw_string_vec4
    %pushi/vec4 0, 0, 32; draw_string_vec4
    %concat/vec4; draw_string_vec4
    %pushi/vec4 0, 0, 32; draw_string_vec4
    %concat/vec4; draw_string_vec4
    %pushi/vec4 0, 0, 32; draw_string_vec4
    %concat/vec4; draw_string_vec4
    %pushi/vec4 0, 0, 32; draw_string_vec4
    %concat/vec4; draw_string_vec4
    %pushi/vec4 0, 0, 32; draw_string_vec4
    %concat/vec4; draw_string_vec4
    %pushi/vec4 0, 0, 32; draw_string_vec4
    %concat/vec4; draw_string_vec4
    %pushi/vec4 0, 0, 32; draw_string_vec4
    %concat/vec4; draw_string_vec4
    %pushi/vec4 0, 0, 32; draw_string_vec4
    %concat/vec4; draw_string_vec4
    %pushi/vec4 0, 0, 32; draw_string_vec4
    %concat/vec4; draw_string_vec4
    %pushi/vec4 0, 0, 32; draw_string_vec4
    %concat/vec4; draw_string_vec4
    %pushi/vec4 0, 0, 32; draw_string_vec4
    %concat/vec4; draw_string_vec4
    %pushi/vec4 0, 0, 32; draw_string_vec4
    %concat/vec4; draw_string_vec4
    %pushi/vec4 0, 0, 32; draw_string_vec4
    %concat/vec4; draw_string_vec4
    %pushi/vec4 1381523266, 0, 32; draw_string_vec4
    %concat/vec4; draw_string_vec4
    %pushi/vec4 1498695007, 0, 32; draw_string_vec4
    %concat/vec4; draw_string_vec4
    %pushi/vec4 813187634, 0, 32; draw_string_vec4
    %concat/vec4; draw_string_vec4
    %store/vec4 v0x5deb303aaa90_0, 0, 640;
    %fork TD_tb_i2c_bit_ctrl.check8, S_0x5deb303be250;
    %join;
    %vpi_call/w 3 282 "$display", "--- TEST4: byte_done fires once ---" {0 0 0};
    %fork TD_tb_i2c_bit_ctrl.apply_reset, S_0x5deb303920b0;
    %join;
    %pushi/vec4 165, 0, 8;
    %store/vec4 v0x5deb303aa9f0_0, 0, 8;
    %fork TD_tb_i2c_bit_ctrl.load_byte, S_0x5deb303be4d0;
    %join;
    %pushi/vec4 1, 0, 1;
    %store/vec4 v0x5deb303c1e00_0, 0, 1;
    %pushi/vec4 0, 0, 32;
    %store/vec4 v0x5deb303c1c90_0, 0, 32;
    %pushi/vec4 165, 0, 8;
    %store/vec4 v0x5deb303bedc0_0, 0, 8;
    %pushi/vec4 0, 0, 1;
    %store/vec4 v0x5deb303bec00_0, 0, 1;
    %fork TD_tb_i2c_bit_ctrl.send_byte_cycles, S_0x5deb303bea20;
    %join;
    %wait E_0x5deb302f47d0;
    %delay 1000, 0;
    %wait E_0x5deb302f47d0;
    %delay 1000, 0;
    %load/vec4 v0x5deb303c1c90_0;
    %cmpi/e 1, 0, 32;
    %jmp/0xz  T_14.8, 4;
    %vpi_call/w 3 293 "$display", "PASS [BYTE_DONE] fired %0d time", v0x5deb303c1c90_0 {0 0 0};
    %jmp T_14.9;
T_14.8 ;
    %vpi_call/w 3 295 "$display", "FAIL [BYTE_DONE] fired %0d times exp=1", v0x5deb303c1c90_0 {0 0 0};
T_14.9 ;
    %vpi_call/w 3 301 "$display", "--- TEST5: sda_sampled ACK=0 ---" {0 0 0};
    %fork TD_tb_i2c_bit_ctrl.apply_reset, S_0x5deb303920b0;
    %join;
    %pushi/vec4 165, 0, 8;
    %store/vec4 v0x5deb303aa9f0_0, 0, 8;
    %fork TD_tb_i2c_bit_ctrl.load_byte, S_0x5deb303be4d0;
    %join;
    %pushi/vec4 1, 0, 1;
    %store/vec4 v0x5deb303c1e00_0, 0, 1;
    %pushi/vec4 165, 0, 8;
    %store/vec4 v0x5deb303bedc0_0, 0, 8;
    %pushi/vec4 0, 0, 1;
    %store/vec4 v0x5deb303bec00_0, 0, 1;
    %fork TD_tb_i2c_bit_ctrl.send_byte_cycles, S_0x5deb303bea20;
    %join;
    %wait E_0x5deb302f47d0;
    %delay 1000, 0;
    %wait E_0x5deb302f47d0;
    %delay 1000, 0;
    %pushi/vec4 0, 0, 1;
    %store/vec4 v0x5deb302ee170_0, 0, 1;
    %load/vec4 v0x5deb303c2770_0;
    %store/vec4 v0x5deb302ec3f0_0, 0, 1;
    %pushi/vec4 0, 0, 32; draw_string_vec4
    %pushi/vec4 0, 0, 32; draw_string_vec4
    %concat/vec4; draw_string_vec4
    %pushi/vec4 0, 0, 32; draw_string_vec4
    %concat/vec4; draw_string_vec4
    %pushi/vec4 0, 0, 32; draw_string_vec4
    %concat/vec4; draw_string_vec4
    %pushi/vec4 0, 0, 32; draw_string_vec4
    %concat/vec4; draw_string_vec4
    %pushi/vec4 0, 0, 32; draw_string_vec4
    %concat/vec4; draw_string_vec4
    %pushi/vec4 0, 0, 32; draw_string_vec4
    %concat/vec4; draw_string_vec4
    %pushi/vec4 0, 0, 32; draw_string_vec4
    %concat/vec4; draw_string_vec4
    %pushi/vec4 0, 0, 32; draw_string_vec4
    %concat/vec4; draw_string_vec4
    %pushi/vec4 0, 0, 32; draw_string_vec4
    %concat/vec4; draw_string_vec4
    %pushi/vec4 0, 0, 32; draw_string_vec4
    %concat/vec4; draw_string_vec4
    %pushi/vec4 0, 0, 32; draw_string_vec4
    %concat/vec4; draw_string_vec4
    %pushi/vec4 0, 0, 32; draw_string_vec4
    %concat/vec4; draw_string_vec4
    %pushi/vec4 0, 0, 32; draw_string_vec4
    %concat/vec4; draw_string_vec4
    %pushi/vec4 0, 0, 32; draw_string_vec4
    %concat/vec4; draw_string_vec4
    %pushi/vec4 0, 0, 32; draw_string_vec4
    %concat/vec4; draw_string_vec4
    %pushi/vec4 5456961, 0, 32; draw_string_vec4
    %concat/vec4; draw_string_vec4
    %pushi/vec4 1599291725, 0, 32; draw_string_vec4
    %concat/vec4; draw_string_vec4
    %pushi/vec4 1347175748, 0, 32; draw_string_vec4
    %concat/vec4; draw_string_vec4
    %pushi/vec4 1598112587, 0, 32; draw_string_vec4
    %concat/vec4; draw_string_vec4
    %store/vec4 v0x5deb302e9ad0_0, 0, 640;
    %fork TD_tb_i2c_bit_ctrl.check, S_0x5deb302e3430;
    %join;
    %vpi_call/w 3 311 "$display", "    sda_sampled=0 = ACK \342\234\205" {0 0 0};
    %vpi_call/w 3 317 "$display", "--- TEST6: sda_sampled NACK=1 ---" {0 0 0};
    %fork TD_tb_i2c_bit_ctrl.apply_reset, S_0x5deb303920b0;
    %join;
    %pushi/vec4 165, 0, 8;
    %store/vec4 v0x5deb303aa9f0_0, 0, 8;
    %fork TD_tb_i2c_bit_ctrl.load_byte, S_0x5deb303be4d0;
    %join;
    %pushi/vec4 1, 0, 1;
    %store/vec4 v0x5deb303c1e00_0, 0, 1;
    %pushi/vec4 165, 0, 8;
    %store/vec4 v0x5deb303bedc0_0, 0, 8;
    %pushi/vec4 1, 0, 1;
    %store/vec4 v0x5deb303bec00_0, 0, 1;
    %fork TD_tb_i2c_bit_ctrl.send_byte_cycles, S_0x5deb303bea20;
    %join;
    %wait E_0x5deb302f47d0;
    %delay 1000, 0;
    %wait E_0x5deb302f47d0;
    %delay 1000, 0;
    %pushi/vec4 1, 0, 1;
    %store/vec4 v0x5deb302ee170_0, 0, 1;
    %load/vec4 v0x5deb303c2770_0;
    %store/vec4 v0x5deb302ec3f0_0, 0, 1;
    %pushi/vec4 0, 0, 32; draw_string_vec4
    %pushi/vec4 0, 0, 32; draw_string_vec4
    %concat/vec4; draw_string_vec4
    %pushi/vec4 0, 0, 32; draw_string_vec4
    %concat/vec4; draw_string_vec4
    %pushi/vec4 0, 0, 32; draw_string_vec4
    %concat/vec4; draw_string_vec4
    %pushi/vec4 0, 0, 32; draw_string_vec4
    %concat/vec4; draw_string_vec4
    %pushi/vec4 0, 0, 32; draw_string_vec4
    %concat/vec4; draw_string_vec4
    %pushi/vec4 0, 0, 32; draw_string_vec4
    %concat/vec4; draw_string_vec4
    %pushi/vec4 0, 0, 32; draw_string_vec4
    %concat/vec4; draw_string_vec4
    %pushi/vec4 0, 0, 32; draw_string_vec4
    %concat/vec4; draw_string_vec4
    %pushi/vec4 0, 0, 32; draw_string_vec4
    %concat/vec4; draw_string_vec4
    %pushi/vec4 0, 0, 32; draw_string_vec4
    %concat/vec4; draw_string_vec4
    %pushi/vec4 0, 0, 32; draw_string_vec4
    %concat/vec4; draw_string_vec4
    %pushi/vec4 0, 0, 32; draw_string_vec4
    %concat/vec4; draw_string_vec4
    %pushi/vec4 0, 0, 32; draw_string_vec4
    %concat/vec4; draw_string_vec4
    %pushi/vec4 0, 0, 32; draw_string_vec4
    %concat/vec4; draw_string_vec4
    %pushi/vec4 0, 0, 32; draw_string_vec4
    %concat/vec4; draw_string_vec4
    %pushi/vec4 1396982111, 0, 32; draw_string_vec4
    %concat/vec4; draw_string_vec4
    %pushi/vec4 1396788560, 0, 32; draw_string_vec4
    %concat/vec4; draw_string_vec4
    %pushi/vec4 1279607903, 0, 32; draw_string_vec4
    %concat/vec4; draw_string_vec4
    %pushi/vec4 1312899915, 0, 32; draw_string_vec4
    %concat/vec4; draw_string_vec4
    %store/vec4 v0x5deb302e9ad0_0, 0, 640;
    %fork TD_tb_i2c_bit_ctrl.check, S_0x5deb302e3430;
    %join;
    %vpi_call/w 3 327 "$display", "    sda_sampled=1 = NACK \342\234\205" {0 0 0};
    %vpi_call/w 3 333 "$display", "--- TEST7: Disable mid byte ---" {0 0 0};
    %fork TD_tb_i2c_bit_ctrl.apply_reset, S_0x5deb303920b0;
    %join;
    %pushi/vec4 165, 0, 8;
    %store/vec4 v0x5deb303aa9f0_0, 0, 8;
    %fork TD_tb_i2c_bit_ctrl.load_byte, S_0x5deb303be4d0;
    %join;
    %pushi/vec4 1, 0, 1;
    %store/vec4 v0x5deb303c1e00_0, 0, 1;
    %pushi/vec4 0, 0, 32;
    %store/vec4 v0x5deb303c1ef0_0, 0, 32;
T_14.10 ;
    %load/vec4 v0x5deb303c1ef0_0;
    %cmpi/s 4, 0, 32;
    %jmp/0xz T_14.11, 5;
    %pushi/vec4 0, 0, 1;
    %store/vec4 v0x5deb303be940_0, 0, 1;
    %fork TD_tb_i2c_bit_ctrl.scl_cycle, S_0x5deb303be710;
    %join;
    %load/vec4 v0x5deb303c1ef0_0;
    %addi 1, 0, 32;
    %store/vec4 v0x5deb303c1ef0_0, 0, 32;
    %jmp T_14.10;
T_14.11 ;
    %pushi/vec4 0, 0, 1;
    %store/vec4 v0x5deb303c1e00_0, 0, 1;
    %wait E_0x5deb302f47d0;
    %delay 1000, 0;
    %wait E_0x5deb302f47d0;
    %delay 1000, 0;
    %pushi/vec4 0, 0, 1;
    %store/vec4 v0x5deb302ee170_0, 0, 1;
    %load/vec4 v0x5deb303c2540_0;
    %store/vec4 v0x5deb302ec3f0_0, 0, 1;
    %pushi/vec4 0, 0, 32; draw_string_vec4
    %pushi/vec4 0, 0, 32; draw_string_vec4
    %concat/vec4; draw_string_vec4
    %pushi/vec4 0, 0, 32; draw_string_vec4
    %concat/vec4; draw_string_vec4
    %pushi/vec4 0, 0, 32; draw_string_vec4
    %concat/vec4; draw_string_vec4
    %pushi/vec4 0, 0, 32; draw_string_vec4
    %concat/vec4; draw_string_vec4
    %pushi/vec4 0, 0, 32; draw_string_vec4
    %concat/vec4; draw_string_vec4
    %pushi/vec4 0, 0, 32; draw_string_vec4
    %concat/vec4; draw_string_vec4
    %pushi/vec4 0, 0, 32; draw_string_vec4
    %concat/vec4; draw_string_vec4
    %pushi/vec4 0, 0, 32; draw_string_vec4
    %concat/vec4; draw_string_vec4
    %pushi/vec4 0, 0, 32; draw_string_vec4
    %concat/vec4; draw_string_vec4
    %pushi/vec4 0, 0, 32; draw_string_vec4
    %concat/vec4; draw_string_vec4
    %pushi/vec4 0, 0, 32; draw_string_vec4
    %concat/vec4; draw_string_vec4
    %pushi/vec4 0, 0, 32; draw_string_vec4
    %concat/vec4; draw_string_vec4
    %pushi/vec4 0, 0, 32; draw_string_vec4
    %concat/vec4; draw_string_vec4
    %pushi/vec4 0, 0, 32; draw_string_vec4
    %concat/vec4; draw_string_vec4
    %pushi/vec4 17481, 0, 32; draw_string_vec4
    %concat/vec4; draw_string_vec4
    %pushi/vec4 1396785740, 0, 32; draw_string_vec4
    %concat/vec4; draw_string_vec4
    %pushi/vec4 1163875140, 0, 32; draw_string_vec4
    %concat/vec4; draw_string_vec4
    %pushi/vec4 1096765253, 0, 32; draw_string_vec4
    %concat/vec4; draw_string_vec4
    %pushi/vec4 1598836567, 0, 32; draw_string_vec4
    %concat/vec4; draw_string_vec4
    %store/vec4 v0x5deb302e9ad0_0, 0, 640;
    %fork TD_tb_i2c_bit_ctrl.check, S_0x5deb302e3430;
    %join;
    %vpi_call/w 3 347 "$display", "    SDA released after disable \342\234\205" {0 0 0};
    %vpi_call/w 3 354 "$display", "--- TEST8: Back to back bytes ---" {0 0 0};
    %fork TD_tb_i2c_bit_ctrl.apply_reset, S_0x5deb303920b0;
    %join;
    %pushi/vec4 0, 0, 32;
    %store/vec4 v0x5deb303c1c90_0, 0, 32;
    %pushi/vec4 165, 0, 8;
    %store/vec4 v0x5deb303aa9f0_0, 0, 8;
    %fork TD_tb_i2c_bit_ctrl.load_byte, S_0x5deb303be4d0;
    %join;
    %pushi/vec4 1, 0, 1;
    %store/vec4 v0x5deb303c1e00_0, 0, 1;
    %pushi/vec4 165, 0, 8;
    %store/vec4 v0x5deb303bedc0_0, 0, 8;
    %pushi/vec4 0, 0, 1;
    %store/vec4 v0x5deb303bec00_0, 0, 1;
    %fork TD_tb_i2c_bit_ctrl.send_byte_cycles, S_0x5deb303bea20;
    %join;
    %wait E_0x5deb302f47d0;
    %delay 1000, 0;
    %pushi/vec4 60, 0, 8;
    %store/vec4 v0x5deb303aa9f0_0, 0, 8;
    %fork TD_tb_i2c_bit_ctrl.load_byte, S_0x5deb303be4d0;
    %join;
    %pushi/vec4 60, 0, 8;
    %store/vec4 v0x5deb303bedc0_0, 0, 8;
    %pushi/vec4 0, 0, 1;
    %store/vec4 v0x5deb303bec00_0, 0, 1;
    %fork TD_tb_i2c_bit_ctrl.send_byte_cycles, S_0x5deb303bea20;
    %join;
    %wait E_0x5deb302f47d0;
    %delay 1000, 0;
    %wait E_0x5deb302f47d0;
    %delay 1000, 0;
    %load/vec4 v0x5deb303c1c90_0;
    %cmpi/e 2, 0, 32;
    %jmp/0xz  T_14.12, 4;
    %vpi_call/w 3 371 "$display", "PASS [BACK2BACK] byte_done fired %0d times", v0x5deb303c1c90_0 {0 0 0};
    %jmp T_14.13;
T_14.12 ;
    %vpi_call/w 3 373 "$display", "FAIL [BACK2BACK] byte_done fired %0d times exp=2", v0x5deb303c1c90_0 {0 0 0};
T_14.13 ;
    %pushi/vec4 60, 0, 8;
    %store/vec4 v0x5deb302e9e90_0, 0, 8;
    %load/vec4 v0x5deb303c2230_0;
    %store/vec4 v0x5deb302cbd50_0, 0, 8;
    %pushi/vec4 0, 0, 32; draw_string_vec4
    %pushi/vec4 0, 0, 32; draw_string_vec4
    %concat/vec4; draw_string_vec4
    %pushi/vec4 0, 0, 32; draw_string_vec4
    %concat/vec4; draw_string_vec4
    %pushi/vec4 0, 0, 32; draw_string_vec4
    %concat/vec4; draw_string_vec4
    %pushi/vec4 0, 0, 32; draw_string_vec4
    %concat/vec4; draw_string_vec4
    %pushi/vec4 0, 0, 32; draw_string_vec4
    %concat/vec4; draw_string_vec4
    %pushi/vec4 0, 0, 32; draw_string_vec4
    %concat/vec4; draw_string_vec4
    %pushi/vec4 0, 0, 32; draw_string_vec4
    %concat/vec4; draw_string_vec4
    %pushi/vec4 0, 0, 32; draw_string_vec4
    %concat/vec4; draw_string_vec4
    %pushi/vec4 0, 0, 32; draw_string_vec4
    %concat/vec4; draw_string_vec4
    %pushi/vec4 0, 0, 32; draw_string_vec4
    %concat/vec4; draw_string_vec4
    %pushi/vec4 0, 0, 32; draw_string_vec4
    %concat/vec4; draw_string_vec4
    %pushi/vec4 0, 0, 32; draw_string_vec4
    %concat/vec4; draw_string_vec4
    %pushi/vec4 0, 0, 32; draw_string_vec4
    %concat/vec4; draw_string_vec4
    %pushi/vec4 0, 0, 32; draw_string_vec4
    %concat/vec4; draw_string_vec4
    %pushi/vec4 0, 0, 32; draw_string_vec4
    %concat/vec4; draw_string_vec4
    %pushi/vec4 0, 0, 32; draw_string_vec4
    %concat/vec4; draw_string_vec4
    %pushi/vec4 1111573323, 0, 32; draw_string_vec4
    %concat/vec4; draw_string_vec4
    %pushi/vec4 843202883, 0, 32; draw_string_vec4
    %concat/vec4; draw_string_vec4
    %pushi/vec4 1264538200, 0, 32; draw_string_vec4
    %concat/vec4; draw_string_vec4
    %store/vec4 v0x5deb303aaa90_0, 0, 640;
    %fork TD_tb_i2c_bit_ctrl.check8, S_0x5deb303be250;
    %join;
    %vpi_call/w 3 378 "$display", "=== tb_i2c_bit_ctrl DONE ===" {0 0 0};
    %vpi_call/w 3 379 "$finish" {0 0 0};
    %end;
    .thread T_14;
    .scope S_0x5deb3038e9e0;
T_15 ;
    %vpi_call/w 3 386 "$dumpfile", "tb_i2c_bit_ctrl.vcd" {0 0 0};
    %vpi_call/w 3 387 "$dumpvars", 32'sb00000000000000000000000000000000, S_0x5deb3038e9e0 {0 0 0};
    %end;
    .thread T_15;
    .scope S_0x5deb3038e9e0;
T_16 ;
    %vpi_call/w 3 394 "$monitor", "t=%0t | en=%b scl=%b sda_in=%b cnt=%0d | sda_out=%b sda_oe=%b byte_done=%b rx=0x%02X", $time, v0x5deb303c1e00_0, v0x5deb303c23b0_0, v0x5deb303c2450_0, v0x5deb303c0a80_0, v0x5deb303c25e0_0, v0x5deb303c2540_0, v0x5deb303c1bc0_0, v0x5deb303c2170_0 {0 0 0};
    %end;
    .thread T_16;
# The file index is used to find the file name in the following table.
:file_names 6;
    "N/A";
    "<interactive>";
    "-";
    "tb/tb_i2c_bit_ctrl.v";
    "share/i2c_bit_ctrl.v";
    "share/i2c_shift_reg.v";
