#! /usr/bin/vvp
:ivl_version "12.0 (stable)";
:ivl_delay_selection "TYPICAL";
:vpi_time_precision - 12;
:vpi_module "/usr/lib/x86_64-linux-gnu/ivl/system.vpi";
:vpi_module "/usr/lib/x86_64-linux-gnu/ivl/vhdl_sys.vpi";
:vpi_module "/usr/lib/x86_64-linux-gnu/ivl/vhdl_textio.vpi";
:vpi_module "/usr/lib/x86_64-linux-gnu/ivl/v2005_math.vpi";
:vpi_module "/usr/lib/x86_64-linux-gnu/ivl/va_math.vpi";
:vpi_module "/usr/lib/x86_64-linux-gnu/ivl/v2009.vpi";
S_0x5f97084e14b0 .scope package, "$unit" "$unit" 2 1;
 .timescale 0 0;
S_0x5f97084eb9c0 .scope module, "tb_i2c_bit_cnt" "tb_i2c_bit_cnt" 3 3;
 .timescale -9 -12;
v0x5f97085654b0_0 .var "clear", 0 0;
v0x5f9708565570_0 .var "clk", 0 0;
v0x5f9708565610_0 .net "count", 3 0, v0x5f97084bd4a0_0;  1 drivers
v0x5f97085656e0_0 .net "done", 0 0, L_0x5f9708565a10;  1 drivers
v0x5f97085657b0_0 .var "enable", 0 0;
v0x5f97085658a0_0 .var/i "i", 31 0;
v0x5f9708565940_0 .var "resetn", 0 0;
S_0x5f97084ebb50 .scope task, "apply_reset" "apply_reset" 3 37, 3 37 0, S_0x5f97084eb9c0;
 .timescale -9 -12;
E_0x5f97084d42b0 .event posedge, v0x5f97084bd0b0_0;
TD_tb_i2c_bit_cnt.apply_reset ;
    %pushi/vec4 0, 0, 1;
    %store/vec4 v0x5f9708565940_0, 0, 1;
    %pushi/vec4 0, 0, 1;
    %store/vec4 v0x5f97085657b0_0, 0, 1;
    %pushi/vec4 0, 0, 1;
    %store/vec4 v0x5f97085654b0_0, 0, 1;
    %wait E_0x5f97084d42b0;
    %delay 1000, 0;
    %wait E_0x5f97084d42b0;
    %delay 1000, 0;
    %pushi/vec4 1, 0, 1;
    %store/vec4 v0x5f9708565940_0, 0, 1;
    %wait E_0x5f97084d42b0;
    %delay 1000, 0;
    %end;
S_0x5f97084ee600 .scope task, "check" "check" 3 52, 3 52 0, S_0x5f97084eb9c0;
 .timescale -9 -12;
v0x5f97084c4350_0 .var "exp_count", 3 0;
v0x5f97084c4c30_0 .var "exp_done", 0 0;
v0x5f97084c54d0_0 .var "test_name", 63 0;
TD_tb_i2c_bit_cnt.check ;
    %load/vec4 v0x5f9708565610_0;
    %load/vec4 v0x5f97084c4350_0;
    %cmp/ne;
    %jmp/1 T_1.2, 6;
    %flag_mov 8, 6;
    %load/vec4 v0x5f97085656e0_0;
    %load/vec4 v0x5f97084c4c30_0;
    %cmp/ne;
    %flag_or 6, 8;
T_1.2;
    %jmp/0xz  T_1.0, 6;
    %vpi_call/w 3 58 "$display", "FAIL [%s] cnt=%0d(exp %0d) done=%b(exp %b)", v0x5f97084c54d0_0, v0x5f9708565610_0, v0x5f97084c4350_0, v0x5f97085656e0_0, v0x5f97084c4c30_0 {0 0 0};
    %jmp T_1.1;
T_1.0 ;
    %vpi_call/w 3 61 "$display", "PASS [%s] cnt=%0d done=%b", v0x5f97084c54d0_0, v0x5f9708565610_0, v0x5f97085656e0_0 {0 0 0};
T_1.1 ;
    %end;
S_0x5f9708564ec0 .scope module, "u_dut" "i2c_bit_cnt" 3 18, 4 9 0, S_0x5f97084eb9c0;
 .timescale 0 0;
    .port_info 0 /INPUT 1 "clk";
    .port_info 1 /INPUT 1 "resetn";
    .port_info 2 /INPUT 1 "enable";
    .port_info 3 /INPUT 1 "clear";
    .port_info 4 /INPUT 4 "max_count";
    .port_info 5 /OUTPUT 4 "count";
    .port_info 6 /OUTPUT 1 "done";
v0x5f97084bfb40_0 .net "clear", 0 0, v0x5f97085654b0_0;  1 drivers
v0x5f97084bd0b0_0 .net "clk", 0 0, v0x5f9708565570_0;  1 drivers
v0x5f97084bd4a0_0 .var "count", 3 0;
v0x5f97084a6d50_0 .net "done", 0 0, L_0x5f9708565a10;  alias, 1 drivers
v0x5f9708565120_0 .net "enable", 0 0, v0x5f97085657b0_0;  1 drivers
L_0x7b91d9bb7018 .functor BUFT 1, C4<1000>, C4<0>, C4<0>, C4<0>;
v0x5f9708565230_0 .net "max_count", 3 0, L_0x7b91d9bb7018;  1 drivers
v0x5f9708565310_0 .net "resetn", 0 0, v0x5f9708565940_0;  1 drivers
L_0x5f9708565a10 .cmp/eq 4, v0x5f97084bd4a0_0, L_0x7b91d9bb7018;
    .scope S_0x5f9708564ec0;
T_2 ;
    %wait E_0x5f97084d42b0;
    %load/vec4 v0x5f9708565310_0;
    %nor/r;
    %flag_set/vec4 8;
    %jmp/0xz  T_2.0, 8;
    %pushi/vec4 0, 0, 4;
    %assign/vec4 v0x5f97084bd4a0_0, 0;
    %jmp T_2.1;
T_2.0 ;
    %load/vec4 v0x5f97084bfb40_0;
    %flag_set/vec4 8;
    %jmp/0xz  T_2.2, 8;
    %pushi/vec4 0, 0, 4;
    %assign/vec4 v0x5f97084bd4a0_0, 0;
    %jmp T_2.3;
T_2.2 ;
    %load/vec4 v0x5f9708565120_0;
    %flag_set/vec4 9;
    %flag_get/vec4 9;
    %jmp/0 T_2.6, 9;
    %load/vec4 v0x5f97084a6d50_0;
    %nor/r;
    %and;
T_2.6;
    %flag_set/vec4 8;
    %jmp/0xz  T_2.4, 8;
    %load/vec4 v0x5f97084bd4a0_0;
    %addi 1, 0, 4;
    %assign/vec4 v0x5f97084bd4a0_0, 0;
T_2.4 ;
T_2.3 ;
T_2.1 ;
    %jmp T_2;
    .thread T_2;
    .scope S_0x5f97084eb9c0;
T_3 ;
    %pushi/vec4 0, 0, 1;
    %store/vec4 v0x5f9708565570_0, 0, 1;
    %end;
    .thread T_3;
    .scope S_0x5f97084eb9c0;
T_4 ;
    %delay 5000, 0;
    %load/vec4 v0x5f9708565570_0;
    %inv;
    %store/vec4 v0x5f9708565570_0, 0, 1;
    %jmp T_4;
    .thread T_4;
    .scope S_0x5f97084eb9c0;
T_5 ;
    %vpi_call/w 3 73 "$display", "=== tb_i2c_bit_cnt START ===" {0 0 0};
    %fork TD_tb_i2c_bit_cnt.apply_reset, S_0x5f97084ebb50;
    %join;
    %pushi/vec4 0, 0, 4;
    %store/vec4 v0x5f97084c4350_0, 0, 4;
    %pushi/vec4 0, 0, 1;
    %store/vec4 v0x5f97084c4c30_0, 0, 1;
    %pushi/vec4 82, 0, 32; draw_string_vec4
    %pushi/vec4 1163085140, 0, 32; draw_string_vec4
    %concat/vec4; draw_string_vec4
    %store/vec4 v0x5f97084c54d0_0, 0, 64;
    %fork TD_tb_i2c_bit_cnt.check, S_0x5f97084ee600;
    %join;
    %pushi/vec4 1, 0, 1;
    %store/vec4 v0x5f97085657b0_0, 0, 1;
    %pushi/vec4 1, 0, 32;
    %store/vec4 v0x5f97085658a0_0, 0, 32;
T_5.0 ;
    %load/vec4 v0x5f97085658a0_0;
    %cmpi/s 7, 0, 32;
    %flag_or 5, 4;
    %jmp/0xz T_5.1, 5;
    %wait E_0x5f97084d42b0;
    %delay 1000, 0;
    %load/vec4 v0x5f97085658a0_0;
    %pad/s 4;
    %store/vec4 v0x5f97084c4350_0, 0, 4;
    %pushi/vec4 0, 0, 1;
    %store/vec4 v0x5f97084c4c30_0, 0, 1;
    %pushi/vec4 1129272654, 0, 32; draw_string_vec4
    %pushi/vec4 1415533904, 0, 32; draw_string_vec4
    %concat/vec4; draw_string_vec4
    %store/vec4 v0x5f97084c54d0_0, 0, 64;
    %fork TD_tb_i2c_bit_cnt.check, S_0x5f97084ee600;
    %join;
    %load/vec4 v0x5f97085658a0_0;
    %addi 1, 0, 32;
    %store/vec4 v0x5f97085658a0_0, 0, 32;
    %jmp T_5.0;
T_5.1 ;
    %wait E_0x5f97084d42b0;
    %delay 1000, 0;
    %pushi/vec4 8, 0, 4;
    %store/vec4 v0x5f97084c4350_0, 0, 4;
    %pushi/vec4 1, 0, 1;
    %store/vec4 v0x5f97084c4c30_0, 0, 1;
    %pushi/vec4 2661059262, 0, 33;
    %concati/vec4 1096048440, 0, 31;
    %store/vec4 v0x5f97084c54d0_0, 0, 64;
    %fork TD_tb_i2c_bit_cnt.check, S_0x5f97084ee600;
    %join;
    %wait E_0x5f97084d42b0;
    %delay 1000, 0;
    %wait E_0x5f97084d42b0;
    %delay 1000, 0;
    %pushi/vec4 8, 0, 4;
    %store/vec4 v0x5f97084c4350_0, 0, 4;
    %pushi/vec4 1, 0, 1;
    %store/vec4 v0x5f97084c4c30_0, 0, 1;
    %pushi/vec4 2660796606, 0, 33;
    %concati/vec4 1096048440, 0, 31;
    %store/vec4 v0x5f97084c54d0_0, 0, 64;
    %fork TD_tb_i2c_bit_cnt.check, S_0x5f97084ee600;
    %join;
    %pushi/vec4 0, 0, 1;
    %store/vec4 v0x5f97085657b0_0, 0, 1;
    %fork TD_tb_i2c_bit_cnt.apply_reset, S_0x5f97084ebb50;
    %join;
    %pushi/vec4 1, 0, 1;
    %store/vec4 v0x5f97085657b0_0, 0, 1;
    %wait E_0x5f97084d42b0;
    %delay 1000, 0;
    %wait E_0x5f97084d42b0;
    %delay 1000, 0;
    %wait E_0x5f97084d42b0;
    %delay 1000, 0;
    %pushi/vec4 0, 0, 1;
    %store/vec4 v0x5f97085657b0_0, 0, 1;
    %wait E_0x5f97084d42b0;
    %delay 1000, 0;
    %wait E_0x5f97084d42b0;
    %delay 1000, 0;
    %pushi/vec4 3, 0, 4;
    %store/vec4 v0x5f97084c4350_0, 0, 4;
    %pushi/vec4 0, 0, 1;
    %store/vec4 v0x5f97084c4c30_0, 0, 1;
    %pushi/vec4 4542047, 0, 32; draw_string_vec4
    %pushi/vec4 1213156420, 0, 32; draw_string_vec4
    %concat/vec4; draw_string_vec4
    %store/vec4 v0x5f97084c54d0_0, 0, 64;
    %fork TD_tb_i2c_bit_cnt.check, S_0x5f97084ee600;
    %join;
    %pushi/vec4 1, 0, 1;
    %store/vec4 v0x5f97085657b0_0, 0, 1;
    %pushi/vec4 1, 0, 1;
    %store/vec4 v0x5f97085654b0_0, 0, 1;
    %wait E_0x5f97084d42b0;
    %delay 1000, 0;
    %pushi/vec4 0, 0, 1;
    %store/vec4 v0x5f97085654b0_0, 0, 1;
    %pushi/vec4 0, 0, 4;
    %store/vec4 v0x5f97084c4350_0, 0, 4;
    %pushi/vec4 0, 0, 1;
    %store/vec4 v0x5f97084c4c30_0, 0, 1;
    %pushi/vec4 67, 0, 32; draw_string_vec4
    %pushi/vec4 1279607122, 0, 32; draw_string_vec4
    %concat/vec4; draw_string_vec4
    %store/vec4 v0x5f97084c54d0_0, 0, 64;
    %fork TD_tb_i2c_bit_cnt.check, S_0x5f97084ee600;
    %join;
    %pushi/vec4 1, 0, 32;
    %store/vec4 v0x5f97085658a0_0, 0, 32;
T_5.2 ;
    %load/vec4 v0x5f97085658a0_0;
    %cmpi/s 8, 0, 32;
    %flag_or 5, 4;
    %jmp/0xz T_5.3, 5;
    %wait E_0x5f97084d42b0;
    %load/vec4 v0x5f97085658a0_0;
    %addi 1, 0, 32;
    %store/vec4 v0x5f97085658a0_0, 0, 32;
    %jmp T_5.2;
T_5.3 ;
    %delay 1000, 0;
    %pushi/vec4 8, 0, 4;
    %store/vec4 v0x5f97084c4350_0, 0, 4;
    %pushi/vec4 1, 0, 1;
    %store/vec4 v0x5f97084c4c30_0, 0, 1;
    %pushi/vec4 2560147078, 0, 33;
    %concati/vec4 1497582661, 0, 31;
    %store/vec4 v0x5f97084c54d0_0, 0, 64;
    %fork TD_tb_i2c_bit_cnt.check, S_0x5f97084ee600;
    %join;
    %vpi_call/w 3 133 "$display", "=== tb_i2c_bit_cnt DONE ===" {0 0 0};
    %vpi_call/w 3 134 "$finish" {0 0 0};
    %end;
    .thread T_5;
    .scope S_0x5f97084eb9c0;
T_6 ;
    %vpi_call/w 3 141 "$dumpfile", "tb_i2c_bit_cnt.vcd" {0 0 0};
    %vpi_call/w 3 142 "$dumpvars", 32'sb00000000000000000000000000000000, S_0x5f97084eb9c0 {0 0 0};
    %end;
    .thread T_6;
    .scope S_0x5f97084eb9c0;
T_7 ;
    %vpi_call/w 3 149 "$monitor", "t=%0t | en=%b clr=%b | cnt=%0d done=%b", $time, v0x5f97085657b0_0, v0x5f97085654b0_0, v0x5f9708565610_0, v0x5f97085656e0_0 {0 0 0};
    %end;
    .thread T_7;
# The file index is used to find the file name in the following table.
:file_names 5;
    "N/A";
    "<interactive>";
    "-";
    "tb/tb_i2c_bit_cnt.v";
    "share/i2c_bit_cnt.v";
