#! /usr/bin/vvp
:ivl_version "12.0 (stable)";
:ivl_delay_selection "TYPICAL";
:vpi_time_precision - 12;
:vpi_module "/usr/lib/x86_64-linux-gnu/ivl/system.vpi";
:vpi_module "/usr/lib/x86_64-linux-gnu/ivl/vhdl_sys.vpi";
:vpi_module "/usr/lib/x86_64-linux-gnu/ivl/vhdl_textio.vpi";
:vpi_module "/usr/lib/x86_64-linux-gnu/ivl/v2005_math.vpi";
:vpi_module "/usr/lib/x86_64-linux-gnu/ivl/va_math.vpi";
:vpi_module "/usr/lib/x86_64-linux-gnu/ivl/v2009.vpi";
S_0x640a8c585330 .scope package, "$unit" "$unit" 2 1;
 .timescale 0 0;
S_0x640a8c5854c0 .scope module, "tb_i2c_shift_reg" "tb_i2c_shift_reg" 3 3;
 .timescale -9 -12;
v0x640a8c61b730_0 .var "clk", 0 0;
v0x640a8c61b7f0_0 .var "data_in", 7 0;
v0x640a8c61b890_0 .net "data_out", 7 0, L_0x640a8c565c50;  1 drivers
v0x640a8c61b930_0 .var "exp_bit", 0 0;
v0x640a8c61b9d0_0 .var/i "i", 31 0;
v0x640a8c61ba90_0 .var "load", 0 0;
v0x640a8c61bb30_0 .var "rst_n", 0 0;
v0x640a8c61bc00_0 .var "rx_byte", 7 0;
v0x640a8c61bca0_0 .var "serial_in", 0 0;
v0x640a8c61be00_0 .net "serial_out", 0 0, L_0x640a8c61c110;  1 drivers
v0x640a8c61bed0_0 .var "shift_rx", 0 0;
v0x640a8c61bfa0_0 .var "shift_tx", 0 0;
v0x640a8c61c070_0 .var "tx_byte", 7 0;
S_0x640a8c58f9c0 .scope task, "apply_reset" "apply_reset" 3 42, 3 42 0, S_0x640a8c5854c0;
 .timescale -9 -12;
E_0x640a8c5782b0 .event posedge, v0x640a8c56a870_0;
TD_tb_i2c_shift_reg.apply_reset ;
    %pushi/vec4 0, 0, 1;
    %store/vec4 v0x640a8c61bb30_0, 0, 1;
    %pushi/vec4 0, 0, 1;
    %store/vec4 v0x640a8c61bfa0_0, 0, 1;
    %pushi/vec4 0, 0, 1;
    %store/vec4 v0x640a8c61bed0_0, 0, 1;
    %pushi/vec4 0, 0, 1;
    %store/vec4 v0x640a8c61ba90_0, 0, 1;
    %pushi/vec4 0, 0, 1;
    %store/vec4 v0x640a8c61bca0_0, 0, 1;
    %pushi/vec4 0, 0, 8;
    %store/vec4 v0x640a8c61b7f0_0, 0, 8;
    %wait E_0x640a8c5782b0;
    %delay 1000, 0;
    %wait E_0x640a8c5782b0;
    %delay 1000, 0;
    %pushi/vec4 1, 0, 1;
    %store/vec4 v0x640a8c61bb30_0, 0, 1;
    %wait E_0x640a8c5782b0;
    %delay 1000, 0;
    %end;
S_0x640a8c58fb50 .scope task, "check_serial" "check_serial" 3 88, 3 88 0, S_0x640a8c5854c0;
 .timescale -9 -12;
v0x640a8c565db0_0 .var "exp_data", 7 0;
v0x640a8c565720_0 .var "exp_serial", 0 0;
v0x640a8c563460_0 .var "test_name", 640 1;
TD_tb_i2c_shift_reg.check_serial ;
    %load/vec4 v0x640a8c61be00_0;
    %load/vec4 v0x640a8c565720_0;
    %cmp/ne;
    %jmp/1 T_1.2, 6;
    %flag_mov 8, 6;
    %load/vec4 v0x640a8c61b890_0;
    %load/vec4 v0x640a8c565db0_0;
    %cmp/ne;
    %flag_or 6, 8;
T_1.2;
    %jmp/0xz  T_1.0, 6;
    %vpi_call/w 3 94 "$display", "FAIL [%0s] serial=%b(exp %b) data=0x%02X(exp 0x%02X)", v0x640a8c563460_0, v0x640a8c61be00_0, v0x640a8c565720_0, v0x640a8c61b890_0, v0x640a8c565db0_0 {0 0 0};
    %jmp T_1.1;
T_1.0 ;
    %vpi_call/w 3 98 "$display", "PASS [%0s] serial=%b data=0x%02X", v0x640a8c563460_0, v0x640a8c61be00_0, v0x640a8c61b890_0 {0 0 0};
T_1.1 ;
    %end;
S_0x640a8c61a740 .scope task, "load_byte" "load_byte" 3 60, 3 60 0, S_0x640a8c5854c0;
 .timescale -9 -12;
v0x640a8c563820_0 .var "byte_val", 7 0;
TD_tb_i2c_shift_reg.load_byte ;
    %load/vec4 v0x640a8c563820_0;
    %store/vec4 v0x640a8c61b7f0_0, 0, 8;
    %pushi/vec4 1, 0, 1;
    %store/vec4 v0x640a8c61ba90_0, 0, 1;
    %wait E_0x640a8c5782b0;
    %delay 1000, 0;
    %pushi/vec4 0, 0, 1;
    %store/vec4 v0x640a8c61ba90_0, 0, 1;
    %end;
S_0x640a8c61a960 .scope task, "shift_one" "shift_one" 3 73, 3 73 0, S_0x640a8c5854c0;
 .timescale -9 -12;
v0x640a8c54ad50_0 .var "ser_in", 0 0;
TD_tb_i2c_shift_reg.shift_one ;
    %load/vec4 v0x640a8c54ad50_0;
    %store/vec4 v0x640a8c61bca0_0, 0, 1;
    %pushi/vec4 1, 0, 1;
    %store/vec4 v0x640a8c61bfa0_0, 0, 1;
    %pushi/vec4 1, 0, 1;
    %store/vec4 v0x640a8c61bed0_0, 0, 1;
    %wait E_0x640a8c5782b0;
    %delay 1000, 0;
    %pushi/vec4 0, 0, 1;
    %store/vec4 v0x640a8c61bfa0_0, 0, 1;
    %pushi/vec4 0, 0, 1;
    %store/vec4 v0x640a8c61bed0_0, 0, 1;
    %end;
S_0x640a8c61ab80 .scope module, "u_dut" "i2c_shift_reg" 3 21, 4 32 0, S_0x640a8c5854c0;
 .timescale 0 0;
    .port_info 0 /INPUT 1 "clk";
    .port_info 1 /INPUT 1 "rst_n";
    .port_info 2 /INPUT 1 "shift_tx";
    .port_info 3 /INPUT 1 "shift_rx";
    .port_info 4 /INPUT 1 "load";
    .port_info 5 /INPUT 1 "serial_in";
    .port_info 6 /INPUT 8 "data_in";
    .port_info 7 /OUTPUT 1 "serial_out";
    .port_info 8 /OUTPUT 8 "data_out";
L_0x640a8c565c50 .functor BUFZ 8, v0x640a8c61b150_0, C4<00000000>, C4<00000000>, C4<00000000>;
v0x640a8c56a870_0 .net "clk", 0 0, v0x640a8c61b730_0;  1 drivers
v0x640a8c56a7d0_0 .net "data_in", 7 0, v0x640a8c61b7f0_0;  1 drivers
v0x640a8c61aec0_0 .net "data_out", 7 0, L_0x640a8c565c50;  alias, 1 drivers
v0x640a8c61af80_0 .net "load", 0 0, v0x640a8c61ba90_0;  1 drivers
v0x640a8c61b040_0 .net "rst_n", 0 0, v0x640a8c61bb30_0;  1 drivers
v0x640a8c61b150_0 .var "rx_mem", 7 0;
v0x640a8c61b230_0 .net "serial_in", 0 0, v0x640a8c61bca0_0;  1 drivers
v0x640a8c61b2f0_0 .net "serial_out", 0 0, L_0x640a8c61c110;  alias, 1 drivers
v0x640a8c61b3b0_0 .net "shift_rx", 0 0, v0x640a8c61bed0_0;  1 drivers
v0x640a8c61b470_0 .net "shift_tx", 0 0, v0x640a8c61bfa0_0;  1 drivers
v0x640a8c61b530_0 .var "tx_mem", 7 0;
E_0x640a8c573be0/0 .event negedge, v0x640a8c61b040_0;
E_0x640a8c573be0/1 .event posedge, v0x640a8c56a870_0;
E_0x640a8c573be0 .event/or E_0x640a8c573be0/0, E_0x640a8c573be0/1;
L_0x640a8c61c110 .part v0x640a8c61b530_0, 7, 1;
    .scope S_0x640a8c61ab80;
T_4 ;
    %wait E_0x640a8c573be0;
    %load/vec4 v0x640a8c61b040_0;
    %nor/r;
    %flag_set/vec4 8;
    %jmp/0xz  T_4.0, 8;
    %pushi/vec4 255, 0, 8;
    %assign/vec4 v0x640a8c61b530_0, 0;
    %pushi/vec4 0, 0, 8;
    %assign/vec4 v0x640a8c61b150_0, 0;
    %jmp T_4.1;
T_4.0 ;
    %load/vec4 v0x640a8c61af80_0;
    %flag_set/vec4 8;
    %jmp/0xz  T_4.2, 8;
    %load/vec4 v0x640a8c56a7d0_0;
    %assign/vec4 v0x640a8c61b530_0, 0;
    %load/vec4 v0x640a8c56a7d0_0;
    %assign/vec4 v0x640a8c61b150_0, 0;
    %jmp T_4.3;
T_4.2 ;
    %load/vec4 v0x640a8c61b470_0;
    %flag_set/vec4 8;
    %jmp/0xz  T_4.4, 8;
    %load/vec4 v0x640a8c61b530_0;
    %parti/s 7, 0, 2;
    %concati/vec4 1, 0, 1;
    %assign/vec4 v0x640a8c61b530_0, 0;
T_4.4 ;
T_4.3 ;
    %load/vec4 v0x640a8c61b3b0_0;
    %flag_set/vec4 8;
    %jmp/0xz  T_4.6, 8;
    %load/vec4 v0x640a8c61b150_0;
    %parti/s 7, 0, 2;
    %load/vec4 v0x640a8c61b230_0;
    %concat/vec4; draw_concat_vec4
    %assign/vec4 v0x640a8c61b150_0, 0;
T_4.6 ;
T_4.1 ;
    %jmp T_4;
    .thread T_4;
    .scope S_0x640a8c5854c0;
T_5 ;
    %pushi/vec4 0, 0, 1;
    %store/vec4 v0x640a8c61b730_0, 0, 1;
    %end;
    .thread T_5;
    .scope S_0x640a8c5854c0;
T_6 ;
    %delay 5000, 0;
    %load/vec4 v0x640a8c61b730_0;
    %inv;
    %store/vec4 v0x640a8c61b730_0, 0, 1;
    %jmp T_6;
    .thread T_6;
    .scope S_0x640a8c5854c0;
T_7 ;
    %vpi_call/w 3 113 "$display", "=== tb_i2c_shift_reg START ===" {0 0 0};
    %fork TD_tb_i2c_shift_reg.apply_reset, S_0x640a8c58f9c0;
    %join;
    %load/vec4 v0x640a8c61be00_0;
    %cmpi/ne 1, 0, 1;
    %jmp/0xz  T_7.0, 6;
    %vpi_call/w 3 121 "$display", "FAIL [RESET] serial_out=%b expected 1", v0x640a8c61be00_0 {0 0 0};
    %jmp T_7.1;
T_7.0 ;
    %vpi_call/w 3 123 "$display", "PASS [RESET] serial_out=1 after reset" {0 0 0};
T_7.1 ;
    %pushi/vec4 165, 0, 8;
    %store/vec4 v0x640a8c563820_0, 0, 8;
    %fork TD_tb_i2c_shift_reg.load_byte, S_0x640a8c61a740;
    %join;
    %pushi/vec4 1, 0, 1;
    %store/vec4 v0x640a8c565720_0, 0, 1;
    %pushi/vec4 165, 0, 8;
    %store/vec4 v0x640a8c565db0_0, 0, 8;
    %pushi/vec4 0, 0, 32; draw_string_vec4
    %pushi/vec4 0, 0, 32; draw_string_vec4
    %concat/vec4; draw_string_vec4
    %pushi/vec4 0, 0, 32; draw_string_vec4
    %concat/vec4; draw_string_vec4
    %pushi/vec4 0, 0, 32; draw_string_vec4
    %concat/vec4; draw_string_vec4
    %pushi/vec4 0, 0, 32; draw_string_vec4
    %concat/vec4; draw_string_vec4
    %pushi/vec4 0, 0, 32; draw_string_vec4
    %concat/vec4; draw_string_vec4
    %pushi/vec4 0, 0, 32; draw_string_vec4
    %concat/vec4; draw_string_vec4
    %pushi/vec4 0, 0, 32; draw_string_vec4
    %concat/vec4; draw_string_vec4
    %pushi/vec4 0, 0, 32; draw_string_vec4
    %concat/vec4; draw_string_vec4
    %pushi/vec4 0, 0, 32; draw_string_vec4
    %concat/vec4; draw_string_vec4
    %pushi/vec4 0, 0, 32; draw_string_vec4
    %concat/vec4; draw_string_vec4
    %pushi/vec4 0, 0, 32; draw_string_vec4
    %concat/vec4; draw_string_vec4
    %pushi/vec4 0, 0, 32; draw_string_vec4
    %concat/vec4; draw_string_vec4
    %pushi/vec4 0, 0, 32; draw_string_vec4
    %concat/vec4; draw_string_vec4
    %pushi/vec4 0, 0, 32; draw_string_vec4
    %concat/vec4; draw_string_vec4
    %pushi/vec4 0, 0, 32; draw_string_vec4
    %concat/vec4; draw_string_vec4
    %pushi/vec4 0, 0, 32; draw_string_vec4
    %concat/vec4; draw_string_vec4
    %pushi/vec4 76, 0, 32; draw_string_vec4
    %concat/vec4; draw_string_vec4
    %pushi/vec4 1329677407, 0, 32; draw_string_vec4
    %concat/vec4; draw_string_vec4
    %pushi/vec4 813187381, 0, 32; draw_string_vec4
    %concat/vec4; draw_string_vec4
    %store/vec4 v0x640a8c563460_0, 0, 640;
    %fork TD_tb_i2c_shift_reg.check_serial, S_0x640a8c58fb50;
    %join;
    %pushi/vec4 165, 0, 8;
    %store/vec4 v0x640a8c563820_0, 0, 8;
    %fork TD_tb_i2c_shift_reg.load_byte, S_0x640a8c61a740;
    %join;
    %pushi/vec4 165, 0, 8;
    %store/vec4 v0x640a8c61c070_0, 0, 8;
    %vpi_call/w 3 141 "$display", "--- TEST3: TX shift out 0xA5 = 1010_0101 ---" {0 0 0};
    %pushi/vec4 7, 0, 32;
    %store/vec4 v0x640a8c61b9d0_0, 0, 32;
T_7.2 ;
    %load/vec4 v0x640a8c61b9d0_0;
    %cmpi/s 0, 0, 32;
    %flag_inv 5; GE is !LT
    %jmp/0xz T_7.3, 5;
    %load/vec4 v0x640a8c61c070_0;
    %load/vec4 v0x640a8c61b9d0_0;
    %part/s 1;
    %store/vec4 v0x640a8c61b930_0, 0, 1;
    %load/vec4 v0x640a8c61be00_0;
    %load/vec4 v0x640a8c61b930_0;
    %cmp/ne;
    %jmp/0xz  T_7.4, 6;
    %vpi_call/w 3 145 "$display", "FAIL [TX_BIT%0d] got=%b exp=%b", v0x640a8c61b9d0_0, v0x640a8c61be00_0, v0x640a8c61b930_0 {0 0 0};
    %jmp T_7.5;
T_7.4 ;
    %vpi_call/w 3 147 "$display", "PASS [TX_BIT%0d] serial_out=%b", v0x640a8c61b9d0_0, v0x640a8c61be00_0 {0 0 0};
T_7.5 ;
    %pushi/vec4 0, 0, 1;
    %store/vec4 v0x640a8c54ad50_0, 0, 1;
    %fork TD_tb_i2c_shift_reg.shift_one, S_0x640a8c61a960;
    %join;
    %load/vec4 v0x640a8c61b9d0_0;
    %subi 1, 0, 32;
    %store/vec4 v0x640a8c61b9d0_0, 0, 32;
    %jmp T_7.2;
T_7.3 ;
    %fork TD_tb_i2c_shift_reg.apply_reset, S_0x640a8c58f9c0;
    %join;
    %pushi/vec4 178, 0, 8;
    %store/vec4 v0x640a8c61bc00_0, 0, 8;
    %vpi_call/w 3 159 "$display", "--- TEST4: RX shift in 0xB2 = 1011_0010 ---" {0 0 0};
    %pushi/vec4 7, 0, 32;
    %store/vec4 v0x640a8c61b9d0_0, 0, 32;
T_7.6 ;
    %load/vec4 v0x640a8c61b9d0_0;
    %cmpi/s 0, 0, 32;
    %flag_inv 5; GE is !LT
    %jmp/0xz T_7.7, 5;
    %load/vec4 v0x640a8c61bc00_0;
    %load/vec4 v0x640a8c61b9d0_0;
    %part/s 1;
    %store/vec4 v0x640a8c54ad50_0, 0, 1;
    %fork TD_tb_i2c_shift_reg.shift_one, S_0x640a8c61a960;
    %join;
    %load/vec4 v0x640a8c61b9d0_0;
    %subi 1, 0, 32;
    %store/vec4 v0x640a8c61b9d0_0, 0, 32;
    %jmp T_7.6;
T_7.7 ;
    %load/vec4 v0x640a8c61b890_0;
    %load/vec4 v0x640a8c61bc00_0;
    %cmp/ne;
    %jmp/0xz  T_7.8, 6;
    %vpi_call/w 3 165 "$display", "FAIL [RX_BYTE] got=0x%02X exp=0x%02X", v0x640a8c61b890_0, v0x640a8c61bc00_0 {0 0 0};
    %jmp T_7.9;
T_7.8 ;
    %vpi_call/w 3 168 "$display", "PASS [RX_BYTE] data_out=0x%02X", v0x640a8c61b890_0 {0 0 0};
T_7.9 ;
    %fork TD_tb_i2c_shift_reg.apply_reset, S_0x640a8c58f9c0;
    %join;
    %pushi/vec4 255, 0, 8;
    %store/vec4 v0x640a8c563820_0, 0, 8;
    %fork TD_tb_i2c_shift_reg.load_byte, S_0x640a8c61a740;
    %join;
    %vpi_call/w 3 178 "$display", "--- TEST5: TX shift 0xFF all bits should be 1 ---" {0 0 0};
    %pushi/vec4 0, 0, 32;
    %store/vec4 v0x640a8c61b9d0_0, 0, 32;
T_7.10 ;
    %load/vec4 v0x640a8c61b9d0_0;
    %cmpi/s 8, 0, 32;
    %jmp/0xz T_7.11, 5;
    %load/vec4 v0x640a8c61be00_0;
    %cmpi/ne 1, 0, 1;
    %jmp/0xz  T_7.12, 6;
    %vpi_call/w 3 181 "$display", "FAIL [TX_FF_BIT%0d] serial_out=%b", v0x640a8c61b9d0_0, v0x640a8c61be00_0 {0 0 0};
    %jmp T_7.13;
T_7.12 ;
    %vpi_call/w 3 183 "$display", "PASS [TX_FF_BIT%0d] serial_out=1", v0x640a8c61b9d0_0 {0 0 0};
T_7.13 ;
    %pushi/vec4 0, 0, 1;
    %store/vec4 v0x640a8c54ad50_0, 0, 1;
    %fork TD_tb_i2c_shift_reg.shift_one, S_0x640a8c61a960;
    %join;
    %load/vec4 v0x640a8c61b9d0_0;
    %addi 1, 0, 32;
    %store/vec4 v0x640a8c61b9d0_0, 0, 32;
    %jmp T_7.10;
T_7.11 ;
    %fork TD_tb_i2c_shift_reg.apply_reset, S_0x640a8c58f9c0;
    %join;
    %pushi/vec4 0, 0, 8;
    %store/vec4 v0x640a8c563820_0, 0, 8;
    %fork TD_tb_i2c_shift_reg.load_byte, S_0x640a8c61a740;
    %join;
    %vpi_call/w 3 195 "$display", "--- TEST6: TX shift 0x00 all bits should be 0 ---" {0 0 0};
    %pushi/vec4 0, 0, 32;
    %store/vec4 v0x640a8c61b9d0_0, 0, 32;
T_7.14 ;
    %load/vec4 v0x640a8c61b9d0_0;
    %cmpi/s 8, 0, 32;
    %jmp/0xz T_7.15, 5;
    %load/vec4 v0x640a8c61be00_0;
    %cmpi/ne 0, 0, 1;
    %jmp/0xz  T_7.16, 6;
    %vpi_call/w 3 198 "$display", "FAIL [TX_00_BIT%0d] serial_out=%b", v0x640a8c61b9d0_0, v0x640a8c61be00_0 {0 0 0};
    %jmp T_7.17;
T_7.16 ;
    %vpi_call/w 3 200 "$display", "PASS [TX_00_BIT%0d] serial_out=0", v0x640a8c61b9d0_0 {0 0 0};
T_7.17 ;
    %pushi/vec4 0, 0, 1;
    %store/vec4 v0x640a8c54ad50_0, 0, 1;
    %fork TD_tb_i2c_shift_reg.shift_one, S_0x640a8c61a960;
    %join;
    %load/vec4 v0x640a8c61b9d0_0;
    %addi 1, 0, 32;
    %store/vec4 v0x640a8c61b9d0_0, 0, 32;
    %jmp T_7.14;
T_7.15 ;
    %fork TD_tb_i2c_shift_reg.apply_reset, S_0x640a8c58f9c0;
    %join;
    %pushi/vec4 55, 0, 8;
    %store/vec4 v0x640a8c61bc00_0, 0, 8;
    %vpi_call/w 3 211 "$display", "--- TEST7: RX shift in 0x37 = 0011_0111 ---" {0 0 0};
    %pushi/vec4 7, 0, 32;
    %store/vec4 v0x640a8c61b9d0_0, 0, 32;
T_7.18 ;
    %load/vec4 v0x640a8c61b9d0_0;
    %cmpi/s 0, 0, 32;
    %flag_inv 5; GE is !LT
    %jmp/0xz T_7.19, 5;
    %load/vec4 v0x640a8c61bc00_0;
    %load/vec4 v0x640a8c61b9d0_0;
    %part/s 1;
    %store/vec4 v0x640a8c54ad50_0, 0, 1;
    %fork TD_tb_i2c_shift_reg.shift_one, S_0x640a8c61a960;
    %join;
    %load/vec4 v0x640a8c61b9d0_0;
    %subi 1, 0, 32;
    %store/vec4 v0x640a8c61b9d0_0, 0, 32;
    %jmp T_7.18;
T_7.19 ;
    %load/vec4 v0x640a8c61b890_0;
    %load/vec4 v0x640a8c61bc00_0;
    %cmp/ne;
    %jmp/0xz  T_7.20, 6;
    %vpi_call/w 3 216 "$display", "FAIL [RX_0x37] got=0x%02X exp=0x%02X", v0x640a8c61b890_0, v0x640a8c61bc00_0 {0 0 0};
    %jmp T_7.21;
T_7.20 ;
    %vpi_call/w 3 219 "$display", "PASS [RX_0x37] data_out=0x%02X", v0x640a8c61b890_0 {0 0 0};
T_7.21 ;
    %vpi_call/w 3 221 "$display", "=== tb_i2c_shift_reg DONE ===" {0 0 0};
    %vpi_call/w 3 222 "$finish" {0 0 0};
    %end;
    .thread T_7;
    .scope S_0x640a8c5854c0;
T_8 ;
    %vpi_call/w 3 229 "$dumpfile", "tb_i2c_shift_reg.vcd" {0 0 0};
    %vpi_call/w 3 230 "$dumpvars", 32'sb00000000000000000000000000000000, S_0x640a8c5854c0 {0 0 0};
    %end;
    .thread T_8;
    .scope S_0x640a8c5854c0;
T_9 ;
    %vpi_call/w 3 237 "$monitor", "t=%0t | load=%b shift_tx=%b shift_rx=%b sin=%b | sout=%b dout=0x%02X", $time, v0x640a8c61ba90_0, v0x640a8c61bfa0_0, v0x640a8c61bed0_0, v0x640a8c61bca0_0, v0x640a8c61be00_0, v0x640a8c61b890_0 {0 0 0};
    %end;
    .thread T_9;
# The file index is used to find the file name in the following table.
:file_names 5;
    "N/A";
    "<interactive>";
    "-";
    "tb/tb_i2c_shift_reg.v";
    "share/i2c_shift_reg.v";
