#! /usr/bin/vvp
:ivl_version "12.0 (stable)";
:ivl_delay_selection "TYPICAL";
:vpi_time_precision - 12;
:vpi_module "/usr/lib/x86_64-linux-gnu/ivl/system.vpi";
:vpi_module "/usr/lib/x86_64-linux-gnu/ivl/vhdl_sys.vpi";
:vpi_module "/usr/lib/x86_64-linux-gnu/ivl/vhdl_textio.vpi";
:vpi_module "/usr/lib/x86_64-linux-gnu/ivl/v2005_math.vpi";
:vpi_module "/usr/lib/x86_64-linux-gnu/ivl/va_math.vpi";
:vpi_module "/usr/lib/x86_64-linux-gnu/ivl/v2009.vpi";
S_0x617ecc2c6950 .scope package, "$unit" "$unit" 2 1;
 .timescale 0 0;
S_0x617ecc246450 .scope module, "tb_i2c_glitch_filter" "tb_i2c_glitch_filter" 3 3;
 .timescale -9 -12;
v0x617ecc2dd940_0 .var "clk", 0 0;
v0x617ecc2dda00_0 .net "filtered_out", 0 0, v0x617ecc2dd590_0;  1 drivers
v0x617ecc2ddad0_0 .var "raw_in", 0 0;
v0x617ecc2ddbd0_0 .var "rst_n", 0 0;
S_0x617ecc2465e0 .scope task, "apply_reset" "apply_reset" 3 36, 3 36 0, S_0x617ecc246450;
 .timescale -9 -12;
E_0x617ecc2392b0 .event posedge, v0x617ecc2dd3d0_0;
TD_tb_i2c_glitch_filter.apply_reset ;
    %pushi/vec4 0, 0, 1;
    %store/vec4 v0x617ecc2ddbd0_0, 0, 1;
    %pushi/vec4 1, 0, 1;
    %store/vec4 v0x617ecc2ddad0_0, 0, 1;
    %wait E_0x617ecc2392b0;
    %delay 1000, 0;
    %wait E_0x617ecc2392b0;
    %delay 1000, 0;
    %pushi/vec4 1, 0, 1;
    %store/vec4 v0x617ecc2ddbd0_0, 0, 1;
    %wait E_0x617ecc2392b0;
    %delay 1000, 0;
    %end;
S_0x617ecc2509c0 .scope task, "check" "check" 3 79, 3 79 0, S_0x617ecc246450;
 .timescale -9 -12;
v0x617ecc225cc0_0 .var "exp_out", 0 0;
v0x617ecc225470_0 .var "test_name", 640 1;
TD_tb_i2c_glitch_filter.check ;
    %load/vec4 v0x617ecc2dda00_0;
    %load/vec4 v0x617ecc225cc0_0;
    %cmp/ne;
    %jmp/0xz  T_1.0, 6;
    %vpi_call/w 3 84 "$display", "FAIL [%0s] got=%b exp=%b at t=%0t", v0x617ecc225470_0, v0x617ecc2dda00_0, v0x617ecc225cc0_0, $time {0 0 0};
    %jmp T_1.1;
T_1.0 ;
    %vpi_call/w 3 87 "$display", "PASS [%0s] filtered_out=%b", v0x617ecc225470_0, v0x617ecc2dda00_0 {0 0 0};
T_1.1 ;
    %end;
S_0x617ecc2dcb80 .scope task, "drive_stable" "drive_stable" 3 50, 3 50 0, S_0x617ecc246450;
 .timescale -9 -12;
v0x617ecc222bf0_0 .var "cycles", 7 0;
v0x617ecc222fe0_0 .var/i "j", 31 0;
v0x617ecc20bd50_0 .var "val", 0 0;
TD_tb_i2c_glitch_filter.drive_stable ;
    %load/vec4 v0x617ecc20bd50_0;
    %store/vec4 v0x617ecc2ddad0_0, 0, 1;
    %pushi/vec4 0, 0, 32;
    %store/vec4 v0x617ecc222fe0_0, 0, 32;
T_2.2 ;
    %load/vec4 v0x617ecc222fe0_0;
    %load/vec4 v0x617ecc222bf0_0;
    %pad/u 32;
    %cmp/u;
    %jmp/0xz T_2.3, 5;
    %wait E_0x617ecc2392b0;
    %load/vec4 v0x617ecc222fe0_0;
    %addi 1, 0, 32;
    %store/vec4 v0x617ecc222fe0_0, 0, 32;
    %jmp T_2.2;
T_2.3 ;
    %delay 1000, 0;
    %end;
S_0x617ecc2dcde0 .scope task, "inject_glitch" "inject_glitch" 3 64, 3 64 0, S_0x617ecc246450;
 .timescale -9 -12;
v0x617ecc2c7870_0 .var "glitch_val", 0 0;
v0x617ecc2c77d0_0 .var/i "j", 31 0;
v0x617ecc2dd040_0 .var "width", 7 0;
TD_tb_i2c_glitch_filter.inject_glitch ;
    %load/vec4 v0x617ecc2c7870_0;
    %store/vec4 v0x617ecc2ddad0_0, 0, 1;
    %pushi/vec4 0, 0, 32;
    %store/vec4 v0x617ecc2c77d0_0, 0, 32;
T_3.4 ;
    %load/vec4 v0x617ecc2c77d0_0;
    %load/vec4 v0x617ecc2dd040_0;
    %pad/u 32;
    %cmp/u;
    %jmp/0xz T_3.5, 5;
    %wait E_0x617ecc2392b0;
    %load/vec4 v0x617ecc2c77d0_0;
    %addi 1, 0, 32;
    %store/vec4 v0x617ecc2c77d0_0, 0, 32;
    %jmp T_3.4;
T_3.5 ;
    %delay 1000, 0;
    %load/vec4 v0x617ecc2c7870_0;
    %inv;
    %store/vec4 v0x617ecc2ddad0_0, 0, 1;
    %end;
S_0x617ecc2dd100 .scope module, "u_dut" "i2c_glitch_filter" 3 20, 4 1 0, S_0x617ecc246450;
 .timescale 0 0;
    .port_info 0 /INPUT 1 "clk";
    .port_info 1 /INPUT 1 "resetn";
    .port_info 2 /INPUT 1 "raw_in";
    .port_info 3 /OUTPUT 1 "filtered_out";
P_0x617ecc2dd330 .param/l "THRESHOLD" 0 4 1, +C4<00000000000000000000000000000011>;
v0x617ecc2dd3d0_0 .net "clk", 0 0, v0x617ecc2dd940_0;  1 drivers
v0x617ecc2dd4b0_0 .var "counter", 31 0;
v0x617ecc2dd590_0 .var "filtered_out", 0 0;
v0x617ecc2dd630_0 .var "last_value", 0 0;
v0x617ecc2dd6f0_0 .net "raw_in", 0 0, v0x617ecc2ddad0_0;  1 drivers
v0x617ecc2dd800_0 .net "resetn", 0 0, v0x617ecc2ddbd0_0;  1 drivers
    .scope S_0x617ecc2dd100;
T_4 ;
    %wait E_0x617ecc2392b0;
    %load/vec4 v0x617ecc2dd800_0;
    %nor/r;
    %flag_set/vec4 8;
    %jmp/0xz  T_4.0, 8;
    %pushi/vec4 0, 0, 32;
    %assign/vec4 v0x617ecc2dd4b0_0, 0;
    %pushi/vec4 1, 0, 1;
    %assign/vec4 v0x617ecc2dd630_0, 0;
    %pushi/vec4 1, 0, 1;
    %assign/vec4 v0x617ecc2dd590_0, 0;
    %jmp T_4.1;
T_4.0 ;
    %load/vec4 v0x617ecc2dd6f0_0;
    %load/vec4 v0x617ecc2dd630_0;
    %cmp/e;
    %jmp/0xz  T_4.2, 4;
    %load/vec4 v0x617ecc2dd4b0_0;
    %cmpi/u 3, 0, 32;
    %jmp/0xz  T_4.4, 5;
    %load/vec4 v0x617ecc2dd4b0_0;
    %addi 1, 0, 32;
    %assign/vec4 v0x617ecc2dd4b0_0, 0;
T_4.4 ;
    %load/vec4 v0x617ecc2dd4b0_0;
    %addi 1, 0, 32;
    %cmpi/u 3, 0, 32;
    %flag_inv 5; GE is !LT
    %jmp/0xz  T_4.6, 5;
    %load/vec4 v0x617ecc2dd630_0;
    %assign/vec4 v0x617ecc2dd590_0, 0;
T_4.6 ;
    %jmp T_4.3;
T_4.2 ;
    %load/vec4 v0x617ecc2dd6f0_0;
    %assign/vec4 v0x617ecc2dd630_0, 0;
    %pushi/vec4 1, 0, 32;
    %assign/vec4 v0x617ecc2dd4b0_0, 0;
T_4.3 ;
T_4.1 ;
    %jmp T_4;
    .thread T_4;
    .scope S_0x617ecc246450;
T_5 ;
    %pushi/vec4 0, 0, 1;
    %store/vec4 v0x617ecc2dd940_0, 0, 1;
    %end;
    .thread T_5;
    .scope S_0x617ecc246450;
T_6 ;
    %delay 5000, 0;
    %load/vec4 v0x617ecc2dd940_0;
    %inv;
    %store/vec4 v0x617ecc2dd940_0, 0, 1;
    %jmp T_6;
    .thread T_6;
    .scope S_0x617ecc246450;
T_7 ;
    %vpi_call/w 3 96 "$display", "=== tb_i2c_glitch_filter START ===" {0 0 0};
    %vpi_call/w 3 97 "$display", "--- FILTER_DEPTH = 3 ---" {0 0 0};
    %vpi_call/w 3 98 "$display", "--- needs 3 same samples to change output ---" {0 0 0};
    %fork TD_tb_i2c_glitch_filter.apply_reset, S_0x617ecc2465e0;
    %join;
    %pushi/vec4 1, 0, 1;
    %store/vec4 v0x617ecc225cc0_0, 0, 1;
    %pushi/vec4 0, 0, 32; draw_string_vec4
    %pushi/vec4 0, 0, 32; draw_string_vec4
    %concat/vec4; draw_string_vec4
    %pushi/vec4 0, 0, 32; draw_string_vec4
    %concat/vec4; draw_string_vec4
    %pushi/vec4 0, 0, 32; draw_string_vec4
    %concat/vec4; draw_string_vec4
    %pushi/vec4 0, 0, 32; draw_string_vec4
    %concat/vec4; draw_string_vec4
    %pushi/vec4 0, 0, 32; draw_string_vec4
    %concat/vec4; draw_string_vec4
    %pushi/vec4 0, 0, 32; draw_string_vec4
    %concat/vec4; draw_string_vec4
    %pushi/vec4 0, 0, 32; draw_string_vec4
    %concat/vec4; draw_string_vec4
    %pushi/vec4 0, 0, 32; draw_string_vec4
    %concat/vec4; draw_string_vec4
    %pushi/vec4 0, 0, 32; draw_string_vec4
    %concat/vec4; draw_string_vec4
    %pushi/vec4 0, 0, 32; draw_string_vec4
    %concat/vec4; draw_string_vec4
    %pushi/vec4 0, 0, 32; draw_string_vec4
    %concat/vec4; draw_string_vec4
    %pushi/vec4 0, 0, 32; draw_string_vec4
    %concat/vec4; draw_string_vec4
    %pushi/vec4 0, 0, 32; draw_string_vec4
    %concat/vec4; draw_string_vec4
    %pushi/vec4 0, 0, 32; draw_string_vec4
    %concat/vec4; draw_string_vec4
    %pushi/vec4 0, 0, 32; draw_string_vec4
    %concat/vec4; draw_string_vec4
    %pushi/vec4 0, 0, 32; draw_string_vec4
    %concat/vec4; draw_string_vec4
    %pushi/vec4 21061, 0, 32; draw_string_vec4
    %concat/vec4; draw_string_vec4
    %pushi/vec4 1397052511, 0, 32; draw_string_vec4
    %concat/vec4; draw_string_vec4
    %pushi/vec4 1212761928, 0, 32; draw_string_vec4
    %concat/vec4; draw_string_vec4
    %store/vec4 v0x617ecc225470_0, 0, 640;
    %fork TD_tb_i2c_glitch_filter.check, S_0x617ecc2509c0;
    %join;
    %vpi_call/w 3 105 "$display", "    output HIGH on reset = bus idle \342\234\205" {0 0 0};
    %pushi/vec4 1, 0, 1;
    %store/vec4 v0x617ecc20bd50_0, 0, 1;
    %pushi/vec4 5, 0, 8;
    %store/vec4 v0x617ecc222bf0_0, 0, 8;
    %fork TD_tb_i2c_glitch_filter.drive_stable, S_0x617ecc2dcb80;
    %join;
    %pushi/vec4 1, 0, 1;
    %store/vec4 v0x617ecc225cc0_0, 0, 1;
    %pushi/vec4 0, 0, 32; draw_string_vec4
    %pushi/vec4 0, 0, 32; draw_string_vec4
    %concat/vec4; draw_string_vec4
    %pushi/vec4 0, 0, 32; draw_string_vec4
    %concat/vec4; draw_string_vec4
    %pushi/vec4 0, 0, 32; draw_string_vec4
    %concat/vec4; draw_string_vec4
    %pushi/vec4 0, 0, 32; draw_string_vec4
    %concat/vec4; draw_string_vec4
    %pushi/vec4 0, 0, 32; draw_string_vec4
    %concat/vec4; draw_string_vec4
    %pushi/vec4 0, 0, 32; draw_string_vec4
    %concat/vec4; draw_string_vec4
    %pushi/vec4 0, 0, 32; draw_string_vec4
    %concat/vec4; draw_string_vec4
    %pushi/vec4 0, 0, 32; draw_string_vec4
    %concat/vec4; draw_string_vec4
    %pushi/vec4 0, 0, 32; draw_string_vec4
    %concat/vec4; draw_string_vec4
    %pushi/vec4 0, 0, 32; draw_string_vec4
    %concat/vec4; draw_string_vec4
    %pushi/vec4 0, 0, 32; draw_string_vec4
    %concat/vec4; draw_string_vec4
    %pushi/vec4 0, 0, 32; draw_string_vec4
    %concat/vec4; draw_string_vec4
    %pushi/vec4 0, 0, 32; draw_string_vec4
    %concat/vec4; draw_string_vec4
    %pushi/vec4 0, 0, 32; draw_string_vec4
    %concat/vec4; draw_string_vec4
    %pushi/vec4 0, 0, 32; draw_string_vec4
    %concat/vec4; draw_string_vec4
    %pushi/vec4 0, 0, 32; draw_string_vec4
    %concat/vec4; draw_string_vec4
    %pushi/vec4 5461057, 0, 32; draw_string_vec4
    %concat/vec4; draw_string_vec4
    %pushi/vec4 1112294751, 0, 32; draw_string_vec4
    %concat/vec4; draw_string_vec4
    %pushi/vec4 1212761928, 0, 32; draw_string_vec4
    %concat/vec4; draw_string_vec4
    %store/vec4 v0x617ecc225470_0, 0, 640;
    %fork TD_tb_i2c_glitch_filter.check, S_0x617ecc2509c0;
    %join;
    %pushi/vec4 0, 0, 1;
    %store/vec4 v0x617ecc20bd50_0, 0, 1;
    %pushi/vec4 5, 0, 8;
    %store/vec4 v0x617ecc222bf0_0, 0, 8;
    %fork TD_tb_i2c_glitch_filter.drive_stable, S_0x617ecc2dcb80;
    %join;
    %pushi/vec4 0, 0, 1;
    %store/vec4 v0x617ecc225cc0_0, 0, 1;
    %pushi/vec4 0, 0, 32; draw_string_vec4
    %pushi/vec4 0, 0, 32; draw_string_vec4
    %concat/vec4; draw_string_vec4
    %pushi/vec4 0, 0, 32; draw_string_vec4
    %concat/vec4; draw_string_vec4
    %pushi/vec4 0, 0, 32; draw_string_vec4
    %concat/vec4; draw_string_vec4
    %pushi/vec4 0, 0, 32; draw_string_vec4
    %concat/vec4; draw_string_vec4
    %pushi/vec4 0, 0, 32; draw_string_vec4
    %concat/vec4; draw_string_vec4
    %pushi/vec4 0, 0, 32; draw_string_vec4
    %concat/vec4; draw_string_vec4
    %pushi/vec4 0, 0, 32; draw_string_vec4
    %concat/vec4; draw_string_vec4
    %pushi/vec4 0, 0, 32; draw_string_vec4
    %concat/vec4; draw_string_vec4
    %pushi/vec4 0, 0, 32; draw_string_vec4
    %concat/vec4; draw_string_vec4
    %pushi/vec4 0, 0, 32; draw_string_vec4
    %concat/vec4; draw_string_vec4
    %pushi/vec4 0, 0, 32; draw_string_vec4
    %concat/vec4; draw_string_vec4
    %pushi/vec4 0, 0, 32; draw_string_vec4
    %concat/vec4; draw_string_vec4
    %pushi/vec4 0, 0, 32; draw_string_vec4
    %concat/vec4; draw_string_vec4
    %pushi/vec4 0, 0, 32; draw_string_vec4
    %concat/vec4; draw_string_vec4
    %pushi/vec4 0, 0, 32; draw_string_vec4
    %concat/vec4; draw_string_vec4
    %pushi/vec4 0, 0, 32; draw_string_vec4
    %concat/vec4; draw_string_vec4
    %pushi/vec4 21332, 0, 32; draw_string_vec4
    %concat/vec4; draw_string_vec4
    %pushi/vec4 1094863941, 0, 32; draw_string_vec4
    %concat/vec4; draw_string_vec4
    %pushi/vec4 1598836567, 0, 32; draw_string_vec4
    %concat/vec4; draw_string_vec4
    %store/vec4 v0x617ecc225470_0, 0, 640;
    %fork TD_tb_i2c_glitch_filter.check, S_0x617ecc2509c0;
    %join;
    %vpi_call/w 3 129 "$display", "--- TEST4: Glitch on HIGH line ---" {0 0 0};
    %pushi/vec4 1, 0, 1;
    %store/vec4 v0x617ecc20bd50_0, 0, 1;
    %pushi/vec4 5, 0, 8;
    %store/vec4 v0x617ecc222bf0_0, 0, 8;
    %fork TD_tb_i2c_glitch_filter.drive_stable, S_0x617ecc2dcb80;
    %join;
    %pushi/vec4 1, 0, 1;
    %store/vec4 v0x617ecc225cc0_0, 0, 1;
    %pushi/vec4 0, 0, 32; draw_string_vec4
    %pushi/vec4 0, 0, 32; draw_string_vec4
    %concat/vec4; draw_string_vec4
    %pushi/vec4 0, 0, 32; draw_string_vec4
    %concat/vec4; draw_string_vec4
    %pushi/vec4 0, 0, 32; draw_string_vec4
    %concat/vec4; draw_string_vec4
    %pushi/vec4 0, 0, 32; draw_string_vec4
    %concat/vec4; draw_string_vec4
    %pushi/vec4 0, 0, 32; draw_string_vec4
    %concat/vec4; draw_string_vec4
    %pushi/vec4 0, 0, 32; draw_string_vec4
    %concat/vec4; draw_string_vec4
    %pushi/vec4 0, 0, 32; draw_string_vec4
    %concat/vec4; draw_string_vec4
    %pushi/vec4 0, 0, 32; draw_string_vec4
    %concat/vec4; draw_string_vec4
    %pushi/vec4 0, 0, 32; draw_string_vec4
    %concat/vec4; draw_string_vec4
    %pushi/vec4 0, 0, 32; draw_string_vec4
    %concat/vec4; draw_string_vec4
    %pushi/vec4 0, 0, 32; draw_string_vec4
    %concat/vec4; draw_string_vec4
    %pushi/vec4 0, 0, 32; draw_string_vec4
    %concat/vec4; draw_string_vec4
    %pushi/vec4 0, 0, 32; draw_string_vec4
    %concat/vec4; draw_string_vec4
    %pushi/vec4 0, 0, 32; draw_string_vec4
    %concat/vec4; draw_string_vec4
    %pushi/vec4 0, 0, 32; draw_string_vec4
    %concat/vec4; draw_string_vec4
    %pushi/vec4 5263941, 0, 32; draw_string_vec4
    %concat/vec4; draw_string_vec4
    %pushi/vec4 1598508105, 0, 32; draw_string_vec4
    %concat/vec4; draw_string_vec4
    %pushi/vec4 1413695583, 0, 32; draw_string_vec4
    %concat/vec4; draw_string_vec4
    %pushi/vec4 1212761928, 0, 32; draw_string_vec4
    %concat/vec4; draw_string_vec4
    %store/vec4 v0x617ecc225470_0, 0, 640;
    %fork TD_tb_i2c_glitch_filter.check, S_0x617ecc2509c0;
    %join;
    %pushi/vec4 0, 0, 1;
    %store/vec4 v0x617ecc2c7870_0, 0, 1;
    %pushi/vec4 1, 0, 8;
    %store/vec4 v0x617ecc2dd040_0, 0, 8;
    %fork TD_tb_i2c_glitch_filter.inject_glitch, S_0x617ecc2dcde0;
    %join;
    %pushi/vec4 1, 0, 1;
    %store/vec4 v0x617ecc225cc0_0, 0, 1;
    %pushi/vec4 0, 0, 32; draw_string_vec4
    %pushi/vec4 0, 0, 32; draw_string_vec4
    %concat/vec4; draw_string_vec4
    %pushi/vec4 0, 0, 32; draw_string_vec4
    %concat/vec4; draw_string_vec4
    %pushi/vec4 0, 0, 32; draw_string_vec4
    %concat/vec4; draw_string_vec4
    %pushi/vec4 0, 0, 32; draw_string_vec4
    %concat/vec4; draw_string_vec4
    %pushi/vec4 0, 0, 32; draw_string_vec4
    %concat/vec4; draw_string_vec4
    %pushi/vec4 0, 0, 32; draw_string_vec4
    %concat/vec4; draw_string_vec4
    %pushi/vec4 0, 0, 32; draw_string_vec4
    %concat/vec4; draw_string_vec4
    %pushi/vec4 0, 0, 32; draw_string_vec4
    %concat/vec4; draw_string_vec4
    %pushi/vec4 0, 0, 32; draw_string_vec4
    %concat/vec4; draw_string_vec4
    %pushi/vec4 0, 0, 32; draw_string_vec4
    %concat/vec4; draw_string_vec4
    %pushi/vec4 0, 0, 32; draw_string_vec4
    %concat/vec4; draw_string_vec4
    %pushi/vec4 0, 0, 32; draw_string_vec4
    %concat/vec4; draw_string_vec4
    %pushi/vec4 0, 0, 32; draw_string_vec4
    %concat/vec4; draw_string_vec4
    %pushi/vec4 0, 0, 32; draw_string_vec4
    %concat/vec4; draw_string_vec4
    %pushi/vec4 4672585, 0, 32; draw_string_vec4
    %concat/vec4; draw_string_vec4
    %pushi/vec4 1413695583, 0, 32; draw_string_vec4
    %concat/vec4; draw_string_vec4
    %pushi/vec4 826497347, 0, 32; draw_string_vec4
    %concat/vec4; draw_string_vec4
    %pushi/vec4 1599032927, 0, 32; draw_string_vec4
    %concat/vec4; draw_string_vec4
    %pushi/vec4 1212761928, 0, 32; draw_string_vec4
    %concat/vec4; draw_string_vec4
    %store/vec4 v0x617ecc225470_0, 0, 640;
    %fork TD_tb_i2c_glitch_filter.check, S_0x617ecc2509c0;
    %join;
    %vpi_call/w 3 136 "$display", "    1 cycle glitch suppressed \342\234\205" {0 0 0};
    %vpi_call/w 3 144 "$display", "--- TEST5: Glitch on LOW line ---" {0 0 0};
    %pushi/vec4 0, 0, 1;
    %store/vec4 v0x617ecc20bd50_0, 0, 1;
    %pushi/vec4 5, 0, 8;
    %store/vec4 v0x617ecc222bf0_0, 0, 8;
    %fork TD_tb_i2c_glitch_filter.drive_stable, S_0x617ecc2dcb80;
    %join;
    %pushi/vec4 0, 0, 1;
    %store/vec4 v0x617ecc225cc0_0, 0, 1;
    %pushi/vec4 0, 0, 32; draw_string_vec4
    %pushi/vec4 0, 0, 32; draw_string_vec4
    %concat/vec4; draw_string_vec4
    %pushi/vec4 0, 0, 32; draw_string_vec4
    %concat/vec4; draw_string_vec4
    %pushi/vec4 0, 0, 32; draw_string_vec4
    %concat/vec4; draw_string_vec4
    %pushi/vec4 0, 0, 32; draw_string_vec4
    %concat/vec4; draw_string_vec4
    %pushi/vec4 0, 0, 32; draw_string_vec4
    %concat/vec4; draw_string_vec4
    %pushi/vec4 0, 0, 32; draw_string_vec4
    %concat/vec4; draw_string_vec4
    %pushi/vec4 0, 0, 32; draw_string_vec4
    %concat/vec4; draw_string_vec4
    %pushi/vec4 0, 0, 32; draw_string_vec4
    %concat/vec4; draw_string_vec4
    %pushi/vec4 0, 0, 32; draw_string_vec4
    %concat/vec4; draw_string_vec4
    %pushi/vec4 0, 0, 32; draw_string_vec4
    %concat/vec4; draw_string_vec4
    %pushi/vec4 0, 0, 32; draw_string_vec4
    %concat/vec4; draw_string_vec4
    %pushi/vec4 0, 0, 32; draw_string_vec4
    %concat/vec4; draw_string_vec4
    %pushi/vec4 0, 0, 32; draw_string_vec4
    %concat/vec4; draw_string_vec4
    %pushi/vec4 0, 0, 32; draw_string_vec4
    %concat/vec4; draw_string_vec4
    %pushi/vec4 0, 0, 32; draw_string_vec4
    %concat/vec4; draw_string_vec4
    %pushi/vec4 20562, 0, 32; draw_string_vec4
    %concat/vec4; draw_string_vec4
    %pushi/vec4 1163872076, 0, 32; draw_string_vec4
    %concat/vec4; draw_string_vec4
    %pushi/vec4 1230259016, 0, 32; draw_string_vec4
    %concat/vec4; draw_string_vec4
    %pushi/vec4 1598836567, 0, 32; draw_string_vec4
    %concat/vec4; draw_string_vec4
    %store/vec4 v0x617ecc225470_0, 0, 640;
    %fork TD_tb_i2c_glitch_filter.check, S_0x617ecc2509c0;
    %join;
    %pushi/vec4 1, 0, 1;
    %store/vec4 v0x617ecc2c7870_0, 0, 1;
    %pushi/vec4 1, 0, 8;
    %store/vec4 v0x617ecc2dd040_0, 0, 8;
    %fork TD_tb_i2c_glitch_filter.inject_glitch, S_0x617ecc2dcde0;
    %join;
    %wait E_0x617ecc2392b0;
    %delay 1000, 0;
    %pushi/vec4 0, 0, 1;
    %store/vec4 v0x617ecc225cc0_0, 0, 1;
    %pushi/vec4 0, 0, 32; draw_string_vec4
    %pushi/vec4 0, 0, 32; draw_string_vec4
    %concat/vec4; draw_string_vec4
    %pushi/vec4 0, 0, 32; draw_string_vec4
    %concat/vec4; draw_string_vec4
    %pushi/vec4 0, 0, 32; draw_string_vec4
    %concat/vec4; draw_string_vec4
    %pushi/vec4 0, 0, 32; draw_string_vec4
    %concat/vec4; draw_string_vec4
    %pushi/vec4 0, 0, 32; draw_string_vec4
    %concat/vec4; draw_string_vec4
    %pushi/vec4 0, 0, 32; draw_string_vec4
    %concat/vec4; draw_string_vec4
    %pushi/vec4 0, 0, 32; draw_string_vec4
    %concat/vec4; draw_string_vec4
    %pushi/vec4 0, 0, 32; draw_string_vec4
    %concat/vec4; draw_string_vec4
    %pushi/vec4 0, 0, 32; draw_string_vec4
    %concat/vec4; draw_string_vec4
    %pushi/vec4 0, 0, 32; draw_string_vec4
    %concat/vec4; draw_string_vec4
    %pushi/vec4 0, 0, 32; draw_string_vec4
    %concat/vec4; draw_string_vec4
    %pushi/vec4 0, 0, 32; draw_string_vec4
    %concat/vec4; draw_string_vec4
    %pushi/vec4 0, 0, 32; draw_string_vec4
    %concat/vec4; draw_string_vec4
    %pushi/vec4 0, 0, 32; draw_string_vec4
    %concat/vec4; draw_string_vec4
    %pushi/vec4 18252, 0, 32; draw_string_vec4
    %concat/vec4; draw_string_vec4
    %pushi/vec4 1230259016, 0, 32; draw_string_vec4
    %concat/vec4; draw_string_vec4
    %pushi/vec4 1597064025, 0, 32; draw_string_vec4
    %concat/vec4; draw_string_vec4
    %pushi/vec4 1130319694, 0, 32; draw_string_vec4
    %concat/vec4; draw_string_vec4
    %pushi/vec4 1598836567, 0, 32; draw_string_vec4
    %concat/vec4; draw_string_vec4
    %store/vec4 v0x617ecc225470_0, 0, 640;
    %fork TD_tb_i2c_glitch_filter.check, S_0x617ecc2509c0;
    %join;
    %vpi_call/w 3 152 "$display", "    1 cycle glitch suppressed \342\234\205" {0 0 0};
    %vpi_call/w 3 159 "$display", "--- TEST6: 2 cycle glitch ---" {0 0 0};
    %pushi/vec4 1, 0, 1;
    %store/vec4 v0x617ecc20bd50_0, 0, 1;
    %pushi/vec4 5, 0, 8;
    %store/vec4 v0x617ecc222bf0_0, 0, 8;
    %fork TD_tb_i2c_glitch_filter.drive_stable, S_0x617ecc2dcb80;
    %join;
    %pushi/vec4 0, 0, 1;
    %store/vec4 v0x617ecc2c7870_0, 0, 1;
    %pushi/vec4 2, 0, 8;
    %store/vec4 v0x617ecc2dd040_0, 0, 8;
    %fork TD_tb_i2c_glitch_filter.inject_glitch, S_0x617ecc2dcde0;
    %join;
    %wait E_0x617ecc2392b0;
    %delay 1000, 0;
    %pushi/vec4 1, 0, 1;
    %store/vec4 v0x617ecc225cc0_0, 0, 1;
    %pushi/vec4 0, 0, 32; draw_string_vec4
    %pushi/vec4 0, 0, 32; draw_string_vec4
    %concat/vec4; draw_string_vec4
    %pushi/vec4 0, 0, 32; draw_string_vec4
    %concat/vec4; draw_string_vec4
    %pushi/vec4 0, 0, 32; draw_string_vec4
    %concat/vec4; draw_string_vec4
    %pushi/vec4 0, 0, 32; draw_string_vec4
    %concat/vec4; draw_string_vec4
    %pushi/vec4 0, 0, 32; draw_string_vec4
    %concat/vec4; draw_string_vec4
    %pushi/vec4 0, 0, 32; draw_string_vec4
    %concat/vec4; draw_string_vec4
    %pushi/vec4 0, 0, 32; draw_string_vec4
    %concat/vec4; draw_string_vec4
    %pushi/vec4 0, 0, 32; draw_string_vec4
    %concat/vec4; draw_string_vec4
    %pushi/vec4 0, 0, 32; draw_string_vec4
    %concat/vec4; draw_string_vec4
    %pushi/vec4 0, 0, 32; draw_string_vec4
    %concat/vec4; draw_string_vec4
    %pushi/vec4 0, 0, 32; draw_string_vec4
    %concat/vec4; draw_string_vec4
    %pushi/vec4 0, 0, 32; draw_string_vec4
    %concat/vec4; draw_string_vec4
    %pushi/vec4 0, 0, 32; draw_string_vec4
    %concat/vec4; draw_string_vec4
    %pushi/vec4 0, 0, 32; draw_string_vec4
    %concat/vec4; draw_string_vec4
    %pushi/vec4 4672585, 0, 32; draw_string_vec4
    %concat/vec4; draw_string_vec4
    %pushi/vec4 1413695583, 0, 32; draw_string_vec4
    %concat/vec4; draw_string_vec4
    %pushi/vec4 843274563, 0, 32; draw_string_vec4
    %concat/vec4; draw_string_vec4
    %pushi/vec4 1599032927, 0, 32; draw_string_vec4
    %concat/vec4; draw_string_vec4
    %pushi/vec4 1212761928, 0, 32; draw_string_vec4
    %concat/vec4; draw_string_vec4
    %store/vec4 v0x617ecc225470_0, 0, 640;
    %fork TD_tb_i2c_glitch_filter.check, S_0x617ecc2509c0;
    %join;
    %vpi_call/w 3 164 "$display", "    2 cycle glitch suppressed \342\234\205" {0 0 0};
    %vpi_call/w 3 171 "$display", "--- TEST7: Real LOW transition ---" {0 0 0};
    %pushi/vec4 1, 0, 1;
    %store/vec4 v0x617ecc20bd50_0, 0, 1;
    %pushi/vec4 5, 0, 8;
    %store/vec4 v0x617ecc222bf0_0, 0, 8;
    %fork TD_tb_i2c_glitch_filter.drive_stable, S_0x617ecc2dcb80;
    %join;
    %pushi/vec4 1, 0, 1;
    %store/vec4 v0x617ecc225cc0_0, 0, 1;
    %pushi/vec4 0, 0, 32; draw_string_vec4
    %pushi/vec4 0, 0, 32; draw_string_vec4
    %concat/vec4; draw_string_vec4
    %pushi/vec4 0, 0, 32; draw_string_vec4
    %concat/vec4; draw_string_vec4
    %pushi/vec4 0, 0, 32; draw_string_vec4
    %concat/vec4; draw_string_vec4
    %pushi/vec4 0, 0, 32; draw_string_vec4
    %concat/vec4; draw_string_vec4
    %pushi/vec4 0, 0, 32; draw_string_vec4
    %concat/vec4; draw_string_vec4
    %pushi/vec4 0, 0, 32; draw_string_vec4
    %concat/vec4; draw_string_vec4
    %pushi/vec4 0, 0, 32; draw_string_vec4
    %concat/vec4; draw_string_vec4
    %pushi/vec4 0, 0, 32; draw_string_vec4
    %concat/vec4; draw_string_vec4
    %pushi/vec4 0, 0, 32; draw_string_vec4
    %concat/vec4; draw_string_vec4
    %pushi/vec4 0, 0, 32; draw_string_vec4
    %concat/vec4; draw_string_vec4
    %pushi/vec4 0, 0, 32; draw_string_vec4
    %concat/vec4; draw_string_vec4
    %pushi/vec4 0, 0, 32; draw_string_vec4
    %concat/vec4; draw_string_vec4
    %pushi/vec4 0, 0, 32; draw_string_vec4
    %concat/vec4; draw_string_vec4
    %pushi/vec4 0, 0, 32; draw_string_vec4
    %concat/vec4; draw_string_vec4
    %pushi/vec4 66, 0, 32; draw_string_vec4
    %concat/vec4; draw_string_vec4
    %pushi/vec4 1162235730, 0, 32; draw_string_vec4
    %concat/vec4; draw_string_vec4
    %pushi/vec4 1163874885, 0, 32; draw_string_vec4
    %concat/vec4; draw_string_vec4
    %pushi/vec4 1095524180, 0, 32; draw_string_vec4
    %concat/vec4; draw_string_vec4
    %pushi/vec4 1380011603, 0, 32; draw_string_vec4
    %concat/vec4; draw_string_vec4
    %store/vec4 v0x617ecc225470_0, 0, 640;
    %fork TD_tb_i2c_glitch_filter.check, S_0x617ecc2509c0;
    %join;
    %pushi/vec4 0, 0, 1;
    %store/vec4 v0x617ecc20bd50_0, 0, 1;
    %pushi/vec4 4, 0, 8;
    %store/vec4 v0x617ecc222bf0_0, 0, 8;
    %fork TD_tb_i2c_glitch_filter.drive_stable, S_0x617ecc2dcb80;
    %join;
    %pushi/vec4 0, 0, 1;
    %store/vec4 v0x617ecc225cc0_0, 0, 1;
    %pushi/vec4 0, 0, 32; draw_string_vec4
    %pushi/vec4 0, 0, 32; draw_string_vec4
    %concat/vec4; draw_string_vec4
    %pushi/vec4 0, 0, 32; draw_string_vec4
    %concat/vec4; draw_string_vec4
    %pushi/vec4 0, 0, 32; draw_string_vec4
    %concat/vec4; draw_string_vec4
    %pushi/vec4 0, 0, 32; draw_string_vec4
    %concat/vec4; draw_string_vec4
    %pushi/vec4 0, 0, 32; draw_string_vec4
    %concat/vec4; draw_string_vec4
    %pushi/vec4 0, 0, 32; draw_string_vec4
    %concat/vec4; draw_string_vec4
    %pushi/vec4 0, 0, 32; draw_string_vec4
    %concat/vec4; draw_string_vec4
    %pushi/vec4 0, 0, 32; draw_string_vec4
    %concat/vec4; draw_string_vec4
    %pushi/vec4 0, 0, 32; draw_string_vec4
    %concat/vec4; draw_string_vec4
    %pushi/vec4 0, 0, 32; draw_string_vec4
    %concat/vec4; draw_string_vec4
    %pushi/vec4 0, 0, 32; draw_string_vec4
    %concat/vec4; draw_string_vec4
    %pushi/vec4 0, 0, 32; draw_string_vec4
    %concat/vec4; draw_string_vec4
    %pushi/vec4 0, 0, 32; draw_string_vec4
    %concat/vec4; draw_string_vec4
    %pushi/vec4 0, 0, 32; draw_string_vec4
    %concat/vec4; draw_string_vec4
    %pushi/vec4 0, 0, 32; draw_string_vec4
    %concat/vec4; draw_string_vec4
    %pushi/vec4 21061, 0, 32; draw_string_vec4
    %concat/vec4; draw_string_vec4
    %pushi/vec4 1095524180, 0, 32; draw_string_vec4
    %concat/vec4; draw_string_vec4
    %pushi/vec4 1380011603, 0, 32; draw_string_vec4
    %concat/vec4; draw_string_vec4
    %pushi/vec4 1598836567, 0, 32; draw_string_vec4
    %concat/vec4; draw_string_vec4
    %store/vec4 v0x617ecc225470_0, 0, 640;
    %fork TD_tb_i2c_glitch_filter.check, S_0x617ecc2509c0;
    %join;
    %vpi_call/w 3 177 "$display", "    real transition accepted \342\234\205" {0 0 0};
    %vpi_call/w 3 182 "$display", "--- TEST8: Real HIGH transition ---" {0 0 0};
    %pushi/vec4 1, 0, 1;
    %store/vec4 v0x617ecc20bd50_0, 0, 1;
    %pushi/vec4 4, 0, 8;
    %store/vec4 v0x617ecc222bf0_0, 0, 8;
    %fork TD_tb_i2c_glitch_filter.drive_stable, S_0x617ecc2dcb80;
    %join;
    %pushi/vec4 1, 0, 1;
    %store/vec4 v0x617ecc225cc0_0, 0, 1;
    %pushi/vec4 0, 0, 32; draw_string_vec4
    %pushi/vec4 0, 0, 32; draw_string_vec4
    %concat/vec4; draw_string_vec4
    %pushi/vec4 0, 0, 32; draw_string_vec4
    %concat/vec4; draw_string_vec4
    %pushi/vec4 0, 0, 32; draw_string_vec4
    %concat/vec4; draw_string_vec4
    %pushi/vec4 0, 0, 32; draw_string_vec4
    %concat/vec4; draw_string_vec4
    %pushi/vec4 0, 0, 32; draw_string_vec4
    %concat/vec4; draw_string_vec4
    %pushi/vec4 0, 0, 32; draw_string_vec4
    %concat/vec4; draw_string_vec4
    %pushi/vec4 0, 0, 32; draw_string_vec4
    %concat/vec4; draw_string_vec4
    %pushi/vec4 0, 0, 32; draw_string_vec4
    %concat/vec4; draw_string_vec4
    %pushi/vec4 0, 0, 32; draw_string_vec4
    %concat/vec4; draw_string_vec4
    %pushi/vec4 0, 0, 32; draw_string_vec4
    %concat/vec4; draw_string_vec4
    %pushi/vec4 0, 0, 32; draw_string_vec4
    %concat/vec4; draw_string_vec4
    %pushi/vec4 0, 0, 32; draw_string_vec4
    %concat/vec4; draw_string_vec4
    %pushi/vec4 0, 0, 32; draw_string_vec4
    %concat/vec4; draw_string_vec4
    %pushi/vec4 0, 0, 32; draw_string_vec4
    %concat/vec4; draw_string_vec4
    %pushi/vec4 0, 0, 32; draw_string_vec4
    %concat/vec4; draw_string_vec4
    %pushi/vec4 5391681, 0, 32; draw_string_vec4
    %concat/vec4; draw_string_vec4
    %pushi/vec4 1281315922, 0, 32; draw_string_vec4
    %concat/vec4; draw_string_vec4
    %pushi/vec4 1095652191, 0, 32; draw_string_vec4
    %concat/vec4; draw_string_vec4
    %pushi/vec4 1212761928, 0, 32; draw_string_vec4
    %concat/vec4; draw_string_vec4
    %store/vec4 v0x617ecc225470_0, 0, 640;
    %fork TD_tb_i2c_glitch_filter.check, S_0x617ecc2509c0;
    %join;
    %vpi_call/w 3 185 "$display", "    real transition accepted \342\234\205" {0 0 0};
    %vpi_call/w 3 192 "$display", "--- TEST9: Multiple glitches ---" {0 0 0};
    %pushi/vec4 1, 0, 1;
    %store/vec4 v0x617ecc20bd50_0, 0, 1;
    %pushi/vec4 5, 0, 8;
    %store/vec4 v0x617ecc222bf0_0, 0, 8;
    %fork TD_tb_i2c_glitch_filter.drive_stable, S_0x617ecc2dcb80;
    %join;
    %pushi/vec4 0, 0, 1;
    %store/vec4 v0x617ecc2c7870_0, 0, 1;
    %pushi/vec4 1, 0, 8;
    %store/vec4 v0x617ecc2dd040_0, 0, 8;
    %fork TD_tb_i2c_glitch_filter.inject_glitch, S_0x617ecc2dcde0;
    %join;
    %wait E_0x617ecc2392b0;
    %delay 1000, 0;
    %pushi/vec4 0, 0, 1;
    %store/vec4 v0x617ecc2c7870_0, 0, 1;
    %pushi/vec4 1, 0, 8;
    %store/vec4 v0x617ecc2dd040_0, 0, 8;
    %fork TD_tb_i2c_glitch_filter.inject_glitch, S_0x617ecc2dcde0;
    %join;
    %wait E_0x617ecc2392b0;
    %delay 1000, 0;
    %pushi/vec4 0, 0, 1;
    %store/vec4 v0x617ecc2c7870_0, 0, 1;
    %pushi/vec4 1, 0, 8;
    %store/vec4 v0x617ecc2dd040_0, 0, 8;
    %fork TD_tb_i2c_glitch_filter.inject_glitch, S_0x617ecc2dcde0;
    %join;
    %wait E_0x617ecc2392b0;
    %delay 1000, 0;
    %pushi/vec4 1, 0, 1;
    %store/vec4 v0x617ecc225cc0_0, 0, 1;
    %pushi/vec4 0, 0, 32; draw_string_vec4
    %pushi/vec4 0, 0, 32; draw_string_vec4
    %concat/vec4; draw_string_vec4
    %pushi/vec4 0, 0, 32; draw_string_vec4
    %concat/vec4; draw_string_vec4
    %pushi/vec4 0, 0, 32; draw_string_vec4
    %concat/vec4; draw_string_vec4
    %pushi/vec4 0, 0, 32; draw_string_vec4
    %concat/vec4; draw_string_vec4
    %pushi/vec4 0, 0, 32; draw_string_vec4
    %concat/vec4; draw_string_vec4
    %pushi/vec4 0, 0, 32; draw_string_vec4
    %concat/vec4; draw_string_vec4
    %pushi/vec4 0, 0, 32; draw_string_vec4
    %concat/vec4; draw_string_vec4
    %pushi/vec4 0, 0, 32; draw_string_vec4
    %concat/vec4; draw_string_vec4
    %pushi/vec4 0, 0, 32; draw_string_vec4
    %concat/vec4; draw_string_vec4
    %pushi/vec4 0, 0, 32; draw_string_vec4
    %concat/vec4; draw_string_vec4
    %pushi/vec4 0, 0, 32; draw_string_vec4
    %concat/vec4; draw_string_vec4
    %pushi/vec4 0, 0, 32; draw_string_vec4
    %concat/vec4; draw_string_vec4
    %pushi/vec4 0, 0, 32; draw_string_vec4
    %concat/vec4; draw_string_vec4
    %pushi/vec4 0, 0, 32; draw_string_vec4
    %concat/vec4; draw_string_vec4
    %pushi/vec4 0, 0, 32; draw_string_vec4
    %concat/vec4; draw_string_vec4
    %pushi/vec4 0, 0, 32; draw_string_vec4
    %concat/vec4; draw_string_vec4
    %pushi/vec4 1297435732, 0, 32; draw_string_vec4
    %concat/vec4; draw_string_vec4
    %pushi/vec4 1230980940, 0, 32; draw_string_vec4
    %concat/vec4; draw_string_vec4
    %pushi/vec4 1230259016, 0, 32; draw_string_vec4
    %concat/vec4; draw_string_vec4
    %store/vec4 v0x617ecc225470_0, 0, 640;
    %fork TD_tb_i2c_glitch_filter.check, S_0x617ecc2509c0;
    %join;
    %vpi_call/w 3 203 "$display", "    multiple glitches suppressed \342\234\205" {0 0 0};
    %vpi_call/w 3 205 "$display", "=== tb_i2c_glitch_filter DONE ===" {0 0 0};
    %vpi_call/w 3 206 "$finish" {0 0 0};
    %end;
    .thread T_7;
    .scope S_0x617ecc246450;
T_8 ;
    %vpi_call/w 3 213 "$dumpfile", "tb_i2c_glitch_filter.vcd" {0 0 0};
    %vpi_call/w 3 214 "$dumpvars", 32'sb00000000000000000000000000000000, S_0x617ecc246450 {0 0 0};
    %end;
    .thread T_8;
    .scope S_0x617ecc246450;
T_9 ;
    %vpi_call/w 3 221 "$monitor", "t=%0t | raw_in=%b | filtered_out=%b", $time, v0x617ecc2ddad0_0, v0x617ecc2dda00_0 {0 0 0};
    %end;
    .thread T_9;
# The file index is used to find the file name in the following table.
:file_names 5;
    "N/A";
    "<interactive>";
    "-";
    "tb/tb_i2c_glitch_filter.v";
    "share/i2c_glitch_filter.v";
